2024-04-09 17:13:07.853 [info] Added views:workbench.panel.markers.view in workbench.panel.markers
2024-04-09 17:13:07.854 [info] Added views:workbench.panel.output in workbench.panel.output
2024-04-09 17:13:07.854 [info] Added views:terminal in terminal
2024-04-09 17:13:07.854 [info] Added views:outline in workbench.view.explorer
2024-04-09 17:13:07.854 [info] Added views:workbench.scm in workbench.view.scm
2024-04-09 17:13:07.854 [info] Added views:workbench.view.search in workbench.view.search
2024-04-09 17:13:07.854 [info] Added views:timeline in workbench.view.explorer
2024-04-09 17:13:07.854 [info] Added views:workbench.debug.welcome in workbench.view.debug
2024-04-09 17:13:07.854 [info] Added views:workbench.explorer.fileView in workbench.view.explorer
2024-04-09 17:13:07.977 [info] Added views:remoteTargets in workbench.view.remote
2024-04-09 17:13:08.197 [info] Added views:workbench.panel.repl.view in workbench.panel.repl
2024-04-09 17:13:08.702 [info] Added views:jupyterViewVariables in workbench.view.extension.jupyter-variables
2024-04-09 17:13:08.704 [info] Added views:cell-tag in workbench.view.extension.jupyter-variables
2024-04-09 17:13:08.779 [info] Added views:workbench.view.testing in workbench.view.extension.test
2024-04-09 17:13:08.988 [info] Added views:~remote.forwardedPorts in ~remote.forwardedPortsContainer
2024-04-09 17:13:31.230 [info] Removed views:workbench.view.testing from workbench.view.extension.test
2024-04-09 17:13:31.699 [info] Added views:workbench.panel.markers.view in workbench.panel.markers
2024-04-09 17:13:31.699 [info] Added views:workbench.panel.output in workbench.panel.output
2024-04-09 17:13:31.699 [info] Added views:terminal in terminal
2024-04-09 17:13:31.699 [info] Added views:outline in workbench.view.explorer
2024-04-09 17:13:31.699 [info] Added views:workbench.scm in workbench.view.scm
2024-04-09 17:13:31.699 [info] Added views:workbench.view.search in workbench.view.search
2024-04-09 17:13:31.699 [info] Added views:timeline in workbench.view.explorer
2024-04-09 17:13:31.699 [info] Added views:workbench.explorer.fileView in workbench.view.explorer
2024-04-09 17:13:31.849 [info] Added views:remoteTargets in workbench.view.remote
2024-04-09 17:13:32.021 [info] Added views:workbench.debug.variablesView,workbench.debug.watchExpressionsView,workbench.debug.callStackView,workbench.debug.breakPointsView in workbench.view.debug
2024-04-09 17:13:32.063 [info] Added views:~remote.forwardedPorts in ~remote.forwardedPortsContainer
2024-04-09 17:13:32.178 [info] Added views:workbench.panel.repl.view in workbench.panel.repl
2024-04-09 17:13:32.179 [info] Removed views:workbench.debug.breakPointsView,workbench.debug.callStackView,workbench.debug.watchExpressionsView,workbench.debug.variablesView from workbench.view.debug
2024-04-09 17:13:32.180 [info] Added views:workbench.debug.welcome in workbench.view.debug
