2023-11-16 10:46:31.754 [info] [Info  - 10:46:31 AM] (13646) Pylance language server 2023.11.10 (pyright 088ebaa5) starting
2023-11-16 10:46:31.787 [info] [Info  - 10:46:31 AM] (13646) Server root directory: /home/anirudhkailaje/.vscode/extensions/ms-python.vscode-pylance-2023.11.10/dist
2023-11-16 10:46:31.808 [info] [Info  - 10:46:31 AM] (13646) Starting service instance "01_PyDrake"
2023-11-16 10:46:31.922 [info] [Info  - 10:46:31 AM] (13646) Setting pythonPath for service "01_PyDrake": "/bin/python3"
2023-11-16 10:46:31.923 [info] [Info  - 10:46:31 AM] (13646) Setting environmentName for service "01_PyDrake": "3.11.2 (global)"
2023-11-16 10:46:32.017 [info] [Info  - 10:46:32 AM] (13646) Assuming Python version 3.11
2023-11-16 10:46:32.277 [info] [Info  - 10:46:32 AM] (13646) No source files found.
2023-11-16 10:46:32.332 [info] [Info  - 10:46:32 AM] (13646) Starting service instance "01_PyDrake"
2023-11-16 10:46:32.393 [info] [Info  - 10:46:32 AM] (13646) Setting environmentName for service "01_PyDrake": "3.11.2 (global)"
2023-11-16 10:46:32.477 [info] [Info  - 10:46:32 AM] (13646) No source files found.
2023-11-16 10:46:35.648 [info] [Info  - 10:46:35 AM] (13646) [BG(1)] Long operation: analyzing: /home/anirudhkailaje/Documents/01_UPenn/99_Ref/01_PyDrake/updating_costs_and_constraints.ipynb:pylance-notebook-cell:X10sZmlsZQ==.py (2565ms)
2023-11-16 10:46:35.697 [info] [Info  - 10:46:35 AM] (13646) [BG(1)] Long operation: analyzing: /home/anirudhkailaje/Documents/01_UPenn/99_Ref/01_PyDrake/updating_costs_and_constraints.ipynb:pylance-notebook-cell:pylancePrefixCell.py (2651ms)
2023-11-16 11:25:35.622 [info] [Info  - 11:25:35 AM] (79490) Pylance language server 2023.11.10 (pyright 088ebaa5) starting
2023-11-16 11:25:35.623 [info] [Info  - 11:25:35 AM] (79490) Server root directory: /home/anirudhkailaje/.vscode/extensions/ms-python.vscode-pylance-2023.11.10/dist
2023-11-16 11:25:35.624 [info] [Info  - 11:25:35 AM] (79490) Starting service instance "05_Homework5"
2023-11-16 11:25:35.650 [info] [Info  - 11:25:35 AM] (79490) Setting pythonPath for service "05_Homework5": "/bin/python3"
2023-11-16 11:25:35.650 [info] [Info  - 11:25:35 AM] (79490) Setting environmentName for service "05_Homework5": "3.11.2 (global)"
2023-11-16 11:25:35.671 [info] [Info  - 11:25:35 AM] (79490) Assuming Python version 3.11
2023-11-16 11:25:35.705 [info] [Info  - 11:25:35 AM] (79490) Found 15 source files
2023-11-16 11:25:46.710 [info] [Info  - 11:25:46 AM] (79490) Starting service instance "05_Homework5"
2023-11-16 11:25:46.763 [info] [Info  - 11:25:46 AM] (79490) Setting environmentName for service "05_Homework5": "3.11.2 (global)"
2023-11-16 11:25:46.796 [info] [Info  - 11:25:46 AM] (79490) Found 15 source files
2023-11-16 11:25:50.779 [info] [Info  - 11:25:50 AM] (79490) [BG(3)] Long operation: checking: /home/anirudhkailaje/Documents/01_UPenn/02_MEAM5170/02_Homeworks/05_Homework5/PlanarArmCollocation/hw5.ipynb:pylance-notebook-cell:X10sZmlsZQ==.py (2117ms)
2023-11-16 11:25:50.779 [info] [Info  - 11:25:50 AM] (79490) [BG(3)] Long operation: analyzing: /home/anirudhkailaje/Documents/01_UPenn/02_MEAM5170/02_Homeworks/05_Homework5/PlanarArmCollocation/hw5.ipynb:pylance-notebook-cell:X10sZmlsZQ==.py (2117ms)
2023-11-16 11:25:50.830 [info] [Info  - 11:25:50 AM] (79490) [BG(3)] Long operation: analyzing: /home/anirudhkailaje/Documents/01_UPenn/02_MEAM5170/02_Homeworks/05_Homework5/PlanarArmCollocation/hw5.ipynb:pylance-notebook-cell:pylancePrefixCell.py (2192ms)
2023-11-16 12:00:09.109 [info] [Info  - 12:00:09 PM] (79490) [BG(3)] Long operation: checking: /home/anirudhkailaje/Documents/01_UPenn/02_MEAM5170/02_Homeworks/05_Homework5/PlanarArmCollocation/hw5.ipynb:pylance-notebook-cell:X10sZmlsZQ==.py (2033ms)
2023-11-16 12:00:09.110 [info] [Info  - 12:00:09 PM] (79490) [BG(3)] Long operation: analyzing: /home/anirudhkailaje/Documents/01_UPenn/02_MEAM5170/02_Homeworks/05_Homework5/PlanarArmCollocation/hw5.ipynb:pylance-notebook-cell:X10sZmlsZQ==.py (2033ms)
2023-11-16 12:00:09.147 [info] [Info  - 12:00:09 PM] (79490) [BG(3)] Long operation: analyzing: /home/anirudhkailaje/Documents/01_UPenn/02_MEAM5170/02_Homeworks/05_Homework5/PlanarArmCollocation/hw5.ipynb:pylance-notebook-cell:pylancePrefixCell.py (2465ms)
