2023-11-16 10:46:29.447 [info] Experiment 'pythonPromptNewFormatterExt' is active
2023-11-16 10:46:29.447 [info] Experiment 'pythonPromptNewToolsExt' is active
2023-11-16 10:46:29.447 [info] Experiment 'pythonREPLSmartSendcf' is active
2023-11-16 10:46:29.448 [info] Experiment 'pythonTestAdapter' is active
2023-11-16 10:46:29.468 [info] Default formatter is set to null for workspace /home/anirudhkailaje/Documents/01_UPenn/99_Ref/01_PyDrake
2023-11-16 10:46:29.515 [info] Test server listening.
2023-11-16 10:46:29.523 [info] Python interpreter path: /bin/python3
2023-11-16 10:46:30.361 [info] > conda info --json
2023-11-16 10:46:30.471 [info] Found: /bin/python3 --> /bin/python3.11
2023-11-16 10:46:30.480 [info] Found: /bin/python3.11 --> /bin/python3.11
2023-11-16 10:46:30.556 [info] Found: /usr/bin/python3 --> /usr/bin/python3.11
2023-11-16 10:46:30.560 [info] Found: /usr/bin/python3.11 --> /usr/bin/python3.11
2023-11-16 10:46:30.638 [info] > /bin/python3 -I ~/.vscode/extensions/ms-python.python-2023.20.0/pythonFiles/get_output_via_markers.py ~/.vscode/extensions/ms-python.python-2023.20.0/pythonFiles/interpreterInfo.py
2023-11-16 10:46:30.658 [info] > /usr/bin/python3 -I ~/.vscode/extensions/ms-python.python-2023.20.0/pythonFiles/get_output_via_markers.py ~/.vscode/extensions/ms-python.python-2023.20.0/pythonFiles/interpreterInfo.py
2023-11-16 10:46:31.837 [info] Starting Pylance language server.
2023-11-16 11:25:34.116 [info] Experiment 'pythonPromptNewFormatterExt' is active
2023-11-16 11:25:34.116 [info] Experiment 'pythonPromptNewToolsExt' is active
2023-11-16 11:25:34.116 [info] Experiment 'pythonREPLSmartSendcf' is active
2023-11-16 11:25:34.116 [info] Experiment 'pythonTestAdapter' is active
2023-11-16 11:25:34.116 [info] Default formatter is set to null for workspace /home/anirudhkailaje/Documents/01_UPenn/02_MEAM5170/02_Homeworks/05_Homework5
2023-11-16 11:25:34.116 [info] Test server listening.
2023-11-16 11:25:34.116 [info] Python interpreter path: /bin/python3
2023-11-16 11:25:34.690 [info] > conda info --json
2023-11-16 11:25:35.634 [info] Starting Pylance language server.
2023-11-16 11:25:46.695 [info] Found: /bin/python3 --> /bin/python3.11
2023-11-16 11:25:46.702 [info] Found: /bin/python3.11 --> /bin/python3.11
2023-11-16 11:25:46.723 [info] Found: /usr/bin/python3 --> /usr/bin/python3.11
2023-11-16 11:25:46.728 [info] Found: /usr/bin/python3.11 --> /usr/bin/python3.11
2023-11-16 11:25:46.794 [info] > /bin/python3 -I ~/.vscode/extensions/ms-python.python-2023.20.0/pythonFiles/get_output_via_markers.py ~/.vscode/extensions/ms-python.python-2023.20.0/pythonFiles/interpreterInfo.py
2023-11-16 11:25:46.827 [info] > /usr/bin/python3 -I ~/.vscode/extensions/ms-python.python-2023.20.0/pythonFiles/get_output_via_markers.py ~/.vscode/extensions/ms-python.python-2023.20.0/pythonFiles/interpreterInfo.py
