2024-04-07 10:13:19.066 [info] Added views:workbench.panel.markers.view in workbench.panel.markers
2024-04-07 10:13:19.066 [info] Added views:workbench.panel.output in workbench.panel.output
2024-04-07 10:13:19.066 [info] Added views:terminal in terminal
2024-04-07 10:13:19.066 [info] Added views:outline in workbench.view.explorer
2024-04-07 10:13:19.066 [info] Added views:workbench.scm in workbench.view.scm
2024-04-07 10:13:19.066 [info] Added views:workbench.view.search in workbench.view.search
2024-04-07 10:13:19.066 [info] Added views:timeline in workbench.view.explorer
2024-04-07 10:13:19.066 [info] Added views:workbench.debug.welcome in workbench.view.debug
2024-04-07 10:13:19.066 [info] Added views:workbench.debug.breakPointsView in workbench.view.debug
2024-04-07 10:13:19.066 [info] Added views:workbench.explorer.fileView in workbench.view.explorer
2024-04-07 10:13:19.300 [info] Added views:remoteTargets in workbench.view.remote
2024-04-07 10:13:19.781 [info] Added views:workbench.panel.repl.view in workbench.panel.repl
2024-04-07 10:13:20.262 [info] Added views:workbench.view.testing in workbench.view.extension.test
2024-04-07 10:13:20.307 [info] Added views:jupyterViewVariables in workbench.view.extension.jupyter-variables
2024-04-07 10:13:20.756 [info] Added views:cell-tag in workbench.view.extension.jupyter-variables
2024-04-07 10:13:21.102 [info] Added views:~remote.forwardedPorts in ~remote.forwardedPortsContainer
2024-04-07 10:13:57.131 [info] Removed views:cell-tag,jupyterViewVariables from workbench.view.extension.jupyter-variables
2024-04-07 10:13:57.164 [info] Removed views:workbench.view.testing from workbench.view.extension.test
2024-04-07 10:13:57.788 [info] Added views:workbench.panel.markers.view in workbench.panel.markers
2024-04-07 10:13:57.788 [info] Added views:workbench.panel.output in workbench.panel.output
2024-04-07 10:13:57.788 [info] Added views:terminal in terminal
2024-04-07 10:13:57.788 [info] Added views:outline in workbench.view.explorer
2024-04-07 10:13:57.788 [info] Added views:workbench.scm in workbench.view.scm
2024-04-07 10:13:57.788 [info] Added views:workbench.view.search in workbench.view.search
2024-04-07 10:13:57.788 [info] Added views:timeline in workbench.view.explorer
2024-04-07 10:13:57.788 [info] Added views:workbench.debug.welcome in workbench.view.debug
2024-04-07 10:13:57.788 [info] Added views:workbench.explorer.fileView in workbench.view.explorer
2024-04-07 10:13:57.914 [info] Added views:remoteTargets in workbench.view.remote
2024-04-07 10:13:58.091 [info] Added views:workbench.panel.repl.view in workbench.panel.repl
2024-04-07 10:13:58.413 [info] Added views:jupyterViewVariables in workbench.view.extension.jupyter-variables
2024-04-07 10:13:58.489 [info] Added views:cell-tag in workbench.view.extension.jupyter-variables
2024-04-07 10:13:58.663 [info] Added views:workbench.view.testing in workbench.view.extension.test
2024-04-07 10:13:59.279 [info] Added views:~remote.forwardedPorts in ~remote.forwardedPortsContainer
2024-04-07 10:57:57.898 [info] Removed views:workbench.view.testing from workbench.view.extension.test
