2023-11-15 12:37:34.551 [warning] Via 'product.json#extensionEnabledApiProposals' extension 'ms-dotnettools.dotnet-interactive-vscode' wants API proposal 'languageConfigurationAutoClosingPairs' but that proposal DOES NOT EXIST. Likely, the proposal has been finalized (check 'vscode.d.ts') or was abandoned.
2023-11-15 12:37:37.349 [info] [perf] Render performance baseline is 21ms
2023-11-15 12:37:39.853 [warning] Via 'product.json#extensionEnabledApiProposals' extension 'ms-dotnettools.dotnet-interactive-vscode' wants API proposal 'languageConfigurationAutoClosingPairs' but that proposal DOES NOT EXIST. Likely, the proposal has been finalized (check 'vscode.d.ts') or was abandoned.
2023-11-15 12:37:40.904 [error] unknown text editor: 59566ca5-71b5-4915-a723-8bca602a5626. known editors:  : Error: unknown text editor: 59566ca5-71b5-4915-a723-8bca602a5626. known editors:  
	at t.getEditorById (/usr/share/code/resources/app/out/vs/workbench/api/node/extensionHostProcess.js:127:90232)
	at c.$acceptKernelMessageFromRenderer (/usr/share/code/resources/app/out/vs/workbench/api/node/extensionHostProcess.js:127:104567)
	at n.S (/usr/share/code/resources/app/out/vs/workbench/api/node/extensionHostProcess.js:134:10836)
	at n.Q (/usr/share/code/resources/app/out/vs/workbench/api/node/extensionHostProcess.js:134:10602)
	at n.M (/usr/share/code/resources/app/out/vs/workbench/api/node/extensionHostProcess.js:134:9686)
	at n.L (/usr/share/code/resources/app/out/vs/workbench/api/node/extensionHostProcess.js:134:8762)
	at h.value (/usr/share/code/resources/app/out/vs/workbench/api/node/extensionHostProcess.js:134:7565)
	at c.y (/usr/share/code/resources/app/out/vs/workbench/api/node/extensionHostProcess.js:80:1902)
	at c.fire (/usr/share/code/resources/app/out/vs/workbench/api/node/extensionHostProcess.js:80:2119)
	at d.fire (/usr/share/code/resources/app/out/vs/workbench/api/node/extensionHostProcess.js:96:14047)
	at h.value (/usr/share/code/resources/app/out/vs/workbench/api/node/extensionHostProcess.js:153:7918)
	at c.y (/usr/share/code/resources/app/out/vs/workbench/api/node/extensionHostProcess.js:80:1902)
	at c.fire (/usr/share/code/resources/app/out/vs/workbench/api/node/extensionHostProcess.js:80:2119)
	at d.fire (/usr/share/code/resources/app/out/vs/workbench/api/node/extensionHostProcess.js:96:14047)
	at MessagePortMain.<anonymous> (/usr/share/code/resources/app/out/vs/workbench/api/node/extensionHostProcess.js:153:6198)
	at MessagePortMain.emit (node:events:513:28)
	at MessagePortMain._internalPort.emit (node:electron/js2c/utility_init:2:367)
2023-11-15 12:37:43.765 [info] [perf] Render performance baseline is 25ms
2023-11-15 13:52:46.289 [warning] Via 'product.json#extensionEnabledApiProposals' extension 'ms-dotnettools.dotnet-interactive-vscode' wants API proposal 'languageConfigurationAutoClosingPairs' but that proposal DOES NOT EXIST. Likely, the proposal has been finalized (check 'vscode.d.ts') or was abandoned.
2023-11-15 13:52:49.790 [info] [perf] Render performance baseline is 19ms
2023-11-15 13:56:00.791 [error] Model is disposed!: Error: Model is disposed!
    at W.ib (vscode-file://vscode-app/usr/share/code/resources/app/out/vs/workbench/workbench.desktop.main.js:728:263)
    at W.findMatches (vscode-file://vscode-app/usr/share/code/resources/app/out/vs/workbench/workbench.desktop.main.js:731:3497)
    at vscode-file://vscode-app/usr/share/code/resources/app/out/vs/workbench/workbench.desktop.main.js:1569:17254
2023-11-16 00:48:41.150 [warning] [backup tracker] suspended, ignoring dirty change event file:///home/anirudhkailaje/Documents/01_UPenn/02_MEAM5170/03_FinalProject/src/BipedCollocation.ipynb notebook/jupyter-notebook
2023-11-16 00:48:41.443 [warning] Via 'product.json#extensionEnabledApiProposals' extension 'ms-dotnettools.dotnet-interactive-vscode' wants API proposal 'languageConfigurationAutoClosingPairs' but that proposal DOES NOT EXIST. Likely, the proposal has been finalized (check 'vscode.d.ts') or was abandoned.
2023-11-16 00:48:44.318 [info] [perf] Render performance baseline is 19ms
