2023-11-15 12:37:34.662 [info] Added views:workbench.panel.markers.view in workbench.panel.markers
2023-11-15 12:37:34.662 [info] Added views:workbench.panel.output in workbench.panel.output
2023-11-15 12:37:34.662 [info] Added views:terminal in terminal
2023-11-15 12:37:34.662 [info] Added views:outline in workbench.view.explorer
2023-11-15 12:37:34.662 [info] Added views:workbench.scm in workbench.view.scm
2023-11-15 12:37:34.662 [info] Added views:workbench.view.search in workbench.view.search
2023-11-15 12:37:34.662 [info] Added views:timeline in workbench.view.explorer
2023-11-15 12:37:34.662 [info] Added views:workbench.explorer.emptyView in workbench.view.explorer
2023-11-15 12:37:34.954 [info] Added views:workbench.debug.variablesView,workbench.debug.watchExpressionsView,workbench.debug.callStackView,workbench.debug.breakPointsView in workbench.view.debug
2023-11-15 12:37:34.986 [info] Added views:workbench.panel.repl.view in workbench.panel.repl
2023-11-15 12:37:34.988 [info] Removed views:workbench.debug.breakPointsView,workbench.debug.callStackView,workbench.debug.watchExpressionsView,workbench.debug.variablesView from workbench.view.debug
2023-11-15 12:37:34.988 [info] Added views:workbench.debug.welcome in workbench.view.debug
2023-11-15 12:37:35.091 [info] Added views:~remote.forwardedPorts in ~remote.forwardedPortsContainer
2023-11-15 12:37:40.018 [info] Added views:workbench.panel.markers.view in workbench.panel.markers
2023-11-15 12:37:40.018 [info] Added views:workbench.panel.output in workbench.panel.output
2023-11-15 12:37:40.018 [info] Added views:terminal in terminal
2023-11-15 12:37:40.018 [info] Added views:outline in workbench.view.explorer
2023-11-15 12:37:40.018 [info] Added views:workbench.scm in workbench.view.scm
2023-11-15 12:37:40.018 [info] Added views:workbench.view.search in workbench.view.search
2023-11-15 12:37:40.018 [info] Added views:timeline in workbench.view.explorer
2023-11-15 12:37:40.018 [info] Added views:workbench.debug.welcome in workbench.view.debug
2023-11-15 12:37:40.018 [info] Added views:workbench.debug.breakPointsView in workbench.view.debug
2023-11-15 12:37:40.018 [info] Added views:workbench.explorer.fileView in workbench.view.explorer
2023-11-15 12:37:40.376 [info] Added views:workbench.panel.repl.view in workbench.panel.repl
2023-11-15 12:37:40.751 [info] Added views:jupyterViewVariables in workbench.view.extension.jupyter-variables
2023-11-15 12:37:40.755 [info] Added views:workbench.view.testing in workbench.view.extension.test
2023-11-15 12:37:41.745 [info] Added views:~remote.forwardedPorts in ~remote.forwardedPortsContainer
2023-11-15 13:52:46.034 [info] Removed views:workbench.view.testing from workbench.view.extension.test
2023-11-15 13:52:46.426 [info] Added views:workbench.panel.markers.view in workbench.panel.markers
2023-11-15 13:52:46.426 [info] Added views:workbench.panel.output in workbench.panel.output
2023-11-15 13:52:46.426 [info] Added views:terminal in terminal
2023-11-15 13:52:46.426 [info] Added views:outline in workbench.view.explorer
2023-11-15 13:52:46.426 [info] Added views:workbench.scm in workbench.view.scm
2023-11-15 13:52:46.426 [info] Added views:workbench.view.search in workbench.view.search
2023-11-15 13:52:46.426 [info] Added views:timeline in workbench.view.explorer
2023-11-15 13:52:46.426 [info] Added views:workbench.debug.welcome in workbench.view.debug
2023-11-15 13:52:46.426 [info] Added views:workbench.debug.breakPointsView in workbench.view.debug
2023-11-15 13:52:46.426 [info] Added views:workbench.explorer.fileView in workbench.view.explorer
2023-11-15 13:52:46.776 [info] Added views:workbench.panel.repl.view in workbench.panel.repl
2023-11-15 13:52:47.251 [info] Added views:jupyterViewVariables in workbench.view.extension.jupyter-variables
2023-11-15 13:52:47.254 [info] Added views:cell-tag in workbench.view.extension.jupyter-variables
2023-11-15 13:52:47.482 [info] Added views:workbench.view.testing in workbench.view.extension.test
2023-11-15 13:52:47.858 [info] Added views:~remote.forwardedPorts in ~remote.forwardedPortsContainer
2023-11-16 00:48:41.199 [info] Removed views:workbench.view.testing from workbench.view.extension.test
2023-11-16 00:48:41.580 [info] Added views:workbench.panel.markers.view in workbench.panel.markers
2023-11-16 00:48:41.580 [info] Added views:workbench.panel.output in workbench.panel.output
2023-11-16 00:48:41.580 [info] Added views:terminal in terminal
2023-11-16 00:48:41.580 [info] Added views:outline in workbench.view.explorer
2023-11-16 00:48:41.580 [info] Added views:workbench.scm in workbench.view.scm
2023-11-16 00:48:41.580 [info] Added views:workbench.view.search in workbench.view.search
2023-11-16 00:48:41.580 [info] Added views:timeline in workbench.view.explorer
2023-11-16 00:48:41.580 [info] Added views:workbench.explorer.fileView in workbench.view.explorer
2023-11-16 00:48:41.718 [info] Added views:workbench.debug.welcome in workbench.view.debug
2023-11-16 00:48:41.718 [info] Added views:workbench.debug.breakPointsView in workbench.view.debug
2023-11-16 00:48:41.919 [info] Added views:workbench.panel.repl.view in workbench.panel.repl
2023-11-16 00:48:42.270 [info] Added views:workbench.view.testing in workbench.view.extension.test
2023-11-16 00:48:42.536 [info] Added views:~remote.forwardedPorts in ~remote.forwardedPortsContainer
