2024-04-07 10:13:19.594 [info] Extension host with pid 314816 started
2024-04-07 10:13:19.594 [info] Skipping acquiring lock for /home/anirudhkailaje/.config/Code/User/workspaceStorage/47a6de15a80405dca738a1c8fffb6cd9.
2024-04-07 10:13:19.776 [info] ExtensionService#_doActivateExtension vscode.ipynb, startup: false, activationEvent: 'onNotebookSerializer:jupyter-notebook'
2024-04-07 10:13:19.792 [info] ExtensionService#_doActivateExtension ms-python.python, startup: false, activationEvent: 'onLanguage:python', root cause: ms-python.debugpy
2024-04-07 10:13:19.866 [info] ExtensionService#_doActivateExtension ms-toolsai.jupyter, startup: false, activationEvent: 'onLanguage:python'
2024-04-07 10:13:19.869 [info] ExtensionService#_doActivateExtension vscode.emmet, startup: false, activationEvent: 'onLanguage'
2024-04-07 10:13:20.201 [info] ExtensionService#_doActivateExtension ms-toolsai.jupyter-renderers, startup: false, activationEvent: 'api', root cause: ms-toolsai.jupyter
2024-04-07 10:13:20.288 [info] ExtensionService#_doActivateExtension ms-python.debugpy, startup: false, activationEvent: 'onLanguage:python'
2024-04-07 10:13:20.318 [info] ExtensionService#_doActivateExtension ms-python.vscode-pylance, startup: false, activationEvent: 'onLanguage:python'
2024-04-07 10:13:20.670 [info] ExtensionService#_doActivateExtension ms-toolsai.tensorboard, startup: false, activationEvent: 'onLanguage:python'
2024-04-07 10:13:20.685 [info] ExtensionService#_doActivateExtension ms-toolsai.vscode-jupyter-cell-tags, startup: false, activationEvent: 'onNotebook:jupyter-notebook'
2024-04-07 10:13:20.687 [info] ExtensionService#_doActivateExtension ms-toolsai.vscode-jupyter-slideshow, startup: false, activationEvent: 'onNotebook:jupyter-notebook'
2024-04-07 10:13:20.733 [info] ExtensionService#_doActivateExtension vscode.git-base, startup: true, activationEvent: '*', root cause: vscode.git
2024-04-07 10:13:20.784 [info] ExtensionService#_doActivateExtension vscode.git, startup: true, activationEvent: '*'
2024-04-07 10:13:20.803 [info] ExtensionService#_doActivateExtension vscode.github, startup: true, activationEvent: '*'
2024-04-07 10:13:20.858 [info] Eager extensions activated
2024-04-07 10:13:20.882 [info] ExtensionService#_doActivateExtension vscode.debug-auto-launch, startup: false, activationEvent: 'onStartupFinished'
2024-04-07 10:13:20.884 [info] ExtensionService#_doActivateExtension vscode.merge-conflict, startup: false, activationEvent: 'onStartupFinished'
2024-04-07 10:13:21.230 [info] ExtensionService#_doActivateExtension vscode.github-authentication, startup: false, activationEvent: 'onAuthenticationRequest:github'
2024-04-07 10:13:57.159 [info] Extension host terminating: renderer closed the MessagePort
2024-04-07 10:13:57.184 [error] Canceled: Canceled
	at new $ (/usr/share/code/resources/app/out/vs/workbench/api/node/extensionHostProcess.js:140:45885)
	at s.U (/usr/share/code/resources/app/out/vs/workbench/api/node/extensionHostProcess.js:147:5556)
	at z.<computed>.T.charCodeAt.z.<computed> (/usr/share/code/resources/app/out/vs/workbench/api/node/extensionHostProcess.js:147:3007)
	at l.g (/usr/share/code/resources/app/out/vs/workbench/api/node/extensionHostProcess.js:150:184300)
	at l.executeCommand (/usr/share/code/resources/app/out/vs/workbench/api/node/extensionHostProcess.js:150:183738)
	at f.registerCommand.description (/usr/share/code/resources/app/out/vs/workbench/api/node/extensionHostProcess.js:150:183062)
	at l.h (/usr/share/code/resources/app/out/vs/workbench/api/node/extensionHostProcess.js:150:184839)
	at l.g (/usr/share/code/resources/app/out/vs/workbench/api/node/extensionHostProcess.js:150:183831)
	at l.executeCommand (/usr/share/code/resources/app/out/vs/workbench/api/node/extensionHostProcess.js:150:183738)
	at Object.executeCommand (/usr/share/code/resources/app/out/vs/workbench/api/node/extensionHostProcess.js:160:21654)
	at w.O [as value] (/usr/share/code/resources/app/extensions/git/dist/main.js:2:943479)
	at n.y (/usr/share/code/resources/app/out/vs/workbench/api/node/extensionHostProcess.js:80:1902)
	at n.z (/usr/share/code/resources/app/out/vs/workbench/api/node/extensionHostProcess.js:80:1972)
	at n.fire (/usr/share/code/resources/app/out/vs/workbench/api/node/extensionHostProcess.js:80:2188)
	at Object.m [as dispose] (/usr/share/code/resources/app/extensions/git/dist/main.js:2:962791)
	at /usr/share/code/resources/app/extensions/git/dist/main.js:2:968825
	at Array.forEach (<anonymous>)
	at f.dispose (/usr/share/code/resources/app/extensions/git/dist/main.js:2:968811)
	at u.<anonymous> (/usr/share/code/resources/app/out/vs/workbench/api/node/extensionHostProcess.js:148:3704)
	at u.dispose (/usr/share/code/resources/app/out/vs/workbench/api/node/extensionHostProcess.js:148:3801)
	at u.<anonymous> (/usr/share/code/resources/app/extensions/git/dist/main.js:2:945736)
	at u.dispose (/usr/share/code/resources/app/out/vs/workbench/api/node/extensionHostProcess.js:148:3801)
	at o (/usr/share/code/resources/app/out/vs/workbench/api/node/extensionHostProcess.js:30:754)
	at w.cb (/usr/share/code/resources/app/out/vs/workbench/api/node/extensionHostProcess.js:156:9882)
	at /usr/share/code/resources/app/out/vs/workbench/api/node/extensionHostProcess.js:156:7816
	at Array.map (<anonymous>)
	at w.Y (/usr/share/code/resources/app/out/vs/workbench/api/node/extensionHostProcess.js:156:7803)
	at w.terminate (/usr/share/code/resources/app/out/vs/workbench/api/node/extensionHostProcess.js:156:8076)
	at o.terminate (/usr/share/code/resources/app/out/vs/workbench/api/node/extensionHostProcess.js:160:1513)
	at t (/usr/share/code/resources/app/out/vs/workbench/api/node/extensionHostProcess.js:173:9949)
	at MessagePortMain.<anonymous> (/usr/share/code/resources/app/out/vs/workbench/api/node/extensionHostProcess.js:173:6374)
	at MessagePortMain.emit (node:events:514:28)
	at Object.emit (node:electron/js2c/utility_init:2:2285) setContext undefined
2024-04-07 10:13:57.185 [error] Canceled: Canceled
	at new $ (/usr/share/code/resources/app/out/vs/workbench/api/node/extensionHostProcess.js:140:45885)
	at s.U (/usr/share/code/resources/app/out/vs/workbench/api/node/extensionHostProcess.js:147:5556)
	at z.<computed>.T.charCodeAt.z.<computed> (/usr/share/code/resources/app/out/vs/workbench/api/node/extensionHostProcess.js:147:3007)
	at l.g (/usr/share/code/resources/app/out/vs/workbench/api/node/extensionHostProcess.js:150:184300)
	at l.executeCommand (/usr/share/code/resources/app/out/vs/workbench/api/node/extensionHostProcess.js:150:183738)
	at f.registerCommand.description (/usr/share/code/resources/app/out/vs/workbench/api/node/extensionHostProcess.js:150:183062)
	at l.h (/usr/share/code/resources/app/out/vs/workbench/api/node/extensionHostProcess.js:150:184839)
	at l.g (/usr/share/code/resources/app/out/vs/workbench/api/node/extensionHostProcess.js:150:183831)
	at l.executeCommand (/usr/share/code/resources/app/out/vs/workbench/api/node/extensionHostProcess.js:150:183738)
	at Object.executeCommand (/usr/share/code/resources/app/out/vs/workbench/api/node/extensionHostProcess.js:160:21654)
	at w.O [as value] (/usr/share/code/resources/app/extensions/git/dist/main.js:2:943479)
	at n.y (/usr/share/code/resources/app/out/vs/workbench/api/node/extensionHostProcess.js:80:1902)
	at n.z (/usr/share/code/resources/app/out/vs/workbench/api/node/extensionHostProcess.js:80:1972)
	at n.fire (/usr/share/code/resources/app/out/vs/workbench/api/node/extensionHostProcess.js:80:2188)
	at Object.m [as dispose] (/usr/share/code/resources/app/extensions/git/dist/main.js:2:962791)
	at /usr/share/code/resources/app/extensions/git/dist/main.js:2:968825
	at Array.forEach (<anonymous>)
	at f.dispose (/usr/share/code/resources/app/extensions/git/dist/main.js:2:968811)
	at u.<anonymous> (/usr/share/code/resources/app/out/vs/workbench/api/node/extensionHostProcess.js:148:3704)
	at u.dispose (/usr/share/code/resources/app/out/vs/workbench/api/node/extensionHostProcess.js:148:3801)
	at u.<anonymous> (/usr/share/code/resources/app/extensions/git/dist/main.js:2:945736)
	at u.dispose (/usr/share/code/resources/app/out/vs/workbench/api/node/extensionHostProcess.js:148:3801)
	at o (/usr/share/code/resources/app/out/vs/workbench/api/node/extensionHostProcess.js:30:754)
	at w.cb (/usr/share/code/resources/app/out/vs/workbench/api/node/extensionHostProcess.js:156:9882)
	at /usr/share/code/resources/app/out/vs/workbench/api/node/extensionHostProcess.js:156:7816
	at Array.map (<anonymous>)
	at w.Y (/usr/share/code/resources/app/out/vs/workbench/api/node/extensionHostProcess.js:156:7803)
	at w.terminate (/usr/share/code/resources/app/out/vs/workbench/api/node/extensionHostProcess.js:156:8076)
	at o.terminate (/usr/share/code/resources/app/out/vs/workbench/api/node/extensionHostProcess.js:160:1513)
	at t (/usr/share/code/resources/app/out/vs/workbench/api/node/extensionHostProcess.js:173:9949)
	at MessagePortMain.<anonymous> (/usr/share/code/resources/app/out/vs/workbench/api/node/extensionHostProcess.js:173:6374)
	at MessagePortMain.emit (node:events:514:28)
	at Object.emit (node:electron/js2c/utility_init:2:2285) setContext undefined
2024-04-07 10:13:57.185 [error] Canceled: Canceled
	at new $ (/usr/share/code/resources/app/out/vs/workbench/api/node/extensionHostProcess.js:140:45885)
	at s.U (/usr/share/code/resources/app/out/vs/workbench/api/node/extensionHostProcess.js:147:5556)
	at z.<computed>.T.charCodeAt.z.<computed> (/usr/share/code/resources/app/out/vs/workbench/api/node/extensionHostProcess.js:147:3007)
	at l.g (/usr/share/code/resources/app/out/vs/workbench/api/node/extensionHostProcess.js:150:184300)
	at l.executeCommand (/usr/share/code/resources/app/out/vs/workbench/api/node/extensionHostProcess.js:150:183738)
	at f.registerCommand.description (/usr/share/code/resources/app/out/vs/workbench/api/node/extensionHostProcess.js:150:183062)
	at l.h (/usr/share/code/resources/app/out/vs/workbench/api/node/extensionHostProcess.js:150:184839)
	at l.g (/usr/share/code/resources/app/out/vs/workbench/api/node/extensionHostProcess.js:150:183831)
	at l.executeCommand (/usr/share/code/resources/app/out/vs/workbench/api/node/extensionHostProcess.js:150:183738)
	at Object.executeCommand (/usr/share/code/resources/app/out/vs/workbench/api/node/extensionHostProcess.js:160:21654)
	at set hasGitHubRepositories [as hasGitHubRepositories] (/usr/share/code/resources/app/extensions/github/dist/extension.js:2:325214)
	at /usr/share/code/resources/app/extensions/github/dist/extension.js:2:326173
	at w.value (/usr/share/code/resources/app/extensions/git/dist/main.js:2:1050811)
	at n.y (/usr/share/code/resources/app/out/vs/workbench/api/node/extensionHostProcess.js:80:1902)
	at n.z (/usr/share/code/resources/app/out/vs/workbench/api/node/extensionHostProcess.js:80:1972)
	at n.fire (/usr/share/code/resources/app/out/vs/workbench/api/node/extensionHostProcess.js:80:2188)
	at Object.m [as dispose] (/usr/share/code/resources/app/extensions/git/dist/main.js:2:962791)
	at /usr/share/code/resources/app/extensions/git/dist/main.js:2:968825
	at Array.forEach (<anonymous>)
	at f.dispose (/usr/share/code/resources/app/extensions/git/dist/main.js:2:968811)
	at u.<anonymous> (/usr/share/code/resources/app/out/vs/workbench/api/node/extensionHostProcess.js:148:3704)
	at u.dispose (/usr/share/code/resources/app/out/vs/workbench/api/node/extensionHostProcess.js:148:3801)
	at u.<anonymous> (/usr/share/code/resources/app/extensions/git/dist/main.js:2:945736)
	at u.dispose (/usr/share/code/resources/app/out/vs/workbench/api/node/extensionHostProcess.js:148:3801)
	at o (/usr/share/code/resources/app/out/vs/workbench/api/node/extensionHostProcess.js:30:754)
	at w.cb (/usr/share/code/resources/app/out/vs/workbench/api/node/extensionHostProcess.js:156:9882)
	at /usr/share/code/resources/app/out/vs/workbench/api/node/extensionHostProcess.js:156:7816
	at Array.map (<anonymous>)
	at w.Y (/usr/share/code/resources/app/out/vs/workbench/api/node/extensionHostProcess.js:156:7803)
	at w.terminate (/usr/share/code/resources/app/out/vs/workbench/api/node/extensionHostProcess.js:156:8076)
	at o.terminate (/usr/share/code/resources/app/out/vs/workbench/api/node/extensionHostProcess.js:160:1513)
	at t (/usr/share/code/resources/app/out/vs/workbench/api/node/extensionHostProcess.js:173:9949)
	at MessagePortMain.<anonymous> (/usr/share/code/resources/app/out/vs/workbench/api/node/extensionHostProcess.js:173:6374)
	at MessagePortMain.emit (node:events:514:28)
	at Object.emit (node:electron/js2c/utility_init:2:2285) setContext undefined
2024-04-07 10:13:57.197 [info] Extension host with pid 314816 exiting with code 0
2024-04-07 10:13:58.068 [info] Extension host with pid 316351 started
2024-04-07 10:13:58.068 [info] Skipping acquiring lock for /home/anirudhkailaje/.config/Code/User/workspaceStorage/dee9af20a98f8f32f1702d8d5ef65618.
2024-04-07 10:13:58.088 [info] ExtensionService#_doActivateExtension vscode.ipynb, startup: false, activationEvent: 'onNotebookSerializer:jupyter-notebook'
2024-04-07 10:13:58.099 [info] ExtensionService#_doActivateExtension vscode.emmet, startup: false, activationEvent: 'onLanguage'
2024-04-07 10:13:58.103 [info] ExtensionService#_doActivateExtension tomoki1207.pdf, startup: false, activationEvent: 'onCustomEditor:pdf.preview'
2024-04-07 10:13:58.120 [info] ExtensionService#_doActivateExtension vscode.git-base, startup: true, activationEvent: '*', root cause: vscode.git
2024-04-07 10:13:58.156 [info] ExtensionService#_doActivateExtension vscode.git, startup: true, activationEvent: '*'
2024-04-07 10:13:58.170 [info] ExtensionService#_doActivateExtension vscode.github, startup: true, activationEvent: '*'
2024-04-07 10:13:58.174 [info] ExtensionService#_doActivateExtension ms-toolsai.jupyter, startup: false, activationEvent: 'onNotebook:jupyter-notebook'
2024-04-07 10:13:58.175 [info] ExtensionService#_doActivateExtension ms-toolsai.vscode-jupyter-cell-tags, startup: false, activationEvent: 'onNotebook:jupyter-notebook'
2024-04-07 10:13:58.177 [info] ExtensionService#_doActivateExtension ms-toolsai.vscode-jupyter-slideshow, startup: false, activationEvent: 'onNotebook:jupyter-notebook'
2024-04-07 10:13:58.178 [info] ExtensionService#_doActivateExtension ms-toolsai.jupyter-renderers, startup: false, activationEvent: 'onNotebook:*'
2024-04-07 10:13:58.430 [info] Eager extensions activated
2024-04-07 10:13:58.434 [info] ExtensionService#_doActivateExtension ms-python.python, startup: false, activationEvent: 'api', root cause: ms-toolsai.jupyter
2024-04-07 10:13:58.537 [info] ExtensionService#_doActivateExtension vscode.debug-auto-launch, startup: false, activationEvent: 'onStartupFinished'
2024-04-07 10:13:58.538 [info] ExtensionService#_doActivateExtension vscode.merge-conflict, startup: false, activationEvent: 'onStartupFinished'
2024-04-07 10:13:58.688 [info] ExtensionService#_doActivateExtension ms-python.debugpy, startup: false, activationEvent: 'onLanguage:python'
2024-04-07 10:13:58.705 [info] ExtensionService#_doActivateExtension ms-python.vscode-pylance, startup: false, activationEvent: 'onLanguage:python'
2024-04-07 10:13:58.917 [info] ExtensionService#_doActivateExtension ms-toolsai.tensorboard, startup: false, activationEvent: 'onLanguage:python'
2024-04-07 10:18:25.368 [info] ExtensionService#_doActivateExtension vscode.extension-editing, startup: false, activationEvent: 'onLanguage:markdown'
2024-04-07 10:18:25.377 [info] ExtensionService#_doActivateExtension vscode.markdown-language-features, startup: false, activationEvent: 'onLanguage:markdown'
2024-04-07 10:18:25.767 [info] ExtensionService#_doActivateExtension vscode.markdown-math, startup: false, activationEvent: 'api', root cause: vscode.markdown-language-features
2024-04-07 10:57:57.889 [info] Extension host terminating: renderer closed the MessagePort
2024-04-07 10:57:57.940 [error] Canceled: Canceled
	at new $ (/usr/share/code/resources/app/out/vs/workbench/api/node/extensionHostProcess.js:140:45885)
	at s.U (/usr/share/code/resources/app/out/vs/workbench/api/node/extensionHostProcess.js:147:5556)
	at z.<computed>.T.charCodeAt.z.<computed> (/usr/share/code/resources/app/out/vs/workbench/api/node/extensionHostProcess.js:147:3007)
	at l.g (/usr/share/code/resources/app/out/vs/workbench/api/node/extensionHostProcess.js:150:184300)
	at l.executeCommand (/usr/share/code/resources/app/out/vs/workbench/api/node/extensionHostProcess.js:150:183738)
	at f.registerCommand.description (/usr/share/code/resources/app/out/vs/workbench/api/node/extensionHostProcess.js:150:183062)
	at l.h (/usr/share/code/resources/app/out/vs/workbench/api/node/extensionHostProcess.js:150:184839)
	at l.g (/usr/share/code/resources/app/out/vs/workbench/api/node/extensionHostProcess.js:150:183831)
	at l.executeCommand (/usr/share/code/resources/app/out/vs/workbench/api/node/extensionHostProcess.js:150:183738)
	at Object.executeCommand (/usr/share/code/resources/app/out/vs/workbench/api/node/extensionHostProcess.js:160:21654)
	at w.O [as value] (/usr/share/code/resources/app/extensions/git/dist/main.js:2:943479)
	at n.y (/usr/share/code/resources/app/out/vs/workbench/api/node/extensionHostProcess.js:80:1902)
	at n.z (/usr/share/code/resources/app/out/vs/workbench/api/node/extensionHostProcess.js:80:1972)
	at n.fire (/usr/share/code/resources/app/out/vs/workbench/api/node/extensionHostProcess.js:80:2188)
	at Object.m [as dispose] (/usr/share/code/resources/app/extensions/git/dist/main.js:2:962791)
	at /usr/share/code/resources/app/extensions/git/dist/main.js:2:968825
	at Array.forEach (<anonymous>)
	at f.dispose (/usr/share/code/resources/app/extensions/git/dist/main.js:2:968811)
	at u.<anonymous> (/usr/share/code/resources/app/out/vs/workbench/api/node/extensionHostProcess.js:148:3704)
	at u.dispose (/usr/share/code/resources/app/out/vs/workbench/api/node/extensionHostProcess.js:148:3801)
	at u.<anonymous> (/usr/share/code/resources/app/extensions/git/dist/main.js:2:945736)
	at u.dispose (/usr/share/code/resources/app/out/vs/workbench/api/node/extensionHostProcess.js:148:3801)
	at o (/usr/share/code/resources/app/out/vs/workbench/api/node/extensionHostProcess.js:30:754)
	at w.cb (/usr/share/code/resources/app/out/vs/workbench/api/node/extensionHostProcess.js:156:9882)
	at /usr/share/code/resources/app/out/vs/workbench/api/node/extensionHostProcess.js:156:7816
	at Array.map (<anonymous>)
	at w.Y (/usr/share/code/resources/app/out/vs/workbench/api/node/extensionHostProcess.js:156:7803)
	at w.terminate (/usr/share/code/resources/app/out/vs/workbench/api/node/extensionHostProcess.js:156:8076)
	at o.terminate (/usr/share/code/resources/app/out/vs/workbench/api/node/extensionHostProcess.js:160:1513)
	at t (/usr/share/code/resources/app/out/vs/workbench/api/node/extensionHostProcess.js:173:9949)
	at MessagePortMain.<anonymous> (/usr/share/code/resources/app/out/vs/workbench/api/node/extensionHostProcess.js:173:6374)
	at MessagePortMain.emit (node:events:514:28)
	at Object.emit (node:electron/js2c/utility_init:2:2285) setContext undefined
2024-04-07 10:57:57.941 [error] Canceled: Canceled
	at new $ (/usr/share/code/resources/app/out/vs/workbench/api/node/extensionHostProcess.js:140:45885)
	at s.U (/usr/share/code/resources/app/out/vs/workbench/api/node/extensionHostProcess.js:147:5556)
	at z.<computed>.T.charCodeAt.z.<computed> (/usr/share/code/resources/app/out/vs/workbench/api/node/extensionHostProcess.js:147:3007)
	at l.g (/usr/share/code/resources/app/out/vs/workbench/api/node/extensionHostProcess.js:150:184300)
	at l.executeCommand (/usr/share/code/resources/app/out/vs/workbench/api/node/extensionHostProcess.js:150:183738)
	at f.registerCommand.description (/usr/share/code/resources/app/out/vs/workbench/api/node/extensionHostProcess.js:150:183062)
	at l.h (/usr/share/code/resources/app/out/vs/workbench/api/node/extensionHostProcess.js:150:184839)
	at l.g (/usr/share/code/resources/app/out/vs/workbench/api/node/extensionHostProcess.js:150:183831)
	at l.executeCommand (/usr/share/code/resources/app/out/vs/workbench/api/node/extensionHostProcess.js:150:183738)
	at Object.executeCommand (/usr/share/code/resources/app/out/vs/workbench/api/node/extensionHostProcess.js:160:21654)
	at set hasGitHubRepositories [as hasGitHubRepositories] (/usr/share/code/resources/app/extensions/github/dist/extension.js:2:325214)
	at /usr/share/code/resources/app/extensions/github/dist/extension.js:2:326173
	at w.value (/usr/share/code/resources/app/extensions/git/dist/main.js:2:1050811)
	at n.y (/usr/share/code/resources/app/out/vs/workbench/api/node/extensionHostProcess.js:80:1902)
	at n.z (/usr/share/code/resources/app/out/vs/workbench/api/node/extensionHostProcess.js:80:1972)
	at n.fire (/usr/share/code/resources/app/out/vs/workbench/api/node/extensionHostProcess.js:80:2188)
	at Object.m [as dispose] (/usr/share/code/resources/app/extensions/git/dist/main.js:2:962791)
	at /usr/share/code/resources/app/extensions/git/dist/main.js:2:968825
	at Array.forEach (<anonymous>)
	at f.dispose (/usr/share/code/resources/app/extensions/git/dist/main.js:2:968811)
	at u.<anonymous> (/usr/share/code/resources/app/out/vs/workbench/api/node/extensionHostProcess.js:148:3704)
	at u.dispose (/usr/share/code/resources/app/out/vs/workbench/api/node/extensionHostProcess.js:148:3801)
	at u.<anonymous> (/usr/share/code/resources/app/extensions/git/dist/main.js:2:945736)
	at u.dispose (/usr/share/code/resources/app/out/vs/workbench/api/node/extensionHostProcess.js:148:3801)
	at o (/usr/share/code/resources/app/out/vs/workbench/api/node/extensionHostProcess.js:30:754)
	at w.cb (/usr/share/code/resources/app/out/vs/workbench/api/node/extensionHostProcess.js:156:9882)
	at /usr/share/code/resources/app/out/vs/workbench/api/node/extensionHostProcess.js:156:7816
	at Array.map (<anonymous>)
	at w.Y (/usr/share/code/resources/app/out/vs/workbench/api/node/extensionHostProcess.js:156:7803)
	at w.terminate (/usr/share/code/resources/app/out/vs/workbench/api/node/extensionHostProcess.js:156:8076)
	at o.terminate (/usr/share/code/resources/app/out/vs/workbench/api/node/extensionHostProcess.js:160:1513)
	at t (/usr/share/code/resources/app/out/vs/workbench/api/node/extensionHostProcess.js:173:9949)
	at MessagePortMain.<anonymous> (/usr/share/code/resources/app/out/vs/workbench/api/node/extensionHostProcess.js:173:6374)
	at MessagePortMain.emit (node:events:514:28)
	at Object.emit (node:electron/js2c/utility_init:2:2285) setContext undefined
2024-04-07 10:57:57.942 [error] Canceled: Canceled
	at new $ (/usr/share/code/resources/app/out/vs/workbench/api/node/extensionHostProcess.js:140:45885)
	at s.U (/usr/share/code/resources/app/out/vs/workbench/api/node/extensionHostProcess.js:147:5556)
	at z.<computed>.T.charCodeAt.z.<computed> (/usr/share/code/resources/app/out/vs/workbench/api/node/extensionHostProcess.js:147:3007)
	at l.g (/usr/share/code/resources/app/out/vs/workbench/api/node/extensionHostProcess.js:150:184300)
	at l.executeCommand (/usr/share/code/resources/app/out/vs/workbench/api/node/extensionHostProcess.js:150:183738)
	at f.registerCommand.description (/usr/share/code/resources/app/out/vs/workbench/api/node/extensionHostProcess.js:150:183062)
	at l.h (/usr/share/code/resources/app/out/vs/workbench/api/node/extensionHostProcess.js:150:184839)
	at l.g (/usr/share/code/resources/app/out/vs/workbench/api/node/extensionHostProcess.js:150:183831)
	at l.executeCommand (/usr/share/code/resources/app/out/vs/workbench/api/node/extensionHostProcess.js:150:183738)
	at Object.executeCommand (/usr/share/code/resources/app/out/vs/workbench/api/node/extensionHostProcess.js:160:21654)
	at ir.set (/home/anirudhkailaje/.vscode/extensions/ms-toolsai.jupyter-2024.2.0-linux-x64/dist/extension.node.js:341:139735)
	at pI.updateContextOfActiveNotebookKernel (/home/anirudhkailaje/.vscode/extensions/ms-toolsai.jupyter-2024.2.0-linux-x64/dist/extension.node.js:411:11475)
	at pI.onDidKernelStatusChange (/home/anirudhkailaje/.vscode/extensions/ms-toolsai.jupyter-2024.2.0-linux-x64/dist/extension.node.js:411:13065)
	at n.y (/usr/share/code/resources/app/out/vs/workbench/api/node/extensionHostProcess.js:80:1902)
	at n.z (/usr/share/code/resources/app/out/vs/workbench/api/node/extensionHostProcess.js:80:1972)
	at n.fire (/usr/share/code/resources/app/out/vs/workbench/api/node/extensionHostProcess.js:80:2188)
	at Cy.<anonymous> (/home/anirudhkailaje/.vscode/extensions/ms-toolsai.jupyter-2024.2.0-linux-x64/dist/extension.node.js:327:2878)
	at n.y (/usr/share/code/resources/app/out/vs/workbench/api/node/extensionHostProcess.js:80:1902)
	at n.fire (/usr/share/code/resources/app/out/vs/workbench/api/node/extensionHostProcess.js:80:2119)
	at e (/home/anirudhkailaje/.vscode/extensions/ms-toolsai.jupyter-2024.2.0-linux-x64/dist/extension.node.js:311:31573)
	at ED.dispose (/home/anirudhkailaje/.vscode/extensions/ms-toolsai.jupyter-2024.2.0-linux-x64/dist/extension.node.js:311:31696)
	at /home/anirudhkailaje/.vscode/extensions/ms-toolsai.jupyter-2024.2.0-linux-x64/dist/extension.node.js:204:1164
	at Array.map (<anonymous>)
	at yg.dispose (/home/anirudhkailaje/.vscode/extensions/ms-toolsai.jupyter-2024.2.0-linux-x64/dist/extension.node.js:204:1155)
	at Object.tIe (/home/anirudhkailaje/.vscode/extensions/ms-toolsai.jupyter-2024.2.0-linux-x64/dist/extension.node.js:436:14390)
	at Object.m (/home/anirudhkailaje/.vscode/extensions/ms-toolsai.jupyter-2024.2.0-linux-x64/dist/extension.node.proxy.js:1:1025)
	at w.cb (/usr/share/code/resources/app/out/vs/workbench/api/node/extensionHostProcess.js:156:9687)
	at /usr/share/code/resources/app/out/vs/workbench/api/node/extensionHostProcess.js:156:7816
	at Array.map (<anonymous>)
	at w.Y (/usr/share/code/resources/app/out/vs/workbench/api/node/extensionHostProcess.js:156:7803)
	at w.terminate (/usr/share/code/resources/app/out/vs/workbench/api/node/extensionHostProcess.js:156:8076)
	at o.terminate (/usr/share/code/resources/app/out/vs/workbench/api/node/extensionHostProcess.js:160:1513)
	at t (/usr/share/code/resources/app/out/vs/workbench/api/node/extensionHostProcess.js:173:9949)
	at MessagePortMain.<anonymous> (/usr/share/code/resources/app/out/vs/workbench/api/node/extensionHostProcess.js:173:6374)
	at MessagePortMain.emit (node:events:514:28)
	at Object.emit (node:electron/js2c/utility_init:2:2285) setContext undefined
2024-04-07 10:57:57.962 [info] Extension host with pid 316351 exiting with code 0
