2023-11-15 12:15:46.896 [info] Added views:workbench.panel.markers.view in workbench.panel.markers
2023-11-15 12:15:46.896 [info] Added views:workbench.panel.output in workbench.panel.output
2023-11-15 12:15:46.896 [info] Added views:terminal in terminal
2023-11-15 12:15:46.896 [info] Added views:outline in workbench.view.explorer
2023-11-15 12:15:46.896 [info] Added views:workbench.scm in workbench.view.scm
2023-11-15 12:15:46.896 [info] Added views:workbench.view.search in workbench.view.search
2023-11-15 12:15:46.896 [info] Added views:timeline in workbench.view.explorer
2023-11-15 12:15:46.896 [info] Added views:workbench.explorer.emptyView in workbench.view.explorer
2023-11-15 12:15:47.195 [info] Added views:workbench.debug.variablesView,workbench.debug.watchExpressionsView,workbench.debug.callStackView,workbench.debug.breakPointsView in workbench.view.debug
2023-11-15 12:15:47.207 [info] Added views:workbench.panel.repl.view in workbench.panel.repl
2023-11-15 12:15:47.208 [info] Removed views:workbench.debug.breakPointsView,workbench.debug.callStackView,workbench.debug.watchExpressionsView,workbench.debug.variablesView from workbench.view.debug
2023-11-15 12:15:47.208 [info] Added views:workbench.debug.welcome in workbench.view.debug
2023-11-15 12:15:47.263 [info] Added views:~remote.forwardedPorts in ~remote.forwardedPortsContainer
2023-11-15 12:15:53.162 [info] Added views:workbench.panel.markers.view in workbench.panel.markers
2023-11-15 12:15:53.162 [info] Added views:workbench.panel.output in workbench.panel.output
2023-11-15 12:15:53.162 [info] Added views:terminal in terminal
2023-11-15 12:15:53.162 [info] Added views:outline in workbench.view.explorer
2023-11-15 12:15:53.162 [info] Added views:workbench.scm in workbench.view.scm
2023-11-15 12:15:53.162 [info] Added views:workbench.view.search in workbench.view.search
2023-11-15 12:15:53.162 [info] Added views:timeline in workbench.view.explorer
2023-11-15 12:15:53.162 [info] Added views:workbench.debug.welcome in workbench.view.debug
2023-11-15 12:15:53.162 [info] Added views:workbench.debug.breakPointsView in workbench.view.debug
2023-11-15 12:15:53.162 [info] Added views:workbench.explorer.fileView in workbench.view.explorer
2023-11-15 12:15:53.485 [info] Added views:workbench.panel.repl.view in workbench.panel.repl
2023-11-15 12:15:53.979 [info] Added views:jupyterViewVariables in workbench.view.extension.jupyter-variables
2023-11-15 12:15:53.982 [info] Added views:cell-tag in workbench.view.extension.jupyter-variables
2023-11-15 12:15:54.272 [info] Added views:workbench.view.testing in workbench.view.extension.test
2023-11-15 12:15:54.638 [info] Added views:~remote.forwardedPorts in ~remote.forwardedPortsContainer
2023-11-15 12:25:40.118 [info] Removed views:workbench.view.testing from workbench.view.extension.test
2023-11-15 12:25:40.446 [info] Added views:workbench.panel.markers.view in workbench.panel.markers
2023-11-15 12:25:40.447 [info] Added views:workbench.panel.output in workbench.panel.output
2023-11-15 12:25:40.447 [info] Added views:terminal in terminal
2023-11-15 12:25:40.447 [info] Added views:outline in workbench.view.explorer
2023-11-15 12:25:40.447 [info] Added views:workbench.scm in workbench.view.scm
2023-11-15 12:25:40.447 [info] Added views:workbench.view.search in workbench.view.search
2023-11-15 12:25:40.447 [info] Added views:timeline in workbench.view.explorer
2023-11-15 12:25:40.447 [info] Added views:workbench.explorer.fileView in workbench.view.explorer
2023-11-15 12:25:40.670 [info] Added views:workbench.debug.variablesView,workbench.debug.watchExpressionsView,workbench.debug.callStackView,workbench.debug.breakPointsView in workbench.view.debug
2023-11-15 12:25:40.729 [info] Added views:workbench.panel.repl.view in workbench.panel.repl
2023-11-15 12:25:40.730 [info] Removed views:workbench.debug.breakPointsView,workbench.debug.callStackView,workbench.debug.watchExpressionsView,workbench.debug.variablesView from workbench.view.debug
2023-11-15 12:25:40.730 [info] Added views:workbench.debug.welcome in workbench.view.debug
2023-11-15 12:25:40.757 [info] Added views:~remote.forwardedPorts in ~remote.forwardedPortsContainer
2023-11-15 12:33:21.663 [info] Added views:jupyterViewVariables in workbench.view.extension.jupyter-variables
2023-11-15 12:33:21.670 [info] Added views:cell-tag in workbench.view.extension.jupyter-variables
2023-11-15 12:33:21.770 [info] Added views:workbench.view.testing in workbench.view.extension.test
2023-11-15 12:33:29.916 [info] Removed views:cell-tag,jupyterViewVariables from workbench.view.extension.jupyter-variables
2023-11-15 12:33:51.792 [info] Added views:jupyterViewVariables,cell-tag in workbench.view.extension.jupyter-variables
2023-11-15 12:34:02.211 [info] Removed views:cell-tag,jupyterViewVariables from workbench.view.extension.jupyter-variables
2023-11-15 12:34:02.236 [info] Added views:jupyterViewVariables,cell-tag in workbench.view.extension.jupyter-variables
2023-11-15 12:34:38.756 [info] Removed views:cell-tag,jupyterViewVariables from workbench.view.extension.jupyter-variables
2023-11-15 12:34:38.793 [info] Added views:jupyterViewVariables,cell-tag in workbench.view.extension.jupyter-variables
2023-11-15 13:43:24.825 [info] Added views:workbench.debug.breakPointsView in workbench.view.debug
2023-11-15 13:43:27.553 [info] Removed views:workbench.debug.breakPointsView from workbench.view.debug
2023-11-15 13:51:56.894 [info] Added views:workbench.debug.breakPointsView in workbench.view.debug
2023-11-15 13:51:59.112 [info] Removed views:workbench.debug.welcome from workbench.view.debug
2023-11-15 13:51:59.133 [info] Added views:workbench.debug.variablesView,workbench.debug.watchExpressionsView,workbench.debug.callStackView in workbench.view.debug
2023-11-15 13:52:03.386 [info] Removed views:workbench.debug.callStackView,workbench.debug.watchExpressionsView,workbench.debug.variablesView from workbench.view.debug
2023-11-15 13:52:03.405 [info] Added views:workbench.debug.welcome in workbench.view.debug
2023-11-15 14:00:46.611 [info] Removed views:workbench.debug.welcome from workbench.view.debug
2023-11-15 14:00:46.630 [info] Added views:workbench.debug.variablesView,workbench.debug.watchExpressionsView,workbench.debug.callStackView in workbench.view.debug
2023-11-15 14:16:02.178 [info] Removed views:workbench.debug.callStackView,workbench.debug.watchExpressionsView,workbench.debug.variablesView from workbench.view.debug
2023-11-15 14:16:02.205 [info] Added views:workbench.debug.welcome in workbench.view.debug
2023-11-15 14:16:26.605 [info] Removed views:workbench.debug.welcome from workbench.view.debug
2023-11-15 14:16:26.622 [info] Added views:workbench.debug.variablesView,workbench.debug.watchExpressionsView,workbench.debug.callStackView in workbench.view.debug
2023-11-15 14:16:33.722 [info] Removed views:workbench.debug.callStackView,workbench.debug.watchExpressionsView,workbench.debug.variablesView from workbench.view.debug
2023-11-15 14:16:33.743 [info] Added views:workbench.debug.welcome in workbench.view.debug
2023-11-15 14:16:58.050 [info] Removed views:workbench.debug.welcome from workbench.view.debug
2023-11-15 14:16:58.065 [info] Added views:workbench.debug.variablesView,workbench.debug.watchExpressionsView,workbench.debug.callStackView in workbench.view.debug
2023-11-15 14:17:34.798 [info] Removed views:workbench.debug.callStackView,workbench.debug.watchExpressionsView,workbench.debug.variablesView from workbench.view.debug
2023-11-15 14:17:34.817 [info] Added views:workbench.debug.welcome in workbench.view.debug
2023-11-15 14:17:58.022 [info] Removed views:workbench.debug.welcome from workbench.view.debug
2023-11-15 14:17:58.037 [info] Added views:workbench.debug.variablesView,workbench.debug.watchExpressionsView,workbench.debug.callStackView in workbench.view.debug
2023-11-15 14:23:52.060 [info] Removed views:workbench.debug.callStackView,workbench.debug.watchExpressionsView,workbench.debug.variablesView from workbench.view.debug
2023-11-15 14:23:52.081 [info] Added views:workbench.debug.welcome in workbench.view.debug
2023-11-15 14:24:04.921 [info] Removed views:workbench.debug.welcome from workbench.view.debug
2023-11-15 14:24:04.938 [info] Added views:workbench.debug.variablesView,workbench.debug.watchExpressionsView,workbench.debug.callStackView in workbench.view.debug
2023-11-15 14:24:43.314 [info] Removed views:workbench.debug.callStackView,workbench.debug.watchExpressionsView,workbench.debug.variablesView from workbench.view.debug
2023-11-15 14:24:43.339 [info] Added views:workbench.debug.welcome in workbench.view.debug
2023-11-15 14:24:58.094 [info] Removed views:workbench.debug.welcome from workbench.view.debug
2023-11-15 14:24:58.107 [info] Added views:workbench.debug.variablesView,workbench.debug.watchExpressionsView,workbench.debug.callStackView in workbench.view.debug
2023-11-15 14:25:11.219 [info] Removed views:workbench.debug.callStackView,workbench.debug.watchExpressionsView,workbench.debug.variablesView from workbench.view.debug
2023-11-15 14:25:11.260 [info] Added views:workbench.debug.welcome in workbench.view.debug
2023-11-15 14:25:28.013 [info] Removed views:workbench.debug.welcome from workbench.view.debug
2023-11-15 14:25:28.024 [info] Added views:workbench.debug.variablesView,workbench.debug.watchExpressionsView,workbench.debug.callStackView in workbench.view.debug
2023-11-15 14:26:54.190 [info] Removed views:workbench.debug.callStackView,workbench.debug.watchExpressionsView,workbench.debug.variablesView from workbench.view.debug
2023-11-15 14:26:54.207 [info] Added views:workbench.debug.welcome in workbench.view.debug
2023-11-15 14:27:59.868 [info] Removed views:workbench.debug.welcome from workbench.view.debug
2023-11-15 14:27:59.882 [info] Added views:workbench.debug.variablesView,workbench.debug.watchExpressionsView,workbench.debug.callStackView in workbench.view.debug
2023-11-15 14:28:10.265 [info] Removed views:workbench.debug.callStackView,workbench.debug.watchExpressionsView,workbench.debug.variablesView from workbench.view.debug
2023-11-15 14:28:10.283 [info] Added views:workbench.debug.welcome in workbench.view.debug
2023-11-15 14:28:21.804 [info] Removed views:workbench.debug.welcome from workbench.view.debug
2023-11-15 14:28:21.814 [info] Added views:workbench.debug.variablesView,workbench.debug.watchExpressionsView,workbench.debug.callStackView in workbench.view.debug
2023-11-15 14:29:40.499 [info] Removed views:workbench.debug.callStackView,workbench.debug.watchExpressionsView,workbench.debug.variablesView from workbench.view.debug
2023-11-15 14:29:40.518 [info] Added views:workbench.debug.welcome in workbench.view.debug
2023-11-15 14:30:00.245 [info] Removed views:workbench.debug.welcome from workbench.view.debug
2023-11-15 14:30:00.259 [info] Added views:workbench.debug.variablesView,workbench.debug.watchExpressionsView,workbench.debug.callStackView in workbench.view.debug
2023-11-15 14:30:10.940 [info] Removed views:workbench.debug.callStackView,workbench.debug.watchExpressionsView,workbench.debug.variablesView from workbench.view.debug
2023-11-15 14:30:10.961 [info] Added views:workbench.debug.welcome in workbench.view.debug
2023-11-15 14:30:19.774 [info] Removed views:workbench.debug.welcome from workbench.view.debug
2023-11-15 14:30:19.791 [info] Added views:workbench.debug.variablesView,workbench.debug.watchExpressionsView,workbench.debug.callStackView in workbench.view.debug
2023-11-15 14:30:24.352 [info] Removed views:workbench.debug.callStackView,workbench.debug.watchExpressionsView,workbench.debug.variablesView from workbench.view.debug
2023-11-15 14:30:24.394 [info] Added views:workbench.debug.welcome in workbench.view.debug
2023-11-15 14:32:06.460 [info] Removed views:workbench.debug.welcome from workbench.view.debug
2023-11-15 14:32:06.476 [info] Added views:workbench.debug.variablesView,workbench.debug.watchExpressionsView,workbench.debug.callStackView in workbench.view.debug
2023-11-15 14:32:35.378 [info] Removed views:workbench.debug.callStackView,workbench.debug.watchExpressionsView,workbench.debug.variablesView from workbench.view.debug
2023-11-15 14:32:35.398 [info] Added views:workbench.debug.welcome in workbench.view.debug
2023-11-15 14:33:04.005 [info] Removed views:workbench.debug.welcome from workbench.view.debug
2023-11-15 14:33:04.017 [info] Added views:workbench.debug.variablesView,workbench.debug.watchExpressionsView,workbench.debug.callStackView in workbench.view.debug
2023-11-15 14:33:14.596 [info] Removed views:workbench.debug.callStackView,workbench.debug.watchExpressionsView,workbench.debug.variablesView from workbench.view.debug
2023-11-15 14:33:14.614 [info] Added views:workbench.debug.welcome in workbench.view.debug
2023-11-15 14:33:32.868 [info] Removed views:workbench.debug.welcome from workbench.view.debug
2023-11-15 14:33:32.881 [info] Added views:workbench.debug.variablesView,workbench.debug.watchExpressionsView,workbench.debug.callStackView in workbench.view.debug
2023-11-15 14:33:43.635 [info] Removed views:workbench.debug.callStackView,workbench.debug.watchExpressionsView,workbench.debug.variablesView from workbench.view.debug
2023-11-15 14:33:43.680 [info] Added views:workbench.debug.welcome in workbench.view.debug
2023-11-15 14:34:09.454 [info] Removed views:workbench.debug.welcome from workbench.view.debug
2023-11-15 14:34:09.467 [info] Added views:workbench.debug.variablesView,workbench.debug.watchExpressionsView,workbench.debug.callStackView in workbench.view.debug
2023-11-15 14:34:43.532 [info] Removed views:workbench.debug.callStackView,workbench.debug.watchExpressionsView,workbench.debug.variablesView from workbench.view.debug
2023-11-15 14:34:43.572 [info] Added views:workbench.debug.welcome in workbench.view.debug
2023-11-15 14:35:40.430 [info] Removed views:workbench.debug.welcome from workbench.view.debug
2023-11-15 14:35:40.445 [info] Added views:workbench.debug.variablesView,workbench.debug.watchExpressionsView,workbench.debug.callStackView in workbench.view.debug
2023-11-15 15:09:19.676 [info] Removed views:workbench.debug.callStackView,workbench.debug.watchExpressionsView,workbench.debug.variablesView from workbench.view.debug
2023-11-15 15:09:19.698 [info] Added views:workbench.debug.welcome in workbench.view.debug
2023-11-15 15:11:35.052 [info] Removed views:workbench.debug.welcome from workbench.view.debug
2023-11-15 15:11:35.066 [info] Added views:workbench.debug.variablesView,workbench.debug.watchExpressionsView,workbench.debug.callStackView in workbench.view.debug
2023-11-15 15:23:06.571 [info] Removed views:workbench.debug.callStackView,workbench.debug.watchExpressionsView,workbench.debug.variablesView from workbench.view.debug
2023-11-15 15:23:06.579 [info] Added views:workbench.debug.welcome in workbench.view.debug
2023-11-15 15:23:15.063 [info] Removed views:workbench.debug.welcome from workbench.view.debug
2023-11-15 15:23:15.074 [info] Added views:workbench.debug.variablesView,workbench.debug.watchExpressionsView,workbench.debug.callStackView in workbench.view.debug
2023-11-15 18:41:49.625 [info] Removed views:workbench.debug.callStackView,workbench.debug.watchExpressionsView,workbench.debug.variablesView from workbench.view.debug
2023-11-15 18:41:49.665 [info] Added views:workbench.debug.welcome in workbench.view.debug
2023-11-15 18:41:49.685 [info] Removed views:workbench.debug.welcome from workbench.view.debug
2023-11-15 18:41:49.701 [info] Added views:workbench.debug.variablesView,workbench.debug.watchExpressionsView,workbench.debug.callStackView in workbench.view.debug
2023-11-15 19:01:19.705 [info] Removed views:workbench.debug.callStackView,workbench.debug.watchExpressionsView,workbench.debug.variablesView from workbench.view.debug
2023-11-15 19:01:19.748 [info] Added views:workbench.debug.welcome in workbench.view.debug
