Visual Studio Code (1.84.2, undefined, desktop)
Jupyter Extension Version: 2023.10.1100000000.
Python Extension Version: 2023.20.0.
Platform: linux (x64).
Workspace folder ~/Documents/01_UPenn/02_MEAM5170/02_Homeworks/05_Homework5, Home = /home/anirudhkailaje
11:25:34.060 [info] Start refreshing Kernel Picker (1700151934060)
11:25:34.066 [info] Using Pylance
11:25:34.747 [warn] Failed to get activated env vars for /bin/python3 in 633ms
11:25:34.762 [info] Process Execution: /bin/python3 -c "import site;print("USER_BASE_VALUE");print(site.USER_BASE);print("USER_BASE_VALUE");"
11:25:34.792 [info] Process Execution: /bin/python3 -m pip list
11:25:35.113 [info] End refreshing Kernel Picker (1700151934060)
11:25:46.678 [info] Start refreshing Interpreter Kernel Picker
11:25:46.678 [info] Start refreshing Kernel Picker (1700151946678)
11:25:46.685 [warn] No interpreter for Pylance for Notebook URI "~/Documents/01_UPenn/02_MEAM5170/02_Homeworks/05_Homework5/PlanarArmCollocation/hw5.ipynb"
11:25:46.693 [info] Starting Kernel startUsingPythonInterpreter, .jvsc74a57bd0916dbcbb3f70747c44a77c7bcd40155683ae19c65e1c03b4aa3499c5328201f1./bin/python3./bin/python3.-m#ipykernel_launcher  (Python Path: /bin/python3, Unknown, 3.11.2) for '~/Documents/01_UPenn/02_MEAM5170/02_Homeworks/05_Homework5/PlanarArmCollocation/hw5.ipynb' (disableUI=true)
11:25:46.731 [warn] Failed to get activated env vars for /bin/python3 in 33ms
11:25:46.739 [info] Process Execution: /bin/python3 -c "import ipykernel; print(ipykernel.__version__); print("5dc3a68c-e34e-4080-9c3e-2a532b2ccb4d"); print(ipykernel.__file__)"
11:25:46.748 [info] Process Execution: /bin/python3 -m ipykernel_launcher --f=~/.local/share/jupyter/runtime/kernel-v2-79368rsPxYVTyK7Hg.json
    > cwd: ~/Documents/01_UPenn/02_MEAM5170/02_Homeworks/05_Homework5/PlanarArmCollocation
11:25:46.866 [info] ipykernel version & path 6.17.0, /usr/lib/python3/dist-packages/ipykernel/__init__.py for /bin/python3
11:25:47.080 [warn] StdErr from Kernel Process 0.00s - Debugger warning: It seems that frozen modules are being used, which may
0.00s - make the debugger miss breakpoints. Please pass -Xfrozen_modules=off
0.00s - to python to disable frozen modules.
0.00s - Note: Debugging will proceed. Set PYDEVD_DISABLE_FILE_VALIDATION=1 to disable this validation.
11:25:47.247 [info] Process Execution: /bin/python3 ~/.vscode/extensions/ms-toolsai.jupyter-2023.10.1100000000-linux-x64/pythonFiles/printJupyterDataDir.py
11:25:47.865 [info] End refreshing Kernel Picker (1700151946678)
11:25:53.649 [info] Handle Execution of Cells 5 for ~/Documents/01_UPenn/02_MEAM5170/02_Homeworks/05_Homework5/PlanarArmCollocation/hw5.ipynb
11:25:53.657 [info] Kernel acknowledged execution of cell 5 @ 1700151953657
11:25:53.957 [info] End cell 5 execution @ 1700151953957, started @ 1700151953657, elapsed time = 0.3s
11:25:55.306 [info] Handle Execution of Cells 7 for ~/Documents/01_UPenn/02_MEAM5170/02_Homeworks/05_Homework5/PlanarArmCollocation/hw5.ipynb
11:25:55.312 [info] Kernel acknowledged execution of cell 7 @ 1700151955312
11:25:55.662 [info] End cell 7 execution @ 1700151955662, started @ 1700151955312, elapsed time = 0.35s
11:25:58.080 [info] Handle Execution of Cells 9 for ~/Documents/01_UPenn/02_MEAM5170/02_Homeworks/05_Homework5/PlanarArmCollocation/hw5.ipynb
11:25:58.085 [info] Kernel acknowledged execution of cell 9 @ 1700151958085
11:25:58.577 [info] End cell 9 execution @ 1700151958577, started @ 1700151958085, elapsed time = 0.492s
11:26:24.025 [warn] No interpreter for Pylance for Notebook URI "~/Documents/01_UPenn/02_MEAM5170/02_Homeworks/05_Homework5/PlanarArmCollocation/PlanarWalkerMathProg.ipynb"
