2023-11-14 11:04:27.140 [info] Added views:workbench.panel.markers.view in workbench.panel.markers
2023-11-14 11:04:27.140 [info] Added views:workbench.panel.output in workbench.panel.output
2023-11-14 11:04:27.140 [info] Added views:terminal in terminal
2023-11-14 11:04:27.140 [info] Added views:outline in workbench.view.explorer
2023-11-14 11:04:27.140 [info] Added views:workbench.scm in workbench.view.scm
2023-11-14 11:04:27.140 [info] Added views:workbench.view.search in workbench.view.search
2023-11-14 11:04:27.140 [info] Added views:timeline in workbench.view.explorer
2023-11-14 11:04:27.140 [info] Added views:workbench.explorer.emptyView in workbench.view.explorer
2023-11-14 11:04:27.389 [info] Added views:workbench.debug.welcome in workbench.view.debug
2023-11-14 11:04:27.427 [info] Added views:~remote.forwardedPorts in ~remote.forwardedPortsContainer
2023-11-14 11:04:27.560 [info] Added views:workbench.panel.repl.view in workbench.panel.repl
2023-11-14 11:04:54.371 [info] Added views:workbench.panel.markers.view in workbench.panel.markers
2023-11-14 11:04:54.371 [info] Added views:workbench.panel.output in workbench.panel.output
2023-11-14 11:04:54.371 [info] Added views:terminal in terminal
2023-11-14 11:04:54.371 [info] Added views:outline in workbench.view.explorer
2023-11-14 11:04:54.371 [info] Added views:workbench.scm in workbench.view.scm
2023-11-14 11:04:54.371 [info] Added views:workbench.view.search in workbench.view.search
2023-11-14 11:04:54.371 [info] Added views:timeline in workbench.view.explorer
2023-11-14 11:04:54.371 [info] Added views:workbench.explorer.fileView in workbench.view.explorer
2023-11-14 11:04:54.409 [info] Added views:workbench.debug.variablesView,workbench.debug.watchExpressionsView,workbench.debug.callStackView,workbench.debug.breakPointsView in workbench.view.debug
2023-11-14 11:04:54.554 [info] Added views:~remote.forwardedPorts in ~remote.forwardedPortsContainer
2023-11-14 11:04:54.684 [info] Added views:workbench.panel.repl.view in workbench.panel.repl
2023-11-14 11:04:54.686 [info] Removed views:workbench.debug.breakPointsView,workbench.debug.callStackView,workbench.debug.watchExpressionsView,workbench.debug.variablesView from workbench.view.debug
2023-11-14 11:04:54.686 [info] Added views:workbench.debug.welcome in workbench.view.debug
2023-11-14 11:05:18.523 [info] Added views:workbench.panel.markers.view in workbench.panel.markers
2023-11-14 11:05:18.523 [info] Added views:workbench.panel.output in workbench.panel.output
2023-11-14 11:05:18.523 [info] Added views:terminal in terminal
2023-11-14 11:05:18.523 [info] Added views:outline in workbench.view.explorer
2023-11-14 11:05:18.523 [info] Added views:workbench.scm in workbench.view.scm
2023-11-14 11:05:18.523 [info] Added views:workbench.view.search in workbench.view.search
2023-11-14 11:05:18.523 [info] Added views:timeline in workbench.view.explorer
2023-11-14 11:05:18.523 [info] Added views:workbench.explorer.fileView in workbench.view.explorer
2023-11-14 11:05:18.723 [info] Added views:workbench.debug.variablesView,workbench.debug.watchExpressionsView,workbench.debug.callStackView,workbench.debug.breakPointsView in workbench.view.debug
2023-11-14 11:05:18.790 [info] Added views:workbench.panel.repl.view in workbench.panel.repl
2023-11-14 11:05:18.791 [info] Removed views:workbench.debug.breakPointsView,workbench.debug.callStackView,workbench.debug.watchExpressionsView,workbench.debug.variablesView from workbench.view.debug
2023-11-14 11:05:18.791 [info] Added views:workbench.debug.welcome in workbench.view.debug
2023-11-14 11:05:18.838 [info] Added views:~remote.forwardedPorts in ~remote.forwardedPortsContainer
2023-11-14 11:05:26.354 [info] Added views:jupyterViewVariables in workbench.view.extension.jupyter-variables
2023-11-14 11:05:26.367 [info] Added views:cell-tag in workbench.view.extension.jupyter-variables
2023-11-14 11:05:26.505 [info] Added views:workbench.view.testing in workbench.view.extension.test
2023-11-14 11:05:37.171 [info] Removed views:cell-tag,jupyterViewVariables from workbench.view.extension.jupyter-variables
2023-11-14 11:09:17.937 [info] Added views:workbench.debug.breakPointsView in workbench.view.debug
2023-11-14 11:09:22.635 [info] Removed views:workbench.debug.welcome from workbench.view.debug
2023-11-14 11:09:22.647 [info] Added views:workbench.debug.variablesView,workbench.debug.watchExpressionsView,workbench.debug.callStackView in workbench.view.debug
2023-11-14 11:09:29.723 [info] Removed views:workbench.debug.callStackView,workbench.debug.watchExpressionsView,workbench.debug.variablesView from workbench.view.debug
2023-11-14 11:09:29.735 [info] Added views:workbench.debug.welcome in workbench.view.debug
2023-11-14 11:10:04.579 [info] Removed views:workbench.debug.welcome from workbench.view.debug
2023-11-14 11:10:04.590 [info] Added views:workbench.debug.variablesView,workbench.debug.watchExpressionsView,workbench.debug.callStackView in workbench.view.debug
2023-11-14 11:26:10.115 [info] Removed views:workbench.debug.callStackView,workbench.debug.watchExpressionsView,workbench.debug.variablesView from workbench.view.debug
2023-11-14 11:26:10.132 [info] Added views:workbench.debug.welcome in workbench.view.debug
2023-11-14 11:26:41.270 [info] Removed views:workbench.debug.welcome from workbench.view.debug
2023-11-14 11:26:41.289 [info] Added views:workbench.debug.variablesView,workbench.debug.watchExpressionsView,workbench.debug.callStackView in workbench.view.debug
2023-11-14 11:31:52.972 [info] Removed views:workbench.debug.callStackView,workbench.debug.watchExpressionsView,workbench.debug.variablesView from workbench.view.debug
2023-11-14 11:31:52.985 [info] Added views:workbench.debug.welcome in workbench.view.debug
2023-11-14 16:39:00.994 [info] Removed views:workbench.debug.welcome from workbench.view.debug
2023-11-14 16:39:01.008 [info] Added views:workbench.debug.variablesView,workbench.debug.watchExpressionsView,workbench.debug.callStackView in workbench.view.debug
2023-11-14 16:40:10.026 [info] Removed views:workbench.debug.callStackView,workbench.debug.watchExpressionsView,workbench.debug.variablesView from workbench.view.debug
2023-11-14 16:40:10.041 [info] Added views:workbench.debug.welcome in workbench.view.debug
2023-11-14 17:21:30.065 [info] Removed views:workbench.debug.welcome from workbench.view.debug
2023-11-14 17:21:30.089 [info] Added views:workbench.debug.variablesView,workbench.debug.watchExpressionsView,workbench.debug.callStackView in workbench.view.debug
2023-11-14 17:21:54.231 [info] Removed views:workbench.debug.callStackView,workbench.debug.watchExpressionsView,workbench.debug.variablesView from workbench.view.debug
2023-11-14 17:21:54.247 [info] Added views:workbench.debug.welcome in workbench.view.debug
2023-11-14 17:22:17.278 [info] Removed views:workbench.debug.welcome from workbench.view.debug
2023-11-14 17:22:17.288 [info] Added views:workbench.debug.variablesView,workbench.debug.watchExpressionsView,workbench.debug.callStackView in workbench.view.debug
2023-11-14 17:23:21.418 [info] Removed views:workbench.debug.callStackView,workbench.debug.watchExpressionsView,workbench.debug.variablesView from workbench.view.debug
2023-11-14 17:23:21.437 [info] Added views:workbench.debug.welcome in workbench.view.debug
2023-11-14 17:25:06.431 [info] Removed views:workbench.debug.welcome from workbench.view.debug
2023-11-14 17:25:06.448 [info] Added views:workbench.debug.variablesView,workbench.debug.watchExpressionsView,workbench.debug.callStackView in workbench.view.debug
2023-11-14 17:34:05.362 [info] Added views:jupyterViewVariables,cell-tag in workbench.view.extension.jupyter-variables
2023-11-14 17:40:21.807 [info] Removed views:workbench.debug.callStackView,workbench.debug.watchExpressionsView,workbench.debug.variablesView from workbench.view.debug
2023-11-14 17:40:21.813 [info] Added views:workbench.debug.welcome in workbench.view.debug
2023-11-14 17:51:37.971 [info] Removed views:workbench.debug.welcome from workbench.view.debug
2023-11-14 17:51:37.983 [info] Added views:workbench.debug.variablesView,workbench.debug.watchExpressionsView,workbench.debug.callStackView in workbench.view.debug
2023-11-14 17:53:28.951 [info] Removed views:workbench.debug.callStackView,workbench.debug.watchExpressionsView,workbench.debug.variablesView from workbench.view.debug
2023-11-14 17:53:28.977 [info] Added views:workbench.debug.welcome in workbench.view.debug
2023-11-14 18:02:30.894 [info] Removed views:workbench.debug.welcome from workbench.view.debug
2023-11-14 18:02:30.911 [info] Added views:workbench.debug.variablesView,workbench.debug.watchExpressionsView,workbench.debug.callStackView in workbench.view.debug
2023-11-14 18:09:54.568 [info] Removed views:workbench.debug.callStackView,workbench.debug.watchExpressionsView,workbench.debug.variablesView from workbench.view.debug
2023-11-14 18:09:54.590 [info] Added views:workbench.debug.welcome in workbench.view.debug
2023-11-14 18:27:04.122 [info] Removed views:cell-tag,jupyterViewVariables from workbench.view.extension.jupyter-variables
2023-11-14 18:30:46.156 [info] Added views:jupyterViewVariables,cell-tag in workbench.view.extension.jupyter-variables
2023-11-14 18:32:55.485 [info] Removed views:workbench.debug.welcome from workbench.view.debug
2023-11-14 18:32:55.504 [info] Added views:workbench.debug.variablesView,workbench.debug.watchExpressionsView,workbench.debug.callStackView in workbench.view.debug
2023-11-14 18:45:21.401 [info] Removed views:workbench.debug.callStackView,workbench.debug.watchExpressionsView,workbench.debug.variablesView from workbench.view.debug
2023-11-14 18:45:21.423 [info] Added views:workbench.debug.welcome in workbench.view.debug
2023-11-14 18:48:16.304 [info] Removed views:workbench.debug.welcome from workbench.view.debug
2023-11-14 18:48:16.320 [info] Added views:workbench.debug.variablesView,workbench.debug.watchExpressionsView,workbench.debug.callStackView in workbench.view.debug
2023-11-14 18:48:17.107 [info] Removed views:workbench.debug.callStackView,workbench.debug.watchExpressionsView,workbench.debug.variablesView from workbench.view.debug
2023-11-14 18:48:17.124 [info] Added views:workbench.debug.welcome in workbench.view.debug
2023-11-14 18:48:34.929 [info] Removed views:workbench.debug.welcome from workbench.view.debug
2023-11-14 18:48:34.942 [info] Added views:workbench.debug.variablesView,workbench.debug.watchExpressionsView,workbench.debug.callStackView in workbench.view.debug
2023-11-14 19:00:34.384 [info] Removed views:cell-tag,jupyterViewVariables from workbench.view.extension.jupyter-variables
2023-11-14 19:01:54.882 [info] Removed views:workbench.debug.callStackView,workbench.debug.watchExpressionsView,workbench.debug.variablesView from workbench.view.debug
2023-11-14 19:01:54.887 [info] Added views:workbench.debug.welcome in workbench.view.debug
2023-11-14 19:07:31.511 [info] Removed views:workbench.debug.welcome from workbench.view.debug
2023-11-14 19:07:31.525 [info] Added views:workbench.debug.variablesView,workbench.debug.watchExpressionsView,workbench.debug.callStackView in workbench.view.debug
2023-11-14 19:09:00.581 [info] Removed views:workbench.debug.callStackView,workbench.debug.watchExpressionsView,workbench.debug.variablesView from workbench.view.debug
2023-11-14 19:09:00.606 [info] Added views:workbench.debug.welcome in workbench.view.debug
2023-11-14 19:09:32.405 [info] Removed views:workbench.debug.welcome from workbench.view.debug
2023-11-14 19:09:32.424 [info] Added views:workbench.debug.variablesView,workbench.debug.watchExpressionsView,workbench.debug.callStackView in workbench.view.debug
2023-11-14 19:10:13.752 [info] Removed views:workbench.debug.callStackView,workbench.debug.watchExpressionsView,workbench.debug.variablesView from workbench.view.debug
2023-11-14 19:10:13.763 [info] Added views:workbench.debug.welcome in workbench.view.debug
2023-11-14 19:10:31.307 [info] Removed views:workbench.debug.welcome from workbench.view.debug
2023-11-14 19:10:31.322 [info] Added views:workbench.debug.variablesView,workbench.debug.watchExpressionsView,workbench.debug.callStackView in workbench.view.debug
2023-11-14 19:11:27.167 [info] Removed views:workbench.debug.callStackView,workbench.debug.watchExpressionsView,workbench.debug.variablesView from workbench.view.debug
2023-11-14 19:11:27.210 [info] Added views:workbench.debug.welcome in workbench.view.debug
2023-11-14 19:11:40.204 [info] Removed views:workbench.debug.welcome from workbench.view.debug
2023-11-14 19:11:40.222 [info] Added views:workbench.debug.variablesView,workbench.debug.watchExpressionsView,workbench.debug.callStackView in workbench.view.debug
2023-11-14 19:14:54.206 [info] Removed views:workbench.debug.callStackView,workbench.debug.watchExpressionsView,workbench.debug.variablesView from workbench.view.debug
2023-11-14 19:14:54.226 [info] Added views:workbench.debug.welcome in workbench.view.debug
2023-11-14 19:14:56.605 [info] Removed views:workbench.debug.welcome from workbench.view.debug
2023-11-14 19:14:56.622 [info] Added views:workbench.debug.variablesView,workbench.debug.watchExpressionsView,workbench.debug.callStackView in workbench.view.debug
2023-11-14 19:15:59.660 [info] Removed views:workbench.debug.callStackView,workbench.debug.watchExpressionsView,workbench.debug.variablesView from workbench.view.debug
2023-11-14 19:15:59.702 [info] Added views:workbench.debug.welcome in workbench.view.debug
2023-11-14 19:16:15.425 [info] Removed views:workbench.debug.welcome from workbench.view.debug
2023-11-14 19:16:15.436 [info] Added views:workbench.debug.variablesView,workbench.debug.watchExpressionsView,workbench.debug.callStackView in workbench.view.debug
2023-11-14 19:16:32.397 [info] Removed views:workbench.debug.callStackView,workbench.debug.watchExpressionsView,workbench.debug.variablesView from workbench.view.debug
2023-11-14 19:16:32.463 [info] Added views:workbench.debug.welcome in workbench.view.debug
2023-11-14 19:16:36.581 [info] Removed views:workbench.debug.welcome from workbench.view.debug
2023-11-14 19:16:36.593 [info] Added views:workbench.debug.variablesView,workbench.debug.watchExpressionsView,workbench.debug.callStackView in workbench.view.debug
2023-11-14 19:17:25.794 [info] Removed views:workbench.debug.callStackView,workbench.debug.watchExpressionsView,workbench.debug.variablesView from workbench.view.debug
2023-11-14 19:17:25.814 [info] Added views:workbench.debug.welcome in workbench.view.debug
2023-11-14 19:18:49.619 [info] Removed views:workbench.debug.welcome from workbench.view.debug
2023-11-14 19:18:49.634 [info] Added views:workbench.debug.variablesView,workbench.debug.watchExpressionsView,workbench.debug.callStackView in workbench.view.debug
2023-11-14 19:19:55.291 [info] Removed views:workbench.debug.callStackView,workbench.debug.watchExpressionsView,workbench.debug.variablesView from workbench.view.debug
2023-11-14 19:19:55.309 [info] Added views:workbench.debug.welcome in workbench.view.debug
2023-11-14 19:21:49.962 [info] Added views:jupyterViewVariables,cell-tag in workbench.view.extension.jupyter-variables
2023-11-14 19:21:53.883 [info] Removed views:cell-tag,jupyterViewVariables from workbench.view.extension.jupyter-variables
2023-11-14 19:25:21.641 [info] Removed views:workbench.debug.welcome from workbench.view.debug
2023-11-14 19:25:21.651 [info] Added views:workbench.debug.variablesView,workbench.debug.watchExpressionsView,workbench.debug.callStackView in workbench.view.debug
2023-11-14 19:27:11.950 [info] Removed views:workbench.debug.callStackView,workbench.debug.watchExpressionsView,workbench.debug.variablesView from workbench.view.debug
2023-11-14 19:27:11.965 [info] Added views:workbench.debug.welcome in workbench.view.debug
2023-11-14 19:27:14.288 [info] Removed views:workbench.debug.welcome from workbench.view.debug
2023-11-14 19:27:14.299 [info] Added views:workbench.debug.variablesView,workbench.debug.watchExpressionsView,workbench.debug.callStackView in workbench.view.debug
2023-11-14 19:28:10.696 [info] Removed views:workbench.debug.callStackView,workbench.debug.watchExpressionsView,workbench.debug.variablesView from workbench.view.debug
2023-11-14 19:28:10.712 [info] Added views:workbench.debug.welcome in workbench.view.debug
2023-11-14 19:28:12.681 [info] Removed views:workbench.debug.welcome from workbench.view.debug
2023-11-14 19:28:12.692 [info] Added views:workbench.debug.variablesView,workbench.debug.watchExpressionsView,workbench.debug.callStackView in workbench.view.debug
2023-11-14 19:44:07.693 [info] Removed views:workbench.debug.callStackView,workbench.debug.watchExpressionsView,workbench.debug.variablesView from workbench.view.debug
2023-11-14 19:44:07.706 [info] Added views:workbench.debug.welcome in workbench.view.debug
2023-11-14 19:45:12.055 [info] Added views:jupyterViewVariables,cell-tag in workbench.view.extension.jupyter-variables
2023-11-14 20:09:18.487 [info] Removed views:workbench.debug.welcome from workbench.view.debug
2023-11-14 20:09:18.504 [info] Added views:workbench.debug.variablesView,workbench.debug.watchExpressionsView,workbench.debug.callStackView in workbench.view.debug
2023-11-14 20:10:56.136 [info] Removed views:workbench.debug.callStackView,workbench.debug.watchExpressionsView,workbench.debug.variablesView from workbench.view.debug
2023-11-14 20:10:56.150 [info] Added views:workbench.debug.welcome in workbench.view.debug
2023-11-14 20:54:53.407 [info] Removed views:workbench.debug.welcome from workbench.view.debug
2023-11-14 20:54:53.424 [info] Added views:workbench.debug.variablesView,workbench.debug.watchExpressionsView,workbench.debug.callStackView in workbench.view.debug
2023-11-14 20:55:05.093 [info] Removed views:workbench.debug.callStackView,workbench.debug.watchExpressionsView,workbench.debug.variablesView from workbench.view.debug
2023-11-14 20:55:05.114 [info] Added views:workbench.debug.welcome in workbench.view.debug
2023-11-14 20:55:38.676 [info] Removed views:workbench.debug.welcome from workbench.view.debug
2023-11-14 20:55:38.690 [info] Added views:workbench.debug.variablesView,workbench.debug.watchExpressionsView,workbench.debug.callStackView in workbench.view.debug
2023-11-14 20:57:13.623 [info] Removed views:workbench.debug.callStackView,workbench.debug.watchExpressionsView,workbench.debug.variablesView from workbench.view.debug
2023-11-14 20:57:13.651 [info] Added views:workbench.debug.welcome in workbench.view.debug
2023-11-14 20:57:15.906 [info] Removed views:workbench.debug.welcome from workbench.view.debug
2023-11-14 20:57:15.919 [info] Added views:workbench.debug.variablesView,workbench.debug.watchExpressionsView,workbench.debug.callStackView in workbench.view.debug
2023-11-14 20:59:09.828 [info] Removed views:workbench.debug.callStackView,workbench.debug.watchExpressionsView,workbench.debug.variablesView from workbench.view.debug
2023-11-14 20:59:09.852 [info] Added views:workbench.debug.welcome in workbench.view.debug
2023-11-14 20:59:25.741 [info] Removed views:workbench.debug.welcome from workbench.view.debug
2023-11-14 20:59:25.757 [info] Added views:workbench.debug.variablesView,workbench.debug.watchExpressionsView,workbench.debug.callStackView in workbench.view.debug
2023-11-14 21:01:07.360 [info] Removed views:workbench.debug.callStackView,workbench.debug.watchExpressionsView,workbench.debug.variablesView from workbench.view.debug
2023-11-14 21:01:07.377 [info] Added views:workbench.debug.welcome in workbench.view.debug
2023-11-14 21:29:11.004 [info] Removed views:workbench.debug.welcome from workbench.view.debug
2023-11-14 21:29:11.015 [info] Added views:workbench.debug.variablesView,workbench.debug.watchExpressionsView,workbench.debug.callStackView in workbench.view.debug
2023-11-14 21:29:23.821 [info] Removed views:workbench.debug.callStackView,workbench.debug.watchExpressionsView,workbench.debug.variablesView from workbench.view.debug
2023-11-14 21:29:23.838 [info] Added views:workbench.debug.welcome in workbench.view.debug
2023-11-14 21:29:38.049 [info] Removed views:workbench.debug.welcome from workbench.view.debug
2023-11-14 21:29:38.061 [info] Added views:workbench.debug.variablesView,workbench.debug.watchExpressionsView,workbench.debug.callStackView in workbench.view.debug
2023-11-14 21:36:44.486 [info] Removed views:workbench.debug.callStackView,workbench.debug.watchExpressionsView,workbench.debug.variablesView from workbench.view.debug
2023-11-14 21:36:44.501 [info] Added views:workbench.debug.welcome in workbench.view.debug
2023-11-14 21:37:04.316 [info] Removed views:workbench.debug.welcome from workbench.view.debug
2023-11-14 21:37:04.328 [info] Added views:workbench.debug.variablesView,workbench.debug.watchExpressionsView,workbench.debug.callStackView in workbench.view.debug
2023-11-14 21:38:52.452 [info] Removed views:workbench.debug.callStackView,workbench.debug.watchExpressionsView,workbench.debug.variablesView from workbench.view.debug
2023-11-14 21:38:52.497 [info] Added views:workbench.debug.welcome in workbench.view.debug
2023-11-14 21:39:25.497 [info] Removed views:workbench.debug.welcome from workbench.view.debug
2023-11-14 21:39:25.509 [info] Added views:workbench.debug.variablesView,workbench.debug.watchExpressionsView,workbench.debug.callStackView in workbench.view.debug
2023-11-14 21:44:23.340 [info] Removed views:workbench.debug.callStackView,workbench.debug.watchExpressionsView,workbench.debug.variablesView from workbench.view.debug
2023-11-14 21:44:23.355 [info] Added views:workbench.debug.welcome in workbench.view.debug
2023-11-14 21:44:32.156 [info] Removed views:workbench.debug.welcome from workbench.view.debug
2023-11-14 21:44:32.168 [info] Added views:workbench.debug.variablesView,workbench.debug.watchExpressionsView,workbench.debug.callStackView in workbench.view.debug
2023-11-14 21:51:49.654 [info] Removed views:workbench.debug.callStackView,workbench.debug.watchExpressionsView,workbench.debug.variablesView from workbench.view.debug
2023-11-14 21:51:49.669 [info] Added views:workbench.debug.welcome in workbench.view.debug
2023-11-14 21:55:32.908 [info] Removed views:workbench.debug.welcome from workbench.view.debug
2023-11-14 21:55:32.919 [info] Added views:workbench.debug.variablesView,workbench.debug.watchExpressionsView,workbench.debug.callStackView in workbench.view.debug
2023-11-14 22:04:40.846 [info] Removed views:workbench.debug.callStackView,workbench.debug.watchExpressionsView,workbench.debug.variablesView from workbench.view.debug
2023-11-14 22:04:40.860 [info] Added views:workbench.debug.welcome in workbench.view.debug
2023-11-14 22:05:00.467 [info] Removed views:workbench.debug.welcome from workbench.view.debug
2023-11-14 22:05:00.477 [info] Added views:workbench.debug.variablesView,workbench.debug.watchExpressionsView,workbench.debug.callStackView in workbench.view.debug
2023-11-14 22:09:20.846 [info] Removed views:workbench.debug.callStackView,workbench.debug.watchExpressionsView,workbench.debug.variablesView from workbench.view.debug
2023-11-14 22:09:20.866 [info] Added views:workbench.debug.welcome in workbench.view.debug
2023-11-14 22:09:58.638 [info] Removed views:workbench.debug.welcome from workbench.view.debug
2023-11-14 22:09:58.651 [info] Added views:workbench.debug.variablesView,workbench.debug.watchExpressionsView,workbench.debug.callStackView in workbench.view.debug
2023-11-14 22:11:10.289 [info] Removed views:workbench.debug.callStackView,workbench.debug.watchExpressionsView,workbench.debug.variablesView from workbench.view.debug
2023-11-14 22:11:10.305 [info] Added views:workbench.debug.welcome in workbench.view.debug
2023-11-14 22:11:33.826 [info] Removed views:workbench.debug.welcome from workbench.view.debug
2023-11-14 22:11:33.841 [info] Added views:workbench.debug.variablesView,workbench.debug.watchExpressionsView,workbench.debug.callStackView in workbench.view.debug
2023-11-14 22:13:04.766 [info] Removed views:workbench.debug.callStackView,workbench.debug.watchExpressionsView,workbench.debug.variablesView from workbench.view.debug
2023-11-14 22:13:04.783 [info] Added views:workbench.debug.welcome in workbench.view.debug
2023-11-14 22:15:07.736 [info] Removed views:workbench.debug.welcome from workbench.view.debug
2023-11-14 22:15:07.748 [info] Added views:workbench.debug.variablesView,workbench.debug.watchExpressionsView,workbench.debug.callStackView in workbench.view.debug
2023-11-14 22:18:23.278 [info] Removed views:workbench.debug.callStackView,workbench.debug.watchExpressionsView,workbench.debug.variablesView from workbench.view.debug
2023-11-14 22:18:23.294 [info] Added views:workbench.debug.welcome in workbench.view.debug
2023-11-14 22:35:51.569 [info] Removed views:workbench.debug.welcome from workbench.view.debug
2023-11-14 22:35:51.578 [info] Added views:workbench.debug.variablesView,workbench.debug.watchExpressionsView,workbench.debug.callStackView in workbench.view.debug
2023-11-15 00:38:19.516 [info] Removed views:workbench.debug.callStackView,workbench.debug.watchExpressionsView,workbench.debug.variablesView from workbench.view.debug
2023-11-15 00:38:19.521 [info] Added views:workbench.debug.welcome in workbench.view.debug
