2023-11-16 10:46:29.692 [info] Log level: Info
2023-11-16 10:46:29.692 [info] Validating found git in: "git"
2023-11-16 10:46:29.692 [info] Using git "2.39.2" from "git"
2023-11-16 10:46:29.692 [info] > git rev-parse --show-toplevel [3ms]
2023-11-16 10:46:29.692 [info] > git rev-parse --git-dir --git-common-dir [2ms]
2023-11-16 10:46:29.692 [info] Open repository: /home/anirudhkailaje/Documents/01_UPenn/02_MEAM5170/05_Madness
2023-11-16 10:46:29.692 [info] > git rev-parse --show-toplevel [6ms]
2023-11-16 10:46:29.692 [info] > git config --get commit.template [13ms]
2023-11-16 10:46:29.692 [info] > git rev-parse --show-toplevel [157ms]
2023-11-16 10:46:29.692 [info] > git for-each-ref --format=%(refname)%00%(upstream:short)%00%(objectname)%00%(upstream:track)%00%(upstream:remotename)%00%(upstream:remoteref) refs/heads/dhruv-dircol-mods refs/remotes/dhruv-dircol-mods [354ms]
2023-11-16 10:46:29.692 [info] > git status -z -uall [90ms]
2023-11-16 10:46:29.692 [info] > git rev-parse --show-toplevel [107ms]
2023-11-16 10:46:29.692 [info] > git rev-parse --show-toplevel [36ms]
2023-11-16 10:46:29.692 [info] > git config --get commit.template [46ms]
2023-11-16 10:46:29.711 [info] > git check-ignore -v -z --stdin [103ms]
2023-11-16 10:46:29.837 [info] > git for-each-ref --format=%(refname)%00%(upstream:short)%00%(objectname)%00%(upstream:track)%00%(upstream:remotename)%00%(upstream:remoteref) refs/heads/dhruv-dircol-mods refs/remotes/dhruv-dircol-mods [138ms]
2023-11-16 10:46:29.870 [info] > git status -z -uall [24ms]
2023-11-16 11:19:28.998 [info] > git config --get commit.template [2ms]
2023-11-16 11:19:29.004 [info] > git for-each-ref --format=%(refname)%00%(upstream:short)%00%(objectname)%00%(upstream:track)%00%(upstream:remotename)%00%(upstream:remoteref) refs/heads/dhruv-dircol-mods refs/remotes/dhruv-dircol-mods [0ms]
2023-11-16 11:19:29.010 [info] > git status -z -uall [3ms]
2023-11-16 11:24:58.639 [info] > git config --get commit.template [8ms]
2023-11-16 11:24:58.639 [info] > git for-each-ref --format=%(refname)%00%(upstream:short)%00%(objectname)%00%(upstream:track)%00%(upstream:remotename)%00%(upstream:remoteref) refs/heads/dhruv-dircol-mods refs/remotes/dhruv-dircol-mods [1ms]
2023-11-16 11:24:58.647 [info] > git status -z -uall [3ms]
