2024-04-11 10:11:34.073 [info] Log level: Info
2024-04-11 10:11:34.073 [info] Validating found git in: "git"
2024-04-11 10:11:34.073 [info] Using git "2.39.2" from "git"
2024-04-11 10:11:34.073 [info] > git rev-parse --show-toplevel [5ms]
2024-04-11 10:11:34.073 [info] > git rev-parse --git-dir --git-common-dir [10ms]
2024-04-11 10:11:34.073 [info] Open repository: /home/anirudhkailaje
2024-04-11 10:11:34.081 [info] > git rev-parse --show-toplevel [2ms]
2024-04-11 10:11:34.082 [info] > git config --get commit.template [5ms]
2024-04-11 10:11:34.090 [info] > git for-each-ref --format=%(refname)%00%(upstream:short)%00%(objectname)%00%(upstream:track)%00%(upstream:remotename)%00%(upstream:remoteref) refs/heads/master refs/remotes/master [5ms]
2024-04-11 10:11:34.376 [info] > git show --textconv :Documents/01_UPenn/07_IntentEstimation/estmatro.py [5ms]
2024-04-11 10:11:34.378 [info] > git ls-files --stage -- /home/anirudhkailaje/Documents/01_UPenn/07_IntentEstimation/estmatro.py [3ms]
2024-04-11 10:11:34.500 [info] > git status -z -uall [406ms] (cancelled)
2024-04-11 10:11:34.586 [info] > git check-ignore -v -z --stdin [3ms]
2024-04-11 10:11:50.982 [info] Log level: Info
2024-04-11 10:11:50.982 [info] Validating found git in: "git"
2024-04-11 10:11:50.982 [info] Using git "2.39.2" from "git"
2024-04-11 10:11:50.982 [info] > git rev-parse --show-toplevel [7ms]
2024-04-11 10:11:50.989 [info] > git rev-parse --show-toplevel [2ms]
2024-04-11 10:11:50.992 [info] > git rev-parse --show-toplevel [0ms]
2024-04-11 10:11:51.004 [info] > git rev-parse --show-toplevel [8ms]
2024-04-11 10:11:51.009 [info] > git rev-parse --show-toplevel [2ms]
2024-04-11 10:13:53.378 [info] > git rev-parse --show-toplevel [2ms]
2024-04-11 10:14:01.574 [info] > git rev-parse --show-toplevel [1ms]
2024-04-11 10:14:33.986 [info] > git rev-parse --show-toplevel [1ms]
2024-04-11 10:14:40.281 [info] > git rev-parse --show-toplevel [1ms]
2024-04-11 10:15:27.336 [info] > git rev-parse --show-toplevel [3ms]
2024-04-11 10:15:34.614 [info] > git rev-parse --show-toplevel [2ms]
2024-04-11 11:21:19.609 [info] > git rev-parse --show-toplevel [1ms]
2024-04-11 11:21:25.674 [info] > git rev-parse --show-toplevel [1ms]
2024-04-11 11:26:27.492 [info] > git rev-parse --show-toplevel [1ms]
2024-04-11 11:27:39.737 [info] > git rev-parse --show-toplevel [2ms]
2024-04-11 11:30:55.270 [info] > git rev-parse --show-toplevel [2ms]
2024-04-11 11:46:24.575 [info] > git rev-parse --show-toplevel [1ms]
2024-04-11 11:46:30.752 [info] > git rev-parse --show-toplevel [2ms]
2024-04-11 11:46:37.702 [info] > git rev-parse --show-toplevel [3ms]
2024-04-11 11:47:03.055 [info] > git rev-parse --show-toplevel [1ms]
2024-04-11 11:47:04.985 [info] > git rev-parse --show-toplevel [1ms]
2024-04-11 11:47:04.991 [info] > git rev-parse --show-toplevel [1ms]
2024-04-11 11:47:04.997 [info] > git rev-parse --show-toplevel [1ms]
2024-04-11 11:47:28.764 [info] > git rev-parse --show-toplevel [2ms]
2024-04-11 14:30:26.575 [info] > git rev-parse --show-toplevel [1ms]
2024-04-11 14:31:19.524 [info] > git rev-parse --show-toplevel [3ms]
2024-04-11 14:32:28.330 [info] > git rev-parse --show-toplevel [1ms]
2024-04-11 14:32:45.364 [info] > git rev-parse --show-toplevel [3ms]
2024-04-11 14:34:30.694 [info] > git rev-parse --show-toplevel [1ms]
2024-04-11 14:34:59.314 [info] > git rev-parse --show-toplevel [2ms]
2024-04-11 14:35:03.177 [info] > git rev-parse --show-toplevel [1ms]
2024-04-11 14:35:08.994 [info] > git rev-parse --show-toplevel [2ms]
2024-04-11 14:35:11.141 [info] > git rev-parse --show-toplevel [1ms]
2024-04-11 14:35:18.418 [info] > git rev-parse --show-toplevel [2ms]
2024-04-11 14:36:11.935 [info] > git rev-parse --show-toplevel [1ms]
2024-04-11 14:36:45.011 [info] > git rev-parse --show-toplevel [2ms]
2024-04-11 14:36:46.367 [info] > git rev-parse --show-toplevel [1ms]
2024-04-11 14:38:43.196 [info] > git rev-parse --show-toplevel [2ms]
2024-04-11 14:38:47.884 [info] > git rev-parse --show-toplevel [2ms]
2024-04-11 14:39:01.814 [info] > git rev-parse --show-toplevel [2ms]
2024-04-11 14:43:23.805 [info] > git rev-parse --show-toplevel [2ms]
2024-04-11 14:43:38.792 [info] > git rev-parse --show-toplevel [1ms]
2024-04-11 14:49:18.790 [info] > git rev-parse --show-toplevel [2ms]
2024-04-11 14:50:03.756 [info] > git rev-parse --show-toplevel [2ms]
