2023-11-14 16:46:08.547 [info] Experiment 'pythonPromptNewFormatterExt' is active
2023-11-14 16:46:08.547 [info] Experiment 'pythonPromptNewToolsExt' is active
2023-11-14 16:46:08.547 [info] Experiment 'pythonREPLSmartSendcf' is active
2023-11-14 16:46:08.547 [info] Experiment 'pythonTestAdapter' is active
2023-11-14 16:46:08.547 [info] Default formatter is set to null for workspace /home/anirudhkailaje/Documents/01_UPenn/01_ESE5460/03_Project
2023-11-14 16:46:08.547 [info] Test server listening.
2023-11-14 16:46:08.547 [info] > conda info --json
2023-11-14 16:46:08.547 [info] Python interpreter path: /bin/python3
2023-11-14 16:46:08.561 [info] Found: /bin/python3 --> /bin/python3.11
2023-11-14 16:46:08.563 [info] Found: /bin/python3.11 --> /bin/python3.11
2023-11-14 16:46:08.625 [info] Found: /usr/bin/python3 --> /usr/bin/python3.11
2023-11-14 16:46:08.625 [info] Found: /usr/bin/python3.11 --> /usr/bin/python3.11
2023-11-14 16:46:08.638 [warning] Retry failed, storage update failed for key PYTHON_WORKSPACE_STORAGE_KEYS
2023-11-14 16:46:08.639 [warning] Retry failed, storage update failed for key PYTHON_WORKSPACE_STORAGE_KEYS
2023-11-14 16:46:08.639 [warning] Retry failed, storage update failed for key PYTHON_WORKSPACE_STORAGE_KEYS
2023-11-14 16:46:09.141 [warning] Retry failed, storage update failed for key PYTHON_WORKSPACE_STORAGE_KEYS
2023-11-14 16:46:09.160 [info] > /bin/python3 -I ~/.vscode/extensions/ms-python.python-2023.20.0/pythonFiles/get_output_via_markers.py ~/.vscode/extensions/ms-python.python-2023.20.0/pythonFiles/interpreterInfo.py
2023-11-14 16:46:09.365 [info] > /usr/bin/python3 -I ~/.vscode/extensions/ms-python.python-2023.20.0/pythonFiles/get_output_via_markers.py ~/.vscode/extensions/ms-python.python-2023.20.0/pythonFiles/interpreterInfo.py
2023-11-14 16:46:10.263 [info] Starting Pylance language server.
2023-11-14 16:46:44.220 [info] Using launch configuration in workspace folder.
2023-11-14 16:46:44.325 [info] CreateEnv Trigger - Skipping for /home/anirudhkailaje/Documents/01_UPenn/01_ESE5460/03_Project/ptb-xl-a-large-publicly-available-electrocardiography-dataset-1.0.1/example_physionet.py
2023-11-14 16:46:44.375 [info] DAP Server launched with command: /bin/python3 /home/anirudhkailaje/.vscode/extensions/ms-python.python-2023.20.0/pythonFiles/lib/python/debugpy/adapter
2023-11-14 16:46:45.588 [info] Send text to terminal:  /usr/bin/env /bin/python3 /home/anirudhkailaje/.vscode/extensions/ms-python.python-2023.20.0/pythonFiles/lib/python/debugpy/adapter/../../debugpy/launcher 47451 -- /home/anirudhkailaje/Documents/01_UPenn/01_ESE5460/03_Project/ptb-xl-a-large-publicly-available-electrocardiography-dataset-1.0.1/example_physionet.py 
