Visual Studio Code (1.88.0, undefined, desktop)
Jupyter Extension Version: 2024.3.1.
Python Extension Version: 2024.4.1.
Pylance Extension Version: 2024.4.1.
Platform: linux (x64).
Workspace folder ~/Documents/01_UPenn/04_MEAM6200/01_Projects/06_Project2_2, Home = /home/anirudhkailaje
16:33:52.229 [info] Ending debug session bad79c9f-a69a-4dfb-a22c-5022b4363f73
16:33:52.229 [info] Ending debug session bad79c9f-a69a-4dfb-a22c-5022b4363f73
16:44:19.515 [info] Ending debug session f1845991-bcee-4b35-a43c-200aa4a37384
16:44:19.515 [info] Ending debug session f1845991-bcee-4b35-a43c-200aa4a37384
16:45:11.561 [info] Ending debug session 5f110ab3-8ac1-4a11-9ff8-5491e8dc8f3d
16:45:11.561 [info] Ending debug session 5f110ab3-8ac1-4a11-9ff8-5491e8dc8f3d
16:47:27.648 [info] Ending debug session e90861f5-47cb-4193-a79c-22941417c002
16:47:27.648 [info] Ending debug session e90861f5-47cb-4193-a79c-22941417c002
16:48:35.094 [info] Ending debug session 0a44d5a2-3aa3-455c-be1e-663f5272687d
16:48:35.094 [info] Ending debug session 0a44d5a2-3aa3-455c-be1e-663f5272687d
16:53:51.128 [info] Ending debug session 9e94451e-fb28-4631-9048-a785df7f0e98
16:53:51.128 [info] Ending debug session 9e94451e-fb28-4631-9048-a785df7f0e98
16:56:06.059 [info] Ending debug session 679722df-dbe9-4d17-9dd4-92a7dfe32565
16:56:06.059 [info] Ending debug session 679722df-dbe9-4d17-9dd4-92a7dfe32565
16:57:05.332 [info] Ending debug session c3a4dbd0-6e8c-4f4b-aa61-565c245cec3a
16:57:05.332 [info] Ending debug session c3a4dbd0-6e8c-4f4b-aa61-565c245cec3a
16:58:56.521 [info] Ending debug session e90d8a7d-9b7e-4ad4-b908-6793765a5951
16:58:56.521 [info] Ending debug session e90d8a7d-9b7e-4ad4-b908-6793765a5951
17:33:36.791 [info] Ending debug session 79e499bc-ce8c-4b86-88df-7db4484695b0
17:33:36.791 [info] Ending debug session 79e499bc-ce8c-4b86-88df-7db4484695b0
17:34:15.726 [info] Ending debug session 9c312141-153b-432a-af52-352dfc26c569
17:34:15.726 [info] Ending debug session 9c312141-153b-432a-af52-352dfc26c569
17:35:22.877 [info] Ending debug session 6e26290c-7395-45d6-8733-51795ed31a97
17:35:22.877 [info] Ending debug session 6e26290c-7395-45d6-8733-51795ed31a97
17:39:07.782 [info] Ending debug session f3f9660f-53fe-4495-9926-d00b15ec99d2
17:39:07.782 [info] Ending debug session f3f9660f-53fe-4495-9926-d00b15ec99d2
19:13:18.299 [info] Ending debug session 0e419205-9f16-42a5-88f9-45a87b690512
19:13:18.300 [info] Ending debug session 0e419205-9f16-42a5-88f9-45a87b690512
19:13:39.183 [info] Ending debug session 2f867573-d3da-478e-bfb0-ef60850a6312
19:13:39.183 [info] Ending debug session 2f867573-d3da-478e-bfb0-ef60850a6312
19:17:34.216 [info] Ending debug session 76e9cbf7-365f-4ee5-b62b-533e20f5e93b
19:17:34.216 [info] Ending debug session 76e9cbf7-365f-4ee5-b62b-533e20f5e93b
19:18:54.740 [info] Ending debug session 9bbd00a8-f153-4f79-b2a5-890bdf77b850
19:18:54.740 [info] Ending debug session 9bbd00a8-f153-4f79-b2a5-890bdf77b850
19:21:18.604 [info] Ending debug session 0e3f4d10-6dcc-4add-8af0-5c90f05c6cf8
19:21:18.604 [info] Ending debug session 0e3f4d10-6dcc-4add-8af0-5c90f05c6cf8
19:21:51.390 [info] Ending debug session 9d6859b7-4af0-4c15-9cc9-167b09051b98
19:21:51.390 [info] Ending debug session 9d6859b7-4af0-4c15-9cc9-167b09051b98
19:22:45.920 [info] Ending debug session 8cfb433f-fbaf-4b0b-a5b4-419452487149
19:22:45.920 [info] Ending debug session 8cfb433f-fbaf-4b0b-a5b4-419452487149
19:23:15.229 [info] Ending debug session 07c2ae36-91ff-4f83-a6e5-a6cdcee695bc
19:23:15.229 [info] Ending debug session 07c2ae36-91ff-4f83-a6e5-a6cdcee695bc
19:36:11.112 [info] Disposing HostJupyterExecution
19:36:11.112 [info] Disposing HostJupyterExecution
