Visual Studio Code (1.88.0, undefined, desktop)
Jupyter Extension Version: 2024.3.0.
Python Extension Version: 2024.4.0.
Pylance Extension Version: 2024.4.1.
Platform: linux (x64).
Workspace folder ~/Documents/01_UPenn/04_MEAM6200/01_Projects/06_Project2_2, Home = /home/anirudhkailaje
21:01:47.747 [info] Ending debug session 235b829a-5596-4d42-acd3-58a8b9d0199e
21:01:47.748 [info] Ending debug session 235b829a-5596-4d42-acd3-58a8b9d0199e
21:03:17.432 [info] Ending debug session 1eb76c89-fd32-41e9-b25d-d3e47c92df93
21:03:17.432 [info] Ending debug session 1eb76c89-fd32-41e9-b25d-d3e47c92df93
21:03:49.392 [info] Ending debug session 8e7ff9ab-51ad-4dc8-9fb9-cf7b122892e6
21:03:49.392 [info] Ending debug session 8e7ff9ab-51ad-4dc8-9fb9-cf7b122892e6
21:05:26.200 [info] Ending debug session 29166af5-5b6f-48ea-8cb0-a9987f851b47
21:05:26.200 [info] Ending debug session 29166af5-5b6f-48ea-8cb0-a9987f851b47
22:03:56.852 [info] Ending debug session ef6b0567-784c-494a-9c37-8dae8efa5b26
22:03:56.852 [info] Ending debug session ef6b0567-784c-494a-9c37-8dae8efa5b26
22:06:25.320 [info] Ending debug session 12e1f13a-2b80-497e-bc04-8f642b065541
22:06:25.320 [info] Ending debug session 12e1f13a-2b80-497e-bc04-8f642b065541
22:33:03.155 [info] Ending debug session 1a171d45-6f2e-4134-b046-4b467a5f0bef
22:33:03.155 [info] Ending debug session 1a171d45-6f2e-4134-b046-4b467a5f0bef
