2024-04-10 18:56:13.610 [info] Log level: Info
2024-04-10 18:56:13.610 [info] Validating found git in: "git"
2024-04-10 18:56:13.610 [info] Using git "2.39.2" from "git"
2024-04-10 18:56:13.610 [info] > git rev-parse --show-toplevel [4ms]
2024-04-10 18:56:13.610 [info] > git rev-parse --git-dir --git-common-dir [1ms]
2024-04-10 18:56:13.610 [info] Open repository: /home/anirudhkailaje/Documents/01_UPenn/04_MEAM6200/01_Projects
2024-04-10 18:56:13.610 [info] > git rev-parse --show-toplevel [3ms]
2024-04-10 18:56:13.610 [info] > git config --get commit.template [5ms]
2024-04-10 18:56:13.610 [info] > git for-each-ref --format=%(refname)%00%(upstream:short)%00%(objectname)%00%(upstream:track)%00%(upstream:remotename)%00%(upstream:remoteref) refs/heads/main refs/remotes/main [4ms]
2024-04-10 18:56:13.610 [info] > git rev-parse --show-toplevel [9ms]
2024-04-10 18:56:13.618 [info] > git rev-parse --show-toplevel [5ms]
2024-04-10 18:56:13.622 [info] > git rev-parse --show-toplevel [1ms]
2024-04-10 18:56:13.636 [info] > git rev-parse --show-toplevel [11ms]
2024-04-10 18:56:13.645 [info] > git status -z -uall [28ms]
2024-04-10 18:56:13.645 [info] > git rev-parse --show-toplevel [5ms]
2024-04-10 18:56:14.041 [info] > git merge-base refs/heads/main refs/remotes/origin/main [357ms]
2024-04-10 18:56:14.053 [info] > git rev-list --count --left-right refs/heads/main...refs/remotes/origin/main [9ms]
2024-04-10 18:56:14.058 [info] > git config --get commit.template [16ms]
2024-04-10 18:56:14.064 [info] > git diff --name-status -z --diff-filter=ADMR f53d620176fd963a2608eecbca4f01362e956106...refs/remotes/origin/main [7ms]
2024-04-10 18:56:14.067 [info] > git for-each-ref --format=%(refname)%00%(upstream:short)%00%(objectname)%00%(upstream:track)%00%(upstream:remotename)%00%(upstream:remoteref) refs/heads/main refs/remotes/main [1ms]
2024-04-10 18:56:14.085 [info] > git status -z -uall [15ms]
2024-04-10 18:56:14.125 [info] > git check-ignore -v -z --stdin [2ms]
2024-04-10 18:56:24.662 [info] > git check-ignore -v -z --stdin [1ms]
2024-04-10 18:56:49.092 [info] > git config --get commit.template [2ms]
2024-04-10 18:56:49.099 [info] > git for-each-ref --format=%(refname)%00%(upstream:short)%00%(objectname)%00%(upstream:track)%00%(upstream:remotename)%00%(upstream:remoteref) refs/heads/main refs/remotes/main [2ms]
2024-04-10 18:56:49.109 [info] > git check-ignore -v -z --stdin [4ms]
2024-04-10 18:56:49.138 [info] > git status -z -uall [29ms]
2024-04-10 18:56:51.983 [info] > git show --textconv :.gitignore [5ms]
2024-04-10 18:56:51.985 [info] > git ls-files --stage -- /home/anirudhkailaje/Documents/01_UPenn/04_MEAM6200/01_Projects/.gitignore [2ms]
2024-04-10 18:56:55.513 [info] > git check-ignore -v -z --stdin [2ms]
2024-04-10 18:56:56.817 [info] > git check-ignore -v -z --stdin [1ms]
2024-04-10 18:56:58.071 [info] > git check-ignore -v -z --stdin [1ms]
2024-04-10 18:57:00.111 [info] > git check-ignore -v -z --stdin [2ms]
2024-04-10 18:57:01.251 [info] > git check-ignore -v -z --stdin [1ms]
2024-04-10 18:57:08.467 [info] > git check-ignore -v -z --stdin [1ms]
2024-04-10 18:57:09.904 [info] > git check-ignore -v -z --stdin [1ms]
2024-04-10 18:57:11.504 [info] > git check-ignore -v -z --stdin [1ms]
2024-04-10 18:57:13.631 [info] > git check-ignore -v -z --stdin [1ms]
2024-04-10 18:57:24.486 [info] > git check-ignore -v -z --stdin [2ms]
2024-04-10 18:57:24.952 [info] > git config --get commit.template [4ms]
2024-04-10 18:57:24.953 [info] > git for-each-ref --format=%(refname)%00%(upstream:short)%00%(objectname)%00%(upstream:track)%00%(upstream:remotename)%00%(upstream:remoteref) refs/heads/main refs/remotes/main [2ms]
2024-04-10 18:57:24.985 [info] > git status -z -uall [28ms]
2024-04-10 18:57:26.083 [info] > git check-ignore -v -z --stdin [2ms]
2024-04-10 18:57:27.574 [info] > git check-ignore -v -z --stdin [2ms]
2024-04-10 18:57:30.061 [info] > git config --get commit.template [4ms]
2024-04-10 18:57:30.061 [info] > git for-each-ref --format=%(refname)%00%(upstream:short)%00%(objectname)%00%(upstream:track)%00%(upstream:remotename)%00%(upstream:remoteref) refs/heads/main refs/remotes/main [1ms]
2024-04-10 18:57:30.090 [info] > git status -z -uall [25ms]
2024-04-10 18:57:38.437 [info] > git config --get commit.template [5ms]
2024-04-10 18:57:38.437 [info] > git for-each-ref --format=%(refname)%00%(upstream:short)%00%(objectname)%00%(upstream:track)%00%(upstream:remotename)%00%(upstream:remoteref) refs/heads/main refs/remotes/main [1ms]
2024-04-10 18:57:38.466 [info] > git status -z -uall [24ms]
2024-04-10 18:57:38.533 [info] > git check-ignore -v -z --stdin [3ms]
2024-04-10 18:57:38.540 [info] > git ls-files --stage -- /home/anirudhkailaje/Documents/01_UPenn/04_MEAM6200/01_Projects/.gitignore [1ms]
2024-04-10 18:57:38.545 [info] > git cat-file -s 583af2211803a9564d66cd03b2bc26c71d2293cb [1ms]
2024-04-10 18:57:38.550 [info] > git show --textconv :.gitignore [1ms]
2024-04-10 18:57:43.365 [info] > git merge-base refs/heads/main refs/remotes/origin/main [2ms]
2024-04-10 18:57:43.371 [info] > git rev-list --count --left-right refs/heads/main...refs/remotes/origin/main [1ms]
2024-04-10 18:57:44.319 [info] > git check-ignore -v -z --stdin [1ms]
2024-04-10 18:57:48.172 [info] > git check-ignore -v -z --stdin [1ms]
2024-04-10 18:57:49.013 [info] > git check-ignore -v -z --stdin [1ms]
2024-04-10 18:58:13.488 [info] > git config --get commit.template [2ms]
2024-04-10 18:58:13.495 [info] > git for-each-ref --format=%(refname)%00%(upstream:short)%00%(objectname)%00%(upstream:track)%00%(upstream:remotename)%00%(upstream:remoteref) refs/heads/main refs/remotes/main [2ms]
2024-04-10 18:58:13.531 [info] > git status -z -uall [31ms]
2024-04-10 18:58:13.609 [info] > git merge-base refs/heads/main refs/remotes/origin/main [46ms]
2024-04-10 18:58:13.615 [info] > git rev-list --count --left-right refs/heads/main...refs/remotes/origin/main [2ms]
2024-04-10 18:58:13.621 [info] > git diff --name-status -z --diff-filter=ADMR f53d620176fd963a2608eecbca4f01362e956106...refs/remotes/origin/main [1ms]
2024-04-10 18:58:14.143 [info] > git ls-files --stage -- /home/anirudhkailaje/Documents/01_UPenn/04_MEAM6200/01_Projects/.gitignore [3ms]
2024-04-10 18:58:14.146 [info] > git merge-base refs/heads/main refs/remotes/origin/main [11ms]
2024-04-10 18:58:14.151 [info] > git cat-file -s 583af2211803a9564d66cd03b2bc26c71d2293cb [4ms]
2024-04-10 18:58:14.152 [info] > git rev-list --count --left-right refs/heads/main...refs/remotes/origin/main [2ms]
2024-04-10 18:58:14.162 [info] > git show --textconv :.gitignore [2ms]
2024-04-10 18:58:14.981 [info] > git check-ignore -v -z --stdin [1ms]
2024-04-10 18:58:28.882 [info] > git config --get commit.template [4ms]
2024-04-10 18:58:28.883 [info] > git for-each-ref --format=%(refname)%00%(upstream:short)%00%(objectname)%00%(upstream:track)%00%(upstream:remotename)%00%(upstream:remoteref) refs/heads/main refs/remotes/main [2ms]
2024-04-10 18:58:28.917 [info] > git status -z -uall [30ms]
2024-04-10 18:58:28.996 [info] > git merge-base refs/heads/main refs/remotes/origin/main [44ms]
2024-04-10 18:58:29.012 [info] > git merge-base refs/heads/main refs/remotes/origin/main [7ms]
2024-04-10 18:58:29.016 [info] > git rev-list --count --left-right refs/heads/main...refs/remotes/origin/main [15ms]
2024-04-10 18:58:29.022 [info] > git rev-list --count --left-right refs/heads/main...refs/remotes/origin/main [6ms]
2024-04-10 18:58:29.023 [info] > git ls-files --stage -- /home/anirudhkailaje/Documents/01_UPenn/04_MEAM6200/01_Projects/.gitignore [10ms]
2024-04-10 18:58:29.027 [info] > git diff --name-status -z --diff-filter=ADMR 319bb3a5658077d9fdbbe91bcb412402cc82f0e6...refs/remotes/origin/main [7ms]
2024-04-10 18:58:29.028 [info] > git cat-file -s 583af2211803a9564d66cd03b2bc26c71d2293cb [2ms]
2024-04-10 18:58:29.538 [info] > git show --textconv :.gitignore [2ms]
2024-04-10 18:58:48.987 [info] > git check-ignore -v -z --stdin [1ms]
2024-04-10 18:58:50.110 [info] > git check-ignore -v -z --stdin [1ms]
2024-04-10 18:58:56.278 [info] > git check-ignore -v -z --stdin [1ms]
2024-04-10 18:58:56.734 [info] > git config --get commit.template [1ms]
2024-04-10 18:58:56.736 [info] > git for-each-ref --format=%(refname)%00%(upstream:short)%00%(objectname)%00%(upstream:track)%00%(upstream:remotename)%00%(upstream:remoteref) refs/heads/main refs/remotes/main [0ms]
2024-04-10 18:58:56.753 [info] > git status -z -uall [14ms]
2024-04-10 18:58:58.220 [info] > git check-ignore -v -z --stdin [1ms]
2024-04-10 18:58:59.288 [info] > git check-ignore -v -z --stdin [2ms]
2024-04-10 18:59:01.610 [info] > git check-ignore -v -z --stdin [1ms]
2024-04-10 18:59:01.798 [info] > git config --get commit.template [4ms]
2024-04-10 18:59:01.798 [info] > git for-each-ref --format=%(refname)%00%(upstream:short)%00%(objectname)%00%(upstream:track)%00%(upstream:remotename)%00%(upstream:remoteref) refs/heads/main refs/remotes/main [1ms]
2024-04-10 18:59:01.827 [info] > git status -z -uall [24ms]
2024-04-10 18:59:18.145 [info] > git check-ignore -v -z --stdin [1ms]
2024-04-10 18:59:19.947 [info] > git check-ignore -v -z --stdin [1ms]
2024-04-10 18:59:35.043 [info] > git check-ignore -v -z --stdin [1ms]
2024-04-10 18:59:35.506 [info] > git config --get commit.template [6ms]
2024-04-10 18:59:35.507 [info] > git for-each-ref --format=%(refname)%00%(upstream:short)%00%(objectname)%00%(upstream:track)%00%(upstream:remotename)%00%(upstream:remoteref) refs/heads/main refs/remotes/main [2ms]
2024-04-10 18:59:35.538 [info] > git status -z -uall [27ms]
2024-04-10 18:59:39.624 [info] > git check-ignore -v -z --stdin [2ms]
2024-04-10 18:59:40.610 [info] > git config --get commit.template [5ms]
2024-04-10 18:59:40.610 [info] > git for-each-ref --format=%(refname)%00%(upstream:short)%00%(objectname)%00%(upstream:track)%00%(upstream:remotename)%00%(upstream:remoteref) refs/heads/main refs/remotes/main [1ms]
2024-04-10 18:59:40.639 [info] > git status -z -uall [24ms]
2024-04-10 18:59:47.728 [info] > git check-ignore -v -z --stdin [1ms]
2024-04-10 18:59:48.198 [info] > git config --get commit.template [5ms]
2024-04-10 18:59:48.199 [info] > git for-each-ref --format=%(refname)%00%(upstream:short)%00%(objectname)%00%(upstream:track)%00%(upstream:remotename)%00%(upstream:remoteref) refs/heads/main refs/remotes/main [2ms]
2024-04-10 18:59:48.228 [info] > git status -z -uall [26ms]
2024-04-10 18:59:55.391 [info] > git config --get commit.template [4ms]
2024-04-10 18:59:55.392 [info] > git for-each-ref --format=%(refname)%00%(upstream:short)%00%(objectname)%00%(upstream:track)%00%(upstream:remotename)%00%(upstream:remoteref) refs/heads/main refs/remotes/main [1ms]
2024-04-10 18:59:55.421 [info] > git status -z -uall [25ms]
2024-04-10 18:59:55.491 [info] > git ls-files --stage -- /home/anirudhkailaje/Documents/01_UPenn/04_MEAM6200/01_Projects/.gitignore [1ms]
2024-04-10 18:59:55.496 [info] > git cat-file -s dd41c0bde618467b71f1ec98d209632d2d4805ed [1ms]
2024-04-10 18:59:55.502 [info] > git show --textconv :.gitignore [1ms]
2024-04-10 19:00:08.732 [info] > git config --get commit.template [4ms]
2024-04-10 19:00:08.733 [info] > git for-each-ref --format=%(refname)%00%(upstream:short)%00%(objectname)%00%(upstream:track)%00%(upstream:remotename)%00%(upstream:remoteref) refs/heads/main refs/remotes/main [1ms]
2024-04-10 19:00:08.762 [info] > git status -z -uall [25ms]
2024-04-10 19:00:08.828 [info] > git merge-base refs/heads/main refs/remotes/origin/main [44ms]
2024-04-10 19:00:08.835 [info] > git rev-list --count --left-right refs/heads/main...refs/remotes/origin/main [2ms]
2024-04-10 19:00:08.852 [info] > git diff --name-status -z --diff-filter=ADMR 319bb3a5658077d9fdbbe91bcb412402cc82f0e6...refs/remotes/origin/main [11ms]
2024-04-10 19:00:08.854 [info] > git ls-files --stage -- /home/anirudhkailaje/Documents/01_UPenn/04_MEAM6200/01_Projects/.gitignore [3ms]
2024-04-10 19:00:08.861 [info] > git cat-file -s dd41c0bde618467b71f1ec98d209632d2d4805ed [3ms]
2024-04-10 19:00:08.869 [info] > git show --textconv :.gitignore [2ms]
2024-04-10 19:00:14.679 [info] > git config --get commit.template [4ms]
2024-04-10 19:00:14.679 [info] > git for-each-ref --format=%(refname)%00%(upstream:short)%00%(objectname)%00%(upstream:track)%00%(upstream:remotename)%00%(upstream:remoteref) refs/heads/main refs/remotes/main [1ms]
2024-04-10 19:00:14.708 [info] > git status -z -uall [25ms]
2024-04-10 19:00:14.776 [info] > git merge-base refs/heads/main refs/remotes/origin/main [39ms]
2024-04-10 19:00:14.791 [info] > git rev-list --count --left-right refs/heads/main...refs/remotes/origin/main [11ms]
2024-04-10 19:00:14.797 [info] > git ls-files --stage -- /home/anirudhkailaje/Documents/01_UPenn/04_MEAM6200/01_Projects/.gitignore [7ms]
2024-04-10 19:00:14.803 [info] > git diff --name-status -z --diff-filter=ADMR c17fd66da2ac7d5c2bc864b1e7545fa6dcb08ccc...refs/remotes/origin/main [7ms]
2024-04-10 19:00:14.804 [info] > git cat-file -s dd41c0bde618467b71f1ec98d209632d2d4805ed [2ms]
2024-04-10 19:00:14.815 [info] > git show --textconv :.gitignore [5ms]
2024-04-10 19:00:57.550 [info] > git merge-base refs/heads/main refs/remotes/origin/main [1ms]
2024-04-10 19:00:57.554 [info] > git rev-list --count --left-right refs/heads/main...refs/remotes/origin/main [1ms]
2024-04-10 19:00:58.087 [info] > git check-ignore -v -z --stdin [1ms]
2024-04-10 19:01:03.948 [info] > git config --get commit.template [7ms]
2024-04-10 19:01:03.949 [info] > git for-each-ref --format=%(refname)%00%(upstream:short)%00%(objectname)%00%(upstream:track)%00%(upstream:remotename)%00%(upstream:remoteref) refs/heads/main refs/remotes/main [2ms]
2024-04-10 19:01:03.986 [info] > git status -z -uall [33ms]
2024-04-10 19:01:04.616 [info] > git check-ignore -v -z --stdin [2ms]
2024-04-10 19:01:05.065 [info] > git config --get commit.template [6ms]
2024-04-10 19:01:05.066 [info] > git for-each-ref --format=%(refname)%00%(upstream:short)%00%(objectname)%00%(upstream:track)%00%(upstream:remotename)%00%(upstream:remoteref) refs/heads/main refs/remotes/main [2ms]
2024-04-10 19:01:05.097 [info] > git status -z -uall [27ms]
2024-04-10 19:01:23.470 [info] > git check-ignore -v -z --stdin [2ms]
2024-04-10 19:01:23.926 [info] > git config --get commit.template [5ms]
2024-04-10 19:01:23.927 [info] > git for-each-ref --format=%(refname)%00%(upstream:short)%00%(objectname)%00%(upstream:track)%00%(upstream:remotename)%00%(upstream:remoteref) refs/heads/main refs/remotes/main [2ms]
2024-04-10 19:01:23.938 [info] > git status -z -uall [6ms]
2024-04-10 19:01:24.874 [info] > git check-ignore -v -z --stdin [2ms]
2024-04-10 19:01:34.566 [info] > git check-ignore -v -z --stdin [1ms]
2024-04-10 19:01:35.028 [info] > git config --get commit.template [6ms]
2024-04-10 19:01:35.029 [info] > git for-each-ref --format=%(refname)%00%(upstream:short)%00%(objectname)%00%(upstream:track)%00%(upstream:remotename)%00%(upstream:remoteref) refs/heads/main refs/remotes/main [2ms]
2024-04-10 19:01:35.042 [info] > git status -z -uall [7ms]
2024-04-10 19:01:36.658 [info] > git check-ignore -v -z --stdin [1ms]
2024-04-10 19:01:40.076 [info] > git config --get commit.template [6ms]
2024-04-10 19:01:40.078 [info] > git for-each-ref --format=%(refname)%00%(upstream:short)%00%(objectname)%00%(upstream:track)%00%(upstream:remotename)%00%(upstream:remoteref) refs/heads/main refs/remotes/main [3ms]
2024-04-10 19:01:40.090 [info] > git status -z -uall [6ms]
2024-04-10 19:01:42.412 [info] > git check-ignore -v -z --stdin [2ms]
2024-04-10 19:01:45.120 [info] > git config --get commit.template [6ms]
2024-04-10 19:01:45.121 [info] > git for-each-ref --format=%(refname)%00%(upstream:short)%00%(objectname)%00%(upstream:track)%00%(upstream:remotename)%00%(upstream:remoteref) refs/heads/main refs/remotes/main [2ms]
2024-04-10 19:01:45.135 [info] > git status -z -uall [7ms]
2024-04-10 19:01:55.570 [info] > git check-ignore -v -z --stdin [3ms]
2024-04-10 19:01:56.143 [info] > git config --get commit.template [6ms]
2024-04-10 19:01:56.145 [info] > git for-each-ref --format=%(refname)%00%(upstream:short)%00%(objectname)%00%(upstream:track)%00%(upstream:remotename)%00%(upstream:remoteref) refs/heads/main refs/remotes/main [3ms]
2024-04-10 19:01:56.158 [info] > git status -z -uall [7ms]
2024-04-10 19:02:02.948 [info] > git check-ignore -v -z --stdin [1ms]
2024-04-10 19:02:03.945 [info] > git config --get commit.template [8ms]
2024-04-10 19:02:03.947 [info] > git for-each-ref --format=%(refname)%00%(upstream:short)%00%(objectname)%00%(upstream:track)%00%(upstream:remotename)%00%(upstream:remoteref) refs/heads/main refs/remotes/main [3ms]
2024-04-10 19:02:03.960 [info] > git status -z -uall [6ms]
2024-04-10 19:02:14.324 [info] > git check-ignore -v -z --stdin [2ms]
2024-04-10 19:02:15.804 [info] > git check-ignore -v -z --stdin [2ms]
2024-04-10 19:02:19.749 [info] > git check-ignore -v -z --stdin [3ms]
2024-04-10 19:02:20.220 [info] > git config --get commit.template [8ms]
2024-04-10 19:02:20.221 [info] > git for-each-ref --format=%(refname)%00%(upstream:short)%00%(objectname)%00%(upstream:track)%00%(upstream:remotename)%00%(upstream:remoteref) refs/heads/main refs/remotes/main [2ms]
2024-04-10 19:02:20.230 [info] > git status -z -uall [3ms]
2024-04-10 19:02:20.900 [info] > git check-ignore -v -z --stdin [2ms]
2024-04-10 19:02:23.234 [info] > git check-ignore -v -z --stdin [2ms]
2024-04-10 19:02:25.253 [info] > git config --get commit.template [7ms]
2024-04-10 19:02:25.255 [info] > git for-each-ref --format=%(refname)%00%(upstream:short)%00%(objectname)%00%(upstream:track)%00%(upstream:remotename)%00%(upstream:remoteref) refs/heads/main refs/remotes/main [3ms]
2024-04-10 19:02:25.268 [info] > git status -z -uall [6ms]
2024-04-10 19:02:25.420 [info] > git check-ignore -v -z --stdin [2ms]
2024-04-10 19:02:26.009 [info] > git check-ignore -v -z --stdin [2ms]
2024-04-10 19:02:30.284 [info] > git config --get commit.template [2ms]
2024-04-10 19:02:30.291 [info] > git for-each-ref --format=%(refname)%00%(upstream:short)%00%(objectname)%00%(upstream:track)%00%(upstream:remotename)%00%(upstream:remoteref) refs/heads/main refs/remotes/main [2ms]
2024-04-10 19:02:30.306 [info] > git status -z -uall [9ms]
2024-04-10 19:02:32.664 [info] > git check-ignore -v -z --stdin [2ms]
2024-04-10 19:02:34.740 [info] > git check-ignore -v -z --stdin [3ms]
2024-04-10 19:02:35.332 [info] > git config --get commit.template [9ms]
2024-04-10 19:02:35.333 [info] > git for-each-ref --format=%(refname)%00%(upstream:short)%00%(objectname)%00%(upstream:track)%00%(upstream:remotename)%00%(upstream:remoteref) refs/heads/main refs/remotes/main [2ms]
2024-04-10 19:02:35.346 [info] > git status -z -uall [6ms]
2024-04-10 19:02:36.053 [info] > git check-ignore -v -z --stdin [1ms]
2024-04-10 19:02:36.889 [info] > git check-ignore -v -z --stdin [2ms]
2024-04-10 19:02:38.847 [info] > git check-ignore -v -z --stdin [2ms]
2024-04-10 19:02:39.887 [info] > git check-ignore -v -z --stdin [2ms]
2024-04-10 19:02:42.792 [info] > git check-ignore -v -z --stdin [2ms]
2024-04-10 19:02:44.128 [info] > git check-ignore -v -z --stdin [2ms]
2024-04-10 19:02:56.795 [info] > git check-ignore -v -z --stdin [2ms]
2024-04-10 19:02:57.218 [info] > git config --get commit.template [6ms]
2024-04-10 19:02:57.219 [info] > git for-each-ref --format=%(refname)%00%(upstream:short)%00%(objectname)%00%(upstream:track)%00%(upstream:remotename)%00%(upstream:remoteref) refs/heads/main refs/remotes/main [2ms]
2024-04-10 19:02:57.230 [info] > git status -z -uall [6ms]
2024-04-10 19:03:00.603 [info] > git check-ignore -v -z --stdin [2ms]
2024-04-10 19:03:01.171 [info] > git check-ignore -v -z --stdin [3ms]
2024-04-10 19:03:02.251 [info] > git config --get commit.template [7ms]
2024-04-10 19:03:02.251 [info] > git for-each-ref --format=%(refname)%00%(upstream:short)%00%(objectname)%00%(upstream:track)%00%(upstream:remotename)%00%(upstream:remoteref) refs/heads/main refs/remotes/main [1ms]
2024-04-10 19:03:02.263 [info] > git status -z -uall [6ms]
2024-04-10 19:03:03.280 [info] > git check-ignore -v -z --stdin [2ms]
2024-04-10 19:03:04.241 [info] > git check-ignore -v -z --stdin [2ms]
2024-04-10 19:03:11.406 [info] > git config --get commit.template [6ms]
2024-04-10 19:03:11.407 [info] > git for-each-ref --format=%(refname)%00%(upstream:short)%00%(objectname)%00%(upstream:track)%00%(upstream:remotename)%00%(upstream:remoteref) refs/heads/main refs/remotes/main [1ms]
2024-04-10 19:03:11.418 [info] > git status -z -uall [6ms]
2024-04-10 19:03:12.129 [info] > git check-ignore -v -z --stdin [2ms]
2024-04-10 19:03:12.491 [info] > git config --get commit.template [7ms]
2024-04-10 19:03:12.492 [info] > git for-each-ref --format=%(refname)%00%(upstream:short)%00%(objectname)%00%(upstream:track)%00%(upstream:remotename)%00%(upstream:remoteref) refs/heads/main refs/remotes/main [2ms]
2024-04-10 19:03:12.505 [info] > git status -z -uall [6ms]
2024-04-10 19:03:18.521 [info] > git check-ignore -v -z --stdin [2ms]
2024-04-10 19:03:18.989 [info] > git config --get commit.template [6ms]
2024-04-10 19:03:18.990 [info] > git for-each-ref --format=%(refname)%00%(upstream:short)%00%(objectname)%00%(upstream:track)%00%(upstream:remotename)%00%(upstream:remoteref) refs/heads/main refs/remotes/main [1ms]
2024-04-10 19:03:19.000 [info] > git status -z -uall [5ms]
2024-04-10 19:03:19.666 [info] > git check-ignore -v -z --stdin [1ms]
2024-04-10 19:03:28.267 [info] > git check-ignore -v -z --stdin [3ms]
2024-04-10 19:03:28.734 [info] > git config --get commit.template [7ms]
2024-04-10 19:03:28.735 [info] > git for-each-ref --format=%(refname)%00%(upstream:short)%00%(objectname)%00%(upstream:track)%00%(upstream:remotename)%00%(upstream:remoteref) refs/heads/main refs/remotes/main [2ms]
2024-04-10 19:03:28.745 [info] > git status -z -uall [4ms]
2024-04-10 19:03:29.437 [info] > git check-ignore -v -z --stdin [1ms]
2024-04-10 19:03:34.024 [info] > git check-ignore -v -z --stdin [2ms]
2024-04-10 19:03:34.498 [info] > git config --get commit.template [8ms]
2024-04-10 19:03:34.498 [info] > git for-each-ref --format=%(refname)%00%(upstream:short)%00%(objectname)%00%(upstream:track)%00%(upstream:remotename)%00%(upstream:remoteref) refs/heads/main refs/remotes/main [2ms]
2024-04-10 19:03:34.508 [info] > git status -z -uall [5ms]
2024-04-10 19:03:37.810 [info] > git check-ignore -v -z --stdin [1ms]
2024-04-10 19:03:39.527 [info] > git config --get commit.template [6ms]
2024-04-10 19:03:39.527 [info] > git for-each-ref --format=%(refname)%00%(upstream:short)%00%(objectname)%00%(upstream:track)%00%(upstream:remotename)%00%(upstream:remoteref) refs/heads/main refs/remotes/main [1ms]
2024-04-10 19:03:39.536 [info] > git status -z -uall [5ms]
2024-04-10 19:03:40.194 [info] > git check-ignore -v -z --stdin [2ms]
2024-04-10 19:03:43.633 [info] > git check-ignore -v -z --stdin [1ms]
2024-04-10 19:03:44.485 [info] > git check-ignore -v -z --stdin [2ms]
2024-04-10 19:03:44.552 [info] > git config --get commit.template [6ms]
2024-04-10 19:03:44.553 [info] > git for-each-ref --format=%(refname)%00%(upstream:short)%00%(objectname)%00%(upstream:track)%00%(upstream:remotename)%00%(upstream:remoteref) refs/heads/main refs/remotes/main [2ms]
2024-04-10 19:03:44.562 [info] > git status -z -uall [5ms]
2024-04-10 19:03:45.686 [info] > git check-ignore -v -z --stdin [2ms]
2024-04-10 19:03:46.817 [info] > git check-ignore -v -z --stdin [1ms]
2024-04-10 19:03:51.183 [info] > git check-ignore -v -z --stdin [2ms]
2024-04-10 19:03:53.337 [info] > git check-ignore -v -z --stdin [2ms]
2024-04-10 19:03:53.798 [info] > git config --get commit.template [5ms]
2024-04-10 19:03:53.800 [info] > git for-each-ref --format=%(refname)%00%(upstream:short)%00%(objectname)%00%(upstream:track)%00%(upstream:remotename)%00%(upstream:remoteref) refs/heads/main refs/remotes/main [1ms]
2024-04-10 19:03:53.809 [info] > git status -z -uall [4ms]
2024-04-10 19:03:59.339 [info] > git config --get commit.template [6ms]
2024-04-10 19:03:59.340 [info] > git for-each-ref --format=%(refname)%00%(upstream:short)%00%(objectname)%00%(upstream:track)%00%(upstream:remotename)%00%(upstream:remoteref) refs/heads/main refs/remotes/main [2ms]
2024-04-10 19:03:59.353 [info] > git status -z -uall [7ms]
2024-04-10 19:03:59.481 [info] > git ls-files --stage -- /home/anirudhkailaje/Documents/01_UPenn/04_MEAM6200/01_Projects/.gitignore [3ms]
2024-04-10 19:03:59.488 [info] > git cat-file -s 54dfcf857c501e54ca063cfa03099686e398e4b1 [1ms]
2024-04-10 19:03:59.570 [info] > git show --textconv :.gitignore [2ms]
2024-04-10 19:04:31.619 [info] > git config --get commit.template [6ms]
2024-04-10 19:04:31.620 [info] > git for-each-ref --format=%(refname)%00%(upstream:short)%00%(objectname)%00%(upstream:track)%00%(upstream:remotename)%00%(upstream:remoteref) refs/heads/main refs/remotes/main [1ms]
2024-04-10 19:04:31.630 [info] > git status -z -uall [5ms]
2024-04-10 19:04:31.638 [info] > git merge-base refs/heads/main refs/remotes/origin/main [3ms]
2024-04-10 19:04:31.646 [info] > git rev-list --count --left-right refs/heads/main...refs/remotes/origin/main [2ms]
2024-04-10 19:04:31.655 [info] > git diff --name-status -z --diff-filter=ADMR c17fd66da2ac7d5c2bc864b1e7545fa6dcb08ccc...refs/remotes/origin/main [2ms]
2024-04-10 19:04:31.687 [info] > git merge-base refs/heads/main refs/remotes/origin/main [3ms]
2024-04-10 19:04:31.699 [info] > git rev-list --count --left-right refs/heads/main...refs/remotes/origin/main [4ms]
2024-04-10 19:04:31.801 [info] > git ls-files --stage -- /home/anirudhkailaje/Documents/01_UPenn/04_MEAM6200/01_Projects/.gitignore [1ms]
2024-04-10 19:04:31.807 [info] > git cat-file -s 54dfcf857c501e54ca063cfa03099686e398e4b1 [1ms]
2024-04-10 19:04:31.824 [info] > git show --textconv :.gitignore [2ms]
2024-04-10 19:04:47.707 [info] > git config --get commit.template [8ms]
2024-04-10 19:04:47.707 [info] > git for-each-ref --format=%(refname)%00%(upstream:short)%00%(objectname)%00%(upstream:track)%00%(upstream:remotename)%00%(upstream:remoteref) refs/heads/main refs/remotes/main [1ms]
2024-04-10 19:04:47.718 [info] > git status -z -uall [5ms]
2024-04-10 19:04:47.726 [info] > git merge-base refs/heads/main refs/remotes/origin/main [3ms]
2024-04-10 19:04:47.736 [info] > git rev-list --count --left-right refs/heads/main...refs/remotes/origin/main [5ms]
2024-04-10 19:04:47.741 [info] > git merge-base refs/heads/main refs/remotes/origin/main [7ms]
2024-04-10 19:04:47.745 [info] > git diff --name-status -z --diff-filter=ADMR 151ad379c36b186531ceecf1fa48059c2a9e174e...refs/remotes/origin/main [5ms]
2024-04-10 19:04:47.746 [info] > git rev-list --count --left-right refs/heads/main...refs/remotes/origin/main [1ms]
2024-04-10 19:04:47.798 [info] > git ls-files --stage -- /home/anirudhkailaje/Documents/01_UPenn/04_MEAM6200/01_Projects/.gitignore [2ms]
2024-04-10 19:04:47.804 [info] > git cat-file -s 54dfcf857c501e54ca063cfa03099686e398e4b1 [2ms]
2024-04-10 19:04:47.811 [info] > git show --textconv :.gitignore [1ms]
