2023-11-16 10:46:28.240 [info] Added views:workbench.panel.markers.view in workbench.panel.markers
2023-11-16 10:46:28.240 [info] Added views:workbench.panel.output in workbench.panel.output
2023-11-16 10:46:28.240 [info] Added views:terminal in terminal
2023-11-16 10:46:28.240 [info] Added views:outline in workbench.view.explorer
2023-11-16 10:46:28.240 [info] Added views:workbench.scm in workbench.view.scm
2023-11-16 10:46:28.240 [info] Added views:workbench.view.search in workbench.view.search
2023-11-16 10:46:28.240 [info] Added views:timeline in workbench.view.explorer
2023-11-16 10:46:28.240 [info] Added views:workbench.debug.welcome in workbench.view.debug
2023-11-16 10:46:28.240 [info] Added views:workbench.explorer.fileView in workbench.view.explorer
2023-11-16 10:46:28.689 [info] Added views:workbench.panel.repl.view in workbench.panel.repl
2023-11-16 10:46:29.442 [info] Added views:jupyterViewVariables in workbench.view.extension.jupyter-variables
2023-11-16 10:46:29.482 [info] Added views:workbench.view.testing in workbench.view.extension.test
2023-11-16 10:46:29.507 [info] Added views:cell-tag in workbench.view.extension.jupyter-variables
2023-11-16 10:46:30.357 [info] Added views:~remote.forwardedPorts in ~remote.forwardedPortsContainer
2023-11-16 11:25:33.112 [info] Removed views:workbench.view.testing from workbench.view.extension.test
2023-11-16 11:25:33.444 [info] Added views:workbench.panel.markers.view in workbench.panel.markers
2023-11-16 11:25:33.444 [info] Added views:workbench.panel.output in workbench.panel.output
2023-11-16 11:25:33.444 [info] Added views:terminal in terminal
2023-11-16 11:25:33.444 [info] Added views:outline in workbench.view.explorer
2023-11-16 11:25:33.444 [info] Added views:workbench.scm in workbench.view.scm
2023-11-16 11:25:33.444 [info] Added views:workbench.view.search in workbench.view.search
2023-11-16 11:25:33.444 [info] Added views:timeline in workbench.view.explorer
2023-11-16 11:25:33.444 [info] Added views:workbench.explorer.fileView in workbench.view.explorer
2023-11-16 11:25:33.628 [info] Added views:workbench.debug.welcome in workbench.view.debug
2023-11-16 11:25:33.628 [info] Added views:workbench.debug.breakPointsView in workbench.view.debug
2023-11-16 11:25:33.789 [info] Added views:workbench.panel.repl.view in workbench.panel.repl
2023-11-16 11:25:34.147 [info] Added views:workbench.view.testing in workbench.view.extension.test
2023-11-16 11:25:34.430 [info] Added views:~remote.forwardedPorts in ~remote.forwardedPortsContainer
2023-11-16 11:25:46.709 [info] Added views:jupyterViewVariables in workbench.view.extension.jupyter-variables
2023-11-16 11:25:46.726 [info] Added views:cell-tag in workbench.view.extension.jupyter-variables
