Visual Studio Code (1.84.2, undefined, desktop)
Jupyter Extension Version: 2023.10.1100000000.
Python Extension Version: 2023.20.0.
Platform: linux (x64).
Workspace folder ~/Documents/01_UPenn/01_ESE5460/03_Project, Home = /home/anirudhkailaje
12:37:40.655 [info] Start refreshing Kernel Picker (1700069860655)
12:37:40.660 [info] Using Pylance
12:37:40.706 [info] Start refreshing Interpreter Kernel Picker
12:37:40.900 [info] Starting Kernel startUsingPythonInterpreter, .jvsc74a57bd0916dbcbb3f70747c44a77c7bcd40155683ae19c65e1c03b4aa3499c5328201f1./bin/python3./bin/python3.-m#ipykernel_launcher  (Python Path: /bin/python3, Unknown, 3.11.2) for '~/Documents/01_UPenn/01_ESE5460/03_Project/ptb-xl-a-large-publicly-available-electrocardiography-dataset-1.0.1/EDA.ipynb' (disableUI=true)
12:37:41.464 [warn] Failed to get activated env vars for /bin/python3 in 731ms
12:37:41.467 [warn] Failed to get activated env vars for /bin/python3 in 545ms
12:37:41.485 [info] Process Execution: /bin/python3 -c "import site;print("USER_BASE_VALUE");print(site.USER_BASE);print("USER_BASE_VALUE");"
12:37:41.528 [info] Process Execution: /bin/python3 -m pip list
12:37:41.537 [info] Process Execution: /bin/python3 -c "import ipykernel; print(ipykernel.__version__); print("5dc3a68c-e34e-4080-9c3e-2a532b2ccb4d"); print(ipykernel.__file__)"
12:37:41.548 [info] Process Execution: /bin/python3 -m ipykernel_launcher --f=~/.local/share/jupyter/runtime/kernel-v2-1621991MCeLjb2e1c20.json
    > cwd: ~/Documents/01_UPenn/01_ESE5460/03_Project/ptb-xl-a-large-publicly-available-electrocardiography-dataset-1.0.1
12:37:41.696 [info] ipykernel version & path 6.17.0, /usr/lib/python3/dist-packages/ipykernel/__init__.py for /bin/python3
12:37:41.959 [warn] StdErr from Kernel Process 0.00s - Debugger warning: It seems that frozen modules are being used, which may
0.00s - make the debugger miss breakpoints. Please pass -Xfrozen_modules=off
0.00s - to python to disable frozen modules.
0.00s - Note: Debugging will proceed. Set PYDEVD_DISABLE_FILE_VALIDATION=1 to disable this validation.
12:37:42.261 [info] Process Execution: /bin/python3 ~/.vscode/extensions/ms-toolsai.jupyter-2023.10.1100000000-linux-x64/pythonFiles/printJupyterDataDir.py
12:37:42.493 [info] End refreshing Kernel Picker (1700069860655)
13:52:46.041 [info] Disposing HostJupyterExecution
13:52:46.042 [info] Dispose Kernel '~/Documents/01_UPenn/01_ESE5460/03_Project/ptb-xl-a-large-publicly-available-electrocardiography-dataset-1.0.1/EDA.ipynb' associated with '~/Documents/01_UPenn/01_ESE5460/03_Project/ptb-xl-a-large-publicly-available-electrocardiography-dataset-1.0.1/EDA.ipynb'
13:52:46.042 [info] Dispose Kernel process 1622079.
13:52:46.049 [info] Disposing HostJupyterExecution
