2024-04-10 16:41:42.920 [info] Added views:workbench.panel.markers.view in workbench.panel.markers
2024-04-10 16:41:42.920 [info] Added views:workbench.panel.output in workbench.panel.output
2024-04-10 16:41:42.920 [info] Added views:terminal in terminal
2024-04-10 16:41:42.920 [info] Added views:outline in workbench.view.explorer
2024-04-10 16:41:42.920 [info] Added views:workbench.scm in workbench.view.scm
2024-04-10 16:41:42.920 [info] Added views:workbench.view.search in workbench.view.search
2024-04-10 16:41:42.920 [info] Added views:timeline in workbench.view.explorer
2024-04-10 16:41:42.920 [info] Added views:workbench.explorer.fileView in workbench.view.explorer
2024-04-10 16:41:43.187 [info] Added views:workbench.debug.variablesView,workbench.debug.watchExpressionsView,workbench.debug.callStackView,workbench.debug.breakPointsView in workbench.view.debug
2024-04-10 16:41:43.285 [info] Added views:remoteTargets in workbench.view.remote
2024-04-10 16:41:43.520 [info] Added views:workbench.panel.repl.view in workbench.panel.repl
2024-04-10 16:41:43.521 [info] Removed views:workbench.debug.callStackView,workbench.debug.watchExpressionsView,workbench.debug.variablesView from workbench.view.debug
2024-04-10 16:41:43.522 [info] Added views:workbench.debug.welcome in workbench.view.debug
2024-04-10 16:41:44.048 [info] Added views:workbench.view.testing in workbench.view.extension.test
2024-04-10 16:41:44.308 [info] Added views:~remote.forwardedPorts in ~remote.forwardedPortsContainer
2024-04-10 16:41:56.575 [info] Removed views:workbench.view.testing from workbench.view.extension.test
2024-04-10 16:41:57.025 [info] Added views:workbench.panel.markers.view in workbench.panel.markers
2024-04-10 16:41:57.025 [info] Added views:workbench.panel.output in workbench.panel.output
2024-04-10 16:41:57.025 [info] Added views:terminal in terminal
2024-04-10 16:41:57.025 [info] Added views:outline in workbench.view.explorer
2024-04-10 16:41:57.025 [info] Added views:workbench.scm in workbench.view.scm
2024-04-10 16:41:57.025 [info] Added views:workbench.view.search in workbench.view.search
2024-04-10 16:41:57.025 [info] Added views:timeline in workbench.view.explorer
2024-04-10 16:41:57.025 [info] Added views:workbench.explorer.fileView in workbench.view.explorer
2024-04-10 16:41:57.227 [info] Added views:workbench.debug.variablesView,workbench.debug.watchExpressionsView,workbench.debug.callStackView,workbench.debug.breakPointsView in workbench.view.debug
2024-04-10 16:41:57.403 [info] Added views:remoteTargets in workbench.view.remote
2024-04-10 16:41:57.424 [info] Added views:~remote.forwardedPorts in ~remote.forwardedPortsContainer
2024-04-10 16:41:57.722 [info] Added views:workbench.panel.repl.view in workbench.panel.repl
2024-04-10 16:41:57.723 [info] Removed views:workbench.debug.breakPointsView,workbench.debug.callStackView,workbench.debug.watchExpressionsView,workbench.debug.variablesView from workbench.view.debug
2024-04-10 16:41:57.724 [info] Added views:workbench.debug.welcome in workbench.view.debug
2024-04-10 16:42:14.206 [info] Added views:workbench.view.testing in workbench.view.extension.test
2024-04-10 19:05:09.123 [info] Removed views:workbench.view.testing from workbench.view.extension.test
