2024-04-11 10:11:32.431 [info] Added views:workbench.panel.markers.view in workbench.panel.markers
2024-04-11 10:11:32.431 [info] Added views:workbench.panel.output in workbench.panel.output
2024-04-11 10:11:32.431 [info] Added views:terminal in terminal
2024-04-11 10:11:32.431 [info] Added views:outline in workbench.view.explorer
2024-04-11 10:11:32.431 [info] Added views:workbench.scm in workbench.view.scm
2024-04-11 10:11:32.431 [info] Added views:workbench.view.search in workbench.view.search
2024-04-11 10:11:32.431 [info] Added views:timeline in workbench.view.explorer
2024-04-11 10:11:32.431 [info] Added views:workbench.explorer.fileView in workbench.view.explorer
2024-04-11 10:11:32.647 [info] Added views:workbench.debug.welcome in workbench.view.debug
2024-04-11 10:11:32.840 [info] Added views:remoteTargets in workbench.view.remote
2024-04-11 10:11:33.068 [info] Added views:workbench.panel.repl.view in workbench.panel.repl
2024-04-11 10:11:33.287 [info] Added views:~remote.forwardedPorts in ~remote.forwardedPortsContainer
2024-04-11 10:11:33.691 [info] Added views:workbench.view.testing in workbench.view.extension.test
2024-04-11 10:11:49.042 [info] Removed views:workbench.view.testing from workbench.view.extension.test
2024-04-11 10:11:49.542 [info] Added views:workbench.panel.markers.view in workbench.panel.markers
2024-04-11 10:11:49.542 [info] Added views:workbench.panel.output in workbench.panel.output
2024-04-11 10:11:49.542 [info] Added views:terminal in terminal
2024-04-11 10:11:49.542 [info] Added views:outline in workbench.view.explorer
2024-04-11 10:11:49.542 [info] Added views:workbench.scm in workbench.view.scm
2024-04-11 10:11:49.542 [info] Added views:workbench.view.search in workbench.view.search
2024-04-11 10:11:49.542 [info] Added views:timeline in workbench.view.explorer
2024-04-11 10:11:49.542 [info] Added views:workbench.explorer.fileView in workbench.view.explorer
2024-04-11 10:11:49.718 [info] Added views:workbench.debug.welcome in workbench.view.debug
2024-04-11 10:11:49.718 [info] Added views:workbench.debug.breakPointsView in workbench.view.debug
2024-04-11 10:11:49.804 [info] Added views:remoteTargets in workbench.view.remote
2024-04-11 10:11:50.154 [info] Added views:workbench.panel.repl.view in workbench.panel.repl
2024-04-11 10:11:50.559 [info] Added views:workbench.view.testing in workbench.view.extension.test
2024-04-11 10:11:50.643 [info] Added views:~remote.forwardedPorts in ~remote.forwardedPortsContainer
2024-04-11 10:13:57.746 [info] Removed views:workbench.debug.welcome from workbench.view.debug
2024-04-11 10:13:57.769 [info] Added views:workbench.debug.variablesView,workbench.debug.watchExpressionsView,workbench.debug.callStackView in workbench.view.debug
2024-04-11 10:14:27.601 [info] Removed views:workbench.debug.callStackView,workbench.debug.watchExpressionsView,workbench.debug.variablesView from workbench.view.debug
2024-04-11 10:14:27.622 [info] Added views:workbench.debug.welcome in workbench.view.debug
2024-04-11 10:14:36.665 [info] Removed views:workbench.debug.welcome from workbench.view.debug
2024-04-11 10:14:36.689 [info] Added views:workbench.debug.variablesView,workbench.debug.watchExpressionsView,workbench.debug.callStackView in workbench.view.debug
2024-04-11 10:15:05.752 [info] Removed views:workbench.debug.callStackView,workbench.debug.watchExpressionsView,workbench.debug.variablesView from workbench.view.debug
2024-04-11 10:15:05.771 [info] Added views:workbench.debug.welcome in workbench.view.debug
2024-04-11 10:15:31.004 [info] Removed views:workbench.debug.welcome from workbench.view.debug
2024-04-11 10:15:31.023 [info] Added views:workbench.debug.variablesView,workbench.debug.watchExpressionsView,workbench.debug.callStackView in workbench.view.debug
2024-04-11 11:21:12.823 [info] Removed views:workbench.debug.callStackView,workbench.debug.watchExpressionsView,workbench.debug.variablesView from workbench.view.debug
2024-04-11 11:21:12.845 [info] Added views:workbench.debug.welcome in workbench.view.debug
2024-04-11 11:21:22.379 [info] Removed views:workbench.debug.welcome from workbench.view.debug
2024-04-11 11:21:22.404 [info] Added views:workbench.debug.variablesView,workbench.debug.watchExpressionsView,workbench.debug.callStackView in workbench.view.debug
2024-04-11 11:26:16.302 [info] Removed views:workbench.debug.callStackView,workbench.debug.watchExpressionsView,workbench.debug.variablesView from workbench.view.debug
2024-04-11 11:26:16.321 [info] Added views:workbench.debug.welcome in workbench.view.debug
2024-04-11 11:26:34.322 [info] Removed views:workbench.debug.welcome from workbench.view.debug
2024-04-11 11:26:34.343 [info] Added views:workbench.debug.variablesView,workbench.debug.watchExpressionsView,workbench.debug.callStackView in workbench.view.debug
2024-04-11 11:26:48.784 [info] Removed views:workbench.debug.callStackView,workbench.debug.watchExpressionsView,workbench.debug.variablesView from workbench.view.debug
2024-04-11 11:26:48.790 [info] Added views:workbench.debug.welcome in workbench.view.debug
2024-04-11 11:27:55.774 [info] Removed views:workbench.debug.welcome from workbench.view.debug
2024-04-11 11:27:55.789 [info] Added views:workbench.debug.variablesView,workbench.debug.watchExpressionsView,workbench.debug.callStackView in workbench.view.debug
2024-04-11 11:30:52.107 [info] Removed views:workbench.debug.callStackView,workbench.debug.watchExpressionsView,workbench.debug.variablesView from workbench.view.debug
2024-04-11 11:30:52.117 [info] Added views:workbench.debug.welcome in workbench.view.debug
2024-04-11 11:31:14.055 [info] Removed views:workbench.debug.welcome from workbench.view.debug
2024-04-11 11:31:14.072 [info] Added views:workbench.debug.variablesView,workbench.debug.watchExpressionsView,workbench.debug.callStackView in workbench.view.debug
2024-04-11 11:33:41.960 [info] Removed views:workbench.debug.callStackView,workbench.debug.watchExpressionsView,workbench.debug.variablesView from workbench.view.debug
2024-04-11 11:33:41.978 [info] Added views:workbench.debug.welcome in workbench.view.debug
2024-04-11 11:33:58.683 [info] Removed views:workbench.debug.welcome from workbench.view.debug
2024-04-11 11:33:58.698 [info] Added views:workbench.debug.variablesView,workbench.debug.watchExpressionsView,workbench.debug.callStackView in workbench.view.debug
2024-04-11 11:34:06.882 [info] Removed views:workbench.debug.callStackView,workbench.debug.watchExpressionsView,workbench.debug.variablesView from workbench.view.debug
2024-04-11 11:34:06.887 [info] Added views:workbench.debug.welcome in workbench.view.debug
2024-04-11 11:35:30.433 [info] Removed views:workbench.debug.welcome from workbench.view.debug
2024-04-11 11:35:30.448 [info] Added views:workbench.debug.variablesView,workbench.debug.watchExpressionsView,workbench.debug.callStackView in workbench.view.debug
2024-04-11 11:35:42.620 [info] Removed views:workbench.debug.callStackView,workbench.debug.watchExpressionsView,workbench.debug.variablesView from workbench.view.debug
2024-04-11 11:35:42.626 [info] Added views:workbench.debug.welcome in workbench.view.debug
2024-04-11 11:37:34.508 [info] Removed views:workbench.debug.welcome from workbench.view.debug
2024-04-11 11:37:34.523 [info] Added views:workbench.debug.variablesView,workbench.debug.watchExpressionsView,workbench.debug.callStackView in workbench.view.debug
2024-04-11 14:30:22.565 [info] Removed views:workbench.debug.callStackView,workbench.debug.watchExpressionsView,workbench.debug.variablesView from workbench.view.debug
2024-04-11 14:30:22.573 [info] Added views:workbench.debug.welcome in workbench.view.debug
2024-04-11 14:30:29.579 [info] Removed views:workbench.debug.welcome from workbench.view.debug
2024-04-11 14:30:29.595 [info] Added views:workbench.debug.variablesView,workbench.debug.watchExpressionsView,workbench.debug.callStackView in workbench.view.debug
2024-04-11 14:32:26.740 [info] Removed views:workbench.debug.callStackView,workbench.debug.watchExpressionsView,workbench.debug.variablesView from workbench.view.debug
2024-04-11 14:32:26.749 [info] Added views:workbench.debug.welcome in workbench.view.debug
2024-04-11 14:36:29.171 [info] Removed views:workbench.debug.welcome from workbench.view.debug
2024-04-11 14:36:29.188 [info] Added views:workbench.debug.variablesView,workbench.debug.watchExpressionsView,workbench.debug.callStackView in workbench.view.debug
2024-04-11 14:39:35.115 [info] Removed views:workbench.debug.callStackView,workbench.debug.watchExpressionsView,workbench.debug.variablesView from workbench.view.debug
2024-04-11 14:39:35.123 [info] Added views:workbench.debug.welcome in workbench.view.debug
2024-04-11 14:39:37.798 [info] Removed views:workbench.debug.welcome from workbench.view.debug
2024-04-11 14:39:37.815 [info] Added views:workbench.debug.variablesView,workbench.debug.watchExpressionsView,workbench.debug.callStackView in workbench.view.debug
2024-04-11 14:39:50.623 [info] Removed views:workbench.debug.callStackView,workbench.debug.watchExpressionsView,workbench.debug.variablesView from workbench.view.debug
2024-04-11 14:39:50.630 [info] Added views:workbench.debug.welcome in workbench.view.debug
2024-04-11 14:39:53.659 [info] Removed views:workbench.debug.welcome from workbench.view.debug
2024-04-11 14:39:53.672 [info] Added views:workbench.debug.variablesView,workbench.debug.watchExpressionsView,workbench.debug.callStackView in workbench.view.debug
2024-04-11 14:43:05.986 [info] Added views:refactorPreview in refactorPreview
2024-04-11 14:43:13.273 [info] Removed views:refactorPreview from refactorPreview
2024-04-11 14:43:15.108 [info] Removed views:workbench.debug.callStackView,workbench.debug.watchExpressionsView,workbench.debug.variablesView from workbench.view.debug
2024-04-11 14:43:15.118 [info] Added views:workbench.debug.welcome in workbench.view.debug
2024-04-11 14:43:29.434 [info] Removed views:workbench.debug.welcome from workbench.view.debug
2024-04-11 14:43:29.452 [info] Added views:workbench.debug.variablesView,workbench.debug.watchExpressionsView,workbench.debug.callStackView in workbench.view.debug
2024-04-11 14:43:37.060 [info] Removed views:workbench.debug.callStackView,workbench.debug.watchExpressionsView,workbench.debug.variablesView from workbench.view.debug
2024-04-11 14:43:37.066 [info] Added views:workbench.debug.welcome in workbench.view.debug
2024-04-11 14:43:41.890 [info] Removed views:workbench.debug.welcome from workbench.view.debug
2024-04-11 14:43:41.901 [info] Added views:workbench.debug.variablesView,workbench.debug.watchExpressionsView,workbench.debug.callStackView in workbench.view.debug
2024-04-11 14:44:18.478 [info] Removed views:workbench.debug.callStackView,workbench.debug.watchExpressionsView,workbench.debug.variablesView from workbench.view.debug
2024-04-11 14:44:18.486 [info] Added views:workbench.debug.welcome in workbench.view.debug
2024-04-11 14:44:25.338 [info] Removed views:workbench.debug.welcome from workbench.view.debug
2024-04-11 14:44:25.352 [info] Added views:workbench.debug.variablesView,workbench.debug.watchExpressionsView,workbench.debug.callStackView in workbench.view.debug
2024-04-11 14:44:32.486 [info] Removed views:workbench.debug.callStackView,workbench.debug.watchExpressionsView,workbench.debug.variablesView from workbench.view.debug
2024-04-11 14:44:32.504 [info] Added views:workbench.debug.welcome in workbench.view.debug
2024-04-11 14:45:10.978 [info] Removed views:workbench.debug.welcome from workbench.view.debug
2024-04-11 14:45:10.999 [info] Added views:workbench.debug.variablesView,workbench.debug.watchExpressionsView,workbench.debug.callStackView in workbench.view.debug
2024-04-11 14:50:00.014 [info] Removed views:workbench.debug.callStackView,workbench.debug.watchExpressionsView,workbench.debug.variablesView from workbench.view.debug
2024-04-11 14:50:00.021 [info] Added views:workbench.debug.welcome in workbench.view.debug
2024-04-11 14:50:08.836 [info] Removed views:workbench.debug.welcome from workbench.view.debug
2024-04-11 14:50:08.851 [info] Added views:workbench.debug.variablesView,workbench.debug.watchExpressionsView,workbench.debug.callStackView in workbench.view.debug
2024-04-11 14:50:44.201 [info] Removed views:workbench.debug.callStackView,workbench.debug.watchExpressionsView,workbench.debug.variablesView from workbench.view.debug
2024-04-11 14:50:44.220 [info] Added views:workbench.debug.welcome in workbench.view.debug
