2023-11-15 12:15:54.430 [info] Experiment 'pythonPromptNewFormatterExt' is active
2023-11-15 12:15:54.430 [info] Experiment 'pythonPromptNewToolsExt' is active
2023-11-15 12:15:54.430 [info] Experiment 'pythonREPLSmartSendcf' is active
2023-11-15 12:15:54.430 [info] Experiment 'pythonTestAdapter' is active
2023-11-15 12:15:54.430 [info] Default formatter is set to null for workspace /home/anirudhkailaje/Documents/01_UPenn/02_MEAM5170/03_FinalProject
2023-11-15 12:15:54.430 [info] Test server listening.
2023-11-15 12:15:54.430 [info] > conda info --json
2023-11-15 12:15:54.430 [info] Python interpreter path: /bin/python3
2023-11-15 12:15:54.430 [info] Found: /bin/python3 --> /bin/python3.11
2023-11-15 12:15:54.436 [info] Found: /bin/python3.11 --> /bin/python3.11
2023-11-15 12:15:54.487 [info] Found: /usr/bin/python3 --> /usr/bin/python3.11
2023-11-15 12:15:54.488 [info] Found: /usr/bin/python3.11 --> /usr/bin/python3.11
2023-11-15 12:15:54.961 [info] > /bin/python3 -I ~/.vscode/extensions/ms-python.python-2023.20.0/pythonFiles/get_output_via_markers.py ~/.vscode/extensions/ms-python.python-2023.20.0/pythonFiles/interpreterInfo.py
2023-11-15 12:15:55.011 [info] > /usr/bin/python3 -I ~/.vscode/extensions/ms-python.python-2023.20.0/pythonFiles/get_output_via_markers.py ~/.vscode/extensions/ms-python.python-2023.20.0/pythonFiles/interpreterInfo.py
2023-11-15 12:15:55.863 [info] Starting Pylance language server.
2023-11-15 12:33:21.767 [info] Experiment 'pythonPromptNewFormatterExt' is active
2023-11-15 12:33:21.767 [info] Experiment 'pythonPromptNewToolsExt' is active
2023-11-15 12:33:21.767 [info] Experiment 'pythonREPLSmartSendcf' is active
2023-11-15 12:33:21.767 [info] Experiment 'pythonTestAdapter' is active
2023-11-15 12:33:21.767 [info] Default formatter is set to null for workspace /home/anirudhkailaje/Documents/01_UPenn/02_MEAM5170/05_Madness
2023-11-15 12:33:21.767 [info] Test server listening.
2023-11-15 12:33:21.767 [info] Python interpreter path: /bin/python3
2023-11-15 12:33:21.913 [warning] Retry failed, storage update failed for key PYTHON_GLOBAL_STORAGE_KEYS
2023-11-15 12:33:21.913 [warning] Retry failed, storage update failed for key PYTHON_WORKSPACE_STORAGE_KEYS
2023-11-15 12:33:21.913 [warning] Retry failed, storage update failed for key PYTHON_WORKSPACE_STORAGE_KEYS
2023-11-15 12:33:21.913 [warning] Retry failed, storage update failed for key PYTHON_WORKSPACE_STORAGE_KEYS
2023-11-15 12:33:21.913 [warning] Retry failed, storage update failed for key PYTHON_WORKSPACE_STORAGE_KEYS
2023-11-15 12:33:21.928 [info] > conda info --json
2023-11-15 12:33:23.242 [info] Starting Pylance language server.
2023-11-15 12:33:51.783 [info] Found: /bin/python3 --> /bin/python3.11
2023-11-15 12:33:51.784 [info] Found: /bin/python3.11 --> /bin/python3.11
2023-11-15 12:33:51.799 [info] Found: /usr/bin/python3 --> /usr/bin/python3.11
2023-11-15 12:33:51.801 [info] Found: /usr/bin/python3.11 --> /usr/bin/python3.11
2023-11-15 12:33:51.837 [info] > /bin/python3 -I ~/.vscode/extensions/ms-python.python-2023.20.0/pythonFiles/get_output_via_markers.py ~/.vscode/extensions/ms-python.python-2023.20.0/pythonFiles/interpreterInfo.py
2023-11-15 12:33:51.849 [info] > /usr/bin/python3 -I ~/.vscode/extensions/ms-python.python-2023.20.0/pythonFiles/get_output_via_markers.py ~/.vscode/extensions/ms-python.python-2023.20.0/pythonFiles/interpreterInfo.py
2023-11-15 12:35:13.382 [info] Discover tests for workspace name: 05_Madness - uri: /home/anirudhkailaje/Documents/01_UPenn/02_MEAM5170/05_Madness/src/direct_col_dev.py
2023-11-15 13:28:57.940 [info] Discover tests for workspace name: 05_Madness - uri: /home/anirudhkailaje/Documents/01_UPenn/02_MEAM5170/05_Madness/src/direct_col_dev.py
2023-11-15 13:34:03.849 [info] Discover tests for workspace name: 05_Madness - uri: /home/anirudhkailaje/Documents/01_UPenn/02_MEAM5170/05_Madness/src/direct_col_dev.py
2023-11-15 13:36:37.731 [info] Discover tests for workspace name: 05_Madness - uri: /home/anirudhkailaje/Documents/01_UPenn/02_MEAM5170/05_Madness/src/direct_col_dev.py
2023-11-15 13:38:52.628 [info] Discover tests for workspace name: 05_Madness - uri: /home/anirudhkailaje/Documents/01_UPenn/02_MEAM5170/05_Madness/src/osc_tracking_objective.py
2023-11-15 13:39:26.203 [info] Discover tests for workspace name: 05_Madness - uri: /home/anirudhkailaje/Documents/01_UPenn/02_MEAM5170/05_Madness/src/osc_modified.py
2023-11-15 13:40:53.689 [info] Discover tests for workspace name: 05_Madness - uri: /home/anirudhkailaje/Documents/01_UPenn/02_MEAM5170/05_Madness/src/direct_col_dev.py
2023-11-15 13:43:34.289 [info] Discover tests for workspace name: 05_Madness - uri: /home/anirudhkailaje/Documents/01_UPenn/02_MEAM5170/05_Madness/src/direct_col_dev.py
2023-11-15 13:43:51.301 [info] Discover tests for workspace name: 05_Madness - uri: /home/anirudhkailaje/Documents/01_UPenn/02_MEAM5170/05_Madness/src/direct_col_dev.py
2023-11-15 13:51:52.433 [info] Discover tests for workspace name: 05_Madness - uri: /home/anirudhkailaje/Documents/01_UPenn/02_MEAM5170/05_Madness/src/direct_col_dev.py
2023-11-15 13:51:56.888 [info] Using launch configuration in workspace folder.
2023-11-15 13:51:56.933 [info] CreateEnv Trigger - Skipping for /home/anirudhkailaje/Documents/01_UPenn/02_MEAM5170/05_Madness/src/direct_col_dev.py
2023-11-15 13:51:57.104 [info] DAP Server launched with command: /bin/python3 /home/anirudhkailaje/.vscode/extensions/ms-python.python-2023.20.0/pythonFiles/lib/python/debugpy/adapter
2023-11-15 13:51:58.273 [info] Send text to terminal: /bin/python3 /home/anirudhkailaje/Documents/01_UPenn/02_MEAM5170/05_Madness/src/direct_col_dev.py
2023-11-15 13:51:58.357 [info] Send text to terminal:  /usr/bin/env /bin/python3 /home/anirudhkailaje/.vscode/extensions/ms-python.python-2023.20.0/pythonFiles/lib/python/debugpy/adapter/../../debugpy/launcher 57541 -- /home/anirudhkailaje/Documents/01_UPenn/02_MEAM5170/05_Madness/src/direct_col_dev.py 
2023-11-15 14:00:45.659 [info] Using launch configuration in workspace folder.
2023-11-15 14:00:45.731 [info] DAP Server launched with command: /bin/python3 /home/anirudhkailaje/.vscode/extensions/ms-python.python-2023.20.0/pythonFiles/lib/python/debugpy/adapter
2023-11-15 14:00:45.866 [info] Send text to terminal:  cd /home/anirudhkailaje/Documents/01_UPenn/02_MEAM5170/05_Madness ; /usr/bin/env /bin/python3 /home/anirudhkailaje/.vscode/extensions/ms-python.python-2023.20.0/pythonFiles/lib/python/debugpy/adapter/../../debugpy/launcher 43217 -- /home/anirudhkailaje/Documents/01_UPenn/02_MEAM5170/05_Madness/src/direct_col_dev.py 
2023-11-15 14:14:45.288 [info] Discover tests for workspace name: 05_Madness - uri: /home/anirudhkailaje/Documents/01_UPenn/02_MEAM5170/05_Madness/src/dynamics_constraints_dev.py
2023-11-15 14:14:51.479 [info] Discover tests for workspace name: 05_Madness - uri: /home/anirudhkailaje/Documents/01_UPenn/02_MEAM5170/05_Madness/src/direct_col_dev.py
2023-11-15 14:14:52.269 [info] Using launch configuration in workspace folder.
2023-11-15 14:14:52.336 [info] DAP Server launched with command: /bin/python3 /home/anirudhkailaje/.vscode/extensions/ms-python.python-2023.20.0/pythonFiles/lib/python/debugpy/adapter
2023-11-15 14:14:53.640 [info] Send text to terminal:  /usr/bin/env /bin/python3 /home/anirudhkailaje/.vscode/extensions/ms-python.python-2023.20.0/pythonFiles/lib/python/debugpy/adapter/../../debugpy/launcher 44371 -- /home/anirudhkailaje/Documents/01_UPenn/02_MEAM5170/05_Madness/src/direct_col_dev.py 
2023-11-15 14:16:22.982 [info] Discover tests for workspace name: 05_Madness - uri: /home/anirudhkailaje/Documents/01_UPenn/02_MEAM5170/05_Madness/src/dynamics_constraints_dev.py
2023-11-15 14:16:25.640 [info] Using launch configuration in workspace folder.
2023-11-15 14:16:25.730 [info] DAP Server launched with command: /bin/python3 /home/anirudhkailaje/.vscode/extensions/ms-python.python-2023.20.0/pythonFiles/lib/python/debugpy/adapter
2023-11-15 14:16:25.870 [info] Send text to terminal:  cd /home/anirudhkailaje/Documents/01_UPenn/02_MEAM5170/05_Madness ; /usr/bin/env /bin/python3 /home/anirudhkailaje/.vscode/extensions/ms-python.python-2023.20.0/pythonFiles/lib/python/debugpy/adapter/../../debugpy/launcher 47859 -- /home/anirudhkailaje/Documents/01_UPenn/02_MEAM5170/05_Madness/src/direct_col_dev.py 
2023-11-15 14:16:54.702 [info] Discover tests for workspace name: 05_Madness - uri: /home/anirudhkailaje/Documents/01_UPenn/02_MEAM5170/05_Madness/src/dynamics_constraints_dev.py
2023-11-15 14:16:57.142 [info] Using launch configuration in workspace folder.
2023-11-15 14:16:57.205 [info] DAP Server launched with command: /bin/python3 /home/anirudhkailaje/.vscode/extensions/ms-python.python-2023.20.0/pythonFiles/lib/python/debugpy/adapter
2023-11-15 14:16:57.339 [info] Send text to terminal:  cd /home/anirudhkailaje/Documents/01_UPenn/02_MEAM5170/05_Madness ; /usr/bin/env /bin/python3 /home/anirudhkailaje/.vscode/extensions/ms-python.python-2023.20.0/pythonFiles/lib/python/debugpy/adapter/../../debugpy/launcher 40091 -- /home/anirudhkailaje/Documents/01_UPenn/02_MEAM5170/05_Madness/src/direct_col_dev.py 
2023-11-15 14:17:54.918 [info] Discover tests for workspace name: 05_Madness - uri: /home/anirudhkailaje/Documents/01_UPenn/02_MEAM5170/05_Madness/src/dynamics_constraints_dev.py
2023-11-15 14:17:57.104 [info] Using launch configuration in workspace folder.
2023-11-15 14:17:57.179 [info] DAP Server launched with command: /bin/python3 /home/anirudhkailaje/.vscode/extensions/ms-python.python-2023.20.0/pythonFiles/lib/python/debugpy/adapter
2023-11-15 14:17:57.314 [info] Send text to terminal:  cd /home/anirudhkailaje/Documents/01_UPenn/02_MEAM5170/05_Madness ; /usr/bin/env /bin/python3 /home/anirudhkailaje/.vscode/extensions/ms-python.python-2023.20.0/pythonFiles/lib/python/debugpy/adapter/../../debugpy/launcher 54031 -- /home/anirudhkailaje/Documents/01_UPenn/02_MEAM5170/05_Madness/src/direct_col_dev.py 
2023-11-15 14:24:03.960 [info] Using launch configuration in workspace folder.
2023-11-15 14:24:04.034 [info] DAP Server launched with command: /bin/python3 /home/anirudhkailaje/.vscode/extensions/ms-python.python-2023.20.0/pythonFiles/lib/python/debugpy/adapter
2023-11-15 14:24:04.161 [info] Send text to terminal:  cd /home/anirudhkailaje/Documents/01_UPenn/02_MEAM5170/05_Madness ; /usr/bin/env /bin/python3 /home/anirudhkailaje/.vscode/extensions/ms-python.python-2023.20.0/pythonFiles/lib/python/debugpy/adapter/../../debugpy/launcher 52239 -- /home/anirudhkailaje/Documents/01_UPenn/02_MEAM5170/05_Madness/src/direct_col_dev.py 
2023-11-15 14:24:55.702 [info] Discover tests for workspace name: 05_Madness - uri: /home/anirudhkailaje/Documents/01_UPenn/02_MEAM5170/05_Madness/src/dynamics_constraints_dev.py
2023-11-15 14:24:57.185 [info] Using launch configuration in workspace folder.
2023-11-15 14:24:57.243 [info] DAP Server launched with command: /bin/python3 /home/anirudhkailaje/.vscode/extensions/ms-python.python-2023.20.0/pythonFiles/lib/python/debugpy/adapter
2023-11-15 14:24:57.370 [info] Send text to terminal:  cd /home/anirudhkailaje/Documents/01_UPenn/02_MEAM5170/05_Madness ; /usr/bin/env /bin/python3 /home/anirudhkailaje/.vscode/extensions/ms-python.python-2023.20.0/pythonFiles/lib/python/debugpy/adapter/../../debugpy/launcher 53501 -- /home/anirudhkailaje/Documents/01_UPenn/02_MEAM5170/05_Madness/src/direct_col_dev.py 
2023-11-15 14:25:27.084 [info] Using launch configuration in workspace folder.
2023-11-15 14:25:27.146 [info] DAP Server launched with command: /bin/python3 /home/anirudhkailaje/.vscode/extensions/ms-python.python-2023.20.0/pythonFiles/lib/python/debugpy/adapter
2023-11-15 14:25:27.270 [info] Send text to terminal:  cd /home/anirudhkailaje/Documents/01_UPenn/02_MEAM5170/05_Madness ; /usr/bin/env /bin/python3 /home/anirudhkailaje/.vscode/extensions/ms-python.python-2023.20.0/pythonFiles/lib/python/debugpy/adapter/../../debugpy/launcher 40823 -- /home/anirudhkailaje/Documents/01_UPenn/02_MEAM5170/05_Madness/src/direct_col_dev.py 
2023-11-15 14:27:56.984 [info] Discover tests for workspace name: 05_Madness - uri: /home/anirudhkailaje/Documents/01_UPenn/02_MEAM5170/05_Madness/src/dynamics_constraints_dev.py
2023-11-15 14:27:58.916 [info] Using launch configuration in workspace folder.
2023-11-15 14:27:58.984 [info] DAP Server launched with command: /bin/python3 /home/anirudhkailaje/.vscode/extensions/ms-python.python-2023.20.0/pythonFiles/lib/python/debugpy/adapter
2023-11-15 14:27:59.105 [info] Send text to terminal:  cd /home/anirudhkailaje/Documents/01_UPenn/02_MEAM5170/05_Madness ; /usr/bin/env /bin/python3 /home/anirudhkailaje/.vscode/extensions/ms-python.python-2023.20.0/pythonFiles/lib/python/debugpy/adapter/../../debugpy/launcher 45147 -- /home/anirudhkailaje/Documents/01_UPenn/02_MEAM5170/05_Madness/src/direct_col_dev.py 
2023-11-15 14:28:17.781 [info] Discover tests for workspace name: 05_Madness - uri: /home/anirudhkailaje/Documents/01_UPenn/02_MEAM5170/05_Madness/src/dynamics_constraints_dev.py
2023-11-15 14:28:20.868 [info] Using launch configuration in workspace folder.
2023-11-15 14:28:20.917 [info] DAP Server launched with command: /bin/python3 /home/anirudhkailaje/.vscode/extensions/ms-python.python-2023.20.0/pythonFiles/lib/python/debugpy/adapter
2023-11-15 14:28:21.056 [info] Send text to terminal:  cd /home/anirudhkailaje/Documents/01_UPenn/02_MEAM5170/05_Madness ; /usr/bin/env /bin/python3 /home/anirudhkailaje/.vscode/extensions/ms-python.python-2023.20.0/pythonFiles/lib/python/debugpy/adapter/../../debugpy/launcher 56051 -- /home/anirudhkailaje/Documents/01_UPenn/02_MEAM5170/05_Madness/src/direct_col_dev.py 
2023-11-15 14:29:56.970 [info] Discover tests for workspace name: 05_Madness - uri: /home/anirudhkailaje/Documents/01_UPenn/02_MEAM5170/05_Madness/src/dynamics_constraints_dev.py
2023-11-15 14:29:59.371 [info] Using launch configuration in workspace folder.
2023-11-15 14:29:59.440 [info] DAP Server launched with command: /bin/python3 /home/anirudhkailaje/.vscode/extensions/ms-python.python-2023.20.0/pythonFiles/lib/python/debugpy/adapter
2023-11-15 14:29:59.565 [info] Send text to terminal:  cd /home/anirudhkailaje/Documents/01_UPenn/02_MEAM5170/05_Madness ; /usr/bin/env /bin/python3 /home/anirudhkailaje/.vscode/extensions/ms-python.python-2023.20.0/pythonFiles/lib/python/debugpy/adapter/../../debugpy/launcher 50455 -- /home/anirudhkailaje/Documents/01_UPenn/02_MEAM5170/05_Madness/src/direct_col_dev.py 
2023-11-15 14:30:17.024 [info] Discover tests for workspace name: 05_Madness - uri: /home/anirudhkailaje/Documents/01_UPenn/02_MEAM5170/05_Madness/src/dynamics_constraints_dev.py
2023-11-15 14:30:18.906 [info] Using launch configuration in workspace folder.
2023-11-15 14:30:18.974 [info] DAP Server launched with command: /bin/python3 /home/anirudhkailaje/.vscode/extensions/ms-python.python-2023.20.0/pythonFiles/lib/python/debugpy/adapter
2023-11-15 14:30:19.099 [info] Send text to terminal:  cd /home/anirudhkailaje/Documents/01_UPenn/02_MEAM5170/05_Madness ; /usr/bin/env /bin/python3 /home/anirudhkailaje/.vscode/extensions/ms-python.python-2023.20.0/pythonFiles/lib/python/debugpy/adapter/../../debugpy/launcher 42805 -- /home/anirudhkailaje/Documents/01_UPenn/02_MEAM5170/05_Madness/src/direct_col_dev.py 
2023-11-15 14:32:04.147 [info] Discover tests for workspace name: 05_Madness - uri: /home/anirudhkailaje/Documents/01_UPenn/02_MEAM5170/05_Madness/src/dynamics_constraints_dev.py
2023-11-15 14:32:05.580 [info] Using launch configuration in workspace folder.
2023-11-15 14:32:05.651 [info] DAP Server launched with command: /bin/python3 /home/anirudhkailaje/.vscode/extensions/ms-python.python-2023.20.0/pythonFiles/lib/python/debugpy/adapter
2023-11-15 14:32:05.775 [info] Send text to terminal:  cd /home/anirudhkailaje/Documents/01_UPenn/02_MEAM5170/05_Madness ; /usr/bin/env /bin/python3 /home/anirudhkailaje/.vscode/extensions/ms-python.python-2023.20.0/pythonFiles/lib/python/debugpy/adapter/../../debugpy/launcher 57717 -- /home/anirudhkailaje/Documents/01_UPenn/02_MEAM5170/05_Madness/src/direct_col_dev.py 
2023-11-15 14:33:01.116 [info] Discover tests for workspace name: 05_Madness - uri: /home/anirudhkailaje/Documents/01_UPenn/02_MEAM5170/05_Madness/src/dynamics_constraints_dev.py
2023-11-15 14:33:03.121 [info] Using launch configuration in workspace folder.
2023-11-15 14:33:03.197 [info] DAP Server launched with command: /bin/python3 /home/anirudhkailaje/.vscode/extensions/ms-python.python-2023.20.0/pythonFiles/lib/python/debugpy/adapter
2023-11-15 14:33:03.317 [info] Send text to terminal:  cd /home/anirudhkailaje/Documents/01_UPenn/02_MEAM5170/05_Madness ; /usr/bin/env /bin/python3 /home/anirudhkailaje/.vscode/extensions/ms-python.python-2023.20.0/pythonFiles/lib/python/debugpy/adapter/../../debugpy/launcher 60407 -- /home/anirudhkailaje/Documents/01_UPenn/02_MEAM5170/05_Madness/src/direct_col_dev.py 
2023-11-15 14:33:30.075 [info] Discover tests for workspace name: 05_Madness - uri: /home/anirudhkailaje/Documents/01_UPenn/02_MEAM5170/05_Madness/src/dynamics_constraints_dev.py
2023-11-15 14:33:31.972 [info] Using launch configuration in workspace folder.
2023-11-15 14:33:32.049 [info] DAP Server launched with command: /bin/python3 /home/anirudhkailaje/.vscode/extensions/ms-python.python-2023.20.0/pythonFiles/lib/python/debugpy/adapter
2023-11-15 14:33:32.173 [info] Send text to terminal:  cd /home/anirudhkailaje/Documents/01_UPenn/02_MEAM5170/05_Madness ; /usr/bin/env /bin/python3 /home/anirudhkailaje/.vscode/extensions/ms-python.python-2023.20.0/pythonFiles/lib/python/debugpy/adapter/../../debugpy/launcher 49593 -- /home/anirudhkailaje/Documents/01_UPenn/02_MEAM5170/05_Madness/src/direct_col_dev.py 
2023-11-15 14:34:06.791 [info] Discover tests for workspace name: 05_Madness - uri: /home/anirudhkailaje/Documents/01_UPenn/02_MEAM5170/05_Madness/src/dynamics_constraints_dev.py
2023-11-15 14:34:08.540 [info] Using launch configuration in workspace folder.
2023-11-15 14:34:08.626 [info] DAP Server launched with command: /bin/python3 /home/anirudhkailaje/.vscode/extensions/ms-python.python-2023.20.0/pythonFiles/lib/python/debugpy/adapter
2023-11-15 14:34:08.746 [info] Send text to terminal:  cd /home/anirudhkailaje/Documents/01_UPenn/02_MEAM5170/05_Madness ; /usr/bin/env /bin/python3 /home/anirudhkailaje/.vscode/extensions/ms-python.python-2023.20.0/pythonFiles/lib/python/debugpy/adapter/../../debugpy/launcher 60765 -- /home/anirudhkailaje/Documents/01_UPenn/02_MEAM5170/05_Madness/src/direct_col_dev.py 
2023-11-15 14:35:39.492 [info] Using launch configuration in workspace folder.
2023-11-15 14:35:39.570 [info] DAP Server launched with command: /bin/python3 /home/anirudhkailaje/.vscode/extensions/ms-python.python-2023.20.0/pythonFiles/lib/python/debugpy/adapter
2023-11-15 14:35:39.698 [info] Send text to terminal:  cd /home/anirudhkailaje/Documents/01_UPenn/02_MEAM5170/05_Madness ; /usr/bin/env /bin/python3 /home/anirudhkailaje/.vscode/extensions/ms-python.python-2023.20.0/pythonFiles/lib/python/debugpy/adapter/../../debugpy/launcher 39639 -- /home/anirudhkailaje/Documents/01_UPenn/02_MEAM5170/05_Madness/src/direct_col_dev.py 
2023-11-15 15:11:34.045 [info] Using launch configuration in workspace folder.
2023-11-15 15:11:34.103 [info] DAP Server launched with command: /bin/python3 /home/anirudhkailaje/.vscode/extensions/ms-python.python-2023.20.0/pythonFiles/lib/python/debugpy/adapter
2023-11-15 15:11:34.225 [info] Send text to terminal:  cd /home/anirudhkailaje/Documents/01_UPenn/02_MEAM5170/05_Madness ; /usr/bin/env /bin/python3 /home/anirudhkailaje/.vscode/extensions/ms-python.python-2023.20.0/pythonFiles/lib/python/debugpy/adapter/../../debugpy/launcher 45289 -- /home/anirudhkailaje/Documents/01_UPenn/02_MEAM5170/05_Madness/src/direct_col_dev.py 
2023-11-15 15:23:14.031 [info] Using launch configuration in workspace folder.
2023-11-15 15:23:14.112 [info] DAP Server launched with command: /bin/python3 /home/anirudhkailaje/.vscode/extensions/ms-python.python-2023.20.0/pythonFiles/lib/python/debugpy/adapter
2023-11-15 15:23:14.231 [info] Send text to terminal:  cd /home/anirudhkailaje/Documents/01_UPenn/02_MEAM5170/05_Madness ; /usr/bin/env /bin/python3 /home/anirudhkailaje/.vscode/extensions/ms-python.python-2023.20.0/pythonFiles/lib/python/debugpy/adapter/../../debugpy/launcher 57351 -- /home/anirudhkailaje/Documents/01_UPenn/02_MEAM5170/05_Madness/src/direct_col_dev.py 
2023-11-15 16:13:18.817 [info] Discover tests for workspace name: 05_Madness - uri: /home/anirudhkailaje/Documents/01_UPenn/02_MEAM5170/05_Madness/src/dynamics_constraints_dev.py
2023-11-15 17:00:07.157 [info] Discover tests for workspace name: 05_Madness - uri: /home/anirudhkailaje/Documents/01_UPenn/02_MEAM5170/05_Madness/src/dynamics_constraints_dev.py
2023-11-15 17:00:14.985 [info] Discover tests for workspace name: 05_Madness - uri: /home/anirudhkailaje/Documents/01_UPenn/02_MEAM5170/05_Madness/src/dynamics_constraints_dev.py
2023-11-15 17:00:19.147 [info] Using launch configuration in workspace folder.
2023-11-15 17:00:19.243 [info] DAP Server launched with command: /bin/python3 /home/anirudhkailaje/.vscode/extensions/ms-python.python-2023.20.0/pythonFiles/lib/python/debugpy/adapter
2023-11-15 17:00:19.395 [info] Send text to terminal:  cd /home/anirudhkailaje/Documents/01_UPenn/02_MEAM5170/05_Madness ; /usr/bin/env /bin/python3 /home/anirudhkailaje/.vscode/extensions/ms-python.python-2023.20.0/pythonFiles/lib/python/debugpy/adapter/../../debugpy/launcher 36903 -- /home/anirudhkailaje/Documents/01_UPenn/02_MEAM5170/05_Madness/src/direct_col_dev.py 
2023-11-15 23:31:24.563 [info] Discover tests for workspace name: undefined - uri: /home/anirudhkailaje/.config/Code/User/settings.json
2023-11-15 23:36:11.554 [info] Discover tests for workspace name: undefined - uri: /home/anirudhkailaje/.config/Code/User/settings.json
2023-11-15 23:36:20.829 [info] Discover tests for workspace name: undefined - uri: /home/anirudhkailaje/.config/Code/User/settings.json
