2023-11-15 12:15:55.855 [info] [Info  - 12:15:55 PM] (1588508) Pylance language server 2023.11.10 (pyright 088ebaa5) starting
2023-11-15 12:15:55.856 [info] [Info  - 12:15:55 PM] (1588508) Server root directory: /home/anirudhkailaje/.vscode/extensions/ms-python.vscode-pylance-2023.11.10/dist
2023-11-15 12:15:55.856 [info] [Info  - 12:15:55 PM] (1588508) Starting service instance "03_FinalProject"
2023-11-15 12:15:55.884 [info] [Info  - 12:15:55 PM] (1588508) Setting pythonPath for service "03_FinalProject": "/bin/python3"
2023-11-15 12:15:55.887 [info] [Info  - 12:15:55 PM] (1588508) Setting environmentName for service "03_FinalProject": "3.11.2 (global)"
2023-11-15 12:15:55.909 [info] [Info  - 12:15:55 PM] (1588508) Assuming Python version 3.11
2023-11-15 12:15:55.948 [info] [Info  - 12:15:55 PM] (1588508) Found 17 source files
2023-11-15 12:33:23.233 [info] [Info  - 12:33:23 PM] (1614975) Pylance language server 2023.11.10 (pyright 088ebaa5) starting
2023-11-15 12:33:23.234 [info] [Info  - 12:33:23 PM] (1614975) Server root directory: /home/anirudhkailaje/.vscode/extensions/ms-python.vscode-pylance-2023.11.10/dist
2023-11-15 12:33:23.234 [info] [Info  - 12:33:23 PM] (1614975) Starting service instance "05_Madness"
2023-11-15 12:33:23.261 [info] [Info  - 12:33:23 PM] (1614975) Setting pythonPath for service "05_Madness": "/bin/python3"
2023-11-15 12:33:23.262 [info] [Info  - 12:33:23 PM] (1614975) Setting environmentName for service "05_Madness": "3.11.2 (global)"
2023-11-15 12:33:23.284 [info] [Info  - 12:33:23 PM] (1614975) Assuming Python version 3.11
2023-11-15 12:33:23.340 [info] [Info  - 12:33:23 PM] (1614975) Found 18 source files
2023-11-15 12:33:23.356 [info] [Info  - 12:33:23 PM] (1614975) Starting service instance "05_Madness"
2023-11-15 12:33:23.375 [info] [Info  - 12:33:23 PM] (1614975) Setting environmentName for service "05_Madness": "3.11.2 (global)"
2023-11-15 12:33:23.421 [info] [Info  - 12:33:23 PM] (1614975) Found 18 source files
2023-11-15 12:33:26.480 [info] [Info  - 12:33:26 PM] (1614975) [IDX(3)] Long operation: index execution environment /home/anirudhkailaje/Documents/01_UPenn/02_MEAM5170/05_Madness (2352ms)
2023-11-15 12:33:26.499 [info] [Info  - 12:33:26 PM] (1614975) [IDX(3)] Long operation: index packages /home/anirudhkailaje/Documents/01_UPenn/02_MEAM5170/05_Madness (2383ms)
2023-11-15 12:33:51.791 [info] [Info  - 12:33:51 PM] (1614975) Starting service instance "05_Madness"
2023-11-15 12:33:51.838 [info] [Info  - 12:33:51 PM] (1614975) Setting environmentName for service "05_Madness": "3.11.2 (global)"
2023-11-15 12:33:51.899 [info] [Info  - 12:33:51 PM] (1614975) Found 18 source files
2023-11-15 12:34:02.230 [info] [Info  - 12:34:02 PM] (1614975) Starting service instance "05_Madness"
2023-11-15 12:34:02.276 [info] [Info  - 12:34:02 PM] (1614975) Setting environmentName for service "05_Madness": "3.11.2 (global)"
2023-11-15 12:34:02.331 [info] [Info  - 12:34:02 PM] (1614975) Found 18 source files
2023-11-15 12:34:38.787 [info] [Info  - 12:34:38 PM] (1614975) Starting service instance "05_Madness"
2023-11-15 12:34:38.828 [info] [Info  - 12:34:38 PM] (1614975) Setting environmentName for service "05_Madness": "3.11.2 (global)"
2023-11-15 12:34:38.872 [info] [Info  - 12:34:38 PM] (1614975) Found 18 source files
2023-11-15 15:17:42.311 [info] [Info  - 3:17:42 PM] (1614975) Starting service instance "05_Madness"
2023-11-15 15:17:42.408 [info] [Info  - 3:17:42 PM] (1614975) Setting environmentName for service "05_Madness": "3.11.2 (global)"
2023-11-15 15:17:42.461 [info] [Info  - 3:17:42 PM] (1614975) Found 18 source files
2023-11-15 15:18:37.739 [info] [Info  - 3:18:37 PM] (1614975) Starting service instance "05_Madness"
2023-11-15 15:18:37.824 [info] [Info  - 3:18:37 PM] (1614975) Setting environmentName for service "05_Madness": "3.11.2 (global)"
2023-11-15 15:18:37.883 [info] [Info  - 3:18:37 PM] (1614975) Found 18 source files
