2024-04-10 16:41:44.771 [info] Log level: Info
2024-04-10 16:41:44.771 [info] Validating found git in: "git"
2024-04-10 16:41:44.771 [info] Using git "2.39.2" from "git"
2024-04-10 16:41:44.771 [info] > git rev-parse --show-toplevel [21ms]
2024-04-10 16:41:44.775 [info] > git rev-parse --show-toplevel [3ms]
2024-04-10 16:41:44.786 [info] > git rev-parse --show-toplevel [6ms]
2024-04-10 16:41:44.793 [info] > git rev-parse --show-toplevel [2ms]
2024-04-10 16:41:44.801 [info] > git rev-parse --show-toplevel [2ms]
2024-04-10 16:41:57.865 [info] Log level: Info
2024-04-10 16:41:57.865 [info] Validating found git in: "git"
2024-04-10 16:41:57.865 [info] Using git "2.39.2" from "git"
2024-04-10 16:41:57.865 [info] > git rev-parse --show-toplevel [14ms]
2024-04-10 16:41:57.878 [info] > git rev-parse --git-dir --git-common-dir [9ms]
2024-04-10 16:41:57.889 [info] Open repository: /home/anirudhkailaje
2024-04-10 16:41:57.900 [info] > git config --get commit.template [2ms]
2024-04-10 16:41:57.910 [info] > git for-each-ref --format=%(refname)%00%(upstream:short)%00%(objectname)%00%(upstream:track)%00%(upstream:remotename)%00%(upstream:remoteref) refs/heads/master refs/remotes/master [6ms]
2024-04-10 16:41:58.446 [info] > git status -z -uall [531ms] (cancelled)
2024-04-10 16:42:14.222 [info] > git show --textconv :Documents/01_UPenn/07_IntentEstimation/estmatro.py [45ms]
2024-04-10 16:42:14.248 [info] > git ls-files --stage -- /home/anirudhkailaje/Documents/01_UPenn/07_IntentEstimation/estmatro.py [60ms]
2024-04-10 16:42:14.545 [info] > git check-ignore -v -z --stdin [315ms]
