2024-04-11 16:16:33.869 [info] Added views:workbench.panel.markers.view in workbench.panel.markers
2024-04-11 16:16:33.869 [info] Added views:workbench.panel.output in workbench.panel.output
2024-04-11 16:16:33.869 [info] Added views:terminal in terminal
2024-04-11 16:16:33.869 [info] Added views:outline in workbench.view.explorer
2024-04-11 16:16:33.869 [info] Added views:workbench.scm in workbench.view.scm
2024-04-11 16:16:33.869 [info] Added views:workbench.view.search in workbench.view.search
2024-04-11 16:16:33.869 [info] Added views:timeline in workbench.view.explorer
2024-04-11 16:16:33.869 [info] Added views:workbench.explorer.fileView in workbench.view.explorer
2024-04-11 16:16:34.012 [info] Added views:remoteTargets in workbench.view.remote
2024-04-11 16:16:34.184 [info] Added views:workbench.debug.welcome in workbench.view.debug
2024-04-11 16:16:34.186 [info] Added views:workbench.debug.breakPointsView in workbench.view.debug
2024-04-11 16:16:34.413 [info] Added views:workbench.panel.repl.view in workbench.panel.repl
2024-04-11 16:16:34.778 [info] Added views:workbench.view.testing in workbench.view.extension.test
2024-04-11 16:16:35.140 [info] Added views:~remote.forwardedPorts in ~remote.forwardedPortsContainer
2024-04-11 16:33:50.792 [info] Removed views:workbench.debug.welcome from workbench.view.debug
2024-04-11 16:33:50.816 [info] Added views:workbench.debug.variablesView,workbench.debug.watchExpressionsView,workbench.debug.callStackView in workbench.view.debug
2024-04-11 16:33:52.210 [info] Removed views:workbench.debug.callStackView,workbench.debug.watchExpressionsView,workbench.debug.variablesView from workbench.view.debug
2024-04-11 16:33:52.228 [info] Added views:workbench.debug.welcome in workbench.view.debug
2024-04-11 16:42:18.349 [info] Removed views:workbench.debug.welcome from workbench.view.debug
2024-04-11 16:42:18.369 [info] Added views:workbench.debug.variablesView,workbench.debug.watchExpressionsView,workbench.debug.callStackView in workbench.view.debug
2024-04-11 16:44:19.504 [info] Removed views:workbench.debug.callStackView,workbench.debug.watchExpressionsView,workbench.debug.variablesView from workbench.view.debug
2024-04-11 16:44:19.513 [info] Added views:workbench.debug.welcome in workbench.view.debug
2024-04-11 16:44:22.362 [info] Removed views:workbench.debug.welcome from workbench.view.debug
2024-04-11 16:44:22.381 [info] Added views:workbench.debug.variablesView,workbench.debug.watchExpressionsView,workbench.debug.callStackView in workbench.view.debug
2024-04-11 16:45:11.555 [info] Removed views:workbench.debug.callStackView,workbench.debug.watchExpressionsView,workbench.debug.variablesView from workbench.view.debug
2024-04-11 16:45:11.561 [info] Added views:workbench.debug.welcome in workbench.view.debug
2024-04-11 16:46:46.508 [info] Removed views:workbench.debug.welcome from workbench.view.debug
2024-04-11 16:46:46.525 [info] Added views:workbench.debug.variablesView,workbench.debug.watchExpressionsView,workbench.debug.callStackView in workbench.view.debug
2024-04-11 16:47:27.641 [info] Removed views:workbench.debug.callStackView,workbench.debug.watchExpressionsView,workbench.debug.variablesView from workbench.view.debug
2024-04-11 16:47:27.647 [info] Added views:workbench.debug.welcome in workbench.view.debug
2024-04-11 16:47:41.257 [info] Removed views:workbench.debug.welcome from workbench.view.debug
2024-04-11 16:47:41.275 [info] Added views:workbench.debug.variablesView,workbench.debug.watchExpressionsView,workbench.debug.callStackView in workbench.view.debug
2024-04-11 16:48:35.088 [info] Removed views:workbench.debug.callStackView,workbench.debug.watchExpressionsView,workbench.debug.variablesView from workbench.view.debug
2024-04-11 16:48:35.093 [info] Added views:workbench.debug.welcome in workbench.view.debug
2024-04-11 16:48:50.076 [info] Removed views:workbench.debug.welcome from workbench.view.debug
2024-04-11 16:48:50.087 [info] Added views:workbench.debug.variablesView,workbench.debug.watchExpressionsView,workbench.debug.callStackView in workbench.view.debug
2024-04-11 16:53:51.119 [info] Removed views:workbench.debug.callStackView,workbench.debug.watchExpressionsView,workbench.debug.variablesView from workbench.view.debug
2024-04-11 16:53:51.127 [info] Added views:workbench.debug.welcome in workbench.view.debug
2024-04-11 16:55:37.225 [info] Removed views:workbench.debug.welcome from workbench.view.debug
2024-04-11 16:55:37.244 [info] Added views:workbench.debug.variablesView,workbench.debug.watchExpressionsView,workbench.debug.callStackView in workbench.view.debug
2024-04-11 16:56:06.051 [info] Removed views:workbench.debug.callStackView,workbench.debug.watchExpressionsView,workbench.debug.variablesView from workbench.view.debug
2024-04-11 16:56:06.057 [info] Added views:workbench.debug.welcome in workbench.view.debug
2024-04-11 16:56:38.429 [info] Removed views:workbench.debug.welcome from workbench.view.debug
2024-04-11 16:56:38.440 [info] Added views:workbench.debug.variablesView,workbench.debug.watchExpressionsView,workbench.debug.callStackView in workbench.view.debug
2024-04-11 16:57:05.322 [info] Removed views:workbench.debug.callStackView,workbench.debug.watchExpressionsView,workbench.debug.variablesView from workbench.view.debug
2024-04-11 16:57:05.330 [info] Added views:workbench.debug.welcome in workbench.view.debug
2024-04-11 16:57:13.066 [info] Removed views:workbench.debug.welcome from workbench.view.debug
2024-04-11 16:57:13.086 [info] Added views:workbench.debug.variablesView,workbench.debug.watchExpressionsView,workbench.debug.callStackView in workbench.view.debug
2024-04-11 16:58:56.510 [info] Removed views:workbench.debug.callStackView,workbench.debug.watchExpressionsView,workbench.debug.variablesView from workbench.view.debug
2024-04-11 16:58:56.519 [info] Added views:workbench.debug.welcome in workbench.view.debug
2024-04-11 16:59:00.760 [info] Removed views:workbench.debug.welcome from workbench.view.debug
2024-04-11 16:59:00.771 [info] Added views:workbench.debug.variablesView,workbench.debug.watchExpressionsView,workbench.debug.callStackView in workbench.view.debug
2024-04-11 17:33:36.778 [info] Removed views:workbench.debug.callStackView,workbench.debug.watchExpressionsView,workbench.debug.variablesView from workbench.view.debug
2024-04-11 17:33:36.785 [info] Added views:workbench.debug.welcome in workbench.view.debug
2024-04-11 17:33:42.700 [info] Removed views:workbench.debug.welcome from workbench.view.debug
2024-04-11 17:33:42.716 [info] Added views:workbench.debug.variablesView,workbench.debug.watchExpressionsView,workbench.debug.callStackView in workbench.view.debug
2024-04-11 17:34:15.717 [info] Removed views:workbench.debug.callStackView,workbench.debug.watchExpressionsView,workbench.debug.variablesView from workbench.view.debug
2024-04-11 17:34:15.724 [info] Added views:workbench.debug.welcome in workbench.view.debug
2024-04-11 17:34:42.084 [info] Removed views:workbench.debug.welcome from workbench.view.debug
2024-04-11 17:34:42.100 [info] Added views:workbench.debug.variablesView,workbench.debug.watchExpressionsView,workbench.debug.callStackView in workbench.view.debug
2024-04-11 17:35:22.868 [info] Removed views:workbench.debug.callStackView,workbench.debug.watchExpressionsView,workbench.debug.variablesView from workbench.view.debug
2024-04-11 17:35:22.877 [info] Added views:workbench.debug.welcome in workbench.view.debug
2024-04-11 17:35:26.688 [info] Removed views:workbench.debug.welcome from workbench.view.debug
2024-04-11 17:35:26.699 [info] Added views:workbench.debug.variablesView,workbench.debug.watchExpressionsView,workbench.debug.callStackView in workbench.view.debug
2024-04-11 17:39:07.773 [info] Removed views:workbench.debug.callStackView,workbench.debug.watchExpressionsView,workbench.debug.variablesView from workbench.view.debug
2024-04-11 17:39:07.781 [info] Added views:workbench.debug.welcome in workbench.view.debug
2024-04-11 17:39:11.120 [info] Removed views:workbench.debug.welcome from workbench.view.debug
2024-04-11 17:39:11.150 [info] Added views:workbench.debug.variablesView,workbench.debug.watchExpressionsView,workbench.debug.callStackView in workbench.view.debug
2024-04-11 19:13:39.174 [info] Removed views:workbench.debug.callStackView,workbench.debug.watchExpressionsView,workbench.debug.variablesView from workbench.view.debug
2024-04-11 19:13:39.182 [info] Added views:workbench.debug.welcome in workbench.view.debug
2024-04-11 19:16:03.636 [info] Removed views:workbench.debug.welcome from workbench.view.debug
2024-04-11 19:16:03.652 [info] Added views:workbench.debug.variablesView,workbench.debug.watchExpressionsView,workbench.debug.callStackView in workbench.view.debug
2024-04-11 19:17:34.203 [info] Removed views:workbench.debug.callStackView,workbench.debug.watchExpressionsView,workbench.debug.variablesView from workbench.view.debug
2024-04-11 19:17:34.214 [info] Added views:workbench.debug.welcome in workbench.view.debug
2024-04-11 19:17:54.108 [info] Removed views:workbench.debug.welcome from workbench.view.debug
2024-04-11 19:17:54.125 [info] Added views:workbench.debug.variablesView,workbench.debug.watchExpressionsView,workbench.debug.callStackView in workbench.view.debug
2024-04-11 19:18:54.717 [info] Removed views:workbench.debug.callStackView,workbench.debug.watchExpressionsView,workbench.debug.variablesView from workbench.view.debug
2024-04-11 19:18:54.739 [info] Added views:workbench.debug.welcome in workbench.view.debug
2024-04-11 19:20:55.291 [info] Removed views:workbench.debug.welcome from workbench.view.debug
2024-04-11 19:20:55.310 [info] Added views:workbench.debug.variablesView,workbench.debug.watchExpressionsView,workbench.debug.callStackView in workbench.view.debug
2024-04-11 19:21:18.588 [info] Removed views:workbench.debug.callStackView,workbench.debug.watchExpressionsView,workbench.debug.variablesView from workbench.view.debug
2024-04-11 19:21:18.597 [info] Added views:workbench.debug.welcome in workbench.view.debug
2024-04-11 19:21:40.686 [info] Removed views:workbench.debug.welcome from workbench.view.debug
2024-04-11 19:21:40.704 [info] Added views:workbench.debug.variablesView,workbench.debug.watchExpressionsView,workbench.debug.callStackView in workbench.view.debug
2024-04-11 19:21:51.373 [info] Removed views:workbench.debug.callStackView,workbench.debug.watchExpressionsView,workbench.debug.variablesView from workbench.view.debug
2024-04-11 19:21:51.380 [info] Added views:workbench.debug.welcome in workbench.view.debug
2024-04-11 19:21:54.659 [info] Removed views:workbench.debug.welcome from workbench.view.debug
2024-04-11 19:21:54.670 [info] Added views:workbench.debug.variablesView,workbench.debug.watchExpressionsView,workbench.debug.callStackView in workbench.view.debug
2024-04-11 19:22:45.911 [info] Removed views:workbench.debug.callStackView,workbench.debug.watchExpressionsView,workbench.debug.variablesView from workbench.view.debug
2024-04-11 19:22:45.919 [info] Added views:workbench.debug.welcome in workbench.view.debug
2024-04-11 19:22:51.615 [info] Removed views:workbench.debug.welcome from workbench.view.debug
2024-04-11 19:22:51.630 [info] Added views:workbench.debug.variablesView,workbench.debug.watchExpressionsView,workbench.debug.callStackView in workbench.view.debug
2024-04-11 19:23:15.206 [info] Removed views:workbench.debug.callStackView,workbench.debug.watchExpressionsView,workbench.debug.variablesView from workbench.view.debug
2024-04-11 19:23:15.228 [info] Added views:workbench.debug.welcome in workbench.view.debug
2024-04-11 19:36:11.086 [info] Removed views:workbench.view.testing from workbench.view.extension.test
