2023-11-13 18:48:11.691 [info] Log level: Info
2023-11-13 18:48:11.691 [info] Validating found git in: "git"
2023-11-13 18:48:11.691 [info] Using git "2.39.2" from "git"
2023-11-13 18:48:11.691 [info] > git rev-parse --show-toplevel [4ms]
2023-11-13 18:48:11.697 [info] > git rev-parse --git-dir --git-common-dir [3ms]
2023-11-13 18:48:11.704 [info] Open repository: /home/anirudhkailaje/Documents/01_UPenn/02_MEAM5170/03_FinalProject
2023-11-13 18:48:11.720 [info] > git rev-parse --show-toplevel [5ms]
2023-11-13 18:48:11.721 [info] > git config --get commit.template [10ms]
2023-11-13 18:48:11.741 [info] > git rev-parse --show-toplevel [4ms]
2023-11-13 18:48:11.746 [info] > git for-each-ref --format=%(refname)%00%(upstream:short)%00%(objectname)%00%(upstream:track)%00%(upstream:remotename)%00%(upstream:remoteref) refs/heads/preflight refs/remotes/preflight [6ms]
2023-11-13 18:48:11.756 [info] > git status -z -uall [6ms]
2023-11-13 18:48:11.761 [info] > git rev-parse --show-toplevel [16ms]
2023-11-13 18:48:11.772 [info] > git config --get commit.template [4ms]
2023-11-13 18:48:11.772 [info] > git rev-parse --show-toplevel [1ms]
2023-11-13 18:48:11.787 [info] > git for-each-ref --format=%(refname)%00%(upstream:short)%00%(objectname)%00%(upstream:track)%00%(upstream:remotename)%00%(upstream:remoteref) refs/heads/preflight refs/remotes/preflight [9ms]
2023-11-13 18:48:11.791 [info] > git status -z -uall [1ms]
2023-11-13 18:48:12.270 [info] > git check-ignore -v -z --stdin [2ms]
2023-11-13 18:48:12.407 [info] > git show --textconv :graph.svg [5ms]
2023-11-13 18:48:12.408 [info] > git ls-files --stage -- /home/anirudhkailaje/Documents/01_UPenn/02_MEAM5170/03_FinalProject/graph.svg [2ms]
2023-11-13 18:48:12.413 [info] > git cat-file -s 4b7cb7017a011288af2a91a59bc9078b372272a2 [2ms]
2023-11-13 18:48:21.971 [info] > git config --get commit.template [6ms]
2023-11-13 18:48:21.971 [info] > git for-each-ref --format=%(refname)%00%(upstream:short)%00%(objectname)%00%(upstream:track)%00%(upstream:remotename)%00%(upstream:remoteref) refs/heads/preflight refs/remotes/preflight [1ms]
2023-11-13 18:48:21.977 [info] > git status -z -uall [1ms]
2023-11-13 18:48:26.643 [info] > git show --textconv :graph.svg [7ms]
2023-11-13 18:48:26.644 [info] > git ls-files --stage -- /home/anirudhkailaje/Documents/01_UPenn/02_MEAM5170/03_FinalProject/graph.svg [2ms]
2023-11-13 18:48:26.649 [info] > git cat-file -s 4b7cb7017a011288af2a91a59bc9078b372272a2 [1ms]
2023-11-13 19:21:14.368 [info] > git check-ignore -v -z --stdin [1ms]
2023-11-13 19:35:53.868 [info] > git show --textconv :src/direct_col_dev.py [11ms]
2023-11-13 19:35:53.868 [info] > git ls-files --stage -- /home/anirudhkailaje/Documents/01_UPenn/02_MEAM5170/03_FinalProject/src/direct_col_dev.py [5ms]
2023-11-13 19:35:53.958 [info] > git cat-file -s cefc6c1eecb11f17f0bfd8311f5d810309eedaff [85ms]
2023-11-13 19:37:12.577 [info] > git config --get commit.template [8ms]
2023-11-13 19:37:12.577 [info] > git for-each-ref --format=%(refname)%00%(upstream:short)%00%(objectname)%00%(upstream:track)%00%(upstream:remotename)%00%(upstream:remoteref) refs/heads/preflight refs/remotes/preflight [1ms]
2023-11-13 19:37:12.582 [info] > git status -z -uall [1ms]
2023-11-13 19:37:12.671 [info] > git ls-files --stage -- /home/anirudhkailaje/Documents/01_UPenn/02_MEAM5170/03_FinalProject/src/direct_col_dev.py [1ms]
2023-11-13 19:37:12.679 [info] > git cat-file -s cefc6c1eecb11f17f0bfd8311f5d810309eedaff [1ms]
2023-11-13 19:37:12.686 [info] > git show --textconv :src/direct_col_dev.py [1ms]
2023-11-13 19:37:31.236 [info] > git config --get commit.template [1ms]
2023-11-13 19:37:31.242 [info] > git for-each-ref --format=%(refname)%00%(upstream:short)%00%(objectname)%00%(upstream:track)%00%(upstream:remotename)%00%(upstream:remoteref) refs/heads/preflight refs/remotes/preflight [1ms]
2023-11-13 19:37:31.249 [info] > git status -z -uall [2ms]
2023-11-13 19:37:31.346 [info] > git ls-files --stage -- /home/anirudhkailaje/Documents/01_UPenn/02_MEAM5170/03_FinalProject/src/direct_col_dev.py [4ms]
2023-11-13 19:37:31.367 [info] > git cat-file -s cefc6c1eecb11f17f0bfd8311f5d810309eedaff [3ms]
2023-11-13 19:37:31.381 [info] > git show --textconv :src/direct_col_dev.py [1ms]
2023-11-13 19:37:36.289 [info] > git config --get commit.template [9ms]
2023-11-13 19:37:36.290 [info] > git for-each-ref --format=%(refname)%00%(upstream:short)%00%(objectname)%00%(upstream:track)%00%(upstream:remotename)%00%(upstream:remoteref) refs/heads/dhruv-dircol-mods refs/remotes/dhruv-dircol-mods [1ms]
2023-11-13 19:37:36.297 [info] > git status -z -uall [1ms]
2023-11-13 19:37:36.375 [info] > git ls-files --stage -- /home/anirudhkailaje/Documents/01_UPenn/02_MEAM5170/03_FinalProject/src/direct_col_dev.py [1ms]
2023-11-13 19:37:36.380 [info] > git cat-file -s d5a3d73285e348d41dfcd40babcb7e9bfd3f2b9c [1ms]
2023-11-13 19:37:36.387 [info] > git show --textconv :src/direct_col_dev.py [1ms]
2023-11-13 19:37:46.816 [info] > git config --get commit.template [8ms]
2023-11-13 19:37:46.817 [info] > git for-each-ref --format=%(refname)%00%(upstream:short)%00%(objectname)%00%(upstream:track)%00%(upstream:remotename)%00%(upstream:remoteref) refs/heads/dhruv-dircol-mods refs/remotes/dhruv-dircol-mods [2ms]
2023-11-13 19:37:46.824 [info] > git status -z -uall [2ms]
2023-11-13 19:37:46.912 [info] > git ls-files --stage -- /home/anirudhkailaje/Documents/01_UPenn/02_MEAM5170/03_FinalProject/src/direct_col_dev.py [2ms]
2023-11-13 19:37:46.919 [info] > git cat-file -s d5a3d73285e348d41dfcd40babcb7e9bfd3f2b9c [1ms]
2023-11-13 19:37:46.927 [info] > git show --textconv :src/direct_col_dev.py [2ms]
