2023-11-15 12:37:40.678 [info] Experiment 'pythonPromptNewFormatterExt' is active
2023-11-15 12:37:40.678 [info] Experiment 'pythonPromptNewToolsExt' is active
2023-11-15 12:37:40.678 [info] Experiment 'pythonREPLSmartSendcf' is active
2023-11-15 12:37:40.678 [info] Experiment 'pythonTestAdapter' is active
2023-11-15 12:37:40.719 [info] Default formatter is set to null for workspace /home/anirudhkailaje/Documents/01_UPenn/01_ESE5460/03_Project
2023-11-15 12:37:40.730 [info] Test server listening.
2023-11-15 12:37:40.741 [info] > conda info --json
2023-11-15 12:37:40.748 [info] Python interpreter path: /bin/python3
2023-11-15 12:37:40.758 [info] Found: /bin/python3 --> /bin/python3.11
2023-11-15 12:37:40.759 [info] Found: /bin/python3.11 --> /bin/python3.11
2023-11-15 12:37:40.934 [warning] Retry failed, storage update failed for key PYTHON_WORKSPACE_STORAGE_KEYS
2023-11-15 12:37:40.934 [warning] Retry failed, storage update failed for key PYTHON_WORKSPACE_STORAGE_KEYS
2023-11-15 12:37:40.935 [info] Found: /usr/bin/python3 --> /usr/bin/python3.11
2023-11-15 12:37:40.936 [info] Found: /usr/bin/python3.11 --> /usr/bin/python3.11
2023-11-15 12:37:41.415 [info] > /bin/python3 -I ~/.vscode/extensions/ms-python.python-2023.20.0/pythonFiles/get_output_via_markers.py ~/.vscode/extensions/ms-python.python-2023.20.0/pythonFiles/interpreterInfo.py
2023-11-15 12:37:41.429 [info] > /usr/bin/python3 -I ~/.vscode/extensions/ms-python.python-2023.20.0/pythonFiles/get_output_via_markers.py ~/.vscode/extensions/ms-python.python-2023.20.0/pythonFiles/interpreterInfo.py
2023-11-15 12:37:42.469 [info] Starting Pylance language server.
2023-11-15 13:52:47.419 [info] Experiment 'pythonPromptNewFormatterExt' is active
2023-11-15 13:52:47.419 [info] Experiment 'pythonPromptNewToolsExt' is active
2023-11-15 13:52:47.419 [info] Experiment 'pythonREPLSmartSendcf' is active
2023-11-15 13:52:47.419 [info] Experiment 'pythonTestAdapter' is active
2023-11-15 13:52:47.429 [info] Default formatter is set to null for workspace /home/anirudhkailaje/Documents/01_UPenn/02_MEAM5170/03_FinalProject
2023-11-15 13:52:47.462 [info] Test server listening.
2023-11-15 13:52:47.473 [info] > conda info --json
2023-11-15 13:52:47.477 [info] Python interpreter path: /bin/python3
2023-11-15 13:52:47.667 [info] Found: /bin/python3 --> /bin/python3.11
2023-11-15 13:52:47.679 [info] Found: /bin/python3.11 --> /bin/python3.11
2023-11-15 13:52:47.729 [info] Found: /usr/bin/python3 --> /usr/bin/python3.11
2023-11-15 13:52:47.730 [info] Found: /usr/bin/python3.11 --> /usr/bin/python3.11
2023-11-15 13:52:47.750 [info] > /bin/python3 -I ~/.vscode/extensions/ms-python.python-2023.20.0/pythonFiles/get_output_via_markers.py ~/.vscode/extensions/ms-python.python-2023.20.0/pythonFiles/interpreterInfo.py
2023-11-15 13:52:48.235 [info] > /usr/bin/python3 -I ~/.vscode/extensions/ms-python.python-2023.20.0/pythonFiles/get_output_via_markers.py ~/.vscode/extensions/ms-python.python-2023.20.0/pythonFiles/interpreterInfo.py
2023-11-15 13:52:49.175 [info] Starting Pylance language server.
2023-11-15 13:54:11.509 [info] Discover tests for workspace name: 03_FinalProject - uri: /home/anirudhkailaje/Documents/01_UPenn/02_MEAM5170/03_FinalProject/src/direct_col_dev.py
2023-11-16 00:48:42.211 [info] Experiment 'pythonPromptNewFormatterExt' is active
2023-11-16 00:48:42.211 [info] Experiment 'pythonPromptNewToolsExt' is active
2023-11-16 00:48:42.211 [info] Experiment 'pythonREPLSmartSendcf' is active
2023-11-16 00:48:42.211 [info] Experiment 'pythonTestAdapter' is active
2023-11-16 00:48:42.256 [info] Default formatter is set to null for workspace /home/anirudhkailaje/Documents/01_UPenn/02_MEAM5170/02_Homeworks/05_Homework5
2023-11-16 00:48:42.272 [info] Test server listening.
2023-11-16 00:48:42.279 [info] Python interpreter path: /bin/python3
2023-11-16 00:48:42.859 [info] > conda info --json
2023-11-16 00:48:43.805 [info] Starting Pylance language server.
