2024-04-11 15:13:09.701 [info] Added views:workbench.panel.markers.view in workbench.panel.markers
2024-04-11 15:13:09.701 [info] Added views:workbench.panel.output in workbench.panel.output
2024-04-11 15:13:09.701 [info] Added views:terminal in terminal
2024-04-11 15:13:09.701 [info] Added views:outline in workbench.view.explorer
2024-04-11 15:13:09.701 [info] Added views:workbench.scm in workbench.view.scm
2024-04-11 15:13:09.701 [info] Added views:workbench.view.search in workbench.view.search
2024-04-11 15:13:09.701 [info] Added views:timeline in workbench.view.explorer
2024-04-11 15:13:09.701 [info] Added views:workbench.explorer.fileView in workbench.view.explorer
2024-04-11 15:13:09.987 [info] Added views:workbench.debug.welcome in workbench.view.debug
2024-04-11 15:13:09.988 [info] Added views:workbench.debug.breakPointsView in workbench.view.debug
2024-04-11 15:13:10.319 [info] Added views:remoteTargets in workbench.view.remote
2024-04-11 15:13:10.490 [info] Added views:workbench.panel.repl.view in workbench.panel.repl
2024-04-11 15:13:11.025 [info] Added views:workbench.view.testing in workbench.view.extension.test
2024-04-11 15:13:11.980 [info] Added views:~remote.forwardedPorts in ~remote.forwardedPortsContainer
2024-04-11 15:13:51.261 [info] Added views:references-view.tree in workbench.view.extension.references-view
2024-04-11 15:19:18.061 [info] Removed views:workbench.debug.welcome from workbench.view.debug
2024-04-11 15:19:18.086 [info] Added views:workbench.debug.variablesView,workbench.debug.watchExpressionsView,workbench.debug.callStackView in workbench.view.debug
2024-04-11 15:19:19.506 [info] Removed views:workbench.debug.callStackView,workbench.debug.watchExpressionsView,workbench.debug.variablesView from workbench.view.debug
2024-04-11 15:19:19.534 [info] Added views:workbench.debug.welcome in workbench.view.debug
2024-04-11 15:20:41.615 [info] Removed views:workbench.debug.welcome from workbench.view.debug
2024-04-11 15:20:41.634 [info] Added views:workbench.debug.variablesView,workbench.debug.watchExpressionsView,workbench.debug.callStackView in workbench.view.debug
2024-04-11 15:23:52.383 [info] Removed views:workbench.debug.callStackView,workbench.debug.watchExpressionsView,workbench.debug.variablesView from workbench.view.debug
2024-04-11 15:23:52.391 [info] Added views:workbench.debug.welcome in workbench.view.debug
2024-04-11 15:24:41.867 [info] Removed views:workbench.debug.welcome from workbench.view.debug
2024-04-11 15:24:41.897 [info] Added views:workbench.debug.variablesView,workbench.debug.watchExpressionsView,workbench.debug.callStackView in workbench.view.debug
2024-04-11 16:06:48.773 [info] Removed views:workbench.debug.callStackView,workbench.debug.watchExpressionsView,workbench.debug.variablesView from workbench.view.debug
2024-04-11 16:06:48.782 [info] Added views:workbench.debug.welcome in workbench.view.debug
2024-04-11 16:06:55.370 [info] Removed views:workbench.debug.welcome from workbench.view.debug
2024-04-11 16:06:55.388 [info] Added views:workbench.debug.variablesView,workbench.debug.watchExpressionsView,workbench.debug.callStackView in workbench.view.debug
2024-04-11 16:07:01.919 [info] Removed views:workbench.debug.callStackView,workbench.debug.watchExpressionsView,workbench.debug.variablesView from workbench.view.debug
2024-04-11 16:07:01.938 [info] Added views:workbench.debug.welcome in workbench.view.debug
