2023-11-13 18:48:12.796 [info] Log level: Info
2023-11-13 18:48:12.796 [info] Validating found git in: "git"
2023-11-13 18:48:12.796 [info] Using git "2.39.2" from "git"
2023-11-13 18:48:12.796 [info] > git rev-parse --show-toplevel [6ms]
2023-11-13 18:48:12.796 [info] fatal: not a git repository (or any of the parent directories): .git
2023-11-13 18:48:12.796 [info] > git rev-parse --show-toplevel [3ms]
2023-11-13 18:48:12.796 [info] fatal: not a git repository (or any of the parent directories): .git
2023-11-13 18:48:12.796 [info] > git rev-parse --show-toplevel [7ms]
2023-11-13 18:48:12.796 [info] fatal: not a git repository (or any of the parent directories): .git
2023-11-13 18:48:28.090 [info] > git rev-parse --show-toplevel [0ms]
2023-11-13 18:48:28.090 [info] fatal: not a git repository (or any of the parent directories): .git
2023-11-13 18:48:37.816 [info] > git rev-parse --show-toplevel [1ms]
2023-11-13 18:48:37.816 [info] fatal: not a git repository (or any of the parent directories): .git
2023-11-13 18:48:42.816 [info] > git rev-parse --show-toplevel [1ms]
2023-11-13 18:48:42.816 [info] fatal: not a git repository (or any of the parent directories): .git
2023-11-13 18:48:42.840 [info] > git rev-parse --show-toplevel [1ms]
2023-11-13 18:48:42.840 [info] fatal: not a git repository (or any of the parent directories): .git
2023-11-13 18:48:42.866 [info] > git rev-parse --show-toplevel [1ms]
2023-11-13 18:48:42.866 [info] fatal: not a git repository (or any of the parent directories): .git
2023-11-13 18:48:42.889 [info] > git rev-parse --show-toplevel [1ms]
2023-11-13 18:48:42.889 [info] fatal: not a git repository (or any of the parent directories): .git
2023-11-13 18:48:43.169 [info] > git rev-parse --show-toplevel [1ms]
2023-11-13 18:48:43.169 [info] fatal: not a git repository (or any of the parent directories): .git
2023-11-13 18:48:43.592 [info] > git rev-parse --show-toplevel [1ms]
2023-11-13 18:48:43.592 [info] fatal: not a git repository (or any of the parent directories): .git
2023-11-13 18:48:43.666 [info] > git rev-parse --show-toplevel [2ms]
2023-11-13 18:48:43.666 [info] fatal: not a git repository (or any of the parent directories): .git
2023-11-13 18:49:05.208 [info] > git rev-parse --show-toplevel [1ms]
2023-11-13 18:49:05.208 [info] fatal: not a git repository (or any of the parent directories): .git
2023-11-13 18:49:05.215 [info] > git rev-parse --show-toplevel [1ms]
2023-11-13 18:49:05.215 [info] fatal: not a git repository (or any of the parent directories): .git
2023-11-13 18:49:09.188 [info] > git rev-parse --show-toplevel [1ms]
2023-11-13 18:49:09.188 [info] fatal: not a git repository (or any of the parent directories): .git
2023-11-13 18:49:09.222 [info] > git rev-parse --show-toplevel [0ms]
2023-11-13 18:49:09.222 [info] fatal: not a git repository (or any of the parent directories): .git
2023-11-13 18:49:09.255 [info] > git rev-parse --show-toplevel [2ms]
2023-11-13 18:49:09.255 [info] fatal: not a git repository (or any of the parent directories): .git
2023-11-13 18:49:20.744 [info] > git rev-parse --show-toplevel [1ms]
2023-11-13 18:49:20.745 [info] fatal: not a git repository (or any of the parent directories): .git
2023-11-13 18:49:20.755 [info] > git rev-parse --show-toplevel [3ms]
2023-11-13 18:49:20.755 [info] fatal: not a git repository (or any of the parent directories): .git
2023-11-13 18:49:20.762 [info] > git rev-parse --show-toplevel [1ms]
2023-11-13 18:49:20.762 [info] fatal: not a git repository (or any of the parent directories): .git
2023-11-13 18:49:20.769 [info] > git rev-parse --show-toplevel [1ms]
2023-11-13 18:49:20.769 [info] fatal: not a git repository (or any of the parent directories): .git
2023-11-13 18:49:22.242 [info] > git rev-parse --show-toplevel [1ms]
2023-11-13 18:49:22.242 [info] fatal: not a git repository (or any of the parent directories): .git
2023-11-13 18:49:22.293 [info] > git rev-parse --show-toplevel [0ms]
2023-11-13 18:49:22.293 [info] fatal: not a git repository (or any of the parent directories): .git
2023-11-13 18:49:27.215 [info] > git rev-parse --show-toplevel [2ms]
2023-11-13 18:49:27.215 [info] fatal: not a git repository (or any of the parent directories): .git
2023-11-13 18:49:28.676 [info] > git rev-parse --show-toplevel [1ms]
2023-11-13 18:49:28.676 [info] fatal: not a git repository (or any of the parent directories): .git
2023-11-13 18:49:29.163 [info] > git rev-parse --show-toplevel [2ms]
2023-11-13 18:49:29.163 [info] fatal: not a git repository (or any of the parent directories): .git
2023-11-13 18:49:29.170 [info] > git rev-parse --show-toplevel [2ms]
2023-11-13 18:49:29.170 [info] fatal: not a git repository (or any of the parent directories): .git
2023-11-13 18:49:36.510 [info] > git rev-parse --show-toplevel [2ms]
2023-11-13 18:49:36.510 [info] fatal: not a git repository (or any of the parent directories): .git
2023-11-13 18:49:36.616 [info] > git rev-parse --show-toplevel [1ms]
2023-11-13 18:49:36.616 [info] fatal: not a git repository (or any of the parent directories): .git
2023-11-13 18:49:36.925 [info] > git rev-parse --show-toplevel [2ms]
2023-11-13 18:49:36.925 [info] fatal: not a git repository (or any of the parent directories): .git
2023-11-13 18:49:37.250 [info] > git rev-parse --show-toplevel [2ms]
2023-11-13 18:49:37.250 [info] fatal: not a git repository (or any of the parent directories): .git
2023-11-13 18:49:54.222 [info] > git rev-parse --show-toplevel [1ms]
2023-11-13 18:49:54.222 [info] fatal: not a git repository (or any of the parent directories): .git
2023-11-13 18:49:54.276 [info] > git rev-parse --show-toplevel [1ms]
2023-11-13 18:49:54.276 [info] fatal: not a git repository (or any of the parent directories): .git
2023-11-13 18:49:54.348 [info] > git rev-parse --show-toplevel [1ms]
2023-11-13 18:49:54.348 [info] fatal: not a git repository (or any of the parent directories): .git
2023-11-13 18:49:54.356 [info] > git rev-parse --show-toplevel [1ms]
2023-11-13 18:49:54.356 [info] fatal: not a git repository (or any of the parent directories): .git
2023-11-13 18:49:55.142 [info] > git rev-parse --show-toplevel [1ms]
2023-11-13 18:49:55.142 [info] fatal: not a git repository (or any of the parent directories): .git
2023-11-13 18:49:55.162 [info] > git rev-parse --show-toplevel [1ms]
2023-11-13 18:49:55.162 [info] fatal: not a git repository (or any of the parent directories): .git
2023-11-13 18:49:55.211 [info] > git rev-parse --show-toplevel [1ms]
2023-11-13 18:49:55.211 [info] fatal: not a git repository (or any of the parent directories): .git
2023-11-13 18:52:08.863 [info] > git rev-parse --show-toplevel [1ms]
2023-11-13 18:52:08.864 [info] fatal: not a git repository (or any of the parent directories): .git
2023-11-13 18:52:14.327 [info] > git rev-parse --show-toplevel [1ms]
2023-11-13 18:52:14.327 [info] fatal: not a git repository (or any of the parent directories): .git
2023-11-13 19:00:07.231 [info] > git rev-parse --show-toplevel [2ms]
2023-11-13 19:00:07.231 [info] fatal: not a git repository (or any of the parent directories): .git
2023-11-13 19:00:09.267 [info] > git rev-parse --show-toplevel [0ms]
2023-11-13 19:00:09.267 [info] fatal: not a git repository (or any of the parent directories): .git
2023-11-13 19:00:09.535 [info] > git rev-parse --show-toplevel [1ms]
2023-11-13 19:00:09.535 [info] fatal: not a git repository (or any of the parent directories): .git
2023-11-13 19:00:09.648 [info] > git rev-parse --show-toplevel [1ms]
2023-11-13 19:00:09.648 [info] fatal: not a git repository (or any of the parent directories): .git
2023-11-13 19:00:09.671 [info] > git rev-parse --show-toplevel [1ms]
2023-11-13 19:00:09.671 [info] fatal: not a git repository (or any of the parent directories): .git
2023-11-13 19:00:14.037 [info] > git rev-parse --show-toplevel [2ms]
2023-11-13 19:00:14.037 [info] fatal: not a git repository (or any of the parent directories): .git
2023-11-13 19:00:15.197 [info] > git rev-parse --show-toplevel [1ms]
2023-11-13 19:00:15.197 [info] fatal: not a git repository (or any of the parent directories): .git
2023-11-13 19:00:15.208 [info] > git rev-parse --show-toplevel [2ms]
2023-11-13 19:00:15.208 [info] fatal: not a git repository (or any of the parent directories): .git
2023-11-13 19:00:15.231 [info] > git rev-parse --show-toplevel [2ms]
2023-11-13 19:00:15.231 [info] fatal: not a git repository (or any of the parent directories): .git
2023-11-13 19:00:20.630 [info] > git rev-parse --show-toplevel [1ms]
2023-11-13 19:00:20.630 [info] fatal: not a git repository (or any of the parent directories): .git
2023-11-13 19:00:20.650 [info] > git rev-parse --show-toplevel [1ms]
2023-11-13 19:00:20.650 [info] fatal: not a git repository (or any of the parent directories): .git
2023-11-13 19:00:21.046 [info] > git rev-parse --show-toplevel [1ms]
2023-11-13 19:00:21.046 [info] fatal: not a git repository (or any of the parent directories): .git
2023-11-13 19:00:21.066 [info] > git rev-parse --show-toplevel [1ms]
2023-11-13 19:00:21.066 [info] fatal: not a git repository (or any of the parent directories): .git
2023-11-13 19:00:29.929 [info] > git rev-parse --show-toplevel [2ms]
2023-11-13 19:00:29.929 [info] fatal: not a git repository (or any of the parent directories): .git
2023-11-13 19:00:55.307 [info] > git rev-parse --show-toplevel [1ms]
2023-11-13 19:00:55.307 [info] fatal: not a git repository (or any of the parent directories): .git
2023-11-13 19:01:26.318 [info] > git rev-parse --show-toplevel [1ms]
2023-11-13 19:01:26.318 [info] fatal: not a git repository (or any of the parent directories): .git
2023-11-13 19:01:26.328 [info] > git rev-parse --show-toplevel [2ms]
2023-11-13 19:01:26.328 [info] fatal: not a git repository (or any of the parent directories): .git
2023-11-13 19:01:27.085 [info] > git rev-parse --show-toplevel [1ms]
2023-11-13 19:01:27.085 [info] fatal: not a git repository (or any of the parent directories): .git
2023-11-13 19:01:27.094 [info] > git rev-parse --show-toplevel [1ms]
2023-11-13 19:01:27.094 [info] fatal: not a git repository (or any of the parent directories): .git
2023-11-13 19:01:47.936 [info] > git rev-parse --show-toplevel [2ms]
2023-11-13 19:01:47.936 [info] fatal: not a git repository (or any of the parent directories): .git
2023-11-13 19:01:51.545 [info] > git rev-parse --show-toplevel [1ms]
2023-11-13 19:01:51.545 [info] fatal: not a git repository (or any of the parent directories): .git
2023-11-13 19:01:51.584 [info] > git rev-parse --show-toplevel [1ms]
2023-11-13 19:01:51.584 [info] fatal: not a git repository (or any of the parent directories): .git
2023-11-13 19:01:51.593 [info] > git rev-parse --show-toplevel [1ms]
2023-11-13 19:01:51.593 [info] fatal: not a git repository (or any of the parent directories): .git
2023-11-13 19:01:51.603 [info] > git rev-parse --show-toplevel [2ms]
2023-11-13 19:01:51.603 [info] fatal: not a git repository (or any of the parent directories): .git
2023-11-13 19:01:51.648 [info] > git rev-parse --show-toplevel [0ms]
2023-11-13 19:01:51.648 [info] fatal: not a git repository (or any of the parent directories): .git
2023-11-13 19:03:33.349 [info] > git rev-parse --show-toplevel [2ms]
2023-11-13 19:03:33.349 [info] fatal: not a git repository (or any of the parent directories): .git
2023-11-13 19:03:37.453 [info] > git rev-parse --show-toplevel [1ms]
2023-11-13 19:03:37.453 [info] fatal: not a git repository (or any of the parent directories): .git
2023-11-13 19:04:15.780 [info] > git rev-parse --show-toplevel [1ms]
2023-11-13 19:04:15.780 [info] fatal: not a git repository (or any of the parent directories): .git
2023-11-13 19:04:15.789 [info] > git rev-parse --show-toplevel [2ms]
2023-11-13 19:04:15.789 [info] fatal: not a git repository (or any of the parent directories): .git
2023-11-13 19:04:20.168 [info] > git rev-parse --show-toplevel [1ms]
2023-11-13 19:04:20.168 [info] fatal: not a git repository (or any of the parent directories): .git
2023-11-13 19:04:20.185 [info] > git rev-parse --show-toplevel [3ms]
2023-11-13 19:04:20.185 [info] fatal: not a git repository (or any of the parent directories): .git
2023-11-13 19:04:30.801 [info] > git rev-parse --show-toplevel [1ms]
2023-11-13 19:04:30.801 [info] fatal: not a git repository (or any of the parent directories): .git
2023-11-13 19:04:30.806 [info] > git rev-parse --show-toplevel [1ms]
2023-11-13 19:04:30.806 [info] fatal: not a git repository (or any of the parent directories): .git
2023-11-13 19:04:33.340 [info] > git rev-parse --show-toplevel [0ms]
2023-11-13 19:04:33.340 [info] fatal: not a git repository (or any of the parent directories): .git
2023-11-13 19:04:33.347 [info] > git rev-parse --show-toplevel [0ms]
2023-11-13 19:04:33.347 [info] fatal: not a git repository (or any of the parent directories): .git
2023-11-13 19:04:33.709 [info] > git rev-parse --show-toplevel [1ms]
2023-11-13 19:04:33.709 [info] fatal: not a git repository (or any of the parent directories): .git
2023-11-13 19:04:40.936 [info] > git rev-parse --show-toplevel [2ms]
2023-11-13 19:04:40.936 [info] fatal: not a git repository (or any of the parent directories): .git
2023-11-13 19:04:40.946 [info] > git rev-parse --show-toplevel [1ms]
2023-11-13 19:04:40.946 [info] fatal: not a git repository (or any of the parent directories): .git
2023-11-13 19:04:40.955 [info] > git rev-parse --show-toplevel [2ms]
2023-11-13 19:04:40.955 [info] fatal: not a git repository (or any of the parent directories): .git
2023-11-13 19:05:02.020 [info] > git rev-parse --show-toplevel [3ms]
2023-11-13 19:05:02.020 [info] fatal: not a git repository (or any of the parent directories): .git
2023-11-13 19:05:02.075 [info] > git rev-parse --show-toplevel [1ms]
2023-11-13 19:05:02.075 [info] fatal: not a git repository (or any of the parent directories): .git
2023-11-13 19:05:10.376 [info] > git rev-parse --show-toplevel [1ms]
2023-11-13 19:05:10.376 [info] fatal: not a git repository (or any of the parent directories): .git
2023-11-13 19:05:10.384 [info] > git rev-parse --show-toplevel [1ms]
2023-11-13 19:05:10.384 [info] fatal: not a git repository (or any of the parent directories): .git
2023-11-13 19:05:10.390 [info] > git rev-parse --show-toplevel [0ms]
2023-11-13 19:05:10.390 [info] fatal: not a git repository (or any of the parent directories): .git
2023-11-13 19:05:10.396 [info] > git rev-parse --show-toplevel [1ms]
2023-11-13 19:05:10.396 [info] fatal: not a git repository (or any of the parent directories): .git
2023-11-13 19:05:10.418 [info] > git rev-parse --show-toplevel [1ms]
2023-11-13 19:05:10.418 [info] fatal: not a git repository (or any of the parent directories): .git
2023-11-13 19:05:10.424 [info] > git rev-parse --show-toplevel [1ms]
2023-11-13 19:05:10.424 [info] fatal: not a git repository (or any of the parent directories): .git
2023-11-13 19:05:11.955 [info] > git rev-parse --show-toplevel [1ms]
2023-11-13 19:05:11.955 [info] fatal: not a git repository (or any of the parent directories): .git
2023-11-13 19:05:12.074 [info] > git rev-parse --show-toplevel [4ms]
2023-11-13 19:05:12.074 [info] fatal: not a git repository (or any of the parent directories): .git
2023-11-13 19:05:12.083 [info] > git rev-parse --show-toplevel [2ms]
2023-11-13 19:05:12.083 [info] fatal: not a git repository (or any of the parent directories): .git
2023-11-13 19:05:12.091 [info] > git rev-parse --show-toplevel [1ms]
2023-11-13 19:05:12.091 [info] fatal: not a git repository (or any of the parent directories): .git
2023-11-13 19:05:12.098 [info] > git rev-parse --show-toplevel [1ms]
2023-11-13 19:05:12.098 [info] fatal: not a git repository (or any of the parent directories): .git
2023-11-13 19:05:13.338 [info] > git rev-parse --show-toplevel [1ms]
2023-11-13 19:05:13.338 [info] fatal: not a git repository (or any of the parent directories): .git
2023-11-13 19:05:13.354 [info] > git rev-parse --show-toplevel [1ms]
2023-11-13 19:05:13.354 [info] fatal: not a git repository (or any of the parent directories): .git
