Visual Studio Code (1.84.2, undefined, desktop)
Jupyter Extension Version: 2023.10.1003070148.
Python Extension Version: 2023.20.0.
Platform: linux (x64).
Workspace folder ~/Documents/01_UPenn/01_ESE5460/02_Homework, Home = /home/anirudhkailaje
11:05:26.340 [info] Start refreshing Kernel Picker (1699977926340)
11:05:26.342 [info] Using Pylance
11:05:27.048 [warn] Failed to get activated env vars for /bin/python3 in 550ms
11:05:27.054 [info] Process Execution: /bin/python3 -c "import site;print("USER_BASE_VALUE");print(site.USER_BASE);print("USER_BASE_VALUE");"
11:05:27.074 [info] Process Execution: /bin/python3 -m pip list
11:05:27.497 [info] End refreshing Kernel Picker (1699977926340)
11:05:27.956 [warn] No interpreter for Pylance for Notebook URI "~/Documents/01_UPenn/01_ESE5460/02_Homework/01_Homework1/src/HW1_Problem_1.ipynb"
11:09:29.739 [info] Ending debug session bba9074b-98e5-45f2-a82d-6c21f698624c
11:09:29.739 [info] Ending debug session bba9074b-98e5-45f2-a82d-6c21f698624c
11:26:10.133 [info] Ending debug session 058ca651-bfb3-470e-af47-94a15d0257df
11:26:10.133 [info] Ending debug session 058ca651-bfb3-470e-af47-94a15d0257df
11:31:52.985 [info] Ending debug session ac57cf6c-fffb-47e9-a771-d98d29744aec
11:31:52.986 [info] Ending debug session ac57cf6c-fffb-47e9-a771-d98d29744aec
16:40:10.042 [info] Ending debug session dfc060fd-1770-4121-855e-3b5ffe520b37
16:40:10.042 [info] Ending debug session dfc060fd-1770-4121-855e-3b5ffe520b37
17:21:54.247 [info] Ending debug session e8d0a915-74ea-4979-81b1-934e0d8bbfaa
17:21:54.247 [info] Ending debug session e8d0a915-74ea-4979-81b1-934e0d8bbfaa
17:23:21.437 [info] Ending debug session 052677a2-7c2e-4765-9cf7-2e73b6f004c9
17:23:21.437 [info] Ending debug session 052677a2-7c2e-4765-9cf7-2e73b6f004c9
17:34:05.322 [info] Start refreshing Interpreter Kernel Picker
17:34:05.322 [info] Start refreshing Kernel Picker (1700001245322)
17:34:05.334 [warn] No interpreter for Pylance for Notebook URI "~/Documents/01_UPenn/01_ESE5460/02_Homework/04_Homework4/leclerc_nima_hw4_prob1.ipynb"
17:34:06.484 [info] End refreshing Kernel Picker (1700001245322)
17:40:21.813 [info] Ending debug session 3e346656-b246-4796-ab80-00e7a4265323
17:40:21.814 [info] Ending debug session 3e346656-b246-4796-ab80-00e7a4265323
17:53:28.977 [info] Ending debug session 88fd2eea-b8d7-4b60-b153-e0fd77511f8d
17:53:28.977 [info] Ending debug session 88fd2eea-b8d7-4b60-b153-e0fd77511f8d
18:09:54.591 [info] Ending debug session c7b7e3c6-a2e7-46ac-aae6-ab4dcdf718ce
18:09:54.591 [info] Ending debug session c7b7e3c6-a2e7-46ac-aae6-ab4dcdf718ce
18:30:46.134 [warn] No interpreter for Pylance for Notebook URI "~/Documents/01_UPenn/01_ESE5460/02_Homework/04_Homework4/leclerc_nima_hw4_prob1.ipynb"
18:45:21.425 [info] Ending debug session 31c376b3-02ca-47db-a5d1-6e161f6b145e
18:45:21.425 [info] Ending debug session 31c376b3-02ca-47db-a5d1-6e161f6b145e
18:48:17.124 [info] Ending debug session 3bc3ca54-4fe3-4ff6-99dd-ba949048713b
18:48:17.124 [info] Ending debug session 3bc3ca54-4fe3-4ff6-99dd-ba949048713b
19:01:54.888 [info] Ending debug session c8478473-db39-4ec6-9251-6c964b9f6d33
19:01:54.888 [info] Ending debug session c8478473-db39-4ec6-9251-6c964b9f6d33
19:09:00.607 [info] Ending debug session 0da79737-7b0a-4614-94fe-df7797424a64
19:09:00.607 [info] Ending debug session 0da79737-7b0a-4614-94fe-df7797424a64
19:10:13.763 [info] Ending debug session 41146946-7c1d-426c-b00f-cd9bbb1565dc
19:10:13.763 [info] Ending debug session 41146946-7c1d-426c-b00f-cd9bbb1565dc
19:11:27.215 [info] Ending debug session bfdc92b1-bf80-49ae-a3cb-be0277e6ea68
19:11:27.215 [info] Ending debug session bfdc92b1-bf80-49ae-a3cb-be0277e6ea68
19:14:54.226 [info] Ending debug session b8b6768e-3789-4916-8ecc-b15565bc64d5
19:14:54.226 [info] Ending debug session b8b6768e-3789-4916-8ecc-b15565bc64d5
19:15:59.703 [info] Ending debug session 72ef66e6-b99e-44d5-93e1-b597ef5e6c8d
19:15:59.703 [info] Ending debug session 72ef66e6-b99e-44d5-93e1-b597ef5e6c8d
19:16:32.463 [info] Ending debug session 186f0a93-6143-47dc-8c0e-63c149cc51ee
19:16:32.464 [info] Ending debug session 186f0a93-6143-47dc-8c0e-63c149cc51ee
19:17:25.815 [info] Ending debug session cb5496e5-34b2-4687-bf75-f1dc1c21b02d
19:17:25.815 [info] Ending debug session cb5496e5-34b2-4687-bf75-f1dc1c21b02d
19:19:55.309 [info] Ending debug session 32426671-5f1e-4249-a485-ddffb4ad7d4f
19:19:55.309 [info] Ending debug session 32426671-5f1e-4249-a485-ddffb4ad7d4f
19:21:49.937 [warn] No interpreter for Pylance for Notebook URI "~/Documents/01_UPenn/01_ESE5460/02_Homework/04_Homework4/leclerc_nima_hw4_prob1.ipynb"
19:27:11.965 [info] Ending debug session 4e2938db-5e1f-45e1-9b23-deb144b7d783
19:27:11.965 [info] Ending debug session 4e2938db-5e1f-45e1-9b23-deb144b7d783
19:28:10.712 [info] Ending debug session 91ed7030-a389-49c5-b2db-eb077339c29e
19:28:10.712 [info] Ending debug session 91ed7030-a389-49c5-b2db-eb077339c29e
19:44:07.706 [info] Ending debug session 7f288fcd-c233-42af-85f5-8ed4a0662164
19:44:07.706 [info] Ending debug session 7f288fcd-c233-42af-85f5-8ed4a0662164
19:45:12.036 [warn] No interpreter for Pylance for Notebook URI "~/Documents/01_UPenn/01_ESE5460/02_Homework/04_Homework4/leclerc_nima_hw4_prob1.ipynb"
19:48:11.742 [info] Handle Execution of Cells 0 for ~/Documents/01_UPenn/01_ESE5460/02_Homework/04_Homework4/leclerc_nima_hw4_prob1.ipynb
19:48:11.745 [info] Starting Kernel startUsingPythonInterpreter, .jvsc74a57bd0916dbcbb3f70747c44a77c7bcd40155683ae19c65e1c03b4aa3499c5328201f1./bin/python3./bin/python3.-m#ipykernel_launcher  (Python Path: /bin/python3, Unknown, 3.11.2) for '~/Documents/01_UPenn/01_ESE5460/02_Homework/04_Homework4/leclerc_nima_hw4_prob1.ipynb' (disableUI=false)
19:48:11.785 [warn] Failed to get activated env vars for /bin/python3 in 34ms
19:48:11.794 [info] Process Execution: /bin/python3 -c "import ipykernel; print(ipykernel.__version__); print("5dc3a68c-e34e-4080-9c3e-2a532b2ccb4d"); print(ipykernel.__file__)"
19:48:11.802 [info] Process Execution: /bin/python3 -m ipykernel_launcher --ip=127.0.0.1 --stdin=9003 --control=9001 --hb=9000 --Session.signature_scheme="hmac-sha256" --Session.key=b"7ae5023f-9df2-4edb-9ce6-ee8af56cc34f" --shell=9002 --transport="tcp" --iopub=9004 --f=~/.local/share/jupyter/runtime/kernel-v2-94001ObauXCNtIsip.json
    > cwd: ~/Documents/01_UPenn/01_ESE5460/02_Homework/04_Homework4
19:48:11.809 [warn] Failed to get activated env vars for /bin/python3 in 52ms
19:48:11.818 [info] Process Execution: /bin/python3 -m pip list
19:48:11.911 [info] ipykernel version & path 6.17.0, /usr/lib/python3/dist-packages/ipykernel/__init__.py for /bin/python3
19:48:12.109 [warn] StdErr from Kernel Process 0.00s - Debugger warning: It seems that frozen modules are being used, which may
0.00s - make the debugger miss breakpoints. Please pass -Xfrozen_modules=off
0.00s - to python to disable frozen modules.
0.00s - Note: Debugging will proceed. Set PYDEVD_DISABLE_FILE_VALIDATION=1 to disable this validation.
19:48:12.333 [info] Process Execution: /bin/python3 ~/.vscode/extensions/ms-toolsai.jupyter-2023.10.1003070148-linux-x64/pythonFiles/printJupyterDataDir.py
19:48:12.342 [info] Kernel acknowledged execution of cell 0 @ 1700009292341
19:48:12.734 [warn] StdErr from Kernel Process 2023-11-14 19:48:12.698282: I tensorflow/core/util/port.cc:113] oneDNN custom operations are on. You may see slightly different numerical results due to floating-point round-off errors from different computation orders. To turn them off, set the environment variable `TF_ENABLE_ONEDNN_OPTS=0`.
2023-11-14 19:48:12.728250: E external/local_xla/xla/stream_executor/cuda/cuda_dnn.cc:9261] Unable to register cuDNN factory: Attempting to register factory for plugin cuDNN when one has already been registered
2023-11-14 19:48:12.728280: E external/local_xla/xla/stream_executor/cuda/cuda_fft.cc:607] Unable to register cuFFT factory: Attempting to register factory for plugin cuFFT when one has already been registered
2023-11-14 19:48:12.729087: E external/local_xla/xla/stream_executor/cuda/cuda_blas.cc:1515] Unable to register cuBLAS factory: Attempting to register factory for plugin cuBLAS when one has already been registered
19:48:12.734 [warn] StdErr from Kernel Process 2023-11-14 19:48:12.734201: I tensorflow/core/platform/cpu_feature_guard.cc:182] This TensorFlow binary is optimized to use available CPU instructions in performance-critical operations.
To enable the following instructions: AVX2 AVX_VNNI FMA, in other operations, rebuild TensorFlow with the appropriate compiler flags.
19:48:13.325 [warn] StdErr from Kernel Process 2023-11-14 19:48:13.323442: W tensorflow/compiler/tf2tensorrt/utils/py_utils.cc:38] TF-TRT Warning: Could not find TensorRT
19:48:14.412 [info] End cell 0 execution @ 1700009294411, started @ 1700009292341, elapsed time = 2.07s
19:48:14.412 [warn] Cancel all remaining cells due to cancellation or failure in execution
19:49:20.893 [info] Restart requested ~/Documents/01_UPenn/01_ESE5460/02_Homework/04_Homework4/leclerc_nima_hw4_prob1.ipynb
19:49:20.895 [info] Dispose Kernel process 948082.
19:49:20.928 [warn] Failed to get activated env vars for /bin/python3 in 21ms
19:49:20.936 [info] Process Execution: /bin/python3 -c "import ipykernel; print(ipykernel.__version__); print("5dc3a68c-e34e-4080-9c3e-2a532b2ccb4d"); print(ipykernel.__file__)"
19:49:20.943 [info] Process Execution: /bin/python3 -m ipykernel_launcher --ip=127.0.0.1 --stdin=9008 --control=9006 --hb=9005 --Session.signature_scheme="hmac-sha256" --Session.key=b"d847e031-60d3-4323-9fc2-d4280175b99d" --shell=9007 --transport="tcp" --iopub=9009 --f=~/.local/share/jupyter/runtime/kernel-v2-940017jaCIvFe5oGi.json
    > cwd: ~/Documents/01_UPenn/01_ESE5460/02_Homework/04_Homework4
19:49:21.066 [info] ipykernel version & path 6.17.0, /usr/lib/python3/dist-packages/ipykernel/__init__.py for /bin/python3
19:49:21.270 [warn] StdErr from Kernel Process 0.00s - Debugger warning: It seems that frozen modules are being used, which may
0.00s - make the debugger miss breakpoints. Please pass -Xfrozen_modules=off
0.00s - to python to disable frozen modules.
0.00s - Note: Debugging will proceed. Set PYDEVD_DISABLE_FILE_VALIDATION=1 to disable this validation.
19:49:21.355 [info] Restarted 75d5ef9b-590d-44ca-8f9f-f27b7764eb1c
19:49:26.505 [info] Handle Execution of Cells 0 for ~/Documents/01_UPenn/01_ESE5460/02_Homework/04_Homework4/leclerc_nima_hw4_prob1.ipynb
19:49:26.511 [info] Kernel acknowledged execution of cell 0 @ 1700009366510
19:49:26.847 [warn] StdErr from Kernel Process 2023-11-14 19:49:26.804392: I tensorflow/core/util/port.cc:113] oneDNN custom operations are on. You may see slightly different numerical results due to floating-point round-off errors from different computation orders. To turn them off, set the environment variable `TF_ENABLE_ONEDNN_OPTS=0`.
19:49:26.847 [warn] StdErr from Kernel Process 2023-11-14 19:49:26.838705: E external/local_xla/xla/stream_executor/cuda/cuda_dnn.cc:9261] Unable to register cuDNN factory: Attempting to register factory for plugin cuDNN when one has already been registered
2023-11-14 19:49:26.838747: E external/local_xla/xla/stream_executor/cuda/cuda_fft.cc:607] Unable to register cuFFT factory: Attempting to register factory for plugin cuFFT when one has already been registered
2023-11-14 19:49:26.839967: E external/local_xla/xla/stream_executor/cuda/cuda_blas.cc:1515] Unable to register cuBLAS factory: Attempting to register factory for plugin cuBLAS when one has already been registered
2023-11-14 19:49:26.847071: I tensorflow/core/platform/cpu_feature_guard.cc:182] This TensorFlow binary is optimized to use available CPU instructions in performance-critical operations.
To enable the following instructions: AVX2 AVX_VNNI FMA, in other operations, rebuild TensorFlow with the appropriate compiler flags.
19:49:27.425 [warn] StdErr from Kernel Process 2023-11-14 19:49:27.423082: W tensorflow/compiler/tf2tensorrt/utils/py_utils.cc:38] TF-TRT Warning: Could not find TensorRT
19:49:28.390 [info] End cell 0 execution @ 1700009368390, started @ 1700009366510, elapsed time = 1.88s
19:49:33.844 [info] Handle Execution of Cells 2 for ~/Documents/01_UPenn/01_ESE5460/02_Homework/04_Homework4/leclerc_nima_hw4_prob1.ipynb
19:49:33.855 [info] Kernel acknowledged execution of cell 2 @ 1700009373854
19:49:35.309 [info] End cell 2 execution @ 1700009375309, started @ 1700009373854, elapsed time = 1.455s
19:49:50.242 [info] Handle Execution of Cells 5 for ~/Documents/01_UPenn/01_ESE5460/02_Homework/04_Homework4/leclerc_nima_hw4_prob1.ipynb
19:49:50.251 [info] Kernel acknowledged execution of cell 5 @ 1700009390250
19:49:50.253 [info] End cell 5 execution @ 1700009390253, started @ 1700009390250, elapsed time = 0.003s
19:51:06.958 [info] Handle Execution of Cells 5 for ~/Documents/01_UPenn/01_ESE5460/02_Homework/04_Homework4/leclerc_nima_hw4_prob1.ipynb
19:51:06.962 [info] Kernel acknowledged execution of cell 5 @ 1700009466962
19:51:06.973 [info] End cell 5 execution @ 1700009466972, started @ 1700009466962, elapsed time = 0.01s
19:51:10.060 [info] Handle Execution of Cells 7 for ~/Documents/01_UPenn/01_ESE5460/02_Homework/04_Homework4/leclerc_nima_hw4_prob1.ipynb
19:51:10.075 [info] Kernel acknowledged execution of cell 7 @ 1700009470075
19:51:10.197 [info] End cell 7 execution @ 1700009470197, started @ 1700009470075, elapsed time = 0.122s
19:51:10.197 [warn] Cancel all remaining cells due to cancellation or failure in execution
19:51:44.353 [info] Handle Execution of Cells 8 for ~/Documents/01_UPenn/01_ESE5460/02_Homework/04_Homework4/leclerc_nima_hw4_prob1.ipynb
19:51:44.361 [info] Kernel acknowledged execution of cell 8 @ 1700009504361
19:51:44.363 [info] End cell 8 execution @ 1700009504363, started @ 1700009504361, elapsed time = 0.002s
19:52:07.659 [info] Handle Execution of Cells 8 for ~/Documents/01_UPenn/01_ESE5460/02_Homework/04_Homework4/leclerc_nima_hw4_prob1.ipynb
19:52:07.672 [info] Kernel acknowledged execution of cell 8 @ 1700009527671
19:52:07.674 [info] End cell 8 execution @ 1700009527674, started @ 1700009527671, elapsed time = 0.003s
19:52:07.675 [warn] Cancel all remaining cells due to cancellation or failure in execution
19:52:14.720 [info] Handle Execution of Cells 8 for ~/Documents/01_UPenn/01_ESE5460/02_Homework/04_Homework4/leclerc_nima_hw4_prob1.ipynb
19:52:14.730 [info] Kernel acknowledged execution of cell 8 @ 1700009534730
19:52:14.733 [info] End cell 8 execution @ 1700009534733, started @ 1700009534730, elapsed time = 0.003s
19:52:14.733 [warn] Cancel all remaining cells due to cancellation or failure in execution
19:54:34.589 [info] Handle Execution of Cells 5 for ~/Documents/01_UPenn/01_ESE5460/02_Homework/04_Homework4/leclerc_nima_hw4_prob1.ipynb
19:54:34.593 [info] Kernel acknowledged execution of cell 5 @ 1700009674593
19:54:34.600 [info] End cell 5 execution @ 1700009674600, started @ 1700009674593, elapsed time = 0.007s
19:54:36.611 [info] Handle Execution of Cells 7 for ~/Documents/01_UPenn/01_ESE5460/02_Homework/04_Homework4/leclerc_nima_hw4_prob1.ipynb
19:54:36.619 [info] Kernel acknowledged execution of cell 7 @ 1700009676619
19:54:36.660 [info] End cell 7 execution @ 1700009676659, started @ 1700009676619, elapsed time = 0.04s
19:54:36.660 [warn] Cancel all remaining cells due to cancellation or failure in execution
19:55:16.321 [info] Handle Execution of Cells 5 for ~/Documents/01_UPenn/01_ESE5460/02_Homework/04_Homework4/leclerc_nima_hw4_prob1.ipynb
19:55:16.333 [info] Kernel acknowledged execution of cell 5 @ 1700009716333
19:55:16.335 [info] End cell 5 execution @ 1700009716335, started @ 1700009716333, elapsed time = 0.002s
19:55:18.926 [info] Handle Execution of Cells 7 for ~/Documents/01_UPenn/01_ESE5460/02_Homework/04_Homework4/leclerc_nima_hw4_prob1.ipynb
19:55:18.938 [info] Kernel acknowledged execution of cell 7 @ 1700009718938
19:55:18.976 [info] End cell 7 execution @ 1700009718976, started @ 1700009718938, elapsed time = 0.038s
19:55:18.976 [warn] Cancel all remaining cells due to cancellation or failure in execution
19:55:54.571 [info] Handle Execution of Cells 5 for ~/Documents/01_UPenn/01_ESE5460/02_Homework/04_Homework4/leclerc_nima_hw4_prob1.ipynb
19:55:54.580 [info] Kernel acknowledged execution of cell 5 @ 1700009754579
19:55:54.584 [info] End cell 5 execution @ 1700009754584, started @ 1700009754579, elapsed time = 0.005s
19:55:55.943 [info] Handle Execution of Cells 7 for ~/Documents/01_UPenn/01_ESE5460/02_Homework/04_Homework4/leclerc_nima_hw4_prob1.ipynb
19:55:55.951 [info] Kernel acknowledged execution of cell 7 @ 1700009755951
19:55:58.944 [info] Interrupt kernel execution
19:55:58.944 [info] Interrupt requested ~/Documents/01_UPenn/01_ESE5460/02_Homework/04_Homework4/leclerc_nima_hw4_prob1.ipynb
19:55:58.944 [info] Interrupt kernel execution
19:55:58.945 [info] Interrupting kernel: pythonjvsc74a57bd0916dbcbb3f70747c44a77c7bcd40155683ae19c65e1c03b4aa3499c5328201f1
19:55:58.945 [info] Interrupting kernel via SIGINT
19:55:58.983 [info] End cell 7 execution @ 1700009758982, started @ 1700009755951, elapsed time = 3.031s
19:55:58.983 [warn] Cancel all remaining cells due to cancellation or failure in execution
19:55:58.984 [info] Interrupt requested & sent for ~/Documents/01_UPenn/01_ESE5460/02_Homework/04_Homework4/leclerc_nima_hw4_prob1.ipynb in notebookEditor.
19:56:59.580 [info] Handle Execution of Cells 5 for ~/Documents/01_UPenn/01_ESE5460/02_Homework/04_Homework4/leclerc_nima_hw4_prob1.ipynb
19:56:59.583 [info] Kernel acknowledged execution of cell 5 @ 1700009819583
19:56:59.592 [info] End cell 5 execution @ 1700009819592, started @ 1700009819583, elapsed time = 0.009s
19:57:01.112 [info] Handle Execution of Cells 7 for ~/Documents/01_UPenn/01_ESE5460/02_Homework/04_Homework4/leclerc_nima_hw4_prob1.ipynb
19:57:01.118 [info] Kernel acknowledged execution of cell 7 @ 1700009821118
19:57:06.594 [info] Interrupt kernel execution
19:57:06.594 [info] Interrupt requested ~/Documents/01_UPenn/01_ESE5460/02_Homework/04_Homework4/leclerc_nima_hw4_prob1.ipynb
19:57:06.594 [info] Interrupt kernel execution
19:57:06.594 [info] Interrupting kernel: pythonjvsc74a57bd0916dbcbb3f70747c44a77c7bcd40155683ae19c65e1c03b4aa3499c5328201f1
19:57:06.594 [info] Interrupting kernel via SIGINT
19:57:06.662 [info] End cell 7 execution @ 1700009826662, started @ 1700009821118, elapsed time = 5.544s
19:57:06.662 [warn] Cancel all remaining cells due to cancellation or failure in execution
19:57:06.663 [info] Interrupt requested & sent for ~/Documents/01_UPenn/01_ESE5460/02_Homework/04_Homework4/leclerc_nima_hw4_prob1.ipynb in notebookEditor.
19:57:37.885 [info] Handle Execution of Cells 5 for ~/Documents/01_UPenn/01_ESE5460/02_Homework/04_Homework4/leclerc_nima_hw4_prob1.ipynb
19:57:37.893 [info] Kernel acknowledged execution of cell 5 @ 1700009857893
19:57:37.895 [info] End cell 5 execution @ 1700009857895, started @ 1700009857893, elapsed time = 0.002s
19:57:40.166 [info] Handle Execution of Cells 7 for ~/Documents/01_UPenn/01_ESE5460/02_Homework/04_Homework4/leclerc_nima_hw4_prob1.ipynb
19:57:40.170 [info] Kernel acknowledged execution of cell 7 @ 1700009860170
19:57:45.796 [info] End cell 7 execution @ 1700009865796, started @ 1700009860170, elapsed time = 5.626s
19:58:42.438 [info] Handle Execution of Cells 5 for ~/Documents/01_UPenn/01_ESE5460/02_Homework/04_Homework4/leclerc_nima_hw4_prob1.ipynb
19:58:42.447 [info] Kernel acknowledged execution of cell 5 @ 1700009922447
19:58:42.448 [info] End cell 5 execution @ 1700009922448, started @ 1700009922447, elapsed time = 0.001s
19:58:44.923 [info] Handle Execution of Cells 7 for ~/Documents/01_UPenn/01_ESE5460/02_Homework/04_Homework4/leclerc_nima_hw4_prob1.ipynb
19:58:44.931 [info] Kernel acknowledged execution of cell 7 @ 1700009924931
19:58:49.920 [info] Interrupt kernel execution
19:58:49.921 [info] Interrupt requested ~/Documents/01_UPenn/01_ESE5460/02_Homework/04_Homework4/leclerc_nima_hw4_prob1.ipynb
19:58:49.921 [info] Interrupt kernel execution
19:58:49.921 [info] Interrupting kernel: pythonjvsc74a57bd0916dbcbb3f70747c44a77c7bcd40155683ae19c65e1c03b4aa3499c5328201f1
19:58:49.921 [info] Interrupting kernel via SIGINT
19:58:49.966 [info] End cell 7 execution @ 1700009929966, started @ 1700009924931, elapsed time = 5.035s
19:58:49.966 [warn] Cancel all remaining cells due to cancellation or failure in execution
19:58:49.967 [info] Interrupt requested & sent for ~/Documents/01_UPenn/01_ESE5460/02_Homework/04_Homework4/leclerc_nima_hw4_prob1.ipynb in notebookEditor.
19:59:23.248 [info] Handle Execution of Cells 5 for ~/Documents/01_UPenn/01_ESE5460/02_Homework/04_Homework4/leclerc_nima_hw4_prob1.ipynb
19:59:23.258 [info] Kernel acknowledged execution of cell 5 @ 1700009963258
19:59:23.261 [info] End cell 5 execution @ 1700009963261, started @ 1700009963258, elapsed time = 0.003s
19:59:24.596 [info] Handle Execution of Cells 7 for ~/Documents/01_UPenn/01_ESE5460/02_Homework/04_Homework4/leclerc_nima_hw4_prob1.ipynb
19:59:24.616 [info] Kernel acknowledged execution of cell 7 @ 1700009964616
19:59:30.781 [info] End cell 7 execution @ 1700009970781, started @ 1700009964616, elapsed time = 6.165s
20:06:39.314 [info] Handle Execution of Cells 5 for ~/Documents/01_UPenn/01_ESE5460/02_Homework/04_Homework4/leclerc_nima_hw4_prob1.ipynb
20:06:39.324 [info] Kernel acknowledged execution of cell 5 @ 1700010399323
20:06:39.326 [info] End cell 5 execution @ 1700010399326, started @ 1700010399323, elapsed time = 0.003s
20:06:40.747 [info] Handle Execution of Cells 7 for ~/Documents/01_UPenn/01_ESE5460/02_Homework/04_Homework4/leclerc_nima_hw4_prob1.ipynb
20:06:40.756 [info] Kernel acknowledged execution of cell 7 @ 1700010400756
20:06:46.570 [info] End cell 7 execution @ 1700010406570, started @ 1700010400756, elapsed time = 5.814s
20:06:49.319 [info] Handle Execution of Cells 8 for ~/Documents/01_UPenn/01_ESE5460/02_Homework/04_Homework4/leclerc_nima_hw4_prob1.ipynb
20:06:49.323 [info] Kernel acknowledged execution of cell 8 @ 1700010409323
20:06:49.326 [info] End cell 8 execution @ 1700010409326, started @ 1700010409323, elapsed time = 0.003s
20:06:51.643 [info] Handle Execution of Cells 10 for ~/Documents/01_UPenn/01_ESE5460/02_Homework/04_Homework4/leclerc_nima_hw4_prob1.ipynb
20:06:51.650 [info] Kernel acknowledged execution of cell 10 @ 1700010411650
20:06:51.875 [info] End cell 10 execution @ 1700010411875, started @ 1700010411650, elapsed time = 0.225s
20:10:56.150 [info] Ending debug session 25487f8e-1375-4288-b7b2-823c5261bd41
20:10:56.150 [info] Ending debug session 25487f8e-1375-4288-b7b2-823c5261bd41
20:33:27.463 [info] Handle Execution of Cells 7 for ~/Documents/01_UPenn/01_ESE5460/02_Homework/04_Homework4/leclerc_nima_hw4_prob1.ipynb
20:33:27.471 [info] Kernel acknowledged execution of cell 7 @ 1700012007471
20:33:33.008 [info] End cell 7 execution @ 1700012013008, started @ 1700012007471, elapsed time = 5.537s
20:33:34.109 [info] Handle Execution of Cells 8 for ~/Documents/01_UPenn/01_ESE5460/02_Homework/04_Homework4/leclerc_nima_hw4_prob1.ipynb
20:33:34.119 [info] Kernel acknowledged execution of cell 8 @ 1700012014119
20:33:34.127 [info] End cell 8 execution @ 1700012014127, started @ 1700012014119, elapsed time = 0.008s
20:33:34.127 [warn] Cancel all remaining cells due to cancellation or failure in execution
20:33:39.976 [info] Handle Execution of Cells 5 for ~/Documents/01_UPenn/01_ESE5460/02_Homework/04_Homework4/leclerc_nima_hw4_prob1.ipynb
20:33:39.989 [info] Kernel acknowledged execution of cell 5 @ 1700012019989
20:33:39.991 [info] End cell 5 execution @ 1700012019991, started @ 1700012019989, elapsed time = 0.002s
20:33:41.403 [info] Handle Execution of Cells 7 for ~/Documents/01_UPenn/01_ESE5460/02_Homework/04_Homework4/leclerc_nima_hw4_prob1.ipynb
20:33:41.417 [info] Kernel acknowledged execution of cell 7 @ 1700012021416
20:33:41.452 [info] End cell 7 execution @ 1700012021452, started @ 1700012021416, elapsed time = 0.036s
20:33:41.452 [warn] Cancel all remaining cells due to cancellation or failure in execution
20:34:24.101 [info] Restart requested ~/Documents/01_UPenn/01_ESE5460/02_Homework/04_Homework4/leclerc_nima_hw4_prob1.ipynb
20:34:24.102 [info] Dispose Kernel process 950375.
20:34:24.144 [warn] Failed to get activated env vars for /bin/python3 in 26ms
20:34:24.153 [info] Process Execution: /bin/python3 -c "import ipykernel; print(ipykernel.__version__); print("5dc3a68c-e34e-4080-9c3e-2a532b2ccb4d"); print(ipykernel.__file__)"
20:34:24.159 [info] Process Execution: /bin/python3 -m ipykernel_launcher --ip=127.0.0.1 --stdin=9003 --control=9001 --hb=9000 --Session.signature_scheme="hmac-sha256" --Session.key=b"8db1883c-6b13-439c-aca6-e34c773ee9d7" --shell=9002 --transport="tcp" --iopub=9004 --f=~/.local/share/jupyter/runtime/kernel-v2-94001L5HG56oPWlK7.json
    > cwd: ~/Documents/01_UPenn/01_ESE5460/02_Homework/04_Homework4
20:34:24.266 [info] ipykernel version & path 6.17.0, /usr/lib/python3/dist-packages/ipykernel/__init__.py for /bin/python3
20:34:24.451 [warn] StdErr from Kernel Process 0.00s - Debugger warning: It seems that frozen modules are being used, which may
0.00s - make the debugger miss breakpoints. Please pass -Xfrozen_modules=off
0.00s - to python to disable frozen modules.
0.00s - Note: Debugging will proceed. Set PYDEVD_DISABLE_FILE_VALIDATION=1 to disable this validation.
20:34:24.579 [info] Restarted 75d5ef9b-590d-44ca-8f9f-f27b7764eb1c
20:34:26.769 [info] Handle Execution of Cells 0 for ~/Documents/01_UPenn/01_ESE5460/02_Homework/04_Homework4/leclerc_nima_hw4_prob1.ipynb
20:34:26.775 [info] Kernel acknowledged execution of cell 0 @ 1700012066775
20:34:27.074 [warn] StdErr from Kernel Process 2023-11-14 20:34:27.040151: I tensorflow/core/util/port.cc:113] oneDNN custom operations are on. You may see slightly different numerical results due to floating-point round-off errors from different computation orders. To turn them off, set the environment variable `TF_ENABLE_ONEDNN_OPTS=0`.
2023-11-14 20:34:27.067775: E external/local_xla/xla/stream_executor/cuda/cuda_dnn.cc:9261] Unable to register cuDNN factory: Attempting to register factory for plugin cuDNN when one has already been registered
2023-11-14 20:34:27.067826: E external/local_xla/xla/stream_executor/cuda/cuda_fft.cc:607] Unable to register cuFFT factory: Attempting to register factory for plugin cuFFT when one has already been registered
2023-11-14 20:34:27.068690: E external/local_xla/xla/stream_executor/cuda/cuda_blas.cc:1515] Unable to register cuBLAS factory: Attempting to register factory for plugin cuBLAS when one has already been registered
20:34:27.074 [warn] StdErr from Kernel Process 2023-11-14 20:34:27.073763: I tensorflow/core/platform/cpu_feature_guard.cc:182] This TensorFlow binary is optimized to use available CPU instructions in performance-critical operations.
To enable the following instructions: AVX2 AVX_VNNI FMA, in other operations, rebuild TensorFlow with the appropriate compiler flags.
20:34:27.633 [warn] StdErr from Kernel Process 2023-11-14 20:34:27.630491: W tensorflow/compiler/tf2tensorrt/utils/py_utils.cc:38] TF-TRT Warning: Could not find TensorRT
20:34:28.470 [info] End cell 0 execution @ 1700012068470, started @ 1700012066775, elapsed time = 1.695s
20:34:29.778 [info] Handle Execution of Cells 2 for ~/Documents/01_UPenn/01_ESE5460/02_Homework/04_Homework4/leclerc_nima_hw4_prob1.ipynb
20:34:29.788 [info] Kernel acknowledged execution of cell 2 @ 1700012069788
20:34:30.064 [info] End cell 2 execution @ 1700012070064, started @ 1700012069788, elapsed time = 0.276s
20:34:32.494 [info] Handle Execution of Cells 5 for ~/Documents/01_UPenn/01_ESE5460/02_Homework/04_Homework4/leclerc_nima_hw4_prob1.ipynb
20:34:32.503 [info] Kernel acknowledged execution of cell 5 @ 1700012072503
20:34:32.507 [info] End cell 5 execution @ 1700012072507, started @ 1700012072503, elapsed time = 0.004s
20:34:55.048 [info] Handle Execution of Cells 5 for ~/Documents/01_UPenn/01_ESE5460/02_Homework/04_Homework4/leclerc_nima_hw4_prob1.ipynb
20:34:55.057 [info] Kernel acknowledged execution of cell 5 @ 1700012095057
20:34:55.060 [info] End cell 5 execution @ 1700012095060, started @ 1700012095057, elapsed time = 0.003s
20:34:57.421 [info] Handle Execution of Cells 7 for ~/Documents/01_UPenn/01_ESE5460/02_Homework/04_Homework4/leclerc_nima_hw4_prob1.ipynb
20:34:57.429 [info] Kernel acknowledged execution of cell 7 @ 1700012097429
20:34:59.183 [info] End cell 7 execution @ 1700012099183, started @ 1700012097429, elapsed time = 1.754s
20:35:02.954 [info] Handle Execution of Cells 8 for ~/Documents/01_UPenn/01_ESE5460/02_Homework/04_Homework4/leclerc_nima_hw4_prob1.ipynb
20:35:02.976 [info] Kernel acknowledged execution of cell 8 @ 1700012102976
20:35:03.035 [info] End cell 8 execution @ 1700012103035, started @ 1700012102976, elapsed time = 0.059s
20:35:03.036 [warn] Cancel all remaining cells due to cancellation or failure in execution
20:35:27.550 [info] Handle Execution of Cells 5 for ~/Documents/01_UPenn/01_ESE5460/02_Homework/04_Homework4/leclerc_nima_hw4_prob1.ipynb
20:35:27.560 [info] Kernel acknowledged execution of cell 5 @ 1700012127560
20:35:27.562 [info] End cell 5 execution @ 1700012127562, started @ 1700012127560, elapsed time = 0.002s
20:35:32.227 [info] Handle Execution of Cells 8 for ~/Documents/01_UPenn/01_ESE5460/02_Homework/04_Homework4/leclerc_nima_hw4_prob1.ipynb
20:35:32.237 [info] Kernel acknowledged execution of cell 8 @ 1700012132237
20:35:32.246 [info] End cell 8 execution @ 1700012132246, started @ 1700012132237, elapsed time = 0.009s
20:35:32.246 [warn] Cancel all remaining cells due to cancellation or failure in execution
20:36:06.957 [info] Handle Execution of Cells 5 for ~/Documents/01_UPenn/01_ESE5460/02_Homework/04_Homework4/leclerc_nima_hw4_prob1.ipynb
20:36:06.968 [info] Kernel acknowledged execution of cell 5 @ 1700012166968
20:36:06.970 [info] End cell 5 execution @ 1700012166970, started @ 1700012166968, elapsed time = 0.002s
20:36:10.413 [info] Handle Execution of Cells 8 for ~/Documents/01_UPenn/01_ESE5460/02_Homework/04_Homework4/leclerc_nima_hw4_prob1.ipynb
20:36:10.417 [info] Kernel acknowledged execution of cell 8 @ 1700012170417
20:36:10.441 [info] End cell 8 execution @ 1700012170441, started @ 1700012170417, elapsed time = 0.024s
20:36:10.441 [warn] Cancel all remaining cells due to cancellation or failure in execution
20:36:52.721 [info] Handle Execution of Cells 5 for ~/Documents/01_UPenn/01_ESE5460/02_Homework/04_Homework4/leclerc_nima_hw4_prob1.ipynb
20:36:52.733 [info] Kernel acknowledged execution of cell 5 @ 1700012212733
20:36:52.734 [info] End cell 5 execution @ 1700012212734, started @ 1700012212733, elapsed time = 0.001s
20:36:55.417 [info] Handle Execution of Cells 8 for ~/Documents/01_UPenn/01_ESE5460/02_Homework/04_Homework4/leclerc_nima_hw4_prob1.ipynb
20:36:55.429 [info] Kernel acknowledged execution of cell 8 @ 1700012215429
20:36:55.442 [info] End cell 8 execution @ 1700012215441, started @ 1700012215429, elapsed time = 0.012s
20:36:55.442 [warn] Cancel all remaining cells due to cancellation or failure in execution
20:37:23.204 [info] Restart requested ~/Documents/01_UPenn/01_ESE5460/02_Homework/04_Homework4/leclerc_nima_hw4_prob1.ipynb
20:37:23.205 [info] Dispose Kernel process 1020653.
20:37:23.240 [warn] Failed to get activated env vars for /bin/python3 in 24ms
20:37:23.247 [info] Process Execution: /bin/python3 -c "import ipykernel; print(ipykernel.__version__); print("5dc3a68c-e34e-4080-9c3e-2a532b2ccb4d"); print(ipykernel.__file__)"
20:37:23.256 [info] Process Execution: /bin/python3 -m ipykernel_launcher --ip=127.0.0.1 --stdin=9008 --control=9006 --hb=9005 --Session.signature_scheme="hmac-sha256" --Session.key=b"2ba53ab6-09a9-48f3-a509-f75154578e1c" --shell=9007 --transport="tcp" --iopub=9009 --f=~/.local/share/jupyter/runtime/kernel-v2-94001k6K3CRDlt69g.json
    > cwd: ~/Documents/01_UPenn/01_ESE5460/02_Homework/04_Homework4
20:37:23.366 [info] ipykernel version & path 6.17.0, /usr/lib/python3/dist-packages/ipykernel/__init__.py for /bin/python3
20:37:23.558 [warn] StdErr from Kernel Process 0.00s - Debugger warning: It seems that frozen modules are being used, which may
0.00s - make the debugger miss breakpoints. Please pass -Xfrozen_modules=off
0.00s - to python to disable frozen modules.
0.00s - Note: Debugging will proceed. Set PYDEVD_DISABLE_FILE_VALIDATION=1 to disable this validation.
20:37:23.671 [info] Restarted 75d5ef9b-590d-44ca-8f9f-f27b7764eb1c
20:37:30.481 [info] Handle Execution of Cells 0 for ~/Documents/01_UPenn/01_ESE5460/02_Homework/04_Homework4/leclerc_nima_hw4_prob1.ipynb
20:37:30.486 [info] Kernel acknowledged execution of cell 0 @ 1700012250486
20:37:30.825 [warn] StdErr from Kernel Process 2023-11-14 20:37:30.780093: I tensorflow/core/util/port.cc:113] oneDNN custom operations are on. You may see slightly different numerical results due to floating-point round-off errors from different computation orders. To turn them off, set the environment variable `TF_ENABLE_ONEDNN_OPTS=0`.
2023-11-14 20:37:30.818116: E external/local_xla/xla/stream_executor/cuda/cuda_dnn.cc:9261] Unable to register cuDNN factory: Attempting to register factory for plugin cuDNN when one has already been registered
2023-11-14 20:37:30.818151: E external/local_xla/xla/stream_executor/cuda/cuda_fft.cc:607] Unable to register cuFFT factory: Attempting to register factory for plugin cuFFT when one has already been registered
2023-11-14 20:37:30.819149: E external/local_xla/xla/stream_executor/cuda/cuda_blas.cc:1515] Unable to register cuBLAS factory: Attempting to register factory for plugin cuBLAS when one has already been registered
20:37:30.825 [warn] StdErr from Kernel Process 2023-11-14 20:37:30.825151: I tensorflow/core/platform/cpu_feature_guard.cc:182] This TensorFlow binary is optimized to use available CPU instructions in performance-critical operations.
To enable the following instructions: AVX2 AVX_VNNI FMA, in other operations, rebuild TensorFlow with the appropriate compiler flags.
20:37:31.388 [warn] StdErr from Kernel Process 2023-11-14 20:37:31.385854: W tensorflow/compiler/tf2tensorrt/utils/py_utils.cc:38] TF-TRT Warning: Could not find TensorRT
20:37:32.225 [info] End cell 0 execution @ 1700012252225, started @ 1700012250486, elapsed time = 1.739s
20:37:33.078 [info] Handle Execution of Cells 2 for ~/Documents/01_UPenn/01_ESE5460/02_Homework/04_Homework4/leclerc_nima_hw4_prob1.ipynb
20:37:33.087 [info] Kernel acknowledged execution of cell 2 @ 1700012253087
20:37:33.359 [info] End cell 2 execution @ 1700012253359, started @ 1700012253087, elapsed time = 0.272s
20:37:36.441 [info] Handle Execution of Cells 5 for ~/Documents/01_UPenn/01_ESE5460/02_Homework/04_Homework4/leclerc_nima_hw4_prob1.ipynb
20:37:36.451 [info] Kernel acknowledged execution of cell 5 @ 1700012256451
20:37:36.453 [info] End cell 5 execution @ 1700012256453, started @ 1700012256451, elapsed time = 0.002s
20:37:39.954 [info] Handle Execution of Cells 7 for ~/Documents/01_UPenn/01_ESE5460/02_Homework/04_Homework4/leclerc_nima_hw4_prob1.ipynb
20:37:39.964 [info] Kernel acknowledged execution of cell 7 @ 1700012259963
20:37:41.910 [info] End cell 7 execution @ 1700012261910, started @ 1700012259963, elapsed time = 1.947s
20:37:48.368 [info] Handle Execution of Cells 8 for ~/Documents/01_UPenn/01_ESE5460/02_Homework/04_Homework4/leclerc_nima_hw4_prob1.ipynb
20:37:48.375 [info] Kernel acknowledged execution of cell 8 @ 1700012268375
20:37:48.453 [info] End cell 8 execution @ 1700012268453, started @ 1700012268375, elapsed time = 0.078s
20:37:48.453 [warn] Cancel all remaining cells due to cancellation or failure in execution
20:39:26.228 [info] Handle Execution of Cells 8 for ~/Documents/01_UPenn/01_ESE5460/02_Homework/04_Homework4/leclerc_nima_hw4_prob1.ipynb
20:39:26.232 [info] Kernel acknowledged execution of cell 8 @ 1700012366232
20:39:26.243 [info] End cell 8 execution @ 1700012366243, started @ 1700012366232, elapsed time = 0.011s
20:39:26.244 [warn] Cancel all remaining cells due to cancellation or failure in execution
20:39:35.461 [info] Restart requested ~/Documents/01_UPenn/01_ESE5460/02_Homework/04_Homework4/leclerc_nima_hw4_prob1.ipynb
20:39:35.462 [info] Dispose Kernel process 1025070.
20:39:35.494 [warn] Failed to get activated env vars for /bin/python3 in 20ms
20:39:35.502 [info] Process Execution: /bin/python3 -c "import ipykernel; print(ipykernel.__version__); print("5dc3a68c-e34e-4080-9c3e-2a532b2ccb4d"); print(ipykernel.__file__)"
20:39:35.510 [info] Process Execution: /bin/python3 -m ipykernel_launcher --ip=127.0.0.1 --stdin=9003 --control=9001 --hb=9000 --Session.signature_scheme="hmac-sha256" --Session.key=b"23f4dd85-3339-4dbe-8cf0-788c2167ab66" --shell=9002 --transport="tcp" --iopub=9004 --f=~/.local/share/jupyter/runtime/kernel-v2-9400118aBsgJwrenO.json
    > cwd: ~/Documents/01_UPenn/01_ESE5460/02_Homework/04_Homework4
20:39:35.614 [info] ipykernel version & path 6.17.0, /usr/lib/python3/dist-packages/ipykernel/__init__.py for /bin/python3
20:39:35.799 [warn] StdErr from Kernel Process 0.00s - Debugger warning: It seems that frozen modules are being used, which may
0.00s - make the debugger miss breakpoints. Please pass -Xfrozen_modules=off
0.00s - to python to disable frozen modules.
0.00s - Note: Debugging will proceed. Set PYDEVD_DISABLE_FILE_VALIDATION=1 to disable this validation.
20:39:35.926 [info] Restarted 75d5ef9b-590d-44ca-8f9f-f27b7764eb1c
20:39:39.166 [info] Restart requested ~/Documents/01_UPenn/01_ESE5460/02_Homework/04_Homework4/leclerc_nima_hw4_prob1.ipynb
20:39:39.167 [info] Dispose Kernel process 1028357.
20:39:39.189 [info] Process Execution: /bin/python3 -c "import ipykernel; print(ipykernel.__version__); print("5dc3a68c-e34e-4080-9c3e-2a532b2ccb4d"); print(ipykernel.__file__)"
20:39:39.202 [info] Process Execution: /bin/python3 -m ipykernel_launcher --ip=127.0.0.1 --stdin=9008 --control=9006 --hb=9005 --Session.signature_scheme="hmac-sha256" --Session.key=b"2a448125-16bc-4e2d-8579-b38473c7ad0f" --shell=9007 --transport="tcp" --iopub=9009 --f=~/.local/share/jupyter/runtime/kernel-v2-940011eal2sWN6Fio.json
    > cwd: ~/Documents/01_UPenn/01_ESE5460/02_Homework/04_Homework4
20:39:39.315 [info] ipykernel version & path 6.17.0, /usr/lib/python3/dist-packages/ipykernel/__init__.py for /bin/python3
20:39:39.509 [warn] StdErr from Kernel Process 0.00s - Debugger warning: It seems that frozen modules are being used, which may
0.00s - make the debugger miss breakpoints. Please pass -Xfrozen_modules=off
0.00s - to python to disable frozen modules.
0.00s - Note: Debugging will proceed. Set PYDEVD_DISABLE_FILE_VALIDATION=1 to disable this validation.
20:39:39.612 [info] Restarted 75d5ef9b-590d-44ca-8f9f-f27b7764eb1c
20:39:43.100 [info] Handle Execution of Cells 0 for ~/Documents/01_UPenn/01_ESE5460/02_Homework/04_Homework4/leclerc_nima_hw4_prob1.ipynb
20:39:43.105 [info] Kernel acknowledged execution of cell 0 @ 1700012383105
20:39:43.436 [warn] StdErr from Kernel Process 2023-11-14 20:39:43.394717: I tensorflow/core/util/port.cc:113] oneDNN custom operations are on. You may see slightly different numerical results due to floating-point round-off errors from different computation orders. To turn them off, set the environment variable `TF_ENABLE_ONEDNN_OPTS=0`.
2023-11-14 20:39:43.430207: E external/local_xla/xla/stream_executor/cuda/cuda_dnn.cc:9261] Unable to register cuDNN factory: Attempting to register factory for plugin cuDNN when one has already been registered
2023-11-14 20:39:43.430243: E external/local_xla/xla/stream_executor/cuda/cuda_fft.cc:607] Unable to register cuFFT factory: Attempting to register factory for plugin cuFFT when one has already been registered
2023-11-14 20:39:43.431154: E external/local_xla/xla/stream_executor/cuda/cuda_blas.cc:1515] Unable to register cuBLAS factory: Attempting to register factory for plugin cuBLAS when one has already been registered
20:39:43.438 [warn] StdErr from Kernel Process 2023-11-14 20:39:43.436396: I tensorflow/core/platform/cpu_feature_guard.cc:182] This TensorFlow binary is optimized to use available CPU instructions in performance-critical operations.
To enable the following instructions: AVX2 AVX_VNNI FMA, in other operations, rebuild TensorFlow with the appropriate compiler flags.
20:39:44.005 [warn] StdErr from Kernel Process 2023-11-14 20:39:44.003720: W tensorflow/compiler/tf2tensorrt/utils/py_utils.cc:38] TF-TRT Warning: Could not find TensorRT
20:39:44.843 [info] End cell 0 execution @ 1700012384843, started @ 1700012383105, elapsed time = 1.738s
20:39:45.670 [info] Handle Execution of Cells 2 for ~/Documents/01_UPenn/01_ESE5460/02_Homework/04_Homework4/leclerc_nima_hw4_prob1.ipynb
20:39:45.674 [info] Kernel acknowledged execution of cell 2 @ 1700012385674
20:39:45.958 [info] End cell 2 execution @ 1700012385958, started @ 1700012385674, elapsed time = 0.284s
20:39:47.569 [info] Handle Execution of Cells 5 for ~/Documents/01_UPenn/01_ESE5460/02_Homework/04_Homework4/leclerc_nima_hw4_prob1.ipynb
20:39:47.580 [info] Kernel acknowledged execution of cell 5 @ 1700012387580
20:39:47.582 [info] End cell 5 execution @ 1700012387582, started @ 1700012387580, elapsed time = 0.002s
20:39:49.810 [info] Handle Execution of Cells 7 for ~/Documents/01_UPenn/01_ESE5460/02_Homework/04_Homework4/leclerc_nima_hw4_prob1.ipynb
20:39:49.817 [info] Kernel acknowledged execution of cell 7 @ 1700012389817
20:39:51.948 [info] End cell 7 execution @ 1700012391948, started @ 1700012389817, elapsed time = 2.131s
20:40:01.077 [info] Handle Execution of Cells 9 for ~/Documents/01_UPenn/01_ESE5460/02_Homework/04_Homework4/leclerc_nima_hw4_prob1.ipynb
20:40:01.083 [info] Kernel acknowledged execution of cell 9 @ 1700012401083
20:40:01.157 [info] End cell 9 execution @ 1700012401157, started @ 1700012401083, elapsed time = 0.074s
20:40:01.157 [warn] Cancel all remaining cells due to cancellation or failure in execution
20:40:03.889 [info] Handle Execution of Cells 8 for ~/Documents/01_UPenn/01_ESE5460/02_Homework/04_Homework4/leclerc_nima_hw4_prob1.ipynb
20:40:03.898 [info] Kernel acknowledged execution of cell 8 @ 1700012403898
20:40:03.906 [info] End cell 8 execution @ 1700012403906, started @ 1700012403898, elapsed time = 0.008s
20:40:03.906 [warn] Cancel all remaining cells due to cancellation or failure in execution
20:40:50.496 [info] Handle Execution of Cells 8 for ~/Documents/01_UPenn/01_ESE5460/02_Homework/04_Homework4/leclerc_nima_hw4_prob1.ipynb
20:40:50.500 [info] Kernel acknowledged execution of cell 8 @ 1700012450500
20:40:50.503 [info] End cell 8 execution @ 1700012450503, started @ 1700012450500, elapsed time = 0.003s
20:40:59.248 [info] Handle Execution of Cells 8 for ~/Documents/01_UPenn/01_ESE5460/02_Homework/04_Homework4/leclerc_nima_hw4_prob1.ipynb
20:40:59.266 [info] Kernel acknowledged execution of cell 8 @ 1700012459266
20:40:59.269 [info] End cell 8 execution @ 1700012459269, started @ 1700012459266, elapsed time = 0.003s
20:40:59.269 [warn] Cancel all remaining cells due to cancellation or failure in execution
20:41:28.792 [info] Handle Execution of Cells 9 for ~/Documents/01_UPenn/01_ESE5460/02_Homework/04_Homework4/leclerc_nima_hw4_prob1.ipynb
20:41:28.801 [info] Kernel acknowledged execution of cell 9 @ 1700012488801
20:41:28.807 [info] End cell 9 execution @ 1700012488807, started @ 1700012488801, elapsed time = 0.006s
20:41:28.807 [warn] Cancel all remaining cells due to cancellation or failure in execution
20:41:40.558 [info] Handle Execution of Cells 9 for ~/Documents/01_UPenn/01_ESE5460/02_Homework/04_Homework4/leclerc_nima_hw4_prob1.ipynb
20:41:40.566 [info] Kernel acknowledged execution of cell 9 @ 1700012500566
20:41:40.568 [info] End cell 9 execution @ 1700012500568, started @ 1700012500566, elapsed time = 0.002s
20:41:45.732 [info] Handle Execution of Cells 9 for ~/Documents/01_UPenn/01_ESE5460/02_Homework/04_Homework4/leclerc_nima_hw4_prob1.ipynb
20:41:45.737 [info] Kernel acknowledged execution of cell 9 @ 1700012505737
20:41:45.738 [info] End cell 9 execution @ 1700012505738, started @ 1700012505737, elapsed time = 0.001s
20:41:53.135 [info] Handle Execution of Cells 10 for ~/Documents/01_UPenn/01_ESE5460/02_Homework/04_Homework4/leclerc_nima_hw4_prob1.ipynb
20:41:53.139 [info] Kernel acknowledged execution of cell 10 @ 1700012513139
20:41:53.144 [info] End cell 10 execution @ 1700012513143, started @ 1700012513139, elapsed time = 0.004s
20:42:08.709 [info] Handle Execution of Cells 5 for ~/Documents/01_UPenn/01_ESE5460/02_Homework/04_Homework4/leclerc_nima_hw4_prob1.ipynb
20:42:08.720 [info] Kernel acknowledged execution of cell 5 @ 1700012528720
20:42:08.721 [info] End cell 5 execution @ 1700012528721, started @ 1700012528720, elapsed time = 0.001s
20:42:10.393 [info] Handle Execution of Cells 7 for ~/Documents/01_UPenn/01_ESE5460/02_Homework/04_Homework4/leclerc_nima_hw4_prob1.ipynb
20:42:10.400 [info] Kernel acknowledged execution of cell 7 @ 1700012530400
20:42:12.255 [info] End cell 7 execution @ 1700012532255, started @ 1700012530400, elapsed time = 1.855s
20:42:16.395 [info] Handle Execution of Cells 8 for ~/Documents/01_UPenn/01_ESE5460/02_Homework/04_Homework4/leclerc_nima_hw4_prob1.ipynb
20:42:16.399 [info] Kernel acknowledged execution of cell 8 @ 1700012536399
20:42:16.424 [info] End cell 8 execution @ 1700012536424, started @ 1700012536399, elapsed time = 0.025s
20:42:16.425 [warn] Cancel all remaining cells due to cancellation or failure in execution
20:42:29.157 [info] Handle Execution of Cells 8 for ~/Documents/01_UPenn/01_ESE5460/02_Homework/04_Homework4/leclerc_nima_hw4_prob1.ipynb
20:42:29.162 [info] Kernel acknowledged execution of cell 8 @ 1700012549162
20:42:29.196 [info] End cell 8 execution @ 1700012549196, started @ 1700012549162, elapsed time = 0.034s
20:42:34.102 [info] Handle Execution of Cells 11 for ~/Documents/01_UPenn/01_ESE5460/02_Homework/04_Homework4/leclerc_nima_hw4_prob1.ipynb
20:42:34.108 [info] Kernel acknowledged execution of cell 11 @ 1700012554108
20:42:34.495 [info] End cell 11 execution @ 1700012554494, started @ 1700012554108, elapsed time = 0.386s
20:42:34.495 [warn] Cancel all remaining cells due to cancellation or failure in execution
20:47:03.838 [info] Handle Execution of Cells 7 for ~/Documents/01_UPenn/01_ESE5460/02_Homework/04_Homework4/leclerc_nima_hw4_prob1.ipynb
20:47:03.846 [info] Kernel acknowledged execution of cell 7 @ 1700012823846
20:47:04.057 [info] End cell 7 execution @ 1700012824056, started @ 1700012823846, elapsed time = 0.21s
20:47:04.057 [warn] Cancel all remaining cells due to cancellation or failure in execution
20:47:18.447 [info] Handle Execution of Cells 7 for ~/Documents/01_UPenn/01_ESE5460/02_Homework/04_Homework4/leclerc_nima_hw4_prob1.ipynb
20:47:18.464 [info] Kernel acknowledged execution of cell 7 @ 1700012838464
20:47:20.549 [info] End cell 7 execution @ 1700012840549, started @ 1700012838464, elapsed time = 2.085s
20:47:51.085 [info] Handle Execution of Cells 11 for ~/Documents/01_UPenn/01_ESE5460/02_Homework/04_Homework4/leclerc_nima_hw4_prob1.ipynb
20:47:51.093 [info] Kernel acknowledged execution of cell 11 @ 1700012871092
20:47:51.495 [info] End cell 11 execution @ 1700012871495, started @ 1700012871092, elapsed time = 0.403s
20:47:51.495 [warn] Cancel all remaining cells due to cancellation or failure in execution
20:48:12.272 [info] Restart requested ~/Documents/01_UPenn/01_ESE5460/02_Homework/04_Homework4/leclerc_nima_hw4_prob1.ipynb
20:48:12.273 [info] Dispose Kernel process 1028481.
20:48:12.291 [warn] Failed to get activated env vars for /bin/python3 in 6ms
20:48:12.298 [info] Process Execution: /bin/python3 -c "import ipykernel; print(ipykernel.__version__); print("5dc3a68c-e34e-4080-9c3e-2a532b2ccb4d"); print(ipykernel.__file__)"
20:48:12.311 [info] Process Execution: /bin/python3 -m ipykernel_launcher --ip=127.0.0.1 --stdin=9003 --control=9001 --hb=9000 --Session.signature_scheme="hmac-sha256" --Session.key=b"67e75192-e109-49f3-b7d3-85daa2224a9c" --shell=9002 --transport="tcp" --iopub=9004 --f=~/.local/share/jupyter/runtime/kernel-v2-94001m85k459xjTkw.json
    > cwd: ~/Documents/01_UPenn/01_ESE5460/02_Homework/04_Homework4
20:48:12.420 [info] ipykernel version & path 6.17.0, /usr/lib/python3/dist-packages/ipykernel/__init__.py for /bin/python3
20:48:12.611 [warn] StdErr from Kernel Process 0.00s - Debugger warning: It seems that frozen modules are being used, which may
0.00s - make the debugger miss breakpoints. Please pass -Xfrozen_modules=off
0.00s - to python to disable frozen modules.
0.00s - Note: Debugging will proceed. Set PYDEVD_DISABLE_FILE_VALIDATION=1 to disable this validation.
20:48:12.725 [info] Restarted 75d5ef9b-590d-44ca-8f9f-f27b7764eb1c
20:48:15.852 [info] Handle Execution of Cells 0 for ~/Documents/01_UPenn/01_ESE5460/02_Homework/04_Homework4/leclerc_nima_hw4_prob1.ipynb
20:48:15.858 [info] Kernel acknowledged execution of cell 0 @ 1700012895858
20:48:16.209 [warn] StdErr from Kernel Process 2023-11-14 20:48:16.172410: I tensorflow/core/util/port.cc:113] oneDNN custom operations are on. You may see slightly different numerical results due to floating-point round-off errors from different computation orders. To turn them off, set the environment variable `TF_ENABLE_ONEDNN_OPTS=0`.
2023-11-14 20:48:16.202841: E external/local_xla/xla/stream_executor/cuda/cuda_dnn.cc:9261] Unable to register cuDNN factory: Attempting to register factory for plugin cuDNN when one has already been registered
2023-11-14 20:48:16.202876: E external/local_xla/xla/stream_executor/cuda/cuda_fft.cc:607] Unable to register cuFFT factory: Attempting to register factory for plugin cuFFT when one has already been registered
2023-11-14 20:48:16.203695: E external/local_xla/xla/stream_executor/cuda/cuda_blas.cc:1515] Unable to register cuBLAS factory: Attempting to register factory for plugin cuBLAS when one has already been registered
2023-11-14 20:48:16.208899: I tensorflow/core/platform/cpu_feature_guard.cc:182] This TensorFlow binary is optimized to use available CPU instructions in performance-critical operations.
To enable the following instructions: AVX2 AVX_VNNI FMA, in other operations, rebuild TensorFlow with the appropriate compiler flags.
20:48:16.770 [warn] StdErr from Kernel Process 2023-11-14 20:48:16.767849: W tensorflow/compiler/tf2tensorrt/utils/py_utils.cc:38] TF-TRT Warning: Could not find TensorRT
20:48:17.637 [info] End cell 0 execution @ 1700012897637, started @ 1700012895858, elapsed time = 1.779s
20:48:18.602 [info] Handle Execution of Cells 2 for ~/Documents/01_UPenn/01_ESE5460/02_Homework/04_Homework4/leclerc_nima_hw4_prob1.ipynb
20:48:18.611 [info] Kernel acknowledged execution of cell 2 @ 1700012898611
20:48:18.887 [info] End cell 2 execution @ 1700012898887, started @ 1700012898611, elapsed time = 0.276s
20:48:20.801 [info] Handle Execution of Cells 5 for ~/Documents/01_UPenn/01_ESE5460/02_Homework/04_Homework4/leclerc_nima_hw4_prob1.ipynb
20:48:20.810 [info] Kernel acknowledged execution of cell 5 @ 1700012900810
20:48:20.814 [info] End cell 5 execution @ 1700012900814, started @ 1700012900810, elapsed time = 0.004s
20:48:22.410 [info] Handle Execution of Cells 7 for ~/Documents/01_UPenn/01_ESE5460/02_Homework/04_Homework4/leclerc_nima_hw4_prob1.ipynb
20:48:22.418 [info] Kernel acknowledged execution of cell 7 @ 1700012902418
20:48:24.336 [info] End cell 7 execution @ 1700012904335, started @ 1700012902418, elapsed time = 1.917s
20:48:25.585 [info] Handle Execution of Cells 8 for ~/Documents/01_UPenn/01_ESE5460/02_Homework/04_Homework4/leclerc_nima_hw4_prob1.ipynb
20:48:25.590 [info] Kernel acknowledged execution of cell 8 @ 1700012905590
20:48:25.613 [info] End cell 8 execution @ 1700012905613, started @ 1700012905590, elapsed time = 0.023s
20:48:26.557 [info] Handle Execution of Cells 9 for ~/Documents/01_UPenn/01_ESE5460/02_Homework/04_Homework4/leclerc_nima_hw4_prob1.ipynb
20:48:26.561 [info] Kernel acknowledged execution of cell 9 @ 1700012906561
20:48:26.568 [info] End cell 9 execution @ 1700012906568, started @ 1700012906561, elapsed time = 0.007s
20:48:27.074 [info] Handle Execution of Cells 10 for ~/Documents/01_UPenn/01_ESE5460/02_Homework/04_Homework4/leclerc_nima_hw4_prob1.ipynb
20:48:27.079 [info] Kernel acknowledged execution of cell 10 @ 1700012907079
20:48:27.082 [info] End cell 10 execution @ 1700012907082, started @ 1700012907079, elapsed time = 0.003s
20:48:28.294 [info] Handle Execution of Cells 11 for ~/Documents/01_UPenn/01_ESE5460/02_Homework/04_Homework4/leclerc_nima_hw4_prob1.ipynb
20:48:28.308 [info] Kernel acknowledged execution of cell 11 @ 1700012908307
20:48:30.756 [info] End cell 11 execution @ 1700012910756, started @ 1700012908307, elapsed time = 2.449s
20:48:49.053 [info] Handle Execution of Cells 12 for ~/Documents/01_UPenn/01_ESE5460/02_Homework/04_Homework4/leclerc_nima_hw4_prob1.ipynb
20:48:49.058 [info] Kernel acknowledged execution of cell 12 @ 1700012929058
20:48:49.146 [info] End cell 12 execution @ 1700012929146, started @ 1700012929058, elapsed time = 0.088s
20:48:49.146 [warn] Cancel all remaining cells due to cancellation or failure in execution
20:49:08.388 [info] Handle Execution of Cells 13 for ~/Documents/01_UPenn/01_ESE5460/02_Homework/04_Homework4/leclerc_nima_hw4_prob1.ipynb
20:49:08.393 [info] Kernel acknowledged execution of cell 13 @ 1700012948393
20:49:08.398 [info] End cell 13 execution @ 1700012948398, started @ 1700012948393, elapsed time = 0.005s
20:49:22.815 [info] Handle Execution of Cells 13 for ~/Documents/01_UPenn/01_ESE5460/02_Homework/04_Homework4/leclerc_nima_hw4_prob1.ipynb
20:49:22.825 [info] Kernel acknowledged execution of cell 13 @ 1700012962824
20:49:22.828 [info] End cell 13 execution @ 1700012962828, started @ 1700012962824, elapsed time = 0.004s
20:49:22.828 [warn] Cancel all remaining cells due to cancellation or failure in execution
20:50:09.640 [info] Handle Execution of Cells 12 for ~/Documents/01_UPenn/01_ESE5460/02_Homework/04_Homework4/leclerc_nima_hw4_prob1.ipynb
20:50:09.646 [info] Kernel acknowledged execution of cell 12 @ 1700013009646
20:50:09.966 [info] End cell 12 execution @ 1700013009966, started @ 1700013009646, elapsed time = 0.32s
20:50:20.376 [info] Handle Execution of Cells 13 for ~/Documents/01_UPenn/01_ESE5460/02_Homework/04_Homework4/leclerc_nima_hw4_prob1.ipynb
20:50:20.382 [info] Kernel acknowledged execution of cell 13 @ 1700013020382
20:50:20.384 [info] End cell 13 execution @ 1700013020383, started @ 1700013020382, elapsed time = 0.001s
20:50:22.093 [info] Handle Execution of Cells 15 for ~/Documents/01_UPenn/01_ESE5460/02_Homework/04_Homework4/leclerc_nima_hw4_prob1.ipynb
20:50:22.100 [info] Kernel acknowledged execution of cell 15 @ 1700013022100
20:50:22.316 [info] End cell 15 execution @ 1700013022316, started @ 1700013022100, elapsed time = 0.216s
20:50:49.204 [info] Handle Execution of Cells 16 for ~/Documents/01_UPenn/01_ESE5460/02_Homework/04_Homework4/leclerc_nima_hw4_prob1.ipynb
20:50:49.341 [info] Kernel acknowledged execution of cell 16 @ 1700013049341
20:50:49.517 [info] End cell 16 execution @ 1700013049517, started @ 1700013049341, elapsed time = 0.176s
20:52:46.471 [info] Restart requested ~/Documents/01_UPenn/01_ESE5460/02_Homework/04_Homework4/leclerc_nima_hw4_prob1.ipynb
20:52:46.472 [info] Dispose Kernel process 1043553.
20:52:46.497 [warn] Failed to get activated env vars for /bin/python3 in 15ms
20:52:46.505 [info] Process Execution: /bin/python3 -c "import ipykernel; print(ipykernel.__version__); print("5dc3a68c-e34e-4080-9c3e-2a532b2ccb4d"); print(ipykernel.__file__)"
20:52:46.511 [info] Process Execution: /bin/python3 -m ipykernel_launcher --ip=127.0.0.1 --stdin=9008 --control=9006 --hb=9005 --Session.signature_scheme="hmac-sha256" --Session.key=b"f77fa9d4-c429-48ec-90b8-445156559314" --shell=9007 --transport="tcp" --iopub=9009 --f=~/.local/share/jupyter/runtime/kernel-v2-940017VpOBZimHyKk.json
    > cwd: ~/Documents/01_UPenn/01_ESE5460/02_Homework/04_Homework4
20:52:46.622 [info] ipykernel version & path 6.17.0, /usr/lib/python3/dist-packages/ipykernel/__init__.py for /bin/python3
20:52:46.805 [warn] StdErr from Kernel Process 0.00s - Debugger warning: It seems that frozen modules are being used, which may
0.00s - make the debugger miss breakpoints. Please pass -Xfrozen_modules=off
0.00s - to python to disable frozen modules.
0.00s - Note: Debugging will proceed. Set PYDEVD_DISABLE_FILE_VALIDATION=1 to disable this validation.
20:52:46.933 [info] Restarted 75d5ef9b-590d-44ca-8f9f-f27b7764eb1c
20:52:53.445 [info] Handle Execution of Cells 0 for ~/Documents/01_UPenn/01_ESE5460/02_Homework/04_Homework4/leclerc_nima_hw4_prob1.ipynb
20:52:53.451 [info] Kernel acknowledged execution of cell 0 @ 1700013173450
20:52:53.776 [warn] StdErr from Kernel Process 2023-11-14 20:52:53.738290: I tensorflow/core/util/port.cc:113] oneDNN custom operations are on. You may see slightly different numerical results due to floating-point round-off errors from different computation orders. To turn them off, set the environment variable `TF_ENABLE_ONEDNN_OPTS=0`.
2023-11-14 20:52:53.769832: E external/local_xla/xla/stream_executor/cuda/cuda_dnn.cc:9261] Unable to register cuDNN factory: Attempting to register factory for plugin cuDNN when one has already been registered
2023-11-14 20:52:53.769866: E external/local_xla/xla/stream_executor/cuda/cuda_fft.cc:607] Unable to register cuFFT factory: Attempting to register factory for plugin cuFFT when one has already been registered
2023-11-14 20:52:53.770777: E external/local_xla/xla/stream_executor/cuda/cuda_blas.cc:1515] Unable to register cuBLAS factory: Attempting to register factory for plugin cuBLAS when one has already been registered
20:52:53.776 [warn] StdErr from Kernel Process 2023-11-14 20:52:53.776469: I tensorflow/core/platform/cpu_feature_guard.cc:182] This TensorFlow binary is optimized to use available CPU instructions in performance-critical operations.
To enable the following instructions: AVX2 AVX_VNNI FMA, in other operations, rebuild TensorFlow with the appropriate compiler flags.
20:52:54.347 [warn] StdErr from Kernel Process 2023-11-14 20:52:54.344628: W tensorflow/compiler/tf2tensorrt/utils/py_utils.cc:38] TF-TRT Warning: Could not find TensorRT
20:52:55.201 [info] End cell 0 execution @ 1700013175201, started @ 1700013173450, elapsed time = 1.751s
20:52:56.104 [info] Handle Execution of Cells 2 for ~/Documents/01_UPenn/01_ESE5460/02_Homework/04_Homework4/leclerc_nima_hw4_prob1.ipynb
20:52:56.113 [info] Kernel acknowledged execution of cell 2 @ 1700013176113
20:52:56.385 [info] End cell 2 execution @ 1700013176385, started @ 1700013176113, elapsed time = 0.272s
20:52:57.892 [info] Handle Execution of Cells 5 for ~/Documents/01_UPenn/01_ESE5460/02_Homework/04_Homework4/leclerc_nima_hw4_prob1.ipynb
20:52:57.903 [info] Kernel acknowledged execution of cell 5 @ 1700013177903
20:52:57.905 [info] End cell 5 execution @ 1700013177905, started @ 1700013177903, elapsed time = 0.002s
20:52:59.252 [info] Handle Execution of Cells 7 for ~/Documents/01_UPenn/01_ESE5460/02_Homework/04_Homework4/leclerc_nima_hw4_prob1.ipynb
20:52:59.264 [info] Kernel acknowledged execution of cell 7 @ 1700013179264
20:53:01.096 [info] End cell 7 execution @ 1700013181096, started @ 1700013179264, elapsed time = 1.832s
20:53:02.154 [info] Handle Execution of Cells 8 for ~/Documents/01_UPenn/01_ESE5460/02_Homework/04_Homework4/leclerc_nima_hw4_prob1.ipynb
20:53:02.159 [info] Kernel acknowledged execution of cell 8 @ 1700013182159
20:53:02.199 [info] End cell 8 execution @ 1700013182199, started @ 1700013182159, elapsed time = 0.04s
20:53:02.873 [info] Handle Execution of Cells 9 for ~/Documents/01_UPenn/01_ESE5460/02_Homework/04_Homework4/leclerc_nima_hw4_prob1.ipynb
20:53:02.880 [info] Kernel acknowledged execution of cell 9 @ 1700013182880
20:53:02.881 [info] End cell 9 execution @ 1700013182881, started @ 1700013182880, elapsed time = 0.001s
20:53:03.436 [info] Handle Execution of Cells 10 for ~/Documents/01_UPenn/01_ESE5460/02_Homework/04_Homework4/leclerc_nima_hw4_prob1.ipynb
20:53:03.442 [info] Kernel acknowledged execution of cell 10 @ 1700013183442
20:53:03.446 [info] End cell 10 execution @ 1700013183446, started @ 1700013183442, elapsed time = 0.004s
20:53:04.103 [info] Handle Execution of Cells 11 for ~/Documents/01_UPenn/01_ESE5460/02_Homework/04_Homework4/leclerc_nima_hw4_prob1.ipynb
20:53:04.115 [info] Kernel acknowledged execution of cell 11 @ 1700013184115
20:53:06.664 [info] End cell 11 execution @ 1700013186664, started @ 1700013184115, elapsed time = 2.549s
20:53:07.685 [info] Handle Execution of Cells 12 for ~/Documents/01_UPenn/01_ESE5460/02_Homework/04_Homework4/leclerc_nima_hw4_prob1.ipynb
20:53:07.693 [info] Kernel acknowledged execution of cell 12 @ 1700013187693
20:53:08.001 [info] End cell 12 execution @ 1700013188001, started @ 1700013187693, elapsed time = 0.308s
20:53:09.457 [info] Handle Execution of Cells 13 for ~/Documents/01_UPenn/01_ESE5460/02_Homework/04_Homework4/leclerc_nima_hw4_prob1.ipynb
20:53:09.461 [info] Kernel acknowledged execution of cell 13 @ 1700013189460
20:53:09.465 [info] End cell 13 execution @ 1700013189465, started @ 1700013189460, elapsed time = 0.005s
20:53:10.783 [info] Handle Execution of Cells 15 for ~/Documents/01_UPenn/01_ESE5460/02_Homework/04_Homework4/leclerc_nima_hw4_prob1.ipynb
20:53:10.791 [info] Kernel acknowledged execution of cell 15 @ 1700013190790
20:53:11.012 [info] End cell 15 execution @ 1700013191012, started @ 1700013190790, elapsed time = 0.222s
20:53:12.296 [info] Handle Execution of Cells 16 for ~/Documents/01_UPenn/01_ESE5460/02_Homework/04_Homework4/leclerc_nima_hw4_prob1.ipynb
20:53:12.307 [info] Kernel acknowledged execution of cell 16 @ 1700013192307
20:53:12.504 [info] End cell 16 execution @ 1700013192503, started @ 1700013192307, elapsed time = 0.196s
20:55:05.120 [info] Ending debug session 88816eb0-ca05-485e-993b-119451ff4f06
20:55:05.120 [info] Ending debug session 88816eb0-ca05-485e-993b-119451ff4f06
20:57:13.652 [info] Ending debug session 092d9fd3-f209-4ea0-a105-644f2dfdba54
20:57:13.652 [info] Ending debug session 092d9fd3-f209-4ea0-a105-644f2dfdba54
20:59:09.852 [info] Ending debug session 5c236b61-5b12-4e5e-9b6b-d6d17faf9ea1
20:59:09.852 [info] Ending debug session 5c236b61-5b12-4e5e-9b6b-d6d17faf9ea1
21:01:07.377 [info] Ending debug session 5f30b761-f373-4001-afc7-11e5405ea253
21:01:07.377 [info] Ending debug session 5f30b761-f373-4001-afc7-11e5405ea253
21:01:12.010 [info] Restart requested ~/Documents/01_UPenn/01_ESE5460/02_Homework/04_Homework4/leclerc_nima_hw4_prob1.ipynb
21:01:12.011 [info] Dispose Kernel process 1051500.
21:01:12.041 [warn] Failed to get activated env vars for /bin/python3 in 17ms
21:01:12.049 [info] Process Execution: /bin/python3 -c "import ipykernel; print(ipykernel.__version__); print("5dc3a68c-e34e-4080-9c3e-2a532b2ccb4d"); print(ipykernel.__file__)"
21:01:12.056 [info] Process Execution: /bin/python3 -m ipykernel_launcher --ip=127.0.0.1 --stdin=9003 --control=9001 --hb=9000 --Session.signature_scheme="hmac-sha256" --Session.key=b"5f554088-08c6-495a-9d19-fd51d37e335a" --shell=9002 --transport="tcp" --iopub=9004 --f=~/.local/share/jupyter/runtime/kernel-v2-94001M7MlS1XCcppC.json
    > cwd: ~/Documents/01_UPenn/01_ESE5460/02_Homework/04_Homework4
21:01:12.167 [info] ipykernel version & path 6.17.0, /usr/lib/python3/dist-packages/ipykernel/__init__.py for /bin/python3
21:01:12.353 [warn] StdErr from Kernel Process 0.00s - Debugger warning: It seems that frozen modules are being used, which may
0.00s - make the debugger miss breakpoints. Please pass -Xfrozen_modules=off
0.00s - to python to disable frozen modules.
0.00s - Note: Debugging will proceed. Set PYDEVD_DISABLE_FILE_VALIDATION=1 to disable this validation.
21:01:12.473 [info] Restarted 75d5ef9b-590d-44ca-8f9f-f27b7764eb1c
21:01:15.592 [info] Handle Execution of Cells 0 for ~/Documents/01_UPenn/01_ESE5460/02_Homework/04_Homework4/leclerc_nima_hw4_prob1.ipynb
21:01:15.596 [info] Kernel acknowledged execution of cell 0 @ 1700013675596
21:01:15.967 [warn] StdErr from Kernel Process 2023-11-14 21:01:15.931083: I tensorflow/core/util/port.cc:113] oneDNN custom operations are on. You may see slightly different numerical results due to floating-point round-off errors from different computation orders. To turn them off, set the environment variable `TF_ENABLE_ONEDNN_OPTS=0`.
2023-11-14 21:01:15.961156: E external/local_xla/xla/stream_executor/cuda/cuda_dnn.cc:9261] Unable to register cuDNN factory: Attempting to register factory for plugin cuDNN when one has already been registered
2023-11-14 21:01:15.961199: E external/local_xla/xla/stream_executor/cuda/cuda_fft.cc:607] Unable to register cuFFT factory: Attempting to register factory for plugin cuFFT when one has already been registered
2023-11-14 21:01:15.962078: E external/local_xla/xla/stream_executor/cuda/cuda_blas.cc:1515] Unable to register cuBLAS factory: Attempting to register factory for plugin cuBLAS when one has already been registered
21:01:15.968 [warn] StdErr from Kernel Process 2023-11-14 21:01:15.967673: I tensorflow/core/platform/cpu_feature_guard.cc:182] This TensorFlow binary is optimized to use available CPU instructions in performance-critical operations.
To enable the following instructions: AVX2 AVX_VNNI FMA, in other operations, rebuild TensorFlow with the appropriate compiler flags.
21:01:16.552 [warn] StdErr from Kernel Process 2023-11-14 21:01:16.550355: W tensorflow/compiler/tf2tensorrt/utils/py_utils.cc:38] TF-TRT Warning: Could not find TensorRT
21:01:17.438 [info] End cell 0 execution @ 1700013677438, started @ 1700013675596, elapsed time = 1.842s
21:01:18.820 [info] Handle Execution of Cells 2 for ~/Documents/01_UPenn/01_ESE5460/02_Homework/04_Homework4/leclerc_nima_hw4_prob1.ipynb
21:01:18.833 [info] Kernel acknowledged execution of cell 2 @ 1700013678833
21:01:19.122 [info] End cell 2 execution @ 1700013679122, started @ 1700013678833, elapsed time = 0.289s
21:01:20.727 [info] Handle Execution of Cells 5 for ~/Documents/01_UPenn/01_ESE5460/02_Homework/04_Homework4/leclerc_nima_hw4_prob1.ipynb
21:01:20.737 [info] Kernel acknowledged execution of cell 5 @ 1700013680737
21:01:20.740 [info] End cell 5 execution @ 1700013680740, started @ 1700013680737, elapsed time = 0.003s
21:01:35.200 [info] Handle Execution of Cells 7 for ~/Documents/01_UPenn/01_ESE5460/02_Homework/04_Homework4/leclerc_nima_hw4_prob1.ipynb
21:01:35.206 [info] Kernel acknowledged execution of cell 7 @ 1700013695206
21:01:37.571 [info] End cell 7 execution @ 1700013697571, started @ 1700013695206, elapsed time = 2.365s
21:01:38.633 [info] Handle Execution of Cells 8 for ~/Documents/01_UPenn/01_ESE5460/02_Homework/04_Homework4/leclerc_nima_hw4_prob1.ipynb
21:01:38.638 [info] Kernel acknowledged execution of cell 8 @ 1700013698638
21:01:38.668 [info] End cell 8 execution @ 1700013698668, started @ 1700013698638, elapsed time = 0.03s
21:01:39.316 [info] Handle Execution of Cells 9 for ~/Documents/01_UPenn/01_ESE5460/02_Homework/04_Homework4/leclerc_nima_hw4_prob1.ipynb
21:01:39.325 [info] Kernel acknowledged execution of cell 9 @ 1700013699325
21:01:39.327 [info] End cell 9 execution @ 1700013699327, started @ 1700013699325, elapsed time = 0.002s
21:01:39.912 [info] Handle Execution of Cells 10 for ~/Documents/01_UPenn/01_ESE5460/02_Homework/04_Homework4/leclerc_nima_hw4_prob1.ipynb
21:01:39.919 [info] Kernel acknowledged execution of cell 10 @ 1700013699919
21:01:39.920 [info] End cell 10 execution @ 1700013699920, started @ 1700013699919, elapsed time = 0.001s
21:01:42.247 [info] Handle Execution of Cells 11 for ~/Documents/01_UPenn/01_ESE5460/02_Homework/04_Homework4/leclerc_nima_hw4_prob1.ipynb
21:01:42.252 [info] Kernel acknowledged execution of cell 11 @ 1700013702252
21:01:44.796 [info] End cell 11 execution @ 1700013704796, started @ 1700013702252, elapsed time = 2.544s
21:01:45.844 [info] Handle Execution of Cells 12 for ~/Documents/01_UPenn/01_ESE5460/02_Homework/04_Homework4/leclerc_nima_hw4_prob1.ipynb
21:01:45.847 [info] Kernel acknowledged execution of cell 12 @ 1700013705847
21:01:45.991 [info] End cell 12 execution @ 1700013705991, started @ 1700013705847, elapsed time = 0.144s
21:01:45.991 [warn] Cancel all remaining cells due to cancellation or failure in execution
21:02:07.553 [info] Handle Execution of Cells 12 for ~/Documents/01_UPenn/01_ESE5460/02_Homework/04_Homework4/leclerc_nima_hw4_prob1.ipynb
21:02:07.566 [info] Kernel acknowledged execution of cell 12 @ 1700013727566
21:02:07.871 [info] End cell 12 execution @ 1700013727871, started @ 1700013727566, elapsed time = 0.305s
21:02:10.276 [info] Handle Execution of Cells 13 for ~/Documents/01_UPenn/01_ESE5460/02_Homework/04_Homework4/leclerc_nima_hw4_prob1.ipynb
21:02:10.280 [info] Kernel acknowledged execution of cell 13 @ 1700013730280
21:02:10.282 [info] End cell 13 execution @ 1700013730282, started @ 1700013730280, elapsed time = 0.002s
21:02:11.568 [info] Handle Execution of Cells 15 for ~/Documents/01_UPenn/01_ESE5460/02_Homework/04_Homework4/leclerc_nima_hw4_prob1.ipynb
21:02:11.575 [info] Kernel acknowledged execution of cell 15 @ 1700013731575
21:02:11.802 [info] End cell 15 execution @ 1700013731801, started @ 1700013731575, elapsed time = 0.226s
21:02:12.845 [info] Handle Execution of Cells 16 for ~/Documents/01_UPenn/01_ESE5460/02_Homework/04_Homework4/leclerc_nima_hw4_prob1.ipynb
21:02:12.861 [info] Kernel acknowledged execution of cell 16 @ 1700013732861
21:02:13.162 [info] End cell 16 execution @ 1700013733162, started @ 1700013732861, elapsed time = 0.301s
21:29:23.839 [info] Ending debug session dc418d14-d105-422d-8e75-69c32a549e9d
21:29:23.839 [info] Ending debug session dc418d14-d105-422d-8e75-69c32a549e9d
21:36:44.502 [info] Ending debug session af381db5-c2a0-48cb-92b5-d17a7598a288
21:36:44.502 [info] Ending debug session af381db5-c2a0-48cb-92b5-d17a7598a288
21:38:52.497 [info] Ending debug session f61c5c83-08ae-4052-90f4-396f166c5dd2
21:38:52.497 [info] Ending debug session f61c5c83-08ae-4052-90f4-396f166c5dd2
21:44:23.356 [info] Ending debug session 2d8e1238-72a7-421b-893a-65746f9b7e12
21:44:23.356 [info] Ending debug session 2d8e1238-72a7-421b-893a-65746f9b7e12
21:51:49.669 [info] Ending debug session ac03e9ff-9601-4e84-8c1f-613a6750505f
21:51:49.669 [info] Ending debug session ac03e9ff-9601-4e84-8c1f-613a6750505f
22:04:40.860 [info] Ending debug session 3f24289d-c223-4fc2-aa9d-b8dbc5291b07
22:04:40.860 [info] Ending debug session 3f24289d-c223-4fc2-aa9d-b8dbc5291b07
22:05:09.802 [info] Handle Execution of Cells 18 for ~/Documents/01_UPenn/01_ESE5460/02_Homework/04_Homework4/leclerc_nima_hw4_prob1.ipynb
22:05:09.814 [info] Kernel acknowledged execution of cell 18 @ 1700017509814
22:05:09.817 [info] End cell 18 execution @ 1700017509817, started @ 1700017509814, elapsed time = 0.003s
22:05:10.192 [info] Handle Execution of Cells 19 for ~/Documents/01_UPenn/01_ESE5460/02_Homework/04_Homework4/leclerc_nima_hw4_prob1.ipynb
22:05:10.199 [info] Kernel acknowledged execution of cell 19 @ 1700017510199
22:05:10.201 [info] End cell 19 execution @ 1700017510201, started @ 1700017510199, elapsed time = 0.002s
22:09:20.866 [info] Ending debug session 4ae9d1a1-08ff-422b-a9c3-73754c50702f
22:09:20.866 [info] Ending debug session 4ae9d1a1-08ff-422b-a9c3-73754c50702f
22:11:10.305 [info] Ending debug session 84959c56-d2fb-4ceb-a2fe-cb1270a9602a
22:11:10.305 [info] Ending debug session 84959c56-d2fb-4ceb-a2fe-cb1270a9602a
22:13:04.784 [info] Ending debug session ec5fe67a-7eb6-4799-a2c7-b0ec7d91d9d4
22:13:04.784 [info] Ending debug session ec5fe67a-7eb6-4799-a2c7-b0ec7d91d9d4
22:13:48.131 [info] Handle Execution of Cells 16 for ~/Documents/01_UPenn/01_ESE5460/02_Homework/04_Homework4/leclerc_nima_hw4_prob1.ipynb
22:13:48.143 [info] Kernel acknowledged execution of cell 16 @ 1700018028143
22:13:48.325 [info] End cell 16 execution @ 1700018028325, started @ 1700018028143, elapsed time = 0.182s
22:13:57.888 [info] Handle Execution of Cells 16 for ~/Documents/01_UPenn/01_ESE5460/02_Homework/04_Homework4/leclerc_nima_hw4_prob1.ipynb
22:13:57.909 [info] Kernel acknowledged execution of cell 16 @ 1700018037909
22:13:58.077 [info] End cell 16 execution @ 1700018038077, started @ 1700018037909, elapsed time = 0.168s
22:18:23.294 [info] Ending debug session 75eb3bf9-0f0d-4a73-a570-bf17c343204b
22:18:23.294 [info] Ending debug session 75eb3bf9-0f0d-4a73-a570-bf17c343204b
00:38:19.522 [info] Ending debug session 603ede2b-91ad-4f92-bb8e-7831c2d50064
00:38:19.522 [info] Ending debug session 603ede2b-91ad-4f92-bb8e-7831c2d50064
10:29:47.889 [info] Handle Execution of Cells 0 for ~/Documents/01_UPenn/01_ESE5460/02_Homework/04_Homework4/leclerc_nima_hw4_prob1.ipynb
10:29:47.894 [info] Kernel acknowledged execution of cell 0 @ 1700062187894
10:29:47.897 [info] End cell 0 execution @ 1700062187897, started @ 1700062187894, elapsed time = 0.003s
10:29:50.803 [info] Handle Execution of Cells 2 for ~/Documents/01_UPenn/01_ESE5460/02_Homework/04_Homework4/leclerc_nima_hw4_prob1.ipynb
10:29:50.813 [info] Kernel acknowledged execution of cell 2 @ 1700062190812
10:29:51.051 [info] End cell 2 execution @ 1700062191051, started @ 1700062190812, elapsed time = 0.239s
10:29:52.611 [info] Handle Execution of Cells 5 for ~/Documents/01_UPenn/01_ESE5460/02_Homework/04_Homework4/leclerc_nima_hw4_prob1.ipynb
10:29:52.614 [info] Kernel acknowledged execution of cell 5 @ 1700062192614
10:29:52.647 [info] End cell 5 execution @ 1700062192647, started @ 1700062192614, elapsed time = 0.033s
10:29:53.879 [info] Handle Execution of Cells 7 for ~/Documents/01_UPenn/01_ESE5460/02_Homework/04_Homework4/leclerc_nima_hw4_prob1.ipynb
10:29:53.888 [info] Kernel acknowledged execution of cell 7 @ 1700062193888
10:29:55.782 [info] End cell 7 execution @ 1700062195782, started @ 1700062193888, elapsed time = 1.894s
10:30:06.588 [info] Handle Execution of Cells 8 for ~/Documents/01_UPenn/01_ESE5460/02_Homework/04_Homework4/leclerc_nima_hw4_prob1.ipynb
10:30:06.594 [info] Kernel acknowledged execution of cell 8 @ 1700062206594
10:30:06.638 [info] End cell 8 execution @ 1700062206615, started @ 1700062206594, elapsed time = 0.021s
10:30:07.815 [info] Handle Execution of Cells 9 for ~/Documents/01_UPenn/01_ESE5460/02_Homework/04_Homework4/leclerc_nima_hw4_prob1.ipynb
10:30:07.819 [info] Kernel acknowledged execution of cell 9 @ 1700062207819
10:30:07.824 [info] End cell 9 execution @ 1700062207824, started @ 1700062207819, elapsed time = 0.005s
10:30:08.508 [info] Handle Execution of Cells 10 for ~/Documents/01_UPenn/01_ESE5460/02_Homework/04_Homework4/leclerc_nima_hw4_prob1.ipynb
10:30:08.514 [info] Kernel acknowledged execution of cell 10 @ 1700062208514
10:30:08.515 [info] End cell 10 execution @ 1700062208515, started @ 1700062208514, elapsed time = 0.001s
10:30:09.160 [info] Handle Execution of Cells 11 for ~/Documents/01_UPenn/01_ESE5460/02_Homework/04_Homework4/leclerc_nima_hw4_prob1.ipynb
10:30:09.167 [info] Kernel acknowledged execution of cell 11 @ 1700062209166
10:30:09.846 [info] Handle Execution of Cells 12 for ~/Documents/01_UPenn/01_ESE5460/02_Homework/04_Homework4/leclerc_nima_hw4_prob1.ipynb
10:30:10.742 [info] Handle Execution of Cells 13 for ~/Documents/01_UPenn/01_ESE5460/02_Homework/04_Homework4/leclerc_nima_hw4_prob1.ipynb
10:30:11.766 [info] End cell 11 execution @ 1700062211766, started @ 1700062209166, elapsed time = 2.6s
10:30:11.784 [info] Kernel acknowledged execution of cell 12 @ 1700062211784
10:30:12.087 [info] End cell 12 execution @ 1700062212087, started @ 1700062211784, elapsed time = 0.303s
10:30:12.090 [info] Kernel acknowledged execution of cell 13 @ 1700062212090
10:30:12.099 [info] End cell 13 execution @ 1700062212099, started @ 1700062212090, elapsed time = 0.009s
10:30:14.148 [info] Handle Execution of Cells 15 for ~/Documents/01_UPenn/01_ESE5460/02_Homework/04_Homework4/leclerc_nima_hw4_prob1.ipynb
10:30:14.157 [info] Kernel acknowledged execution of cell 15 @ 1700062214157
10:30:14.325 [info] End cell 15 execution @ 1700062214325, started @ 1700062214157, elapsed time = 0.168s
10:30:15.130 [info] Handle Execution of Cells 16 for ~/Documents/01_UPenn/01_ESE5460/02_Homework/04_Homework4/leclerc_nima_hw4_prob1.ipynb
10:30:15.151 [info] Kernel acknowledged execution of cell 16 @ 1700062215151
10:30:15.317 [info] End cell 16 execution @ 1700062215317, started @ 1700062215151, elapsed time = 0.166s
10:30:17.583 [info] Handle Execution of Cells 18 for ~/Documents/01_UPenn/01_ESE5460/02_Homework/04_Homework4/leclerc_nima_hw4_prob1.ipynb
10:30:17.591 [info] Kernel acknowledged execution of cell 18 @ 1700062217591
10:30:17.592 [info] End cell 18 execution @ 1700062217592, started @ 1700062217591, elapsed time = 0.001s
10:30:18.515 [info] Handle Execution of Cells 19 for ~/Documents/01_UPenn/01_ESE5460/02_Homework/04_Homework4/leclerc_nima_hw4_prob1.ipynb
10:30:18.520 [info] Kernel acknowledged execution of cell 19 @ 1700062218520
10:30:18.522 [info] End cell 19 execution @ 1700062218522, started @ 1700062218520, elapsed time = 0.002s
