2023-11-14 11:04:27.627 [info] Log level: Info
2023-11-14 11:04:27.627 [info] Validating found git in: "git"
2023-11-14 11:04:27.627 [info] Using git "2.39.2" from "git"
2023-11-14 11:04:56.196 [info] Log level: Info
2023-11-14 11:04:56.196 [info] Validating found git in: "git"
2023-11-14 11:04:56.196 [info] Using git "2.39.2" from "git"
2023-11-14 11:04:56.196 [info] > git rev-parse --show-toplevel [2ms]
2023-11-14 11:04:56.255 [info] > git rev-parse --show-toplevel [1ms]
2023-11-14 11:04:56.420 [info] > git rev-parse --show-toplevel [0ms]
2023-11-14 11:05:20.322 [info] Log level: Info
2023-11-14 11:05:20.322 [info] Validating found git in: "git"
2023-11-14 11:05:20.322 [info] Using git "2.39.2" from "git"
2023-11-14 11:05:20.322 [info] > git rev-parse --show-toplevel [4ms]
2023-11-14 11:05:20.326 [info] > git rev-parse --git-dir --git-common-dir [1ms]
2023-11-14 11:05:20.329 [info] Open repository: /home/anirudhkailaje/Documents/01_UPenn/01_ESE5460/02_Homework
2023-11-14 11:05:20.338 [info] > git rev-parse --show-toplevel [1ms]
2023-11-14 11:05:20.339 [info] > git config --get commit.template [4ms]
2023-11-14 11:05:20.347 [info] > git rev-parse --show-toplevel [4ms]
2023-11-14 11:05:20.351 [info] > git for-each-ref --format=%(refname)%00%(upstream:short)%00%(objectname)%00%(upstream:track)%00%(upstream:remotename)%00%(upstream:remoteref) refs/heads/master refs/remotes/master [5ms]
2023-11-14 11:05:20.354 [info] > git rev-parse --show-toplevel [3ms]
2023-11-14 11:05:20.358 [info] > git rev-parse --show-toplevel [0ms]
2023-11-14 11:05:20.434 [info] > git status -z -uall [80ms]
2023-11-14 11:05:20.441 [info] > git config --get commit.template [1ms]
2023-11-14 11:05:20.458 [info] > git for-each-ref --format=%(refname)%00%(upstream:short)%00%(objectname)%00%(upstream:track)%00%(upstream:remotename)%00%(upstream:remoteref) refs/heads/master refs/remotes/master [11ms]
2023-11-14 11:05:20.531 [info] > git status -z -uall [69ms]
2023-11-14 11:05:20.850 [info] > git check-ignore -v -z --stdin [3ms]
2023-11-14 11:05:22.198 [info] > git check-ignore -v -z --stdin [1ms]
2023-11-14 11:05:24.445 [info] > git check-ignore -v -z --stdin [2ms]
2023-11-14 11:05:37.435 [info] > git show --textconv :01_Homework1/src/mnist_svm.py [10ms]
2023-11-14 11:05:37.437 [info] > git ls-files --stage -- /home/anirudhkailaje/Documents/01_UPenn/01_ESE5460/02_Homework/01_Homework1/src/mnist_svm.py [1ms]
2023-11-14 11:05:37.445 [info] > git cat-file -s 89c26af732c4ff7af4f8798535977da9b205f652 [2ms]
2023-11-14 11:05:51.956 [info] > git show --textconv :01_Homework1/src/mnist_torch.py [7ms]
2023-11-14 11:05:51.956 [info] > git ls-files --stage -- /home/anirudhkailaje/Documents/01_UPenn/01_ESE5460/02_Homework/01_Homework1/src/mnist_torch.py [1ms]
2023-11-14 11:05:51.962 [info] > git cat-file -s dd979fee5afd2136e4a18be7dc195cf3cadef7da [1ms]
2023-11-14 11:06:28.751 [info] > git show --textconv :04_Homework4/problem2 [6ms]
2023-11-14 11:06:28.752 [info] > git ls-files --stage -- /home/anirudhkailaje/Documents/01_UPenn/01_ESE5460/02_Homework/04_Homework4/problem2 [2ms]
2023-11-14 11:06:29.025 [info] > git check-ignore -v -z --stdin [1ms]
2023-11-14 11:06:29.592 [info] > git config --get commit.template [6ms]
2023-11-14 11:06:29.593 [info] > git for-each-ref --format=%(refname)%00%(upstream:short)%00%(objectname)%00%(upstream:track)%00%(upstream:remotename)%00%(upstream:remoteref) refs/heads/master refs/remotes/master [2ms]
2023-11-14 11:06:29.659 [info] > git status -z -uall [61ms]
2023-11-14 11:06:36.948 [info] > git show --textconv :04_Homework4/problem2.py [7ms]
2023-11-14 11:06:36.949 [info] > git ls-files --stage -- /home/anirudhkailaje/Documents/01_UPenn/01_ESE5460/02_Homework/04_Homework4/problem2.py [2ms]
2023-11-14 11:06:37.221 [info] > git check-ignore -v -z --stdin [2ms]
2023-11-14 11:06:37.778 [info] > git config --get commit.template [8ms]
2023-11-14 11:06:37.778 [info] > git for-each-ref --format=%(refname)%00%(upstream:short)%00%(objectname)%00%(upstream:track)%00%(upstream:remotename)%00%(upstream:remoteref) refs/heads/master refs/remotes/master [1ms]
2023-11-14 11:06:37.840 [info] > git status -z -uall [56ms]
2023-11-14 11:09:21.756 [info] > git config --get commit.template [7ms]
2023-11-14 11:09:21.757 [info] > git for-each-ref --format=%(refname)%00%(upstream:short)%00%(objectname)%00%(upstream:track)%00%(upstream:remotename)%00%(upstream:remoteref) refs/heads/master refs/remotes/master [1ms]
2023-11-14 11:09:21.816 [info] > git status -z -uall [55ms]
2023-11-14 11:10:08.200 [info] > git config --get commit.template [4ms]
2023-11-14 11:10:08.200 [info] > git for-each-ref --format=%(refname)%00%(upstream:short)%00%(objectname)%00%(upstream:track)%00%(upstream:remotename)%00%(upstream:remoteref) refs/heads/master refs/remotes/master [0ms]
2023-11-14 11:10:08.264 [info] > git status -z -uall [61ms]
2023-11-14 11:10:13.282 [info] > git config --get commit.template [1ms]
2023-11-14 11:10:13.289 [info] > git for-each-ref --format=%(refname)%00%(upstream:short)%00%(objectname)%00%(upstream:track)%00%(upstream:remotename)%00%(upstream:remoteref) refs/heads/master refs/remotes/master [1ms]
2023-11-14 11:10:13.357 [info] > git status -z -uall [63ms]
2023-11-14 11:26:34.534 [info] > git config --get commit.template [7ms]
2023-11-14 11:26:34.535 [info] > git for-each-ref --format=%(refname)%00%(upstream:short)%00%(objectname)%00%(upstream:track)%00%(upstream:remotename)%00%(upstream:remoteref) refs/heads/master refs/remotes/master [1ms]
2023-11-14 11:26:34.611 [info] > git status -z -uall [70ms]
2023-11-14 11:31:41.818 [info] > git config --get commit.template [9ms]
2023-11-14 11:31:41.818 [info] > git for-each-ref --format=%(refname)%00%(upstream:short)%00%(objectname)%00%(upstream:track)%00%(upstream:remotename)%00%(upstream:remoteref) refs/heads/master refs/remotes/master [1ms]
2023-11-14 11:31:41.888 [info] > git status -z -uall [63ms]
2023-11-14 16:39:06.098 [info] > git config --get commit.template [1ms]
2023-11-14 16:39:06.111 [info] > git for-each-ref --format=%(refname)%00%(upstream:short)%00%(objectname)%00%(upstream:track)%00%(upstream:remotename)%00%(upstream:remoteref) refs/heads/master refs/remotes/master [2ms]
2023-11-14 16:39:06.194 [info] > git status -z -uall [71ms]
2023-11-14 17:21:28.882 [info] > git config --get commit.template [6ms]
2023-11-14 17:21:28.883 [info] > git for-each-ref --format=%(refname)%00%(upstream:short)%00%(objectname)%00%(upstream:track)%00%(upstream:remotename)%00%(upstream:remoteref) refs/heads/master refs/remotes/master [2ms]
2023-11-14 17:21:28.978 [info] > git status -z -uall [88ms]
2023-11-14 17:22:16.550 [info] > git config --get commit.template [8ms]
2023-11-14 17:22:16.550 [info] > git for-each-ref --format=%(refname)%00%(upstream:short)%00%(objectname)%00%(upstream:track)%00%(upstream:remotename)%00%(upstream:remoteref) refs/heads/master refs/remotes/master [1ms]
2023-11-14 17:22:16.616 [info] > git status -z -uall [59ms]
2023-11-14 17:22:19.605 [info] > git check-ignore -v -z --stdin [1ms]
2023-11-14 17:29:03.844 [info] > git show --textconv :01_Homework1/src/mnist_gabor.py [10ms]
2023-11-14 17:29:03.845 [info] > git ls-files --stage -- /home/anirudhkailaje/Documents/01_UPenn/01_ESE5460/02_Homework/01_Homework1/src/mnist_gabor.py [2ms]
2023-11-14 17:29:03.854 [info] > git cat-file -s 541c430b942b0e1432335e06e455d61f50bb4499 [1ms]
2023-11-14 17:29:34.954 [info] > git show --textconv :04_Homework4/problem2.py [9ms]
2023-11-14 17:29:34.955 [info] > git ls-files --stage -- /home/anirudhkailaje/Documents/01_UPenn/01_ESE5460/02_Homework/04_Homework4/problem2.py [1ms]
2023-11-14 17:34:04.229 [info] > git check-ignore -v -z --stdin [2ms]
2023-11-14 17:34:04.718 [info] > git config --get commit.template [9ms]
2023-11-14 17:34:04.718 [info] > git for-each-ref --format=%(refname)%00%(upstream:short)%00%(objectname)%00%(upstream:track)%00%(upstream:remotename)%00%(upstream:remoteref) refs/heads/master refs/remotes/master [1ms]
2023-11-14 17:34:04.789 [info] > git status -z -uall [65ms]
2023-11-14 17:35:28.370 [info] > git show --textconv :04_Homework4/problem2.py [9ms]
2023-11-14 17:35:28.371 [info] > git ls-files --stage -- /home/anirudhkailaje/Documents/01_UPenn/01_ESE5460/02_Homework/04_Homework4/problem2.py [1ms]
2023-11-14 17:36:03.862 [info] > git show --textconv :04_Homework4/problem2.py [8ms]
2023-11-14 17:36:03.863 [info] > git ls-files --stage -- /home/anirudhkailaje/Documents/01_UPenn/01_ESE5460/02_Homework/04_Homework4/problem2.py [1ms]
2023-11-14 17:40:20.014 [info] > git check-ignore -v -z --stdin [1ms]
2023-11-14 17:40:20.595 [info] > git config --get commit.template [9ms]
2023-11-14 17:40:20.595 [info] > git for-each-ref --format=%(refname)%00%(upstream:short)%00%(objectname)%00%(upstream:track)%00%(upstream:remotename)%00%(upstream:remoteref) refs/heads/master refs/remotes/master [1ms]
2023-11-14 17:40:20.682 [info] > git status -z -uall [80ms]
2023-11-14 17:40:30.796 [info] > git show --textconv :04_Homework4/src/problem2.py [7ms]
2023-11-14 17:40:30.797 [info] > git ls-files --stage -- /home/anirudhkailaje/Documents/01_UPenn/01_ESE5460/02_Homework/04_Homework4/src/problem2.py [1ms]
2023-11-14 17:40:31.064 [info] > git check-ignore -v -z --stdin [2ms]
2023-11-14 17:40:31.602 [info] > git config --get commit.template [10ms]
2023-11-14 17:40:31.602 [info] > git for-each-ref --format=%(refname)%00%(upstream:short)%00%(objectname)%00%(upstream:track)%00%(upstream:remotename)%00%(upstream:remoteref) refs/heads/master refs/remotes/master [1ms]
2023-11-14 17:40:31.684 [info] > git status -z -uall [72ms]
2023-11-14 17:42:44.595 [info] > git show --textconv :04_Homework4/src/problem2.py [19ms]
2023-11-14 17:42:44.596 [info] > git ls-files --stage -- /home/anirudhkailaje/Documents/01_UPenn/01_ESE5460/02_Homework/04_Homework4/src/problem2.py [1ms]
2023-11-14 17:51:38.165 [info] > git config --get commit.template [13ms]
2023-11-14 17:51:38.165 [info] > git for-each-ref --format=%(refname)%00%(upstream:short)%00%(objectname)%00%(upstream:track)%00%(upstream:remotename)%00%(upstream:remoteref) refs/heads/master refs/remotes/master [1ms]
2023-11-14 17:51:38.260 [info] > git status -z -uall [81ms]
2023-11-14 17:51:41.990 [info] > git check-ignore -v -z --stdin [1ms]
2023-11-14 17:51:43.279 [info] > git config --get commit.template [0ms]
2023-11-14 17:51:43.286 [info] > git for-each-ref --format=%(refname)%00%(upstream:short)%00%(objectname)%00%(upstream:track)%00%(upstream:remotename)%00%(upstream:remoteref) refs/heads/master refs/remotes/master [1ms]
2023-11-14 17:51:43.378 [info] > git status -z -uall [86ms]
2023-11-14 17:51:43.606 [info] > git check-ignore -v -z --stdin [0ms]
2023-11-14 17:51:48.398 [info] > git config --get commit.template [7ms]
2023-11-14 17:51:48.398 [info] > git for-each-ref --format=%(refname)%00%(upstream:short)%00%(objectname)%00%(upstream:track)%00%(upstream:remotename)%00%(upstream:remoteref) refs/heads/master refs/remotes/master [1ms]
2023-11-14 17:51:48.479 [info] > git status -z -uall [77ms]
2023-11-14 18:02:31.027 [info] > git config --get commit.template [1ms]
2023-11-14 18:02:31.037 [info] > git for-each-ref --format=%(refname)%00%(upstream:short)%00%(objectname)%00%(upstream:track)%00%(upstream:remotename)%00%(upstream:remoteref) refs/heads/master refs/remotes/master [2ms]
2023-11-14 18:02:31.187 [info] > git status -z -uall [133ms]
2023-11-14 18:30:39.703 [info] > git config --get commit.template [7ms]
2023-11-14 18:30:39.704 [info] > git for-each-ref --format=%(refname)%00%(upstream:short)%00%(objectname)%00%(upstream:track)%00%(upstream:remotename)%00%(upstream:remoteref) refs/heads/master refs/remotes/master [1ms]
2023-11-14 18:30:39.781 [info] > git status -z -uall [70ms]
2023-11-14 18:31:17.502 [info] > git show --textconv :04_Homework4/src/problem2.py [8ms]
2023-11-14 18:31:17.503 [info] > git ls-files --stage -- /home/anirudhkailaje/Documents/01_UPenn/01_ESE5460/02_Homework/04_Homework4/src/problem2.py [1ms]
2023-11-14 18:32:55.620 [info] > git config --get commit.template [1ms]
2023-11-14 18:32:55.636 [info] > git for-each-ref --format=%(refname)%00%(upstream:short)%00%(objectname)%00%(upstream:track)%00%(upstream:remotename)%00%(upstream:remoteref) refs/heads/master refs/remotes/master [3ms]
2023-11-14 18:32:55.759 [info] > git status -z -uall [110ms]
2023-11-14 18:48:28.371 [info] > git config --get commit.template [8ms]
2023-11-14 18:48:28.372 [info] > git for-each-ref --format=%(refname)%00%(upstream:short)%00%(objectname)%00%(upstream:track)%00%(upstream:remotename)%00%(upstream:remoteref) refs/heads/master refs/remotes/master [1ms]
2023-11-14 18:48:28.449 [info] > git status -z -uall [69ms]
2023-11-14 18:48:35.126 [info] > git config --get commit.template [13ms]
2023-11-14 18:48:35.128 [info] > git for-each-ref --format=%(refname)%00%(upstream:short)%00%(objectname)%00%(upstream:track)%00%(upstream:remotename)%00%(upstream:remoteref) refs/heads/master refs/remotes/master [3ms]
2023-11-14 18:48:35.248 [info] > git status -z -uall [110ms]
2023-11-14 19:00:34.635 [info] > git show --textconv :01_Homework1/src/mnist_neural_network.py [6ms]
2023-11-14 19:00:34.636 [info] > git ls-files --stage -- /home/anirudhkailaje/Documents/01_UPenn/01_ESE5460/02_Homework/01_Homework1/src/mnist_neural_network.py [1ms]
2023-11-14 19:00:34.643 [info] > git cat-file -s 7f268489ae815c7bf23a7497043a08acd512cb46 [1ms]
2023-11-14 19:01:53.071 [info] > git show --textconv :04_Homework4/src/problem2.py [10ms]
2023-11-14 19:01:53.073 [info] > git ls-files --stage -- /home/anirudhkailaje/Documents/01_UPenn/01_ESE5460/02_Homework/04_Homework4/src/problem2.py [3ms]
2023-11-14 19:07:31.661 [info] > git config --get commit.template [9ms]
2023-11-14 19:07:31.663 [info] > git for-each-ref --format=%(refname)%00%(upstream:short)%00%(objectname)%00%(upstream:track)%00%(upstream:remotename)%00%(upstream:remoteref) refs/heads/master refs/remotes/master [3ms]
2023-11-14 19:07:31.797 [info] > git status -z -uall [123ms]
2023-11-14 19:09:30.701 [info] > git config --get commit.template [7ms]
2023-11-14 19:09:30.702 [info] > git for-each-ref --format=%(refname)%00%(upstream:short)%00%(objectname)%00%(upstream:track)%00%(upstream:remotename)%00%(upstream:remoteref) refs/heads/master refs/remotes/master [1ms]
2023-11-14 19:09:30.790 [info] > git status -z -uall [80ms]
2023-11-14 19:10:30.249 [info] > git config --get commit.template [8ms]
2023-11-14 19:10:30.250 [info] > git for-each-ref --format=%(refname)%00%(upstream:short)%00%(objectname)%00%(upstream:track)%00%(upstream:remotename)%00%(upstream:remoteref) refs/heads/master refs/remotes/master [1ms]
2023-11-14 19:10:30.336 [info] > git status -z -uall [79ms]
2023-11-14 19:11:38.686 [info] > git config --get commit.template [9ms]
2023-11-14 19:11:38.687 [info] > git for-each-ref --format=%(refname)%00%(upstream:short)%00%(objectname)%00%(upstream:track)%00%(upstream:remotename)%00%(upstream:remoteref) refs/heads/master refs/remotes/master [0ms]
2023-11-14 19:11:38.776 [info] > git status -z -uall [82ms]
2023-11-14 19:16:15.540 [info] > git config --get commit.template [9ms]
2023-11-14 19:16:15.540 [info] > git for-each-ref --format=%(refname)%00%(upstream:short)%00%(objectname)%00%(upstream:track)%00%(upstream:remotename)%00%(upstream:remoteref) refs/heads/master refs/remotes/master [1ms]
2023-11-14 19:16:15.644 [info] > git status -z -uall [96ms]
2023-11-14 19:16:36.661 [info] > git config --get commit.template [11ms]
2023-11-14 19:16:36.662 [info] > git for-each-ref --format=%(refname)%00%(upstream:short)%00%(objectname)%00%(upstream:track)%00%(upstream:remotename)%00%(upstream:remoteref) refs/heads/master refs/remotes/master [1ms]
2023-11-14 19:16:36.745 [info] > git status -z -uall [75ms]
2023-11-14 19:18:49.762 [info] > git config --get commit.template [2ms]
2023-11-14 19:18:49.771 [info] > git for-each-ref --format=%(refname)%00%(upstream:short)%00%(objectname)%00%(upstream:track)%00%(upstream:remotename)%00%(upstream:remoteref) refs/heads/master refs/remotes/master [1ms]
2023-11-14 19:18:49.899 [info] > git status -z -uall [121ms]
2023-11-14 19:21:42.623 [info] > git check-ignore -v -z --stdin [1ms]
2023-11-14 19:21:54.072 [info] > git show --textconv :04_Homework4/src/problem2.py [7ms]
2023-11-14 19:21:54.072 [info] > git ls-files --stage -- /home/anirudhkailaje/Documents/01_UPenn/01_ESE5460/02_Homework/04_Homework4/src/problem2.py [0ms]
2023-11-14 19:21:54.897 [info] > git config --get commit.template [10ms]
2023-11-14 19:21:54.898 [info] > git for-each-ref --format=%(refname)%00%(upstream:short)%00%(objectname)%00%(upstream:track)%00%(upstream:remotename)%00%(upstream:remoteref) refs/heads/master refs/remotes/master [2ms]
2023-11-14 19:21:54.975 [info] > git status -z -uall [71ms]
2023-11-14 19:22:04.467 [info] > git check-ignore -v -z --stdin [2ms]
2023-11-14 19:22:05.194 [info] > git show --textconv :04_Homework4/src/logs/TorchNeuralNetwork/2023-11-14_18-02-33_TorchNeuralLog.log [8ms]
2023-11-14 19:22:05.195 [info] > git ls-files --stage -- /home/anirudhkailaje/Documents/01_UPenn/01_ESE5460/02_Homework/04_Homework4/src/logs/TorchNeuralNetwork/2023-11-14_18-02-33_TorchNeuralLog.log [2ms]
2023-11-14 19:22:10.559 [info] > git show --textconv :.gitignore [8ms]
2023-11-14 19:22:10.560 [info] > git ls-files --stage -- /home/anirudhkailaje/Documents/01_UPenn/01_ESE5460/02_Homework/.gitignore [1ms]
2023-11-14 19:22:10.565 [info] > git cat-file -s c5bfa3253477a2e27c0a4c7c58cca03d8661cb94 [0ms]
2023-11-14 19:22:14.581 [info] > git check-ignore -v -z --stdin [1ms]
2023-11-14 19:23:06.182 [info] > git check-ignore -v -z --stdin [0ms]
2023-11-14 19:23:06.656 [info] > git config --get commit.template [8ms]
2023-11-14 19:23:06.656 [info] > git for-each-ref --format=%(refname)%00%(upstream:short)%00%(objectname)%00%(upstream:track)%00%(upstream:remotename)%00%(upstream:remoteref) refs/heads/master refs/remotes/master [0ms]
2023-11-14 19:23:06.723 [info] > git status -z -uall [61ms]
2023-11-14 19:23:13.852 [info] > git config --get commit.template [6ms]
2023-11-14 19:23:13.852 [info] > git for-each-ref --format=%(refname)%00%(upstream:short)%00%(objectname)%00%(upstream:track)%00%(upstream:remotename)%00%(upstream:remoteref) refs/heads/master refs/remotes/master [1ms]
2023-11-14 19:23:13.859 [info] > git status -z -uall [3ms]
2023-11-14 19:23:13.960 [info] > git ls-files --stage -- /home/anirudhkailaje/Documents/01_UPenn/01_ESE5460/02_Homework/.gitignore [3ms]
2023-11-14 19:23:13.970 [info] > git cat-file -s 96fc9177a8d92f2018e25c673b7f27d95ea114b2 [2ms]
2023-11-14 19:23:13.978 [info] > git show --textconv :.gitignore [1ms]
2023-11-14 19:23:26.583 [info] > git config --get commit.template [9ms]
2023-11-14 19:23:26.583 [info] > git for-each-ref --format=%(refname)%00%(upstream:short)%00%(objectname)%00%(upstream:track)%00%(upstream:remotename)%00%(upstream:remoteref) refs/heads/master refs/remotes/master [1ms]
2023-11-14 19:23:26.590 [info] > git status -z -uall [2ms]
2023-11-14 19:23:26.679 [info] > git ls-files --stage -- /home/anirudhkailaje/Documents/01_UPenn/01_ESE5460/02_Homework/.gitignore [1ms]
2023-11-14 19:23:26.687 [info] > git cat-file -s 96fc9177a8d92f2018e25c673b7f27d95ea114b2 [2ms]
2023-11-14 19:23:26.694 [info] > git show --textconv :.gitignore [1ms]
2023-11-14 19:23:50.100 [info] > git config --get commit.template [1ms]
2023-11-14 19:23:50.109 [info] > git for-each-ref --format=%(refname)%00%(upstream:short)%00%(objectname)%00%(upstream:track)%00%(upstream:remotename)%00%(upstream:remoteref) refs/heads/master refs/remotes/master [1ms]
2023-11-14 19:23:50.117 [info] > git status -z -uall [2ms]
2023-11-14 19:23:50.205 [info] > git ls-files --stage -- /home/anirudhkailaje/Documents/01_UPenn/01_ESE5460/02_Homework/.gitignore [2ms]
2023-11-14 19:23:50.212 [info] > git cat-file -s 96fc9177a8d92f2018e25c673b7f27d95ea114b2 [1ms]
2023-11-14 19:23:50.219 [info] > git show --textconv :.gitignore [1ms]
2023-11-14 19:24:09.354 [info] > git show --textconv :04_Homework4/src/problem2.py [9ms]
2023-11-14 19:24:09.355 [info] > git ls-files --stage -- /home/anirudhkailaje/Documents/01_UPenn/01_ESE5460/02_Homework/04_Homework4/src/problem2.py [1ms]
2023-11-14 19:24:09.362 [info] > git cat-file -s 2f882c67eb69b62b6239e2e8dd050c1a84101575 [1ms]
2023-11-14 19:45:10.436 [info] > git check-ignore -v -z --stdin [1ms]
2023-11-14 19:45:10.895 [info] > git config --get commit.template [6ms]
2023-11-14 19:45:10.896 [info] > git for-each-ref --format=%(refname)%00%(upstream:short)%00%(objectname)%00%(upstream:track)%00%(upstream:remotename)%00%(upstream:remoteref) refs/heads/master refs/remotes/master [1ms]
2023-11-14 19:45:10.902 [info] > git status -z -uall [1ms]
2023-11-14 19:45:18.922 [info] > git show --textconv :04_Homework4/src/problem2.py [7ms]
2023-11-14 19:45:18.922 [info] > git ls-files --stage -- /home/anirudhkailaje/Documents/01_UPenn/01_ESE5460/02_Homework/04_Homework4/src/problem2.py [1ms]
2023-11-14 19:45:18.929 [info] > git cat-file -s 2f882c67eb69b62b6239e2e8dd050c1a84101575 [1ms]
2023-11-14 19:59:23.883 [info] > git config --get commit.template [1ms]
2023-11-14 19:59:23.890 [info] > git for-each-ref --format=%(refname)%00%(upstream:short)%00%(objectname)%00%(upstream:track)%00%(upstream:remotename)%00%(upstream:remoteref) refs/heads/master refs/remotes/master [1ms]
2023-11-14 19:59:23.897 [info] > git status -z -uall [1ms]
2023-11-14 20:09:18.717 [info] > git config --get commit.template [16ms]
2023-11-14 20:09:18.718 [info] > git for-each-ref --format=%(refname)%00%(upstream:short)%00%(objectname)%00%(upstream:track)%00%(upstream:remotename)%00%(upstream:remoteref) refs/heads/master refs/remotes/master [1ms]
2023-11-14 20:09:18.736 [info] > git status -z -uall [2ms]
2023-11-14 20:15:39.687 [info] > git config --get commit.template [0ms]
2023-11-14 20:15:39.692 [info] > git for-each-ref --format=%(refname)%00%(upstream:short)%00%(objectname)%00%(upstream:track)%00%(upstream:remotename)%00%(upstream:remoteref) refs/heads/master refs/remotes/master [1ms]
2023-11-14 20:15:39.697 [info] > git status -z -uall [1ms]
2023-11-14 20:17:29.041 [info] > git show --textconv :04_Homework4/src/problem2.py [8ms]
2023-11-14 20:17:29.042 [info] > git ls-files --stage -- /home/anirudhkailaje/Documents/01_UPenn/01_ESE5460/02_Homework/04_Homework4/src/problem2.py [1ms]
2023-11-14 20:17:29.049 [info] > git cat-file -s 2f882c67eb69b62b6239e2e8dd050c1a84101575 [0ms]
2023-11-14 20:18:06.297 [info] > git show --textconv :04_Homework4/src/problem2.py [9ms]
2023-11-14 20:18:06.298 [info] > git ls-files --stage -- /home/anirudhkailaje/Documents/01_UPenn/01_ESE5460/02_Homework/04_Homework4/src/problem2.py [2ms]
2023-11-14 20:18:06.306 [info] > git cat-file -s 2f882c67eb69b62b6239e2e8dd050c1a84101575 [1ms]
2023-11-14 20:39:33.708 [info] > git config --get commit.template [10ms]
2023-11-14 20:39:33.708 [info] > git for-each-ref --format=%(refname)%00%(upstream:short)%00%(objectname)%00%(upstream:track)%00%(upstream:remotename)%00%(upstream:remoteref) refs/heads/master refs/remotes/master [1ms]
2023-11-14 20:39:33.716 [info] > git status -z -uall [1ms]
2023-11-14 20:51:58.423 [info] > git show --textconv :04_Homework4/src/problem2.py [7ms]
2023-11-14 20:51:58.423 [info] > git ls-files --stage -- /home/anirudhkailaje/Documents/01_UPenn/01_ESE5460/02_Homework/04_Homework4/src/problem2.py [1ms]
2023-11-14 20:51:58.431 [info] > git cat-file -s 2f882c67eb69b62b6239e2e8dd050c1a84101575 [1ms]
2023-11-14 20:53:22.062 [info] > git show --textconv :04_Homework4/src/problem2.py [8ms]
2023-11-14 20:53:22.063 [info] > git ls-files --stage -- /home/anirudhkailaje/Documents/01_UPenn/01_ESE5460/02_Homework/04_Homework4/src/problem2.py [1ms]
2023-11-14 20:53:22.070 [info] > git cat-file -s 2f882c67eb69b62b6239e2e8dd050c1a84101575 [1ms]
2023-11-14 20:53:33.179 [info] > git show --textconv :04_Homework4/src/problem2.py [9ms]
2023-11-14 20:53:33.179 [info] > git ls-files --stage -- /home/anirudhkailaje/Documents/01_UPenn/01_ESE5460/02_Homework/04_Homework4/src/problem2.py [1ms]
2023-11-14 20:53:33.186 [info] > git cat-file -s 2f882c67eb69b62b6239e2e8dd050c1a84101575 [1ms]
2023-11-14 20:53:39.462 [info] > git config --get commit.template [7ms]
2023-11-14 20:53:39.463 [info] > git for-each-ref --format=%(refname)%00%(upstream:short)%00%(objectname)%00%(upstream:track)%00%(upstream:remotename)%00%(upstream:remoteref) refs/heads/master refs/remotes/master [1ms]
2023-11-14 20:53:39.468 [info] > git status -z -uall [1ms]
2023-11-14 20:53:52.729 [info] > git show --textconv :04_Homework4/src/problem2.py [7ms]
2023-11-14 20:53:52.730 [info] > git ls-files --stage -- /home/anirudhkailaje/Documents/01_UPenn/01_ESE5460/02_Homework/04_Homework4/src/problem2.py [2ms]
2023-11-14 20:53:52.735 [info] > git cat-file -s 2f882c67eb69b62b6239e2e8dd050c1a84101575 [0ms]
2023-11-14 20:54:49.718 [info] > git config --get commit.template [8ms]
2023-11-14 20:54:49.718 [info] > git for-each-ref --format=%(refname)%00%(upstream:short)%00%(objectname)%00%(upstream:track)%00%(upstream:remotename)%00%(upstream:remoteref) refs/heads/master refs/remotes/master [1ms]
2023-11-14 20:54:49.725 [info] > git status -z -uall [2ms]
2023-11-14 20:54:54.735 [info] > git config --get commit.template [0ms]
2023-11-14 20:54:54.741 [info] > git for-each-ref --format=%(refname)%00%(upstream:short)%00%(objectname)%00%(upstream:track)%00%(upstream:remotename)%00%(upstream:remoteref) refs/heads/master refs/remotes/master [1ms]
2023-11-14 20:54:54.748 [info] > git status -z -uall [1ms]
2023-11-14 20:55:38.026 [info] > git config --get commit.template [1ms]
2023-11-14 20:55:38.035 [info] > git for-each-ref --format=%(refname)%00%(upstream:short)%00%(objectname)%00%(upstream:track)%00%(upstream:remotename)%00%(upstream:remoteref) refs/heads/master refs/remotes/master [1ms]
2023-11-14 20:55:38.044 [info] > git status -z -uall [2ms]
2023-11-14 21:28:51.377 [info] > git show --textconv :04_Homework4/src/problem2.py [7ms]
2023-11-14 21:28:51.378 [info] > git ls-files --stage -- /home/anirudhkailaje/Documents/01_UPenn/01_ESE5460/02_Homework/04_Homework4/src/problem2.py [1ms]
2023-11-14 21:28:51.384 [info] > git cat-file -s 2f882c67eb69b62b6239e2e8dd050c1a84101575 [1ms]
2023-11-14 21:28:55.701 [info] > git show --textconv :04_Homework4/src/problem2.py [9ms]
2023-11-14 21:28:55.702 [info] > git ls-files --stage -- /home/anirudhkailaje/Documents/01_UPenn/01_ESE5460/02_Homework/04_Homework4/src/problem2.py [1ms]
2023-11-14 21:28:55.710 [info] > git cat-file -s 2f882c67eb69b62b6239e2e8dd050c1a84101575 [1ms]
2023-11-14 21:29:11.229 [info] > git config --get commit.template [13ms]
2023-11-14 21:29:11.230 [info] > git for-each-ref --format=%(refname)%00%(upstream:short)%00%(objectname)%00%(upstream:track)%00%(upstream:remotename)%00%(upstream:remoteref) refs/heads/master refs/remotes/master [1ms]
2023-11-14 21:29:11.245 [info] > git status -z -uall [2ms]
2023-11-14 21:29:37.312 [info] > git config --get commit.template [1ms]
2023-11-14 21:29:37.320 [info] > git for-each-ref --format=%(refname)%00%(upstream:short)%00%(objectname)%00%(upstream:track)%00%(upstream:remotename)%00%(upstream:remoteref) refs/heads/master refs/remotes/master [1ms]
2023-11-14 21:29:37.327 [info] > git status -z -uall [1ms]
2023-11-14 21:37:04.488 [info] > git config --get commit.template [15ms]
2023-11-14 21:37:04.489 [info] > git for-each-ref --format=%(refname)%00%(upstream:short)%00%(objectname)%00%(upstream:track)%00%(upstream:remotename)%00%(upstream:remoteref) refs/heads/master refs/remotes/master [1ms]
2023-11-14 21:37:04.511 [info] > git status -z -uall [10ms]
2023-11-14 21:39:25.709 [info] > git config --get commit.template [16ms]
2023-11-14 21:39:25.712 [info] > git for-each-ref --format=%(refname)%00%(upstream:short)%00%(objectname)%00%(upstream:track)%00%(upstream:remotename)%00%(upstream:remoteref) refs/heads/master refs/remotes/master [4ms]
2023-11-14 21:39:25.730 [info] > git status -z -uall [3ms]
2023-11-14 21:44:31.239 [info] > git config --get commit.template [3ms]
2023-11-14 21:44:31.246 [info] > git for-each-ref --format=%(refname)%00%(upstream:short)%00%(objectname)%00%(upstream:track)%00%(upstream:remotename)%00%(upstream:remoteref) refs/heads/master refs/remotes/master [1ms]
2023-11-14 21:44:31.251 [info] > git status -z -uall [1ms]
2023-11-14 21:52:45.264 [info] > git show --textconv :04_Homework4/src/problem2.py [9ms]
2023-11-14 21:52:45.264 [info] > git ls-files --stage -- /home/anirudhkailaje/Documents/01_UPenn/01_ESE5460/02_Homework/04_Homework4/src/problem2.py [1ms]
2023-11-14 21:52:45.271 [info] > git cat-file -s 2f882c67eb69b62b6239e2e8dd050c1a84101575 [0ms]
2023-11-14 21:52:57.077 [info] > git show --textconv :04_Homework4/src/problem2.py [11ms]
2023-11-14 21:52:57.078 [info] > git ls-files --stage -- /home/anirudhkailaje/Documents/01_UPenn/01_ESE5460/02_Homework/04_Homework4/src/problem2.py [1ms]
2023-11-14 21:52:57.087 [info] > git cat-file -s 2f882c67eb69b62b6239e2e8dd050c1a84101575 [1ms]
2023-11-14 21:53:17.710 [info] > git show --textconv :04_Homework4/src/problem2.py [9ms]
2023-11-14 21:53:17.711 [info] > git ls-files --stage -- /home/anirudhkailaje/Documents/01_UPenn/01_ESE5460/02_Homework/04_Homework4/src/problem2.py [0ms]
2023-11-14 21:53:17.718 [info] > git cat-file -s 2f882c67eb69b62b6239e2e8dd050c1a84101575 [0ms]
2023-11-14 21:53:53.074 [info] > git show --textconv :04_Homework4/src/problem2.py [9ms]
2023-11-14 21:53:53.075 [info] > git ls-files --stage -- /home/anirudhkailaje/Documents/01_UPenn/01_ESE5460/02_Homework/04_Homework4/src/problem2.py [2ms]
2023-11-14 21:53:53.082 [info] > git cat-file -s 2f882c67eb69b62b6239e2e8dd050c1a84101575 [2ms]
2023-11-14 21:54:25.862 [info] > git show --textconv :04_Homework4/src/problem2.py [7ms]
2023-11-14 21:54:25.863 [info] > git ls-files --stage -- /home/anirudhkailaje/Documents/01_UPenn/01_ESE5460/02_Homework/04_Homework4/src/problem2.py [1ms]
2023-11-14 21:54:25.869 [info] > git cat-file -s 2f882c67eb69b62b6239e2e8dd050c1a84101575 [0ms]
2023-11-14 21:54:47.111 [info] > git show --textconv :04_Homework4/src/problem2.py [8ms]
2023-11-14 21:54:47.112 [info] > git ls-files --stage -- /home/anirudhkailaje/Documents/01_UPenn/01_ESE5460/02_Homework/04_Homework4/src/problem2.py [1ms]
2023-11-14 21:54:47.120 [info] > git cat-file -s 2f882c67eb69b62b6239e2e8dd050c1a84101575 [1ms]
2023-11-14 21:55:33.124 [info] > git config --get commit.template [10ms]
2023-11-14 21:55:33.124 [info] > git for-each-ref --format=%(refname)%00%(upstream:short)%00%(objectname)%00%(upstream:track)%00%(upstream:remotename)%00%(upstream:remoteref) refs/heads/master refs/remotes/master [1ms]
2023-11-14 21:55:33.140 [info] > git status -z -uall [5ms]
2023-11-14 22:04:38.476 [info] > git config --get commit.template [1ms]
2023-11-14 22:04:38.486 [info] > git for-each-ref --format=%(refname)%00%(upstream:short)%00%(objectname)%00%(upstream:track)%00%(upstream:remotename)%00%(upstream:remoteref) refs/heads/master refs/remotes/master [1ms]
2023-11-14 22:04:38.496 [info] > git status -z -uall [2ms]
2023-11-14 22:04:59.287 [info] > git config --get commit.template [8ms]
2023-11-14 22:04:59.287 [info] > git for-each-ref --format=%(refname)%00%(upstream:short)%00%(objectname)%00%(upstream:track)%00%(upstream:remotename)%00%(upstream:remoteref) refs/heads/master refs/remotes/master [1ms]
2023-11-14 22:04:59.295 [info] > git status -z -uall [1ms]
2023-11-14 22:09:16.967 [info] > git config --get commit.template [9ms]
2023-11-14 22:09:16.967 [info] > git for-each-ref --format=%(refname)%00%(upstream:short)%00%(objectname)%00%(upstream:track)%00%(upstream:remotename)%00%(upstream:remoteref) refs/heads/master refs/remotes/master [1ms]
2023-11-14 22:09:16.975 [info] > git status -z -uall [2ms]
2023-11-14 22:09:22.104 [info] > git show --textconv :04_Homework4/src/problem2.py [8ms]
2023-11-14 22:09:22.104 [info] > git ls-files --stage -- /home/anirudhkailaje/Documents/01_UPenn/01_ESE5460/02_Homework/04_Homework4/src/problem2.py [1ms]
2023-11-14 22:09:22.110 [info] > git cat-file -s 2f882c67eb69b62b6239e2e8dd050c1a84101575 [1ms]
2023-11-14 22:09:58.838 [info] > git config --get commit.template [11ms]
2023-11-14 22:09:58.838 [info] > git for-each-ref --format=%(refname)%00%(upstream:short)%00%(objectname)%00%(upstream:track)%00%(upstream:remotename)%00%(upstream:remoteref) refs/heads/master refs/remotes/master [1ms]
2023-11-14 22:09:58.850 [info] > git status -z -uall [4ms]
2023-11-14 22:11:07.825 [info] > git config --get commit.template [1ms]
2023-11-14 22:11:07.835 [info] > git for-each-ref --format=%(refname)%00%(upstream:short)%00%(objectname)%00%(upstream:track)%00%(upstream:remotename)%00%(upstream:remoteref) refs/heads/master refs/remotes/master [2ms]
2023-11-14 22:11:07.844 [info] > git status -z -uall [2ms]
2023-11-14 22:11:31.701 [info] > git config --get commit.template [9ms]
2023-11-14 22:11:31.702 [info] > git for-each-ref --format=%(refname)%00%(upstream:short)%00%(objectname)%00%(upstream:track)%00%(upstream:remotename)%00%(upstream:remoteref) refs/heads/master refs/remotes/master [1ms]
2023-11-14 22:11:31.709 [info] > git status -z -uall [1ms]
2023-11-14 22:13:03.149 [info] > git config --get commit.template [1ms]
2023-11-14 22:13:03.158 [info] > git for-each-ref --format=%(refname)%00%(upstream:short)%00%(objectname)%00%(upstream:track)%00%(upstream:remotename)%00%(upstream:remoteref) refs/heads/master refs/remotes/master [1ms]
2023-11-14 22:13:03.167 [info] > git status -z -uall [1ms]
2023-11-14 22:13:08.330 [info] > git show --textconv :04_Homework4/src/problem2.py [9ms]
2023-11-14 22:13:08.332 [info] > git ls-files --stage -- /home/anirudhkailaje/Documents/01_UPenn/01_ESE5460/02_Homework/04_Homework4/src/problem2.py [3ms]
2023-11-14 22:13:08.344 [info] > git cat-file -s 2f882c67eb69b62b6239e2e8dd050c1a84101575 [2ms]
2023-11-14 22:15:06.810 [info] > git config --get commit.template [12ms]
2023-11-14 22:15:06.814 [info] > git for-each-ref --format=%(refname)%00%(upstream:short)%00%(objectname)%00%(upstream:track)%00%(upstream:remotename)%00%(upstream:remoteref) refs/heads/master refs/remotes/master [5ms]
2023-11-14 22:15:06.827 [info] > git status -z -uall [4ms]
2023-11-14 22:15:11.844 [info] > git config --get commit.template [7ms]
2023-11-14 22:15:11.844 [info] > git for-each-ref --format=%(refname)%00%(upstream:short)%00%(objectname)%00%(upstream:track)%00%(upstream:remotename)%00%(upstream:remoteref) refs/heads/master refs/remotes/master [1ms]
2023-11-14 22:15:11.851 [info] > git status -z -uall [1ms]
2023-11-14 22:18:21.023 [info] > git config --get commit.template [9ms]
2023-11-14 22:18:21.023 [info] > git for-each-ref --format=%(refname)%00%(upstream:short)%00%(objectname)%00%(upstream:track)%00%(upstream:remotename)%00%(upstream:remoteref) refs/heads/master refs/remotes/master [1ms]
2023-11-14 22:18:21.033 [info] > git status -z -uall [2ms]
2023-11-14 22:25:00.731 [info] > git check-ignore -v -z --stdin [1ms]
2023-11-14 22:25:09.546 [info] > git show --textconv :04_Homework4/src/problem2.py [9ms]
2023-11-14 22:25:09.547 [info] > git ls-files --stage -- /home/anirudhkailaje/Documents/01_UPenn/01_ESE5460/02_Homework/04_Homework4/src/problem2.py [1ms]
2023-11-14 22:25:09.553 [info] > git cat-file -s 2f882c67eb69b62b6239e2e8dd050c1a84101575 [1ms]
2023-11-14 22:35:47.175 [info] > git show --textconv :04_Homework4/src/problem2.py [10ms]
2023-11-14 22:35:47.176 [info] > git ls-files --stage -- /home/anirudhkailaje/Documents/01_UPenn/01_ESE5460/02_Homework/04_Homework4/src/problem2.py [2ms]
2023-11-14 22:35:47.185 [info] > git cat-file -s 2f882c67eb69b62b6239e2e8dd050c1a84101575 [2ms]
2023-11-14 22:35:50.779 [info] > git config --get commit.template [1ms]
2023-11-14 22:35:50.789 [info] > git for-each-ref --format=%(refname)%00%(upstream:short)%00%(objectname)%00%(upstream:track)%00%(upstream:remotename)%00%(upstream:remoteref) refs/heads/master refs/remotes/master [2ms]
2023-11-14 22:35:50.799 [info] > git status -z -uall [2ms]
2023-11-15 00:36:20.508 [info] > git config --get commit.template [11ms]
2023-11-15 00:36:20.509 [info] > git for-each-ref --format=%(refname)%00%(upstream:short)%00%(objectname)%00%(upstream:track)%00%(upstream:remotename)%00%(upstream:remoteref) refs/heads/master refs/remotes/master [1ms]
2023-11-15 00:36:20.519 [info] > git status -z -uall [2ms]
2023-11-15 00:37:47.529 [info] > git check-ignore -v -z --stdin [1ms]
2023-11-15 00:37:48.445 [info] > git check-ignore -v -z --stdin [1ms]
2023-11-15 00:37:49.216 [info] > git config --get commit.template [8ms]
2023-11-15 00:37:49.217 [info] > git for-each-ref --format=%(refname)%00%(upstream:short)%00%(objectname)%00%(upstream:track)%00%(upstream:remotename)%00%(upstream:remoteref) refs/heads/master refs/remotes/master [1ms]
2023-11-15 00:37:49.223 [info] > git status -z -uall [1ms]
2023-11-15 00:37:53.967 [info] > git check-ignore -v -z --stdin [2ms]
