Visual Studio Code (1.84.2, undefined, desktop)
Jupyter Extension Version: 2023.10.1100000000.
Python Extension Version: 2023.20.0.
Platform: linux (x64).
Workspace folder ~/Documents/01_UPenn/02_MEAM5170/03_FinalProject, Home = /home/anirudhkailaje
12:15:53.885 [info] Start refreshing Kernel Picker (1700068553885)
12:15:53.887 [info] Using Pylance
12:15:53.922 [info] Start refreshing Interpreter Kernel Picker
12:15:54.437 [info] Starting Kernel startUsingPythonInterpreter, .jvsc74a57bd0916dbcbb3f70747c44a77c7bcd40155683ae19c65e1c03b4aa3499c5328201f1./bin/python3./bin/python3.-m#ipykernel_launcher  (Python Path: /bin/python3, Unknown, 3.11.2) for '~/Documents/01_UPenn/02_MEAM5170/03_FinalProject/src/BipedCollocation.ipynb' (disableUI=true)
12:15:54.934 [warn] Failed to get activated env vars for /bin/python3 in 674ms
12:15:54.937 [warn] Failed to get activated env vars for /bin/python3 in 480ms
12:15:54.945 [info] Process Execution: /bin/python3 -c "import site;print("USER_BASE_VALUE");print(site.USER_BASE);print("USER_BASE_VALUE");"
12:15:54.972 [info] Process Execution: /bin/python3 -m pip list
12:15:54.978 [info] Process Execution: /bin/python3 -c "import ipykernel; print(ipykernel.__version__); print("5dc3a68c-e34e-4080-9c3e-2a532b2ccb4d"); print(ipykernel.__file__)"
12:15:54.985 [info] Process Execution: /bin/python3 -m ipykernel_launcher --f=~/.local/share/jupyter/runtime/kernel-v2-1588348qZu8K7ZoauqR.json
    > cwd: ~/Documents/01_UPenn/02_MEAM5170/03_FinalProject/src
12:15:55.116 [info] ipykernel version & path 6.17.0, /usr/lib/python3/dist-packages/ipykernel/__init__.py for /bin/python3
12:15:55.335 [warn] StdErr from Kernel Process 0.00s - Debugger warning: It seems that frozen modules are being used, which may
0.00s - make the debugger miss breakpoints. Please pass -Xfrozen_modules=off
0.00s - to python to disable frozen modules.
0.00s - Note: Debugging will proceed. Set PYDEVD_DISABLE_FILE_VALIDATION=1 to disable this validation.
12:15:55.489 [info] Process Execution: /bin/python3 ~/.vscode/extensions/ms-toolsai.jupyter-2023.10.1100000000-linux-x64/pythonFiles/printJupyterDataDir.py
12:15:56.041 [info] End refreshing Kernel Picker (1700068553885)
12:25:40.123 [info] Disposing HostJupyterExecution
12:25:40.123 [info] Dispose Kernel '~/Documents/01_UPenn/02_MEAM5170/03_FinalProject/src/BipedCollocation.ipynb' associated with '~/Documents/01_UPenn/02_MEAM5170/03_FinalProject/src/BipedCollocation.ipynb'
12:25:40.124 [info] Dispose Kernel process 1588481.
12:25:40.132 [info] Disposing HostJupyterExecution
