2023-11-15 12:15:47.287 [info] Log level: Info
2023-11-15 12:15:47.287 [info] Validating found git in: "git"
2023-11-15 12:15:47.287 [info] Using git "2.39.2" from "git"
2023-11-15 12:15:54.020 [info] Log level: Info
2023-11-15 12:15:54.020 [info] Validating found git in: "git"
2023-11-15 12:15:54.020 [info] Using git "2.39.2" from "git"
2023-11-15 12:15:54.020 [info] > git rev-parse --show-toplevel [36ms]
2023-11-15 12:15:54.082 [info] > git rev-parse --git-dir --git-common-dir [5ms]
2023-11-15 12:15:54.089 [info] Open repository: /home/anirudhkailaje/Documents/01_UPenn/02_MEAM5170/03_FinalProject
2023-11-15 12:15:54.102 [info] > git config --get commit.template [6ms]
2023-11-15 12:15:54.103 [info] > git rev-parse --show-toplevel [3ms]
2023-11-15 12:15:54.116 [info] > git for-each-ref --format=%(refname)%00%(upstream:short)%00%(objectname)%00%(upstream:track)%00%(upstream:remotename)%00%(upstream:remoteref) refs/heads/dhruv-dircol-mods refs/remotes/dhruv-dircol-mods [7ms]
2023-11-15 12:15:54.123 [info] > git rev-parse --show-toplevel [8ms]
2023-11-15 12:15:54.129 [info] > git status -z -uall [7ms]
2023-11-15 12:15:54.138 [info] > git rev-parse --show-toplevel [9ms]
2023-11-15 12:15:54.138 [info] > git config --get commit.template [1ms]
2023-11-15 12:15:54.147 [info] > git rev-parse --show-toplevel [5ms]
2023-11-15 12:15:54.148 [info] > git for-each-ref --format=%(refname)%00%(upstream:short)%00%(objectname)%00%(upstream:track)%00%(upstream:remotename)%00%(upstream:remoteref) refs/heads/dhruv-dircol-mods refs/remotes/dhruv-dircol-mods [2ms]
2023-11-15 12:15:54.154 [info] > git status -z -uall [2ms]
2023-11-15 12:15:54.918 [info] > git check-ignore -v -z --stdin [17ms]
2023-11-15 12:25:42.491 [info] Log level: Info
2023-11-15 12:25:42.491 [info] Validating found git in: "git"
2023-11-15 12:25:42.491 [info] Using git "2.39.2" from "git"
2023-11-15 12:25:42.491 [info] > git rev-parse --show-toplevel [2ms]
2023-11-15 12:25:42.491 [info] fatal: not a git repository (or any of the parent directories): .git
2023-11-15 12:25:42.549 [info] > git rev-parse --show-toplevel [1ms]
2023-11-15 12:25:42.549 [info] fatal: not a git repository (or any of the parent directories): .git
2023-11-15 12:26:39.411 [info] > git rev-parse --show-toplevel [2ms]
2023-11-15 12:26:39.420 [info] > git rev-parse --git-dir --git-common-dir [1ms]
2023-11-15 12:26:39.424 [info] Open repository: /home/anirudhkailaje/Documents/01_UPenn/02_MEAM5170/05_Madness
2023-11-15 12:26:39.429 [info] > git config --get commit.template [2ms]
2023-11-15 12:26:39.432 [info] No remotes found in the git config file.
2023-11-15 12:26:39.432 [info] > git for-each-ref --format=%(refname)%00%(upstream:short)%00%(objectname)%00%(upstream:track)%00%(upstream:remotename)%00%(upstream:remoteref) refs/heads/master refs/remotes/master [0ms]
2023-11-15 12:26:39.436 [info] > git status -z -uall [1ms]
2023-11-15 12:26:39.444 [info] > git config --get commit.template [1ms]
2023-11-15 12:26:39.446 [info] No remotes found in the git config file.
2023-11-15 12:26:39.447 [info] > git for-each-ref --format=%(refname)%00%(upstream:short)%00%(objectname)%00%(upstream:track)%00%(upstream:remotename)%00%(upstream:remoteref) refs/heads/master refs/remotes/master [1ms]
2023-11-15 12:26:39.451 [info] > git status -z -uall [1ms]
2023-11-15 12:30:30.582 [info] > git config --get commit.template [5ms]
2023-11-15 12:30:30.582 [info] > git for-each-ref --format=%(refname)%00%(upstream:short)%00%(objectname)%00%(upstream:track)%00%(upstream:remotename)%00%(upstream:remoteref) refs/heads/master refs/remotes/master [1ms]
2023-11-15 12:30:30.586 [info] > git status -z -uall [1ms]
2023-11-15 12:31:56.077 [info] > git config --get commit.template [6ms]
2023-11-15 12:31:56.078 [info] > git for-each-ref --format=%(refname)%00%(upstream:short)%00%(objectname)%00%(upstream:track)%00%(upstream:remotename)%00%(upstream:remoteref) refs/heads/master refs/remotes/master [2ms]
2023-11-15 12:31:56.082 [info] > git status -z -uall [1ms]
2023-11-15 12:32:43.666 [info] > git config --get commit.template [7ms]
2023-11-15 12:32:43.667 [info] > git for-each-ref --format=%(refname)%00%(upstream:short)%00%(objectname)%00%(upstream:track)%00%(upstream:remotename)%00%(upstream:remoteref) refs/heads/master refs/remotes/master [2ms]
2023-11-15 12:32:43.673 [info] > git status -z -uall [1ms]
2023-11-15 12:32:51.159 [info] > git config --get commit.template [7ms]
2023-11-15 12:32:51.160 [info] > git for-each-ref --format=%(refname)%00%(upstream:short)%00%(objectname)%00%(upstream:track)%00%(upstream:remotename)%00%(upstream:remoteref) refs/heads/dhruv-dircol-mods refs/remotes/dhruv-dircol-mods [2ms]
2023-11-15 12:32:51.166 [info] > git status -z -uall [3ms]
2023-11-15 12:32:51.174 [info] > git check-ignore -v -z --stdin [1ms]
2023-11-15 12:33:04.418 [info] > git config --get commit.template [7ms]
2023-11-15 12:33:04.419 [info] > git for-each-ref --format=%(refname)%00%(upstream:short)%00%(objectname)%00%(upstream:track)%00%(upstream:remotename)%00%(upstream:remoteref) refs/heads/dhruv-dircol-mods refs/remotes/dhruv-dircol-mods [2ms]
2023-11-15 12:33:04.429 [info] > git status -z -uall [6ms]
2023-11-15 12:33:08.322 [info] > git check-ignore -v -z --stdin [2ms]
2023-11-15 12:33:30.173 [info] > git show --textconv :src/direct_col_dev.py [8ms]
2023-11-15 12:33:30.174 [info] > git ls-files --stage -- /home/anirudhkailaje/Documents/01_UPenn/02_MEAM5170/05_Madness/src/direct_col_dev.py [2ms]
2023-11-15 12:33:30.180 [info] > git cat-file -s 6a40377078ad31c4beebf5870e488743ac9aa2a4 [1ms]
2023-11-15 12:33:33.903 [info] > git show --textconv :src/find_throwing_trajectory.py [9ms]
2023-11-15 12:33:33.904 [info] > git ls-files --stage -- /home/anirudhkailaje/Documents/01_UPenn/02_MEAM5170/05_Madness/src/find_throwing_trajectory.py [2ms]
2023-11-15 12:33:33.911 [info] > git cat-file -s 42e04fa4f6ca41217f68178fe2993eba9f765148 [0ms]
2023-11-15 12:35:04.644 [info] > git show --textconv :src/direct_col_dev.py [8ms]
2023-11-15 12:35:04.645 [info] > git ls-files --stage -- /home/anirudhkailaje/Documents/01_UPenn/02_MEAM5170/05_Madness/src/direct_col_dev.py [1ms]
2023-11-15 12:35:04.652 [info] > git cat-file -s 6a40377078ad31c4beebf5870e488743ac9aa2a4 [2ms]
2023-11-15 12:35:14.212 [info] > git config --get commit.template [0ms]
2023-11-15 12:35:14.220 [info] > git for-each-ref --format=%(refname)%00%(upstream:short)%00%(objectname)%00%(upstream:track)%00%(upstream:remotename)%00%(upstream:remoteref) refs/heads/dhruv-dircol-mods refs/remotes/dhruv-dircol-mods [1ms]
2023-11-15 12:35:14.229 [info] > git status -z -uall [3ms]
2023-11-15 12:35:19.256 [info] > git config --get commit.template [8ms]
2023-11-15 12:35:19.256 [info] > git for-each-ref --format=%(refname)%00%(upstream:short)%00%(objectname)%00%(upstream:track)%00%(upstream:remotename)%00%(upstream:remoteref) refs/heads/dhruv-dircol-mods refs/remotes/dhruv-dircol-mods [1ms]
2023-11-15 12:35:19.266 [info] > git status -z -uall [3ms]
2023-11-15 12:35:33.127 [info] > git config --get commit.template [8ms]
2023-11-15 12:35:33.128 [info] > git for-each-ref --format=%(refname)%00%(upstream:short)%00%(objectname)%00%(upstream:track)%00%(upstream:remotename)%00%(upstream:remoteref) refs/heads/dhruv-dircol-mods refs/remotes/dhruv-dircol-mods [1ms]
2023-11-15 12:35:33.139 [info] > git status -z -uall [3ms]
2023-11-15 12:35:38.159 [info] > git config --get commit.template [7ms]
2023-11-15 12:35:38.160 [info] > git for-each-ref --format=%(refname)%00%(upstream:short)%00%(objectname)%00%(upstream:track)%00%(upstream:remotename)%00%(upstream:remoteref) refs/heads/dhruv-dircol-mods refs/remotes/dhruv-dircol-mods [1ms]
2023-11-15 12:35:38.169 [info] > git status -z -uall [3ms]
2023-11-15 12:36:14.144 [info] > git config --get commit.template [9ms]
2023-11-15 12:36:14.144 [info] > git for-each-ref --format=%(refname)%00%(upstream:short)%00%(objectname)%00%(upstream:track)%00%(upstream:remotename)%00%(upstream:remoteref) refs/heads/dhruv-dircol-mods refs/remotes/dhruv-dircol-mods [1ms]
2023-11-15 12:36:14.155 [info] > git status -z -uall [3ms]
2023-11-15 12:43:22.646 [info] > git show --textconv :src/direct_col_dev.py [11ms]
2023-11-15 12:43:22.647 [info] > git ls-files --stage -- /home/anirudhkailaje/Documents/01_UPenn/02_MEAM5170/05_Madness/src/direct_col_dev.py [3ms]
2023-11-15 12:43:22.653 [info] > git cat-file -s 6a40377078ad31c4beebf5870e488743ac9aa2a4 [1ms]
2023-11-15 13:27:29.536 [info] > git config --get commit.template [8ms]
2023-11-15 13:27:29.537 [info] > git for-each-ref --format=%(refname)%00%(upstream:short)%00%(objectname)%00%(upstream:track)%00%(upstream:remotename)%00%(upstream:remoteref) refs/heads/dhruv-dircol-mods refs/remotes/dhruv-dircol-mods [1ms]
2023-11-15 13:27:29.549 [info] > git status -z -uall [4ms]
2023-11-15 13:27:31.214 [info] > git show --textconv :src/direct_col_dev.py [8ms]
2023-11-15 13:27:31.215 [info] > git ls-files --stage -- /home/anirudhkailaje/Documents/01_UPenn/02_MEAM5170/05_Madness/src/direct_col_dev.py [1ms]
2023-11-15 13:27:31.222 [info] > git cat-file -s 6a40377078ad31c4beebf5870e488743ac9aa2a4 [1ms]
2023-11-15 13:27:36.129 [info] > git show --textconv :src/direct_col_dev.py [10ms]
2023-11-15 13:27:36.130 [info] > git ls-files --stage -- /home/anirudhkailaje/Documents/01_UPenn/02_MEAM5170/05_Madness/src/direct_col_dev.py [2ms]
2023-11-15 13:27:36.137 [info] > git cat-file -s 6a40377078ad31c4beebf5870e488743ac9aa2a4 [1ms]
2023-11-15 13:28:58.772 [info] > git config --get commit.template [2ms]
2023-11-15 13:28:58.779 [info] > git for-each-ref --format=%(refname)%00%(upstream:short)%00%(objectname)%00%(upstream:track)%00%(upstream:remotename)%00%(upstream:remoteref) refs/heads/dhruv-dircol-mods refs/remotes/dhruv-dircol-mods [1ms]
2023-11-15 13:28:58.787 [info] > git status -z -uall [2ms]
2023-11-15 13:34:04.698 [info] > git config --get commit.template [11ms]
2023-11-15 13:34:04.698 [info] > git for-each-ref --format=%(refname)%00%(upstream:short)%00%(objectname)%00%(upstream:track)%00%(upstream:remotename)%00%(upstream:remoteref) refs/heads/dhruv-dircol-mods refs/remotes/dhruv-dircol-mods [1ms]
2023-11-15 13:34:04.707 [info] > git status -z -uall [3ms]
2023-11-15 13:36:38.566 [info] > git config --get commit.template [8ms]
2023-11-15 13:36:38.567 [info] > git for-each-ref --format=%(refname)%00%(upstream:short)%00%(objectname)%00%(upstream:track)%00%(upstream:remotename)%00%(upstream:remoteref) refs/heads/dhruv-dircol-mods refs/remotes/dhruv-dircol-mods [1ms]
2023-11-15 13:36:38.576 [info] > git status -z -uall [3ms]
2023-11-15 13:36:57.801 [info] > git config --get commit.template [10ms]
2023-11-15 13:36:57.801 [info] > git for-each-ref --format=%(refname)%00%(upstream:short)%00%(objectname)%00%(upstream:track)%00%(upstream:remotename)%00%(upstream:remoteref) refs/heads/dhruv-dircol-mods refs/remotes/dhruv-dircol-mods [1ms]
2023-11-15 13:36:57.813 [info] > git status -z -uall [4ms]
2023-11-15 13:38:45.268 [info] > git show --textconv :src/phase_switch.py [13ms]
2023-11-15 13:38:45.269 [info] > git ls-files --stage -- /home/anirudhkailaje/Documents/01_UPenn/02_MEAM5170/05_Madness/src/phase_switch.py [2ms]
2023-11-15 13:38:45.276 [info] > git cat-file -s 1a2e6c7a58e9e7c02704d45f8116f8d6c8a9acf1 [1ms]
2023-11-15 13:38:45.642 [info] > git show --textconv :src/osc_tracking_objective.py [8ms]
2023-11-15 13:38:45.643 [info] > git ls-files --stage -- /home/anirudhkailaje/Documents/01_UPenn/02_MEAM5170/05_Madness/src/osc_tracking_objective.py [1ms]
2023-11-15 13:38:45.651 [info] > git cat-file -s 324f58b4388c1c4ee70d9ffa63c2211fc6356d38 [1ms]
2023-11-15 13:38:53.455 [info] > git config --get commit.template [8ms]
2023-11-15 13:38:53.456 [info] > git for-each-ref --format=%(refname)%00%(upstream:short)%00%(objectname)%00%(upstream:track)%00%(upstream:remotename)%00%(upstream:remoteref) refs/heads/dhruv-dircol-mods refs/remotes/dhruv-dircol-mods [1ms]
2023-11-15 13:38:53.465 [info] > git status -z -uall [3ms]
2023-11-15 13:39:05.442 [info] > git config --get commit.template [1ms]
2023-11-15 13:39:05.453 [info] > git for-each-ref --format=%(refname)%00%(upstream:short)%00%(objectname)%00%(upstream:track)%00%(upstream:remotename)%00%(upstream:remoteref) refs/heads/dhruv-dircol-mods refs/remotes/dhruv-dircol-mods [2ms]
2023-11-15 13:39:05.465 [info] > git status -z -uall [4ms]
2023-11-15 13:39:09.597 [info] > git show --textconv :src/osc_tracking_objective.py [7ms]
2023-11-15 13:39:09.598 [info] > git ls-files --stage -- /home/anirudhkailaje/Documents/01_UPenn/02_MEAM5170/05_Madness/src/osc_tracking_objective.py [1ms]
2023-11-15 13:39:09.604 [info] > git cat-file -s 324f58b4388c1c4ee70d9ffa63c2211fc6356d38 [1ms]
2023-11-15 13:39:18.608 [info] > git show --textconv :src/osc_modified.py [8ms]
2023-11-15 13:39:18.609 [info] > git ls-files --stage -- /home/anirudhkailaje/Documents/01_UPenn/02_MEAM5170/05_Madness/src/osc_modified.py [2ms]
2023-11-15 13:39:18.618 [info] > git cat-file -s 3169c3b7f361278fe04363e79bd6a614b2058420 [2ms]
2023-11-15 13:39:27.033 [info] > git config --get commit.template [1ms]
2023-11-15 13:39:27.042 [info] > git for-each-ref --format=%(refname)%00%(upstream:short)%00%(objectname)%00%(upstream:track)%00%(upstream:remotename)%00%(upstream:remoteref) refs/heads/dhruv-dircol-mods refs/remotes/dhruv-dircol-mods [2ms]
2023-11-15 13:39:27.052 [info] > git status -z -uall [3ms]
2023-11-15 13:39:40.832 [info] > git config --get commit.template [1ms]
2023-11-15 13:39:40.843 [info] > git for-each-ref --format=%(refname)%00%(upstream:short)%00%(objectname)%00%(upstream:track)%00%(upstream:remotename)%00%(upstream:remoteref) refs/heads/dhruv-dircol-mods refs/remotes/dhruv-dircol-mods [1ms]
2023-11-15 13:39:40.856 [info] > git status -z -uall [4ms]
2023-11-15 13:40:54.529 [info] > git config --get commit.template [10ms]
2023-11-15 13:40:54.529 [info] > git for-each-ref --format=%(refname)%00%(upstream:short)%00%(objectname)%00%(upstream:track)%00%(upstream:remotename)%00%(upstream:remoteref) refs/heads/dhruv-dircol-mods refs/remotes/dhruv-dircol-mods [1ms]
2023-11-15 13:40:54.540 [info] > git status -z -uall [3ms]
2023-11-15 13:40:59.561 [info] > git config --get commit.template [9ms]
2023-11-15 13:40:59.562 [info] > git for-each-ref --format=%(refname)%00%(upstream:short)%00%(objectname)%00%(upstream:track)%00%(upstream:remotename)%00%(upstream:remoteref) refs/heads/dhruv-dircol-mods refs/remotes/dhruv-dircol-mods [1ms]
2023-11-15 13:40:59.572 [info] > git status -z -uall [4ms]
2023-11-15 13:41:04.585 [info] > git config --get commit.template [0ms]
2023-11-15 13:41:04.594 [info] > git for-each-ref --format=%(refname)%00%(upstream:short)%00%(objectname)%00%(upstream:track)%00%(upstream:remotename)%00%(upstream:remoteref) refs/heads/dhruv-dircol-mods refs/remotes/dhruv-dircol-mods [1ms]
2023-11-15 13:41:04.606 [info] > git status -z -uall [4ms]
2023-11-15 13:43:35.134 [info] > git config --get commit.template [10ms]
2023-11-15 13:43:35.135 [info] > git for-each-ref --format=%(refname)%00%(upstream:short)%00%(objectname)%00%(upstream:track)%00%(upstream:remotename)%00%(upstream:remoteref) refs/heads/dhruv-dircol-mods refs/remotes/dhruv-dircol-mods [1ms]
2023-11-15 13:43:35.142 [info] > git status -z -uall [3ms]
2023-11-15 13:43:52.138 [info] > git config --get commit.template [9ms]
2023-11-15 13:43:52.139 [info] > git for-each-ref --format=%(refname)%00%(upstream:short)%00%(objectname)%00%(upstream:track)%00%(upstream:remotename)%00%(upstream:remoteref) refs/heads/dhruv-dircol-mods refs/remotes/dhruv-dircol-mods [1ms]
2023-11-15 13:43:52.149 [info] > git status -z -uall [3ms]
2023-11-15 13:45:28.010 [info] > git config --get commit.template [1ms]
2023-11-15 13:45:28.020 [info] > git for-each-ref --format=%(refname)%00%(upstream:short)%00%(objectname)%00%(upstream:track)%00%(upstream:remotename)%00%(upstream:remoteref) refs/heads/dhruv-dircol-mods refs/remotes/dhruv-dircol-mods [2ms]
2023-11-15 13:45:28.030 [info] > git status -z -uall [3ms]
2023-11-15 13:51:53.269 [info] > git config --get commit.template [7ms]
2023-11-15 13:51:53.269 [info] > git for-each-ref --format=%(refname)%00%(upstream:short)%00%(objectname)%00%(upstream:track)%00%(upstream:remotename)%00%(upstream:remoteref) refs/heads/dhruv-dircol-mods refs/remotes/dhruv-dircol-mods [1ms]
2023-11-15 13:51:53.276 [info] > git status -z -uall [3ms]
2023-11-15 13:51:58.295 [info] > git config --get commit.template [9ms]
2023-11-15 13:51:58.295 [info] > git for-each-ref --format=%(refname)%00%(upstream:short)%00%(objectname)%00%(upstream:track)%00%(upstream:remotename)%00%(upstream:remoteref) refs/heads/dhruv-dircol-mods refs/remotes/dhruv-dircol-mods [1ms]
2023-11-15 13:51:58.305 [info] > git status -z -uall [3ms]
2023-11-15 13:58:41.077 [info] > git show --textconv :src/dynamics_constraints_dev.py [9ms]
2023-11-15 13:58:41.078 [info] > git ls-files --stage -- /home/anirudhkailaje/Documents/01_UPenn/02_MEAM5170/05_Madness/src/dynamics_constraints_dev.py [1ms]
2023-11-15 13:58:41.083 [info] > git cat-file -s dac8897413e7d328b0aecdf5b922cdcc393dba54 [1ms]
2023-11-15 14:00:44.294 [info] > git show --textconv :src/direct_col_dev.py [9ms]
2023-11-15 14:00:44.295 [info] > git ls-files --stage -- /home/anirudhkailaje/Documents/01_UPenn/02_MEAM5170/05_Madness/src/direct_col_dev.py [2ms]
2023-11-15 14:00:44.301 [info] > git cat-file -s 6a40377078ad31c4beebf5870e488743ac9aa2a4 [1ms]
2023-11-15 14:00:48.015 [info] > git show --textconv :src/dynamics_constraints_dev.py [12ms]
2023-11-15 14:00:48.016 [info] > git ls-files --stage -- /home/anirudhkailaje/Documents/01_UPenn/02_MEAM5170/05_Madness/src/dynamics_constraints_dev.py [2ms]
2023-11-15 14:00:48.025 [info] > git cat-file -s dac8897413e7d328b0aecdf5b922cdcc393dba54 [1ms]
2023-11-15 14:13:38.996 [info] > git show --textconv :src/direct_col_dev.py [9ms]
2023-11-15 14:13:38.997 [info] > git ls-files --stage -- /home/anirudhkailaje/Documents/01_UPenn/02_MEAM5170/05_Madness/src/direct_col_dev.py [1ms]
2023-11-15 14:13:39.004 [info] > git cat-file -s 6a40377078ad31c4beebf5870e488743ac9aa2a4 [2ms]
2023-11-15 14:13:46.921 [info] > git show --textconv :src/dynamics_constraints_dev.py [12ms]
2023-11-15 14:13:46.922 [info] > git ls-files --stage -- /home/anirudhkailaje/Documents/01_UPenn/02_MEAM5170/05_Madness/src/dynamics_constraints_dev.py [2ms]
2023-11-15 14:13:46.931 [info] > git cat-file -s dac8897413e7d328b0aecdf5b922cdcc393dba54 [1ms]
2023-11-15 14:14:46.139 [info] > git config --get commit.template [12ms]
2023-11-15 14:14:46.140 [info] > git for-each-ref --format=%(refname)%00%(upstream:short)%00%(objectname)%00%(upstream:track)%00%(upstream:remotename)%00%(upstream:remoteref) refs/heads/dhruv-dircol-mods refs/remotes/dhruv-dircol-mods [2ms]
2023-11-15 14:14:46.150 [info] > git status -z -uall [3ms]
2023-11-15 14:14:50.018 [info] > git show --textconv :src/direct_col_dev.py [18ms]
2023-11-15 14:14:50.020 [info] > git ls-files --stage -- /home/anirudhkailaje/Documents/01_UPenn/02_MEAM5170/05_Madness/src/direct_col_dev.py [3ms]
2023-11-15 14:14:50.031 [info] > git cat-file -s 6a40377078ad31c4beebf5870e488743ac9aa2a4 [1ms]
2023-11-15 14:14:52.316 [info] > git config --get commit.template [8ms]
2023-11-15 14:14:52.317 [info] > git for-each-ref --format=%(refname)%00%(upstream:short)%00%(objectname)%00%(upstream:track)%00%(upstream:remotename)%00%(upstream:remoteref) refs/heads/dhruv-dircol-mods refs/remotes/dhruv-dircol-mods [1ms]
2023-11-15 14:14:52.329 [info] > git status -z -uall [4ms]
2023-11-15 14:14:57.352 [info] > git config --get commit.template [8ms]
2023-11-15 14:14:57.352 [info] > git for-each-ref --format=%(refname)%00%(upstream:short)%00%(objectname)%00%(upstream:track)%00%(upstream:remotename)%00%(upstream:remoteref) refs/heads/dhruv-dircol-mods refs/remotes/dhruv-dircol-mods [1ms]
2023-11-15 14:14:57.360 [info] > git status -z -uall [3ms]
2023-11-15 14:15:22.713 [info] > git show --textconv :src/dynamics_constraints_dev.py [7ms]
2023-11-15 14:15:22.714 [info] > git ls-files --stage -- /home/anirudhkailaje/Documents/01_UPenn/02_MEAM5170/05_Madness/src/dynamics_constraints_dev.py [1ms]
2023-11-15 14:15:22.722 [info] > git cat-file -s dac8897413e7d328b0aecdf5b922cdcc393dba54 [1ms]
2023-11-15 14:15:30.259 [info] > git show --textconv :src/direct_col_dev.py [7ms]
2023-11-15 14:15:30.260 [info] > git ls-files --stage -- /home/anirudhkailaje/Documents/01_UPenn/02_MEAM5170/05_Madness/src/direct_col_dev.py [1ms]
2023-11-15 14:15:30.265 [info] > git cat-file -s 6a40377078ad31c4beebf5870e488743ac9aa2a4 [0ms]
2023-11-15 14:16:03.233 [info] > git show --textconv :src/dynamics_constraints_dev.py [8ms]
2023-11-15 14:16:03.234 [info] > git ls-files --stage -- /home/anirudhkailaje/Documents/01_UPenn/02_MEAM5170/05_Madness/src/dynamics_constraints_dev.py [2ms]
2023-11-15 14:16:03.241 [info] > git cat-file -s dac8897413e7d328b0aecdf5b922cdcc393dba54 [1ms]
2023-11-15 14:16:23.820 [info] > git config --get commit.template [10ms]
2023-11-15 14:16:23.821 [info] > git for-each-ref --format=%(refname)%00%(upstream:short)%00%(objectname)%00%(upstream:track)%00%(upstream:remotename)%00%(upstream:remoteref) refs/heads/dhruv-dircol-mods refs/remotes/dhruv-dircol-mods [2ms]
2023-11-15 14:16:23.831 [info] > git status -z -uall [4ms]
2023-11-15 14:16:24.861 [info] > git show --textconv :src/direct_col_dev.py [8ms]
2023-11-15 14:16:24.861 [info] > git ls-files --stage -- /home/anirudhkailaje/Documents/01_UPenn/02_MEAM5170/05_Madness/src/direct_col_dev.py [1ms]
2023-11-15 14:16:24.869 [info] > git cat-file -s 6a40377078ad31c4beebf5870e488743ac9aa2a4 [1ms]
2023-11-15 14:16:28.861 [info] > git config --get commit.template [8ms]
2023-11-15 14:16:28.861 [info] > git for-each-ref --format=%(refname)%00%(upstream:short)%00%(objectname)%00%(upstream:track)%00%(upstream:remotename)%00%(upstream:remoteref) refs/heads/dhruv-dircol-mods refs/remotes/dhruv-dircol-mods [1ms]
2023-11-15 14:16:28.871 [info] > git status -z -uall [3ms]
2023-11-15 14:16:35.329 [info] > git show --textconv :src/dynamics_constraints_dev.py [8ms]
2023-11-15 14:16:35.330 [info] > git ls-files --stage -- /home/anirudhkailaje/Documents/01_UPenn/02_MEAM5170/05_Madness/src/dynamics_constraints_dev.py [2ms]
2023-11-15 14:16:35.336 [info] > git cat-file -s dac8897413e7d328b0aecdf5b922cdcc393dba54 [2ms]
2023-11-15 14:16:55.540 [info] > git config --get commit.template [9ms]
2023-11-15 14:16:55.540 [info] > git for-each-ref --format=%(refname)%00%(upstream:short)%00%(objectname)%00%(upstream:track)%00%(upstream:remotename)%00%(upstream:remoteref) refs/heads/dhruv-dircol-mods refs/remotes/dhruv-dircol-mods [1ms]
2023-11-15 14:16:55.552 [info] > git status -z -uall [4ms]
2023-11-15 14:16:55.917 [info] > git show --textconv :src/direct_col_dev.py [10ms]
2023-11-15 14:16:55.918 [info] > git ls-files --stage -- /home/anirudhkailaje/Documents/01_UPenn/02_MEAM5170/05_Madness/src/direct_col_dev.py [1ms]
2023-11-15 14:16:55.925 [info] > git cat-file -s 6a40377078ad31c4beebf5870e488743ac9aa2a4 [1ms]
2023-11-15 14:17:00.567 [info] > git config --get commit.template [1ms]
2023-11-15 14:17:00.576 [info] > git for-each-ref --format=%(refname)%00%(upstream:short)%00%(objectname)%00%(upstream:track)%00%(upstream:remotename)%00%(upstream:remoteref) refs/heads/dhruv-dircol-mods refs/remotes/dhruv-dircol-mods [2ms]
2023-11-15 14:17:00.588 [info] > git status -z -uall [3ms]
2023-11-15 14:17:37.203 [info] > git show --textconv :src/dynamics_constraints_dev.py [9ms]
2023-11-15 14:17:37.204 [info] > git ls-files --stage -- /home/anirudhkailaje/Documents/01_UPenn/02_MEAM5170/05_Madness/src/dynamics_constraints_dev.py [1ms]
2023-11-15 14:17:37.211 [info] > git cat-file -s dac8897413e7d328b0aecdf5b922cdcc393dba54 [1ms]
2023-11-15 14:17:55.753 [info] > git config --get commit.template [6ms]
2023-11-15 14:17:55.753 [info] > git for-each-ref --format=%(refname)%00%(upstream:short)%00%(objectname)%00%(upstream:track)%00%(upstream:remotename)%00%(upstream:remoteref) refs/heads/dhruv-dircol-mods refs/remotes/dhruv-dircol-mods [1ms]
2023-11-15 14:17:55.779 [info] > git status -z -uall [18ms]
2023-11-15 14:17:55.779 [info] > git show --textconv :src/direct_col_dev.py [9ms]
2023-11-15 14:17:55.781 [info] > git ls-files --stage -- /home/anirudhkailaje/Documents/01_UPenn/02_MEAM5170/05_Madness/src/direct_col_dev.py [2ms]
2023-11-15 14:17:55.787 [info] > git cat-file -s 6a40377078ad31c4beebf5870e488743ac9aa2a4 [1ms]
2023-11-15 14:18:00.802 [info] > git config --get commit.template [8ms]
2023-11-15 14:18:00.803 [info] > git for-each-ref --format=%(refname)%00%(upstream:short)%00%(objectname)%00%(upstream:track)%00%(upstream:remotename)%00%(upstream:remoteref) refs/heads/dhruv-dircol-mods refs/remotes/dhruv-dircol-mods [1ms]
2023-11-15 14:18:00.812 [info] > git status -z -uall [3ms]
2023-11-15 14:23:58.926 [info] > git show --textconv :src/dynamics_constraints_dev.py [9ms]
2023-11-15 14:23:58.927 [info] > git ls-files --stage -- /home/anirudhkailaje/Documents/01_UPenn/02_MEAM5170/05_Madness/src/dynamics_constraints_dev.py [2ms]
2023-11-15 14:23:58.934 [info] > git cat-file -s dac8897413e7d328b0aecdf5b922cdcc393dba54 [1ms]
2023-11-15 14:24:02.702 [info] > git show --textconv :src/direct_col_dev.py [8ms]
2023-11-15 14:24:02.702 [info] > git ls-files --stage -- /home/anirudhkailaje/Documents/01_UPenn/02_MEAM5170/05_Madness/src/direct_col_dev.py [1ms]
2023-11-15 14:24:02.708 [info] > git cat-file -s 6a40377078ad31c4beebf5870e488743ac9aa2a4 [1ms]
2023-11-15 14:24:06.277 [info] > git show --textconv :src/dynamics_constraints_dev.py [6ms]
2023-11-15 14:24:06.277 [info] > git ls-files --stage -- /home/anirudhkailaje/Documents/01_UPenn/02_MEAM5170/05_Madness/src/dynamics_constraints_dev.py [1ms]
2023-11-15 14:24:06.284 [info] > git cat-file -s dac8897413e7d328b0aecdf5b922cdcc393dba54 [1ms]
2023-11-15 14:24:56.353 [info] > git show --textconv :src/direct_col_dev.py [9ms]
2023-11-15 14:24:56.354 [info] > git ls-files --stage -- /home/anirudhkailaje/Documents/01_UPenn/02_MEAM5170/05_Madness/src/direct_col_dev.py [1ms]
2023-11-15 14:24:56.360 [info] > git cat-file -s 6a40377078ad31c4beebf5870e488743ac9aa2a4 [1ms]
2023-11-15 14:24:56.543 [info] > git config --get commit.template [10ms]
2023-11-15 14:24:56.544 [info] > git for-each-ref --format=%(refname)%00%(upstream:short)%00%(objectname)%00%(upstream:track)%00%(upstream:remotename)%00%(upstream:remoteref) refs/heads/dhruv-dircol-mods refs/remotes/dhruv-dircol-mods [2ms]
2023-11-15 14:24:56.554 [info] > git status -z -uall [3ms]
2023-11-15 14:25:01.570 [info] > git config --get commit.template [5ms]
2023-11-15 14:25:01.571 [info] > git for-each-ref --format=%(refname)%00%(upstream:short)%00%(objectname)%00%(upstream:track)%00%(upstream:remotename)%00%(upstream:remoteref) refs/heads/dhruv-dircol-mods refs/remotes/dhruv-dircol-mods [1ms]
2023-11-15 14:25:01.581 [info] > git status -z -uall [4ms]
2023-11-15 14:25:12.447 [info] > git show --textconv :src/dynamics_constraints_dev.py [9ms]
2023-11-15 14:25:12.447 [info] > git ls-files --stage -- /home/anirudhkailaje/Documents/01_UPenn/02_MEAM5170/05_Madness/src/dynamics_constraints_dev.py [1ms]
2023-11-15 14:25:12.453 [info] > git cat-file -s dac8897413e7d328b0aecdf5b922cdcc393dba54 [1ms]
2023-11-15 14:25:24.596 [info] > git show --textconv :src/direct_col_dev.py [10ms]
2023-11-15 14:25:24.597 [info] > git ls-files --stage -- /home/anirudhkailaje/Documents/01_UPenn/02_MEAM5170/05_Madness/src/direct_col_dev.py [1ms]
2023-11-15 14:25:24.603 [info] > git cat-file -s 6a40377078ad31c4beebf5870e488743ac9aa2a4 [1ms]
2023-11-15 14:25:29.410 [info] > git show --textconv :src/dynamics_constraints_dev.py [5ms]
2023-11-15 14:25:29.410 [info] > git ls-files --stage -- /home/anirudhkailaje/Documents/01_UPenn/02_MEAM5170/05_Madness/src/dynamics_constraints_dev.py [1ms]
2023-11-15 14:25:29.414 [info] > git cat-file -s dac8897413e7d328b0aecdf5b922cdcc393dba54 [0ms]
2023-11-15 14:26:18.584 [info] > git show --textconv :src/direct_col_dev.py [10ms]
2023-11-15 14:26:18.585 [info] > git ls-files --stage -- /home/anirudhkailaje/Documents/01_UPenn/02_MEAM5170/05_Madness/src/direct_col_dev.py [2ms]
2023-11-15 14:26:18.593 [info] > git cat-file -s 6a40377078ad31c4beebf5870e488743ac9aa2a4 [1ms]
2023-11-15 14:26:56.295 [info] > git show --textconv :src/dynamics_constraints_dev.py [7ms]
2023-11-15 14:26:56.296 [info] > git ls-files --stage -- /home/anirudhkailaje/Documents/01_UPenn/02_MEAM5170/05_Madness/src/dynamics_constraints_dev.py [1ms]
2023-11-15 14:26:56.301 [info] > git cat-file -s dac8897413e7d328b0aecdf5b922cdcc393dba54 [0ms]
2023-11-15 14:27:57.832 [info] > git config --get commit.template [15ms]
2023-11-15 14:27:57.832 [info] > git for-each-ref --format=%(refname)%00%(upstream:short)%00%(objectname)%00%(upstream:track)%00%(upstream:remotename)%00%(upstream:remoteref) refs/heads/dhruv-dircol-mods refs/remotes/dhruv-dircol-mods [1ms]
2023-11-15 14:27:57.844 [info] > git status -z -uall [4ms]
2023-11-15 14:27:58.169 [info] > git show --textconv :src/direct_col_dev.py [7ms]
2023-11-15 14:27:58.171 [info] > git ls-files --stage -- /home/anirudhkailaje/Documents/01_UPenn/02_MEAM5170/05_Madness/src/direct_col_dev.py [3ms]
2023-11-15 14:27:58.180 [info] > git cat-file -s 6a40377078ad31c4beebf5870e488743ac9aa2a4 [1ms]
2023-11-15 14:28:01.251 [info] > git show --textconv :src/dynamics_constraints_dev.py [8ms]
2023-11-15 14:28:01.252 [info] > git ls-files --stage -- /home/anirudhkailaje/Documents/01_UPenn/02_MEAM5170/05_Madness/src/dynamics_constraints_dev.py [1ms]
2023-11-15 14:28:01.258 [info] > git cat-file -s dac8897413e7d328b0aecdf5b922cdcc393dba54 [1ms]
2023-11-15 14:28:02.870 [info] > git config --get commit.template [7ms]
2023-11-15 14:28:02.871 [info] > git for-each-ref --format=%(refname)%00%(upstream:short)%00%(objectname)%00%(upstream:track)%00%(upstream:remotename)%00%(upstream:remoteref) refs/heads/dhruv-dircol-mods refs/remotes/dhruv-dircol-mods [1ms]
2023-11-15 14:28:02.881 [info] > git status -z -uall [3ms]
2023-11-15 14:28:03.418 [info] > git show --textconv :src/direct_col_dev.py [7ms]
2023-11-15 14:28:03.419 [info] > git ls-files --stage -- /home/anirudhkailaje/Documents/01_UPenn/02_MEAM5170/05_Madness/src/direct_col_dev.py [1ms]
2023-11-15 14:28:03.424 [info] > git cat-file -s 6a40377078ad31c4beebf5870e488743ac9aa2a4 [1ms]
2023-11-15 14:28:12.887 [info] > git show --textconv :src/dynamics_constraints_dev.py [8ms]
2023-11-15 14:28:12.888 [info] > git ls-files --stage -- /home/anirudhkailaje/Documents/01_UPenn/02_MEAM5170/05_Madness/src/dynamics_constraints_dev.py [1ms]
2023-11-15 14:28:12.893 [info] > git cat-file -s dac8897413e7d328b0aecdf5b922cdcc393dba54 [1ms]
2023-11-15 14:28:18.620 [info] > git config --get commit.template [8ms]
2023-11-15 14:28:18.620 [info] > git for-each-ref --format=%(refname)%00%(upstream:short)%00%(objectname)%00%(upstream:track)%00%(upstream:remotename)%00%(upstream:remoteref) refs/heads/dhruv-dircol-mods refs/remotes/dhruv-dircol-mods [1ms]
2023-11-15 14:28:18.629 [info] > git status -z -uall [3ms]
2023-11-15 14:28:19.725 [info] > git show --textconv :src/direct_col_dev.py [8ms]
2023-11-15 14:28:19.725 [info] > git ls-files --stage -- /home/anirudhkailaje/Documents/01_UPenn/02_MEAM5170/05_Madness/src/direct_col_dev.py [1ms]
2023-11-15 14:28:19.732 [info] > git cat-file -s 6a40377078ad31c4beebf5870e488743ac9aa2a4 [1ms]
2023-11-15 14:28:23.178 [info] > git show --textconv :src/dynamics_constraints_dev.py [8ms]
2023-11-15 14:28:23.179 [info] > git ls-files --stage -- /home/anirudhkailaje/Documents/01_UPenn/02_MEAM5170/05_Madness/src/dynamics_constraints_dev.py [2ms]
2023-11-15 14:28:23.184 [info] > git cat-file -s dac8897413e7d328b0aecdf5b922cdcc393dba54 [1ms]
2023-11-15 14:28:23.762 [info] > git config --get commit.template [7ms]
2023-11-15 14:28:23.762 [info] > git for-each-ref --format=%(refname)%00%(upstream:short)%00%(objectname)%00%(upstream:track)%00%(upstream:remotename)%00%(upstream:remoteref) refs/heads/dhruv-dircol-mods refs/remotes/dhruv-dircol-mods [1ms]
2023-11-15 14:28:23.771 [info] > git status -z -uall [3ms]
2023-11-15 14:28:40.625 [info] > git show --textconv :src/direct_col_dev.py [7ms]
2023-11-15 14:28:40.626 [info] > git ls-files --stage -- /home/anirudhkailaje/Documents/01_UPenn/02_MEAM5170/05_Madness/src/direct_col_dev.py [1ms]
2023-11-15 14:28:40.631 [info] > git cat-file -s 6a40377078ad31c4beebf5870e488743ac9aa2a4 [1ms]
2023-11-15 14:29:42.391 [info] > git show --textconv :src/dynamics_constraints_dev.py [9ms]
2023-11-15 14:29:42.392 [info] > git ls-files --stage -- /home/anirudhkailaje/Documents/01_UPenn/02_MEAM5170/05_Madness/src/dynamics_constraints_dev.py [1ms]
2023-11-15 14:29:42.398 [info] > git cat-file -s dac8897413e7d328b0aecdf5b922cdcc393dba54 [1ms]
2023-11-15 14:29:57.815 [info] > git config --get commit.template [8ms]
2023-11-15 14:29:57.815 [info] > git for-each-ref --format=%(refname)%00%(upstream:short)%00%(objectname)%00%(upstream:track)%00%(upstream:remotename)%00%(upstream:remoteref) refs/heads/dhruv-dircol-mods refs/remotes/dhruv-dircol-mods [1ms]
2023-11-15 14:29:57.824 [info] > git status -z -uall [3ms]
2023-11-15 14:29:58.636 [info] > git show --textconv :src/direct_col_dev.py [7ms]
2023-11-15 14:29:58.636 [info] > git ls-files --stage -- /home/anirudhkailaje/Documents/01_UPenn/02_MEAM5170/05_Madness/src/direct_col_dev.py [1ms]
2023-11-15 14:29:58.641 [info] > git cat-file -s 6a40377078ad31c4beebf5870e488743ac9aa2a4 [0ms]
2023-11-15 14:30:02.848 [info] > git config --get commit.template [8ms]
2023-11-15 14:30:02.849 [info] > git for-each-ref --format=%(refname)%00%(upstream:short)%00%(objectname)%00%(upstream:track)%00%(upstream:remotename)%00%(upstream:remoteref) refs/heads/dhruv-dircol-mods refs/remotes/dhruv-dircol-mods [1ms]
2023-11-15 14:30:02.858 [info] > git status -z -uall [3ms]
2023-11-15 14:30:11.879 [info] > git show --textconv :src/dynamics_constraints_dev.py [9ms]
2023-11-15 14:30:11.879 [info] > git ls-files --stage -- /home/anirudhkailaje/Documents/01_UPenn/02_MEAM5170/05_Madness/src/dynamics_constraints_dev.py [1ms]
2023-11-15 14:30:11.887 [info] > git cat-file -s dac8897413e7d328b0aecdf5b922cdcc393dba54 [1ms]
2023-11-15 14:30:17.865 [info] > git config --get commit.template [8ms]
2023-11-15 14:30:17.866 [info] > git for-each-ref --format=%(refname)%00%(upstream:short)%00%(objectname)%00%(upstream:track)%00%(upstream:remotename)%00%(upstream:remoteref) refs/heads/dhruv-dircol-mods refs/remotes/dhruv-dircol-mods [1ms]
2023-11-15 14:30:17.876 [info] > git status -z -uall [2ms]
2023-11-15 14:30:18.225 [info] > git show --textconv :src/direct_col_dev.py [9ms]
2023-11-15 14:30:18.225 [info] > git ls-files --stage -- /home/anirudhkailaje/Documents/01_UPenn/02_MEAM5170/05_Madness/src/direct_col_dev.py [1ms]
2023-11-15 14:30:18.231 [info] > git cat-file -s 6a40377078ad31c4beebf5870e488743ac9aa2a4 [1ms]
2023-11-15 14:30:22.887 [info] > git config --get commit.template [1ms]
2023-11-15 14:30:22.894 [info] > git for-each-ref --format=%(refname)%00%(upstream:short)%00%(objectname)%00%(upstream:track)%00%(upstream:remotename)%00%(upstream:remoteref) refs/heads/dhruv-dircol-mods refs/remotes/dhruv-dircol-mods [1ms]
2023-11-15 14:30:22.901 [info] > git status -z -uall [2ms]
2023-11-15 14:30:34.811 [info] > git show --textconv :src/dynamics_constraints_dev.py [8ms]
2023-11-15 14:30:34.811 [info] > git ls-files --stage -- /home/anirudhkailaje/Documents/01_UPenn/02_MEAM5170/05_Madness/src/dynamics_constraints_dev.py [1ms]
2023-11-15 14:30:34.818 [info] > git cat-file -s dac8897413e7d328b0aecdf5b922cdcc393dba54 [1ms]
2023-11-15 14:31:38.701 [info] > git show --textconv :src/direct_col_dev.py [9ms]
2023-11-15 14:31:38.702 [info] > git ls-files --stage -- /home/anirudhkailaje/Documents/01_UPenn/02_MEAM5170/05_Madness/src/direct_col_dev.py [1ms]
2023-11-15 14:31:38.712 [info] > git cat-file -s 6a40377078ad31c4beebf5870e488743ac9aa2a4 [3ms]
2023-11-15 14:31:51.051 [info] > git show --textconv :src/dynamics_constraints_dev.py [9ms]
2023-11-15 14:31:51.052 [info] > git ls-files --stage -- /home/anirudhkailaje/Documents/01_UPenn/02_MEAM5170/05_Madness/src/dynamics_constraints_dev.py [1ms]
2023-11-15 14:31:51.058 [info] > git cat-file -s dac8897413e7d328b0aecdf5b922cdcc393dba54 [1ms]
2023-11-15 14:32:04.729 [info] > git show --textconv :src/direct_col_dev.py [8ms]
2023-11-15 14:32:04.729 [info] > git ls-files --stage -- /home/anirudhkailaje/Documents/01_UPenn/02_MEAM5170/05_Madness/src/direct_col_dev.py [1ms]
2023-11-15 14:32:04.735 [info] > git cat-file -s 6a40377078ad31c4beebf5870e488743ac9aa2a4 [1ms]
2023-11-15 14:32:04.976 [info] > git config --get commit.template [1ms]
2023-11-15 14:32:04.983 [info] > git for-each-ref --format=%(refname)%00%(upstream:short)%00%(objectname)%00%(upstream:track)%00%(upstream:remotename)%00%(upstream:remoteref) refs/heads/dhruv-dircol-mods refs/remotes/dhruv-dircol-mods [1ms]
2023-11-15 14:32:04.995 [info] > git status -z -uall [3ms]
2023-11-15 14:32:10.019 [info] > git config --get commit.template [9ms]
2023-11-15 14:32:10.019 [info] > git for-each-ref --format=%(refname)%00%(upstream:short)%00%(objectname)%00%(upstream:track)%00%(upstream:remotename)%00%(upstream:remoteref) refs/heads/dhruv-dircol-mods refs/remotes/dhruv-dircol-mods [1ms]
2023-11-15 14:32:10.028 [info] > git status -z -uall [3ms]
2023-11-15 14:32:56.474 [info] > git show --textconv :src/dynamics_constraints_dev.py [8ms]
2023-11-15 14:32:56.475 [info] > git ls-files --stage -- /home/anirudhkailaje/Documents/01_UPenn/02_MEAM5170/05_Madness/src/dynamics_constraints_dev.py [1ms]
2023-11-15 14:32:56.482 [info] > git cat-file -s dac8897413e7d328b0aecdf5b922cdcc393dba54 [1ms]
2023-11-15 14:33:01.949 [info] > git config --get commit.template [8ms]
2023-11-15 14:33:01.950 [info] > git for-each-ref --format=%(refname)%00%(upstream:short)%00%(objectname)%00%(upstream:track)%00%(upstream:remotename)%00%(upstream:remoteref) refs/heads/dhruv-dircol-mods refs/remotes/dhruv-dircol-mods [1ms]
2023-11-15 14:33:01.959 [info] > git status -z -uall [3ms]
2023-11-15 14:33:02.361 [info] > git show --textconv :src/direct_col_dev.py [7ms]
2023-11-15 14:33:02.362 [info] > git ls-files --stage -- /home/anirudhkailaje/Documents/01_UPenn/02_MEAM5170/05_Madness/src/direct_col_dev.py [1ms]
2023-11-15 14:33:02.368 [info] > git cat-file -s 6a40377078ad31c4beebf5870e488743ac9aa2a4 [1ms]
2023-11-15 14:33:06.973 [info] > git config --get commit.template [5ms]
2023-11-15 14:33:06.973 [info] > git for-each-ref --format=%(refname)%00%(upstream:short)%00%(objectname)%00%(upstream:track)%00%(upstream:remotename)%00%(upstream:remoteref) refs/heads/dhruv-dircol-mods refs/remotes/dhruv-dircol-mods [1ms]
2023-11-15 14:33:06.979 [info] > git status -z -uall [2ms]
2023-11-15 14:33:15.356 [info] > git show --textconv :src/dynamics_constraints_dev.py [9ms]
2023-11-15 14:33:15.356 [info] > git ls-files --stage -- /home/anirudhkailaje/Documents/01_UPenn/02_MEAM5170/05_Madness/src/dynamics_constraints_dev.py [1ms]
2023-11-15 14:33:15.363 [info] > git cat-file -s dac8897413e7d328b0aecdf5b922cdcc393dba54 [1ms]
2023-11-15 14:33:30.920 [info] > git config --get commit.template [9ms]
2023-11-15 14:33:30.921 [info] > git for-each-ref --format=%(refname)%00%(upstream:short)%00%(objectname)%00%(upstream:track)%00%(upstream:remotename)%00%(upstream:remoteref) refs/heads/dhruv-dircol-mods refs/remotes/dhruv-dircol-mods [1ms]
2023-11-15 14:33:30.929 [info] > git status -z -uall [3ms]
2023-11-15 14:33:31.363 [info] > git show --textconv :src/direct_col_dev.py [9ms]
2023-11-15 14:33:31.364 [info] > git ls-files --stage -- /home/anirudhkailaje/Documents/01_UPenn/02_MEAM5170/05_Madness/src/direct_col_dev.py [1ms]
2023-11-15 14:33:31.371 [info] > git cat-file -s 6a40377078ad31c4beebf5870e488743ac9aa2a4 [1ms]
2023-11-15 14:33:35.943 [info] > git config --get commit.template [2ms]
2023-11-15 14:33:35.951 [info] > git for-each-ref --format=%(refname)%00%(upstream:short)%00%(objectname)%00%(upstream:track)%00%(upstream:remotename)%00%(upstream:remoteref) refs/heads/dhruv-dircol-mods refs/remotes/dhruv-dircol-mods [1ms]
2023-11-15 14:33:35.958 [info] > git status -z -uall [2ms]
2023-11-15 14:33:53.163 [info] > git show --textconv :src/dynamics_constraints_dev.py [10ms]
2023-11-15 14:33:53.164 [info] > git ls-files --stage -- /home/anirudhkailaje/Documents/01_UPenn/02_MEAM5170/05_Madness/src/dynamics_constraints_dev.py [1ms]
2023-11-15 14:33:53.171 [info] > git cat-file -s dac8897413e7d328b0aecdf5b922cdcc393dba54 [1ms]
2023-11-15 14:34:07.630 [info] > git config --get commit.template [12ms]
2023-11-15 14:34:07.631 [info] > git for-each-ref --format=%(refname)%00%(upstream:short)%00%(objectname)%00%(upstream:track)%00%(upstream:remotename)%00%(upstream:remoteref) refs/heads/dhruv-dircol-mods refs/remotes/dhruv-dircol-mods [2ms]
2023-11-15 14:34:07.643 [info] > git status -z -uall [3ms]
2023-11-15 14:34:07.974 [info] > git show --textconv :src/direct_col_dev.py [8ms]
2023-11-15 14:34:07.975 [info] > git ls-files --stage -- /home/anirudhkailaje/Documents/01_UPenn/02_MEAM5170/05_Madness/src/direct_col_dev.py [1ms]
2023-11-15 14:34:07.982 [info] > git cat-file -s 6a40377078ad31c4beebf5870e488743ac9aa2a4 [1ms]
2023-11-15 14:34:12.671 [info] > git config --get commit.template [10ms]
2023-11-15 14:34:12.671 [info] > git for-each-ref --format=%(refname)%00%(upstream:short)%00%(objectname)%00%(upstream:track)%00%(upstream:remotename)%00%(upstream:remoteref) refs/heads/dhruv-dircol-mods refs/remotes/dhruv-dircol-mods [1ms]
2023-11-15 14:34:12.681 [info] > git status -z -uall [2ms]
2023-11-15 14:34:53.824 [info] > git show --textconv :src/dynamics_constraints_dev.py [6ms]
2023-11-15 14:34:53.825 [info] > git ls-files --stage -- /home/anirudhkailaje/Documents/01_UPenn/02_MEAM5170/05_Madness/src/dynamics_constraints_dev.py [1ms]
2023-11-15 14:34:53.829 [info] > git cat-file -s dac8897413e7d328b0aecdf5b922cdcc393dba54 [1ms]
2023-11-15 14:35:38.639 [info] > git show --textconv :src/direct_col_dev.py [8ms]
2023-11-15 14:35:38.640 [info] > git ls-files --stage -- /home/anirudhkailaje/Documents/01_UPenn/02_MEAM5170/05_Madness/src/direct_col_dev.py [1ms]
2023-11-15 14:35:38.645 [info] > git cat-file -s 6a40377078ad31c4beebf5870e488743ac9aa2a4 [1ms]
2023-11-15 14:35:41.847 [info] > git show --textconv :src/dynamics_constraints_dev.py [10ms]
2023-11-15 14:35:41.847 [info] > git ls-files --stage -- /home/anirudhkailaje/Documents/01_UPenn/02_MEAM5170/05_Madness/src/dynamics_constraints_dev.py [1ms]
2023-11-15 14:35:41.853 [info] > git cat-file -s dac8897413e7d328b0aecdf5b922cdcc393dba54 [1ms]
2023-11-15 15:09:14.801 [info] > git show --textconv :src/direct_col_dev.py [7ms]
2023-11-15 15:09:14.802 [info] > git ls-files --stage -- /home/anirudhkailaje/Documents/01_UPenn/02_MEAM5170/05_Madness/src/direct_col_dev.py [1ms]
2023-11-15 15:09:14.806 [info] > git cat-file -s 6a40377078ad31c4beebf5870e488743ac9aa2a4 [1ms]
2023-11-15 15:09:20.596 [info] > git show --textconv :src/dynamics_constraints_dev.py [10ms]
2023-11-15 15:09:20.597 [info] > git ls-files --stage -- /home/anirudhkailaje/Documents/01_UPenn/02_MEAM5170/05_Madness/src/dynamics_constraints_dev.py [2ms]
2023-11-15 15:09:20.604 [info] > git cat-file -s dac8897413e7d328b0aecdf5b922cdcc393dba54 [1ms]
2023-11-15 15:10:34.357 [info] > git show --textconv :src/direct_col_dev.py [10ms]
2023-11-15 15:10:34.357 [info] > git ls-files --stage -- /home/anirudhkailaje/Documents/01_UPenn/02_MEAM5170/05_Madness/src/direct_col_dev.py [1ms]
2023-11-15 15:10:34.363 [info] > git cat-file -s 6a40377078ad31c4beebf5870e488743ac9aa2a4 [1ms]
2023-11-15 15:11:07.907 [info] > git show --textconv :src/dynamics_constraints_dev.py [10ms]
2023-11-15 15:11:07.908 [info] > git ls-files --stage -- /home/anirudhkailaje/Documents/01_UPenn/02_MEAM5170/05_Madness/src/dynamics_constraints_dev.py [1ms]
2023-11-15 15:11:07.914 [info] > git cat-file -s dac8897413e7d328b0aecdf5b922cdcc393dba54 [1ms]
2023-11-15 15:11:23.152 [info] > git show --textconv :src/direct_col_dev.py [12ms]
2023-11-15 15:11:23.153 [info] > git ls-files --stage -- /home/anirudhkailaje/Documents/01_UPenn/02_MEAM5170/05_Madness/src/direct_col_dev.py [1ms]
2023-11-15 15:11:23.161 [info] > git cat-file -s 6a40377078ad31c4beebf5870e488743ac9aa2a4 [1ms]
2023-11-15 15:14:05.964 [info] > git show --textconv :src/dynamics_constraints_dev.py [7ms]
2023-11-15 15:14:05.965 [info] > git ls-files --stage -- /home/anirudhkailaje/Documents/01_UPenn/02_MEAM5170/05_Madness/src/dynamics_constraints_dev.py [1ms]
2023-11-15 15:14:05.973 [info] > git cat-file -s dac8897413e7d328b0aecdf5b922cdcc393dba54 [1ms]
2023-11-15 15:15:15.423 [info] > git show --textconv :src/direct_col_dev.py [8ms]
2023-11-15 15:15:15.423 [info] > git ls-files --stage -- /home/anirudhkailaje/Documents/01_UPenn/02_MEAM5170/05_Madness/src/direct_col_dev.py [1ms]
2023-11-15 15:15:15.430 [info] > git cat-file -s 6a40377078ad31c4beebf5870e488743ac9aa2a4 [1ms]
2023-11-15 15:17:37.801 [info] > git show --textconv :src/dynamics_constraints_dev.py [7ms]
2023-11-15 15:17:37.801 [info] > git ls-files --stage -- /home/anirudhkailaje/Documents/01_UPenn/02_MEAM5170/05_Madness/src/dynamics_constraints_dev.py [1ms]
2023-11-15 15:17:37.807 [info] > git cat-file -s dac8897413e7d328b0aecdf5b922cdcc393dba54 [1ms]
2023-11-15 15:17:59.816 [info] > git show --textconv :src/dynamics_constraints_dev.py [9ms]
2023-11-15 15:17:59.817 [info] > git ls-files --stage -- /home/anirudhkailaje/Documents/01_UPenn/02_MEAM5170/05_Madness/src/dynamics_constraints_dev.py [1ms]
2023-11-15 15:17:59.823 [info] > git cat-file -s dac8897413e7d328b0aecdf5b922cdcc393dba54 [1ms]
2023-11-15 15:18:34.917 [info] > git show --textconv :src/dynamics_constraints_dev.py [8ms]
2023-11-15 15:18:34.918 [info] > git ls-files --stage -- /home/anirudhkailaje/Documents/01_UPenn/02_MEAM5170/05_Madness/src/dynamics_constraints_dev.py [1ms]
2023-11-15 15:18:34.926 [info] > git cat-file -s dac8897413e7d328b0aecdf5b922cdcc393dba54 [2ms]
2023-11-15 15:22:16.692 [info] > git show --textconv :src/direct_col_dev.py [7ms]
2023-11-15 15:22:16.693 [info] > git ls-files --stage -- /home/anirudhkailaje/Documents/01_UPenn/02_MEAM5170/05_Madness/src/direct_col_dev.py [1ms]
2023-11-15 15:22:16.701 [info] > git cat-file -s 6a40377078ad31c4beebf5870e488743ac9aa2a4 [1ms]
2023-11-15 15:25:43.084 [info] > git show --textconv :src/direct_col_dev.py [6ms]
2023-11-15 15:25:43.085 [info] > git ls-files --stage -- /home/anirudhkailaje/Documents/01_UPenn/02_MEAM5170/05_Madness/src/direct_col_dev.py [1ms]
2023-11-15 15:25:43.093 [info] > git cat-file -s 6a40377078ad31c4beebf5870e488743ac9aa2a4 [1ms]
2023-11-15 15:25:59.562 [info] > git show --textconv :src/direct_col_dev.py [7ms]
2023-11-15 15:25:59.563 [info] > git ls-files --stage -- /home/anirudhkailaje/Documents/01_UPenn/02_MEAM5170/05_Madness/src/direct_col_dev.py [1ms]
2023-11-15 15:25:59.570 [info] > git cat-file -s 6a40377078ad31c4beebf5870e488743ac9aa2a4 [0ms]
2023-11-15 15:26:44.937 [info] > git show --textconv :src/dynamics_constraints_dev.py [9ms]
2023-11-15 15:26:44.939 [info] > git ls-files --stage -- /home/anirudhkailaje/Documents/01_UPenn/02_MEAM5170/05_Madness/src/dynamics_constraints_dev.py [3ms]
2023-11-15 15:26:44.948 [info] > git cat-file -s dac8897413e7d328b0aecdf5b922cdcc393dba54 [1ms]
2023-11-15 15:32:26.063 [info] > git show --textconv :src/dynamics_constraints_dev.py [10ms]
2023-11-15 15:32:26.065 [info] > git ls-files --stage -- /home/anirudhkailaje/Documents/01_UPenn/02_MEAM5170/05_Madness/src/dynamics_constraints_dev.py [2ms]
2023-11-15 15:32:26.073 [info] > git cat-file -s dac8897413e7d328b0aecdf5b922cdcc393dba54 [1ms]
2023-11-15 16:13:10.712 [info] > git check-ignore -v -z --stdin [2ms]
2023-11-15 16:13:11.268 [info] > git config --get commit.template [8ms]
2023-11-15 16:13:11.268 [info] > git for-each-ref --format=%(refname)%00%(upstream:short)%00%(objectname)%00%(upstream:track)%00%(upstream:remotename)%00%(upstream:remoteref) refs/heads/dhruv-dircol-mods refs/remotes/dhruv-dircol-mods [1ms]
2023-11-15 16:13:11.278 [info] > git status -z -uall [3ms]
2023-11-15 16:13:13.653 [info] > git show --textconv :src/dynamics_constraints_dev.py [9ms]
2023-11-15 16:13:13.654 [info] > git ls-files --stage -- /home/anirudhkailaje/Documents/01_UPenn/02_MEAM5170/05_Madness/src/dynamics_constraints_dev.py [1ms]
2023-11-15 16:13:13.661 [info] > git cat-file -s dac8897413e7d328b0aecdf5b922cdcc393dba54 [1ms]
2023-11-15 16:13:18.818 [info] > git show --textconv :src/direct_col_dev.py [10ms]
2023-11-15 16:13:18.818 [info] > git ls-files --stage -- /home/anirudhkailaje/Documents/01_UPenn/02_MEAM5170/05_Madness/src/direct_col_dev.py [2ms]
2023-11-15 16:13:18.826 [info] > git cat-file -s 6a40377078ad31c4beebf5870e488743ac9aa2a4 [1ms]
2023-11-15 16:13:19.633 [info] > git config --get commit.template [9ms]
2023-11-15 16:13:19.633 [info] > git for-each-ref --format=%(refname)%00%(upstream:short)%00%(objectname)%00%(upstream:track)%00%(upstream:remotename)%00%(upstream:remoteref) refs/heads/dhruv-dircol-mods refs/remotes/dhruv-dircol-mods [0ms]
2023-11-15 16:13:19.641 [info] > git status -z -uall [3ms]
2023-11-15 16:13:30.755 [info] > git check-ignore -v -z --stdin [2ms]
2023-11-15 16:13:31.361 [info] > git config --get commit.template [9ms]
2023-11-15 16:13:31.361 [info] > git for-each-ref --format=%(refname)%00%(upstream:short)%00%(objectname)%00%(upstream:track)%00%(upstream:remotename)%00%(upstream:remoteref) refs/heads/dhruv-dircol-mods refs/remotes/dhruv-dircol-mods [1ms]
2023-11-15 16:13:31.371 [info] > git status -z -uall [3ms]
2023-11-15 16:14:01.422 [info] > git check-ignore -v -z --stdin [2ms]
2023-11-15 16:14:01.965 [info] > git config --get commit.template [3ms]
2023-11-15 16:14:01.973 [info] > git for-each-ref --format=%(refname)%00%(upstream:short)%00%(objectname)%00%(upstream:track)%00%(upstream:remotename)%00%(upstream:remoteref) refs/heads/dhruv-dircol-mods refs/remotes/dhruv-dircol-mods [1ms]
2023-11-15 16:14:01.981 [info] > git status -z -uall [3ms]
2023-11-15 16:26:48.669 [info] > git show --textconv :src/direct_col_dev.py [8ms]
2023-11-15 16:26:48.671 [info] > git ls-files --stage -- /home/anirudhkailaje/Documents/01_UPenn/02_MEAM5170/05_Madness/src/direct_col_dev.py [2ms]
2023-11-15 16:26:48.680 [info] > git cat-file -s 6a40377078ad31c4beebf5870e488743ac9aa2a4 [1ms]
2023-11-15 16:27:08.138 [info] > git show --textconv :src/dynamics_constraints.py [6ms]
2023-11-15 16:27:08.139 [info] > git ls-files --stage -- /home/anirudhkailaje/Documents/01_UPenn/02_MEAM5170/05_Madness/src/dynamics_constraints.py [1ms]
2023-11-15 16:27:08.144 [info] > git cat-file -s 0625e03e6cc48fda204070cad08a013922252741 [1ms]
2023-11-15 16:27:21.210 [info] > git show --textconv :src/direct_col_dev.py [6ms]
2023-11-15 16:27:21.211 [info] > git ls-files --stage -- /home/anirudhkailaje/Documents/01_UPenn/02_MEAM5170/05_Madness/src/direct_col_dev.py [1ms]
2023-11-15 16:27:21.216 [info] > git cat-file -s 6a40377078ad31c4beebf5870e488743ac9aa2a4 [1ms]
2023-11-15 16:27:31.562 [info] > git show --textconv :src/dynamics_constraints_dev.py [8ms]
2023-11-15 16:27:31.563 [info] > git ls-files --stage -- /home/anirudhkailaje/Documents/01_UPenn/02_MEAM5170/05_Madness/src/dynamics_constraints_dev.py [1ms]
2023-11-15 16:27:31.570 [info] > git cat-file -s dac8897413e7d328b0aecdf5b922cdcc393dba54 [1ms]
2023-11-15 16:33:18.832 [info] > git show --textconv :src/direct_col_dev.py [7ms]
2023-11-15 16:33:18.833 [info] > git ls-files --stage -- /home/anirudhkailaje/Documents/01_UPenn/02_MEAM5170/05_Madness/src/direct_col_dev.py [1ms]
2023-11-15 16:33:18.841 [info] > git cat-file -s 6a40377078ad31c4beebf5870e488743ac9aa2a4 [1ms]
2023-11-15 16:41:05.402 [info] > git show --textconv :src/dynamics_constraints_dev.py [8ms]
2023-11-15 16:41:05.403 [info] > git ls-files --stage -- /home/anirudhkailaje/Documents/01_UPenn/02_MEAM5170/05_Madness/src/dynamics_constraints_dev.py [2ms]
2023-11-15 16:41:05.413 [info] > git cat-file -s dac8897413e7d328b0aecdf5b922cdcc393dba54 [2ms]
2023-11-15 16:41:15.833 [info] > git show --textconv :src/direct_col_dev.py [7ms]
2023-11-15 16:41:15.834 [info] > git ls-files --stage -- /home/anirudhkailaje/Documents/01_UPenn/02_MEAM5170/05_Madness/src/direct_col_dev.py [1ms]
2023-11-15 16:41:15.841 [info] > git cat-file -s 6a40377078ad31c4beebf5870e488743ac9aa2a4 [1ms]
2023-11-15 16:41:21.762 [info] > git show --textconv :src/direct_col_dev.py [11ms]
2023-11-15 16:41:21.764 [info] > git ls-files --stage -- /home/anirudhkailaje/Documents/01_UPenn/02_MEAM5170/05_Madness/src/direct_col_dev.py [2ms]
2023-11-15 16:41:21.773 [info] > git cat-file -s 6a40377078ad31c4beebf5870e488743ac9aa2a4 [1ms]
2023-11-15 16:41:41.483 [info] > git show --textconv :src/planar_walker.urdf [6ms]
2023-11-15 16:41:41.484 [info] > git ls-files --stage -- /home/anirudhkailaje/Documents/01_UPenn/02_MEAM5170/05_Madness/src/planar_walker.urdf [1ms]
2023-11-15 16:41:41.492 [info] > git cat-file -s fef9e439780efc7cf960a548609acdd55ba3afea [1ms]
2023-11-15 16:41:43.290 [info] > git show --textconv :src/planar_walker.urdf [7ms]
2023-11-15 16:41:43.291 [info] > git ls-files --stage -- /home/anirudhkailaje/Documents/01_UPenn/02_MEAM5170/05_Madness/src/planar_walker.urdf [2ms]
2023-11-15 16:41:43.298 [info] > git cat-file -s fef9e439780efc7cf960a548609acdd55ba3afea [1ms]
2023-11-15 16:42:42.294 [info] > git show --textconv :src/direct_col_dev.py [9ms]
2023-11-15 16:42:42.295 [info] > git ls-files --stage -- /home/anirudhkailaje/Documents/01_UPenn/02_MEAM5170/05_Madness/src/direct_col_dev.py [3ms]
2023-11-15 16:42:42.307 [info] > git cat-file -s 6a40377078ad31c4beebf5870e488743ac9aa2a4 [1ms]
2023-11-15 16:54:02.345 [info] > git show --textconv :src/dynamics_constraints_dev.py [6ms]
2023-11-15 16:54:02.346 [info] > git ls-files --stage -- /home/anirudhkailaje/Documents/01_UPenn/02_MEAM5170/05_Madness/src/dynamics_constraints_dev.py [1ms]
2023-11-15 16:54:02.351 [info] > git cat-file -s dac8897413e7d328b0aecdf5b922cdcc393dba54 [1ms]
2023-11-15 17:00:08.000 [info] > git config --get commit.template [7ms]
2023-11-15 17:00:08.000 [info] > git for-each-ref --format=%(refname)%00%(upstream:short)%00%(objectname)%00%(upstream:track)%00%(upstream:remotename)%00%(upstream:remoteref) refs/heads/dhruv-dircol-mods refs/remotes/dhruv-dircol-mods [1ms]
2023-11-15 17:00:08.009 [info] > git status -z -uall [3ms]
2023-11-15 17:00:15.818 [info] > git config --get commit.template [8ms]
2023-11-15 17:00:15.819 [info] > git for-each-ref --format=%(refname)%00%(upstream:short)%00%(objectname)%00%(upstream:track)%00%(upstream:remotename)%00%(upstream:remoteref) refs/heads/dhruv-dircol-mods refs/remotes/dhruv-dircol-mods [1ms]
2023-11-15 17:00:15.829 [info] > git status -z -uall [3ms]
2023-11-15 17:00:18.157 [info] > git show --textconv :src/direct_col_dev.py [9ms]
2023-11-15 17:00:18.157 [info] > git ls-files --stage -- /home/anirudhkailaje/Documents/01_UPenn/02_MEAM5170/05_Madness/src/direct_col_dev.py [1ms]
2023-11-15 17:00:18.166 [info] > git cat-file -s 6a40377078ad31c4beebf5870e488743ac9aa2a4 [1ms]
2023-11-15 17:00:20.847 [info] > git config --get commit.template [7ms]
2023-11-15 17:00:20.847 [info] > git for-each-ref --format=%(refname)%00%(upstream:short)%00%(objectname)%00%(upstream:track)%00%(upstream:remotename)%00%(upstream:remoteref) refs/heads/dhruv-dircol-mods refs/remotes/dhruv-dircol-mods [1ms]
2023-11-15 17:00:20.856 [info] > git status -z -uall [3ms]
2023-11-15 17:00:25.871 [info] > git config --get commit.template [1ms]
2023-11-15 17:00:25.878 [info] > git for-each-ref --format=%(refname)%00%(upstream:short)%00%(objectname)%00%(upstream:track)%00%(upstream:remotename)%00%(upstream:remoteref) refs/heads/dhruv-dircol-mods refs/remotes/dhruv-dircol-mods [1ms]
2023-11-15 17:00:25.885 [info] > git status -z -uall [2ms]
2023-11-15 17:04:28.544 [info] > git show --textconv :src/dynamics_constraints_dev.py [9ms]
2023-11-15 17:04:28.545 [info] > git ls-files --stage -- /home/anirudhkailaje/Documents/01_UPenn/02_MEAM5170/05_Madness/src/dynamics_constraints_dev.py [1ms]
2023-11-15 17:04:28.554 [info] > git cat-file -s dac8897413e7d328b0aecdf5b922cdcc393dba54 [1ms]
2023-11-15 17:06:31.094 [info] > git config --get commit.template [11ms]
2023-11-15 17:06:31.095 [info] > git for-each-ref --format=%(refname)%00%(upstream:short)%00%(objectname)%00%(upstream:track)%00%(upstream:remotename)%00%(upstream:remoteref) refs/heads/dhruv-dircol-mods refs/remotes/dhruv-dircol-mods [1ms]
2023-11-15 17:06:31.104 [info] > git status -z -uall [3ms]
2023-11-15 17:11:24.095 [info] > git show --textconv :src/utils.py [10ms]
2023-11-15 17:11:24.096 [info] > git ls-files --stage -- /home/anirudhkailaje/Documents/01_UPenn/02_MEAM5170/05_Madness/src/utils.py [1ms]
2023-11-15 17:11:24.104 [info] > git cat-file -s b1846052c323e6bba01c080b0e6d87ffd88feecd [2ms]
2023-11-15 17:11:31.011 [info] > git show --textconv :src/dynamics_constraints_dev.py [9ms]
2023-11-15 17:11:31.012 [info] > git ls-files --stage -- /home/anirudhkailaje/Documents/01_UPenn/02_MEAM5170/05_Madness/src/dynamics_constraints_dev.py [1ms]
2023-11-15 17:11:31.020 [info] > git cat-file -s dac8897413e7d328b0aecdf5b922cdcc393dba54 [1ms]
2023-11-15 17:28:20.554 [info] > git rev-parse --show-toplevel [1ms]
2023-11-15 17:28:20.554 [info] fatal: not a git repository (or any of the parent directories): .git
2023-11-15 17:28:22.878 [info] > git show --textconv :src/dynamics_constraints_dev.py [8ms]
2023-11-15 17:28:22.879 [info] > git ls-files --stage -- /home/anirudhkailaje/Documents/01_UPenn/02_MEAM5170/05_Madness/src/dynamics_constraints_dev.py [1ms]
2023-11-15 17:28:22.885 [info] > git cat-file -s dac8897413e7d328b0aecdf5b922cdcc393dba54 [1ms]
2023-11-15 17:30:33.752 [info] > git show --textconv :src/direct_col_dev.py [7ms]
2023-11-15 17:30:33.753 [info] > git ls-files --stage -- /home/anirudhkailaje/Documents/01_UPenn/02_MEAM5170/05_Madness/src/direct_col_dev.py [2ms]
2023-11-15 17:30:33.762 [info] > git cat-file -s 6a40377078ad31c4beebf5870e488743ac9aa2a4 [1ms]
2023-11-15 17:31:53.576 [info] > git show --textconv :src/dynamics_constraints_dev.py [9ms]
2023-11-15 17:31:53.577 [info] > git ls-files --stage -- /home/anirudhkailaje/Documents/01_UPenn/02_MEAM5170/05_Madness/src/dynamics_constraints_dev.py [1ms]
2023-11-15 17:31:53.586 [info] > git cat-file -s dac8897413e7d328b0aecdf5b922cdcc393dba54 [1ms]
2023-11-15 18:00:41.397 [info] > git show --textconv :src/direct_col_dev.py [8ms]
2023-11-15 18:00:41.398 [info] > git ls-files --stage -- /home/anirudhkailaje/Documents/01_UPenn/02_MEAM5170/05_Madness/src/direct_col_dev.py [1ms]
2023-11-15 18:00:41.406 [info] > git cat-file -s 6a40377078ad31c4beebf5870e488743ac9aa2a4 [0ms]
2023-11-15 18:06:40.586 [info] > git show --textconv :src/dynamics_constraints_dev.py [7ms]
2023-11-15 18:06:40.587 [info] > git ls-files --stage -- /home/anirudhkailaje/Documents/01_UPenn/02_MEAM5170/05_Madness/src/dynamics_constraints_dev.py [1ms]
2023-11-15 18:06:40.596 [info] > git cat-file -s dac8897413e7d328b0aecdf5b922cdcc393dba54 [1ms]
2023-11-15 18:09:49.344 [info] > git show --textconv :src/direct_col_dev.py [8ms]
2023-11-15 18:09:49.345 [info] > git ls-files --stage -- /home/anirudhkailaje/Documents/01_UPenn/02_MEAM5170/05_Madness/src/direct_col_dev.py [1ms]
2023-11-15 18:09:49.352 [info] > git cat-file -s 6a40377078ad31c4beebf5870e488743ac9aa2a4 [0ms]
2023-11-15 18:10:56.270 [info] > git show --textconv :src/dynamics_constraints_dev.py [8ms]
2023-11-15 18:10:56.270 [info] > git ls-files --stage -- /home/anirudhkailaje/Documents/01_UPenn/02_MEAM5170/05_Madness/src/dynamics_constraints_dev.py [1ms]
2023-11-15 18:10:56.279 [info] > git cat-file -s dac8897413e7d328b0aecdf5b922cdcc393dba54 [2ms]
2023-11-15 18:17:53.901 [info] > git config --get commit.template [7ms]
2023-11-15 18:17:53.902 [info] > git for-each-ref --format=%(refname)%00%(upstream:short)%00%(objectname)%00%(upstream:track)%00%(upstream:remotename)%00%(upstream:remoteref) refs/heads/dhruv-dircol-mods refs/remotes/dhruv-dircol-mods [1ms]
2023-11-15 18:17:53.910 [info] > git status -z -uall [3ms]
2023-11-15 18:18:58.856 [info] > git config --get commit.template [11ms]
2023-11-15 18:18:58.857 [info] > git for-each-ref --format=%(refname)%00%(upstream:short)%00%(objectname)%00%(upstream:track)%00%(upstream:remotename)%00%(upstream:remoteref) refs/heads/dhruv-dircol-mods refs/remotes/dhruv-dircol-mods [2ms]
2023-11-15 18:18:58.869 [info] > git status -z -uall [4ms]
2023-11-15 18:24:11.786 [info] > git show --textconv :src/direct_col_dev.py [8ms]
2023-11-15 18:24:11.787 [info] > git ls-files --stage -- /home/anirudhkailaje/Documents/01_UPenn/02_MEAM5170/05_Madness/src/direct_col_dev.py [1ms]
2023-11-15 18:24:11.796 [info] > git cat-file -s 6a40377078ad31c4beebf5870e488743ac9aa2a4 [2ms]
2023-11-15 18:29:49.450 [info] > git config --get commit.template [14ms]
2023-11-15 18:29:49.451 [info] > git for-each-ref --format=%(refname)%00%(upstream:short)%00%(objectname)%00%(upstream:track)%00%(upstream:remotename)%00%(upstream:remoteref) refs/heads/dhruv-dircol-mods refs/remotes/dhruv-dircol-mods [1ms]
2023-11-15 18:29:49.464 [info] > git status -z -uall [4ms]
2023-11-15 18:37:57.083 [info] > git show --textconv :src/direct_col_dev.py [8ms]
2023-11-15 18:37:57.084 [info] > git ls-files --stage -- /home/anirudhkailaje/Documents/01_UPenn/02_MEAM5170/05_Madness/src/direct_col_dev.py [1ms]
2023-11-15 18:37:57.093 [info] > git cat-file -s 6a40377078ad31c4beebf5870e488743ac9aa2a4 [1ms]
2023-11-15 18:40:33.783 [info] > git show --textconv :src/dynamics_constraints_dev.py [6ms]
2023-11-15 18:40:33.784 [info] > git ls-files --stage -- /home/anirudhkailaje/Documents/01_UPenn/02_MEAM5170/05_Madness/src/dynamics_constraints_dev.py [1ms]
2023-11-15 18:40:33.792 [info] > git cat-file -s dac8897413e7d328b0aecdf5b922cdcc393dba54 [1ms]
2023-11-15 18:41:30.164 [info] > git show --textconv :src/direct_col_dev.py [8ms]
2023-11-15 18:41:30.164 [info] > git ls-files --stage -- /home/anirudhkailaje/Documents/01_UPenn/02_MEAM5170/05_Madness/src/direct_col_dev.py [1ms]
2023-11-15 18:41:30.173 [info] > git cat-file -s 6a40377078ad31c4beebf5870e488743ac9aa2a4 [1ms]
2023-11-15 18:41:34.891 [info] > git show --textconv :src/dynamics_constraints_dev.py [7ms]
2023-11-15 18:41:34.892 [info] > git ls-files --stage -- /home/anirudhkailaje/Documents/01_UPenn/02_MEAM5170/05_Madness/src/dynamics_constraints_dev.py [1ms]
2023-11-15 18:41:34.899 [info] > git cat-file -s dac8897413e7d328b0aecdf5b922cdcc393dba54 [1ms]
2023-11-15 18:41:45.124 [info] > git show --textconv :src/direct_col_dev.py [8ms]
2023-11-15 18:41:45.125 [info] > git ls-files --stage -- /home/anirudhkailaje/Documents/01_UPenn/02_MEAM5170/05_Madness/src/direct_col_dev.py [1ms]
2023-11-15 18:41:45.132 [info] > git cat-file -s 6a40377078ad31c4beebf5870e488743ac9aa2a4 [1ms]
2023-11-15 19:07:45.611 [info] > git show --textconv :src/direct_col_dev.py [8ms]
2023-11-15 19:07:45.612 [info] > git ls-files --stage -- /home/anirudhkailaje/Documents/01_UPenn/02_MEAM5170/05_Madness/src/direct_col_dev.py [1ms]
2023-11-15 19:07:45.621 [info] > git cat-file -s 6a40377078ad31c4beebf5870e488743ac9aa2a4 [1ms]
2023-11-15 19:07:53.810 [info] > git show --textconv :src/dynamics_constraints_dev.py [7ms]
2023-11-15 19:07:53.810 [info] > git ls-files --stage -- /home/anirudhkailaje/Documents/01_UPenn/02_MEAM5170/05_Madness/src/dynamics_constraints_dev.py [1ms]
2023-11-15 19:07:53.817 [info] > git cat-file -s dac8897413e7d328b0aecdf5b922cdcc393dba54 [1ms]
2023-11-15 19:44:43.868 [info] > git config --get commit.template [10ms]
2023-11-15 19:44:43.868 [info] > git for-each-ref --format=%(refname)%00%(upstream:short)%00%(objectname)%00%(upstream:track)%00%(upstream:remotename)%00%(upstream:remoteref) refs/heads/dhruv-dircol-mods refs/remotes/dhruv-dircol-mods [1ms]
2023-11-15 19:44:43.879 [info] > git status -z -uall [3ms]
2023-11-15 23:31:33.032 [info] > git config --get commit.template [11ms]
2023-11-15 23:31:33.033 [info] > git for-each-ref --format=%(refname)%00%(upstream:short)%00%(objectname)%00%(upstream:track)%00%(upstream:remotename)%00%(upstream:remoteref) refs/heads/dhruv-dircol-mods refs/remotes/dhruv-dircol-mods [2ms]
2023-11-15 23:31:33.041 [info] > git status -z -uall [3ms]
2023-11-16 00:06:58.662 [info] > git show --textconv :src/direct_col_dev.py [8ms]
2023-11-16 00:06:58.663 [info] > git ls-files --stage -- /home/anirudhkailaje/Documents/01_UPenn/02_MEAM5170/05_Madness/src/direct_col_dev.py [1ms]
2023-11-16 00:06:58.671 [info] > git cat-file -s 6a40377078ad31c4beebf5870e488743ac9aa2a4 [1ms]
2023-11-16 00:14:29.808 [info] > git show --textconv :src/prog.md [6ms]
2023-11-16 00:14:29.809 [info] > git ls-files --stage -- /home/anirudhkailaje/Documents/01_UPenn/02_MEAM5170/05_Madness/src/prog.md [1ms]
2023-11-16 00:14:30.126 [info] > git check-ignore -v -z --stdin [1ms]
2023-11-16 00:14:30.626 [info] > git config --get commit.template [2ms]
2023-11-16 00:14:30.634 [info] > git for-each-ref --format=%(refname)%00%(upstream:short)%00%(objectname)%00%(upstream:track)%00%(upstream:remotename)%00%(upstream:remoteref) refs/heads/dhruv-dircol-mods refs/remotes/dhruv-dircol-mods [1ms]
2023-11-16 00:14:30.644 [info] > git status -z -uall [3ms]
2023-11-16 00:15:08.434 [info] > git show --textconv :src/prog.md [9ms]
2023-11-16 00:15:08.434 [info] > git ls-files --stage -- /home/anirudhkailaje/Documents/01_UPenn/02_MEAM5170/05_Madness/src/prog.md [0ms]
2023-11-16 00:16:49.353 [info] > git config --get commit.template [9ms]
2023-11-16 00:16:49.354 [info] > git for-each-ref --format=%(refname)%00%(upstream:short)%00%(objectname)%00%(upstream:track)%00%(upstream:remotename)%00%(upstream:remoteref) refs/heads/dhruv-dircol-mods refs/remotes/dhruv-dircol-mods [1ms]
2023-11-16 00:16:49.365 [info] > git status -z -uall [3ms]
2023-11-16 00:24:12.634 [info] > git show --textconv :src/dynamics_constraints_dev.py [10ms]
2023-11-16 00:24:12.635 [info] > git ls-files --stage -- /home/anirudhkailaje/Documents/01_UPenn/02_MEAM5170/05_Madness/src/dynamics_constraints_dev.py [1ms]
2023-11-16 00:24:12.642 [info] > git cat-file -s dac8897413e7d328b0aecdf5b922cdcc393dba54 [1ms]
2023-11-16 00:29:06.734 [info] > git show --textconv :src/dynamics_constraints_dev.py [9ms]
2023-11-16 00:29:06.734 [info] > git ls-files --stage -- /home/anirudhkailaje/Documents/01_UPenn/02_MEAM5170/05_Madness/src/dynamics_constraints_dev.py [1ms]
2023-11-16 00:29:06.743 [info] > git cat-file -s dac8897413e7d328b0aecdf5b922cdcc393dba54 [1ms]
2023-11-16 00:29:11.711 [info] > git show --textconv :src/direct_col_dev.py [6ms]
2023-11-16 00:29:11.712 [info] > git ls-files --stage -- /home/anirudhkailaje/Documents/01_UPenn/02_MEAM5170/05_Madness/src/direct_col_dev.py [1ms]
2023-11-16 00:29:11.719 [info] > git cat-file -s 6a40377078ad31c4beebf5870e488743ac9aa2a4 [1ms]
2023-11-16 00:47:21.540 [info] > git show --textconv :src/dynamics_constraints_dev.py [8ms]
2023-11-16 00:47:21.541 [info] > git ls-files --stage -- /home/anirudhkailaje/Documents/01_UPenn/02_MEAM5170/05_Madness/src/dynamics_constraints_dev.py [2ms]
2023-11-16 00:47:21.547 [info] > git cat-file -s dac8897413e7d328b0aecdf5b922cdcc393dba54 [1ms]
